{
  "numFailedTestSuites": 0,
  "numFailedTests": 0,
  "numPassedTestSuites": 17,
  "numPassedTests": 93,
  "numPendingTestSuites": 0,
  "numPendingTests": 0,
  "numRuntimeErrorTestSuites": 0,
  "numTotalTestSuites": 17,
  "numTotalTests": 93,
  "openHandles": [],
  "snapshot": {
    "added": 0,
    "didUpdate": false,
    "failure": false,
    "filesAdded": 0,
    "filesRemoved": 0,
    "filesUnmatched": 0,
    "filesUpdated": 0,
    "matched": 0,
    "total": 0,
    "unchecked": 0,
    "uncheckedKeysByFile": [],
    "unmatched": 0,
    "updated": 0
  },
  "startTime": 1545094695733,
  "success": true,
  "testResults": [
    {
      "console": [],
      "failureMessage": null,
      "numFailingTests": 0,
      "numPassingTests": 17,
      "numPendingTests": 0,
      "perfStats": {
        "end": 1545094696838,
        "start": 1545094696357
      },
      "snapshot": {
        "added": 0,
        "fileDeleted": false,
        "matched": 0,
        "unchecked": 0,
        "unmatched": 0,
        "updated": 0,
        "uncheckedKeys": []
      },
      "testFilePath": "/Users/giacomotriggiano/github.com/gtriggiano/node-es-ddd-components/src/lib/Aggregate/__tests__/Aggregate definition validation.spec.js",
      "testResults": [
        {
          "ancestorTitles": [
            "Aggregate(definition) throws `BadAggregateDefinition` when:"
          ],
          "duration": 24,
          "failureMessages": [],
          "fullName": "Aggregate(definition) throws `BadAggregateDefinition` when: definition is not an object",
          "location": null,
          "numPassingAsserts": 0,
          "status": "passed",
          "title": "definition is not an object"
        },
        {
          "ancestorTitles": [
            "Aggregate(definition) throws `BadAggregateDefinition` when:"
          ],
          "duration": 3,
          "failureMessages": [],
          "fullName": "Aggregate(definition) throws `BadAggregateDefinition` when: definition.context is not a string starting with a letter and composed by letters, numbers and underscores only",
          "location": null,
          "numPassingAsserts": 0,
          "status": "passed",
          "title": "definition.context is not a string starting with a letter and composed by letters, numbers and underscores only"
        },
        {
          "ancestorTitles": [
            "Aggregate(definition) throws `BadAggregateDefinition` when:"
          ],
          "duration": 2,
          "failureMessages": [],
          "fullName": "Aggregate(definition) throws `BadAggregateDefinition` when: definition.type is not a string starting with a letter and composed by letters, numbers and underscores only",
          "location": null,
          "numPassingAsserts": 0,
          "status": "passed",
          "title": "definition.type is not a string starting with a letter and composed by letters, numbers and underscores only"
        },
        {
          "ancestorTitles": [
            "Aggregate(definition) throws `BadAggregateDefinition` when:"
          ],
          "duration": 1,
          "failureMessages": [],
          "fullName": "Aggregate(definition) throws `BadAggregateDefinition` when: definition.singleton is neither nil nor a boolean",
          "location": null,
          "numPassingAsserts": 0,
          "status": "passed",
          "title": "definition.singleton is neither nil nor a boolean"
        },
        {
          "ancestorTitles": [
            "Aggregate(definition) throws `BadAggregateDefinition` when:"
          ],
          "duration": 1,
          "failureMessages": [],
          "fullName": "Aggregate(definition) throws `BadAggregateDefinition` when: definition.description is neither nil nor a string",
          "location": null,
          "numPassingAsserts": 0,
          "status": "passed",
          "title": "definition.description is neither nil nor a string"
        },
        {
          "ancestorTitles": [
            "Aggregate(definition) throws `BadAggregateDefinition` when:"
          ],
          "duration": 2,
          "failureMessages": [],
          "fullName": "Aggregate(definition) throws `BadAggregateDefinition` when: definition.initialState is not an object",
          "location": null,
          "numPassingAsserts": 0,
          "status": "passed",
          "title": "definition.initialState is not an object"
        },
        {
          "ancestorTitles": [
            "Aggregate(definition) throws `BadAggregateDefinition` when:"
          ],
          "duration": 2,
          "failureMessages": [],
          "fullName": "Aggregate(definition) throws `BadAggregateDefinition` when: definition.snapshotThreshold is neither nil nor an integer > 0",
          "location": null,
          "numPassingAsserts": 0,
          "status": "passed",
          "title": "definition.snapshotThreshold is neither nil nor an integer > 0"
        },
        {
          "ancestorTitles": [
            "Aggregate(definition) throws `BadAggregateDefinition` when:"
          ],
          "duration": 1,
          "failureMessages": [],
          "fullName": "Aggregate(definition) throws `BadAggregateDefinition` when: definition.snapshotPrefix is neither nil nor a string",
          "location": null,
          "numPassingAsserts": 0,
          "status": "passed",
          "title": "definition.snapshotPrefix is neither nil nor a string"
        },
        {
          "ancestorTitles": [
            "Aggregate(definition) throws `BadAggregateDefinition` when:"
          ],
          "duration": 2,
          "failureMessages": [],
          "fullName": "Aggregate(definition) throws `BadAggregateDefinition` when: definition.[commands|queries|events|errors] are not array",
          "location": null,
          "numPassingAsserts": 0,
          "status": "passed",
          "title": "definition.[commands|queries|events|errors] are not array"
        },
        {
          "ancestorTitles": [
            "Aggregate(definition) throws `BadAggregateDefinition` when:"
          ],
          "duration": 1,
          "failureMessages": [],
          "fullName": "Aggregate(definition) throws `BadAggregateDefinition` when: definition.commands are not unique by .name",
          "location": null,
          "numPassingAsserts": 0,
          "status": "passed",
          "title": "definition.commands are not unique by .name"
        },
        {
          "ancestorTitles": [
            "Aggregate(definition) throws `BadAggregateDefinition` when:"
          ],
          "duration": 0,
          "failureMessages": [],
          "fullName": "Aggregate(definition) throws `BadAggregateDefinition` when: definition.commands are not all valid commands",
          "location": null,
          "numPassingAsserts": 0,
          "status": "passed",
          "title": "definition.commands are not all valid commands"
        },
        {
          "ancestorTitles": [
            "Aggregate(definition) throws `BadAggregateDefinition` when:"
          ],
          "duration": 1,
          "failureMessages": [],
          "fullName": "Aggregate(definition) throws `BadAggregateDefinition` when: definition.queries are not unique by .name",
          "location": null,
          "numPassingAsserts": 0,
          "status": "passed",
          "title": "definition.queries are not unique by .name"
        },
        {
          "ancestorTitles": [
            "Aggregate(definition) throws `BadAggregateDefinition` when:"
          ],
          "duration": 0,
          "failureMessages": [],
          "fullName": "Aggregate(definition) throws `BadAggregateDefinition` when: definition.queries are not all valid queries",
          "location": null,
          "numPassingAsserts": 0,
          "status": "passed",
          "title": "definition.queries are not all valid queries"
        },
        {
          "ancestorTitles": [
            "Aggregate(definition) throws `BadAggregateDefinition` when:"
          ],
          "duration": 1,
          "failureMessages": [],
          "fullName": "Aggregate(definition) throws `BadAggregateDefinition` when: definition.events are not unique by .type",
          "location": null,
          "numPassingAsserts": 0,
          "status": "passed",
          "title": "definition.events are not unique by .type"
        },
        {
          "ancestorTitles": [
            "Aggregate(definition) throws `BadAggregateDefinition` when:"
          ],
          "duration": 1,
          "failureMessages": [],
          "fullName": "Aggregate(definition) throws `BadAggregateDefinition` when: definition.errors are not unique by .name",
          "location": null,
          "numPassingAsserts": 0,
          "status": "passed",
          "title": "definition.errors are not unique by .name"
        },
        {
          "ancestorTitles": [
            "Aggregate(definition) throws `BadAggregateDefinition` when:"
          ],
          "duration": 1,
          "failureMessages": [],
          "fullName": "Aggregate(definition) throws `BadAggregateDefinition` when: definition.serializeState is neither nil nor a function",
          "location": null,
          "numPassingAsserts": 0,
          "status": "passed",
          "title": "definition.serializeState is neither nil nor a function"
        },
        {
          "ancestorTitles": [
            "Aggregate(definition) throws `BadAggregateDefinition` when:"
          ],
          "duration": 1,
          "failureMessages": [],
          "fullName": "Aggregate(definition) throws `BadAggregateDefinition` when: definition.deserializeState is neither nil nor a function",
          "location": null,
          "numPassingAsserts": 0,
          "status": "passed",
          "title": "definition.deserializeState is neither nil nor a function"
        }
      ],
      "sourceMaps": {},
      "skipped": false,
      "leaks": false
    },
    {
      "console": [],
      "failureMessage": null,
      "numFailingTests": 0,
      "numPassingTests": 5,
      "numPendingTests": 0,
      "perfStats": {
        "end": 1545094696997,
        "start": 1545094696876
      },
      "snapshot": {
        "added": 0,
        "fileDeleted": false,
        "matched": 0,
        "unchecked": 0,
        "unmatched": 0,
        "updated": 0,
        "uncheckedKeys": []
      },
      "testFilePath": "/Users/giacomotriggiano/github.com/gtriggiano/node-es-ddd-components/src/lib/Aggregate/__tests__/aggregateType instantiation validations.spec.js",
      "testResults": [
        {
          "ancestorTitles": [
            "AggregateType([identity] [, snapshot] [, events]) throws `BadAggregateConstruction` when:"
          ],
          "duration": 20,
          "failureMessages": [],
          "fullName": "AggregateType([identity] [, snapshot] [, events]) throws `BadAggregateConstruction` when: identity is neither nil nor a string",
          "location": null,
          "numPassingAsserts": 0,
          "status": "passed",
          "title": "identity is neither nil nor a string"
        },
        {
          "ancestorTitles": [
            "AggregateType([identity] [, snapshot] [, events]) throws `BadAggregateConstruction` when:"
          ],
          "duration": 1,
          "failureMessages": [],
          "fullName": "AggregateType([identity] [, snapshot] [, events]) throws `BadAggregateConstruction` when: identity is undefined and aggregate is NOT a singleton",
          "location": null,
          "numPassingAsserts": 0,
          "status": "passed",
          "title": "identity is undefined and aggregate is NOT a singleton"
        },
        {
          "ancestorTitles": [
            "AggregateType([identity] [, snapshot] [, events]) throws `BadAggregateConstruction` when:"
          ],
          "duration": 1,
          "failureMessages": [],
          "fullName": "AggregateType([identity] [, snapshot] [, events]) throws `BadAggregateConstruction` when: identity is a string and aggregate is a singleton",
          "location": null,
          "numPassingAsserts": 0,
          "status": "passed",
          "title": "identity is a string and aggregate is a singleton"
        },
        {
          "ancestorTitles": [
            "AggregateType([identity] [, snapshot] [, events]) throws `BadAggregateConstruction` when:"
          ],
          "duration": 2,
          "failureMessages": [],
          "fullName": "AggregateType([identity] [, snapshot] [, events]) throws `BadAggregateConstruction` when: snapshot is neither falsy nor a valid snapshot object",
          "location": null,
          "numPassingAsserts": 0,
          "status": "passed",
          "title": "snapshot is neither falsy nor a valid snapshot object"
        },
        {
          "ancestorTitles": [
            "AggregateType([identity] [, snapshot] [, events]) throws `BadAggregateConstruction` when:"
          ],
          "duration": 4,
          "failureMessages": [],
          "fullName": "AggregateType([identity] [, snapshot] [, events]) throws `BadAggregateConstruction` when: events is neither falsy nor an array of serialized domain events recognized by the aggregate",
          "location": null,
          "numPassingAsserts": 0,
          "status": "passed",
          "title": "events is neither falsy nor an array of serialized domain events recognized by the aggregate"
        }
      ],
      "sourceMaps": {},
      "skipped": false,
      "leaks": false
    },
    {
      "console": [],
      "failureMessage": null,
      "numFailingTests": 0,
      "numPassingTests": 6,
      "numPendingTests": 0,
      "perfStats": {
        "end": 1545094697168,
        "start": 1545094697067
      },
      "snapshot": {
        "added": 0,
        "fileDeleted": false,
        "matched": 0,
        "unchecked": 0,
        "unmatched": 0,
        "updated": 0,
        "uncheckedKeys": []
      },
      "testFilePath": "/Users/giacomotriggiano/github.com/gtriggiano/node-es-ddd-components/src/lib/DomainEvent/__tests__/DomainEvent definition validation.spec.js",
      "testResults": [
        {
          "ancestorTitles": [
            "DomainEvent(definition) throws `BadDomainEventDefinition when:"
          ],
          "duration": 11,
          "failureMessages": [],
          "fullName": "DomainEvent(definition) throws `BadDomainEventDefinition when: definition is not an object",
          "location": null,
          "numPassingAsserts": 0,
          "status": "passed",
          "title": "definition is not an object"
        },
        {
          "ancestorTitles": [
            "DomainEvent(definition) throws `BadDomainEventDefinition when:"
          ],
          "duration": 2,
          "failureMessages": [],
          "fullName": "DomainEvent(definition) throws `BadDomainEventDefinition when: definition.name is not a valid name",
          "location": null,
          "numPassingAsserts": 0,
          "status": "passed",
          "title": "definition.name is not a valid name"
        },
        {
          "ancestorTitles": [
            "DomainEvent(definition) throws `BadDomainEventDefinition when:"
          ],
          "duration": 1,
          "failureMessages": [],
          "fullName": "DomainEvent(definition) throws `BadDomainEventDefinition when: definition.description is neither nnil nor a string",
          "location": null,
          "numPassingAsserts": 0,
          "status": "passed",
          "title": "definition.description is neither nnil nor a string"
        },
        {
          "ancestorTitles": [
            "DomainEvent(definition) throws `BadDomainEventDefinition when:"
          ],
          "duration": 0,
          "failureMessages": [],
          "fullName": "DomainEvent(definition) throws `BadDomainEventDefinition when: definition.reducer is not a function",
          "location": null,
          "numPassingAsserts": 0,
          "status": "passed",
          "title": "definition.reducer is not a function"
        },
        {
          "ancestorTitles": [
            "DomainEvent(definition) throws `BadDomainEventDefinition when:"
          ],
          "duration": 2,
          "failureMessages": [],
          "fullName": "DomainEvent(definition) throws `BadDomainEventDefinition when: definition.serializePayload is neither nil nor a function",
          "location": null,
          "numPassingAsserts": 0,
          "status": "passed",
          "title": "definition.serializePayload is neither nil nor a function"
        },
        {
          "ancestorTitles": [
            "DomainEvent(definition) throws `BadDomainEventDefinition when:"
          ],
          "duration": 1,
          "failureMessages": [],
          "fullName": "DomainEvent(definition) throws `BadDomainEventDefinition when: definition.deserializePayload is neither nil nor a function",
          "location": null,
          "numPassingAsserts": 0,
          "status": "passed",
          "title": "definition.deserializePayload is neither nil nor a function"
        }
      ],
      "sourceMaps": {},
      "skipped": false,
      "leaks": false
    },
    {
      "console": [],
      "failureMessage": null,
      "numFailingTests": 0,
      "numPassingTests": 18,
      "numPendingTests": 0,
      "perfStats": {
        "end": 1545094697295,
        "start": 1545094697193
      },
      "snapshot": {
        "added": 0,
        "fileDeleted": false,
        "matched": 0,
        "unchecked": 0,
        "unmatched": 0,
        "updated": 0,
        "uncheckedKeys": []
      },
      "testFilePath": "/Users/giacomotriggiano/github.com/gtriggiano/node-es-ddd-components/src/lib/Aggregate/__tests__/The aggregate instance.spec.js",
      "testResults": [
        {
          "ancestorTitles": [
            "An aggregate type instance. aggregate = AggregateType(identity [, snapshot] [, events])"
          ],
          "duration": 1,
          "failureMessages": [],
          "fullName": "An aggregate type instance. aggregate = AggregateType(identity [, snapshot] [, events]) aggregate.identity === identity",
          "location": null,
          "numPassingAsserts": 0,
          "status": "passed",
          "title": "aggregate.identity === identity"
        },
        {
          "ancestorTitles": [
            "An aggregate type instance. aggregate = AggregateType(identity [, snapshot] [, events])"
          ],
          "duration": 1,
          "failureMessages": [],
          "fullName": "An aggregate type instance. aggregate = AggregateType(identity [, snapshot] [, events]) aggregate.context === AggregateType.context",
          "location": null,
          "numPassingAsserts": 0,
          "status": "passed",
          "title": "aggregate.context === AggregateType.context"
        },
        {
          "ancestorTitles": [
            "An aggregate type instance. aggregate = AggregateType(identity [, snapshot] [, events])"
          ],
          "duration": 0,
          "failureMessages": [],
          "fullName": "An aggregate type instance. aggregate = AggregateType(identity [, snapshot] [, events]) aggregate.type === AggregateType.type",
          "location": null,
          "numPassingAsserts": 0,
          "status": "passed",
          "title": "aggregate.type === AggregateType.type"
        },
        {
          "ancestorTitles": [
            "An aggregate type instance. aggregate = AggregateType(identity [, snapshot] [, events])"
          ],
          "duration": 2,
          "failureMessages": [],
          "fullName": "An aggregate type instance. aggregate = AggregateType(identity [, snapshot] [, events]) aggregate.version === ((snapshot && snapshot.version) || 0) + (events && events.length) || 0",
          "location": null,
          "numPassingAsserts": 0,
          "status": "passed",
          "title": "aggregate.version === ((snapshot && snapshot.version) || 0) + (events && events.length) || 0"
        },
        {
          "ancestorTitles": [
            "An aggregate type instance. aggregate = AggregateType(identity [, snapshot] [, events])"
          ],
          "duration": 1,
          "failureMessages": [],
          "fullName": "An aggregate type instance. aggregate = AggregateType(identity [, snapshot] [, events]) aggregate.snapshotKey is a string: [{definition.snapshotPrefix}:]AGGREGATE_SNAPSHOT:{definition.context}:{definition.type}[(id)]",
          "location": null,
          "numPassingAsserts": 0,
          "status": "passed",
          "title": "aggregate.snapshotKey is a string: [{definition.snapshotPrefix}:]AGGREGATE_SNAPSHOT:{definition.context}:{definition.type}[(id)]"
        },
        {
          "ancestorTitles": [
            "An aggregate type instance. aggregate = AggregateType(identity [, snapshot] [, events])"
          ],
          "duration": 1,
          "failureMessages": [],
          "fullName": "An aggregate type instance. aggregate = AggregateType(identity [, snapshot] [, events]) aggregate.query is a dictionary of functions keyed by definition.queries[*].name",
          "location": null,
          "numPassingAsserts": 0,
          "status": "passed",
          "title": "aggregate.query is a dictionary of functions keyed by definition.queries[*].name"
        },
        {
          "ancestorTitles": [
            "An aggregate type instance. aggregate = AggregateType(identity [, snapshot] [, events])"
          ],
          "duration": 1,
          "failureMessages": [],
          "fullName": "An aggregate type instance. aggregate = AggregateType(identity [, snapshot] [, events]) aggregate.execute is a dictionary of functions keyed by definition.commands[*].name",
          "location": null,
          "numPassingAsserts": 0,
          "status": "passed",
          "title": "aggregate.execute is a dictionary of functions keyed by definition.commands[*].name"
        },
        {
          "ancestorTitles": [
            "An aggregate type instance. aggregate = AggregateType(identity [, snapshot] [, events])"
          ],
          "duration": 1,
          "failureMessages": [],
          "fullName": "An aggregate type instance. aggregate = AggregateType(identity [, snapshot] [, events]) aggregate.getSerializedState() returns the serialization of the current state",
          "location": null,
          "numPassingAsserts": 0,
          "status": "passed",
          "title": "aggregate.getSerializedState() returns the serialization of the current state"
        },
        {
          "ancestorTitles": [
            "An aggregate type instance. aggregate = AggregateType(identity [, snapshot] [, events])"
          ],
          "duration": 1,
          "failureMessages": [],
          "fullName": "An aggregate type instance. aggregate = AggregateType(identity [, snapshot] [, events]) aggregate.getSnapshot() returns a snapshot of the aggregate as it was before emitting events",
          "location": null,
          "numPassingAsserts": 0,
          "status": "passed",
          "title": "aggregate.getSnapshot() returns a snapshot of the aggregate as it was before emitting events"
        },
        {
          "ancestorTitles": [
            "An aggregate type instance. aggregate = AggregateType(identity [, snapshot] [, events])"
          ],
          "duration": 0,
          "failureMessages": [],
          "fullName": "An aggregate type instance. aggregate = AggregateType(identity [, snapshot] [, events]) aggregate.isDirty() returns true if aggregate has emitted new events, false otherwise",
          "location": null,
          "numPassingAsserts": 0,
          "status": "passed",
          "title": "aggregate.isDirty() returns true if aggregate has emitted new events, false otherwise"
        },
        {
          "ancestorTitles": [
            "An aggregate type instance. aggregate = AggregateType(identity [, snapshot] [, events])"
          ],
          "duration": 1,
          "failureMessages": [],
          "fullName": "An aggregate type instance. aggregate = AggregateType(identity [, snapshot] [, events]) aggregate.getConsistencyPolicy() returns the consistency policy to use to persist the new events. defaults to 0.",
          "location": null,
          "numPassingAsserts": 0,
          "status": "passed",
          "title": "aggregate.getConsistencyPolicy() returns the consistency policy to use to persist the new events. defaults to 0."
        },
        {
          "ancestorTitles": [
            "An aggregate type instance. aggregate = AggregateType(identity [, snapshot] [, events])"
          ],
          "duration": 1,
          "failureMessages": [],
          "fullName": "An aggregate type instance. aggregate = AggregateType(identity [, snapshot] [, events]) aggregate.clone() returns another instance indentical to the one holding the clone fn, with the same state it had at instantiation time",
          "location": null,
          "numPassingAsserts": 0,
          "status": "passed",
          "title": "aggregate.clone() returns another instance indentical to the one holding the clone fn, with the same state it had at instantiation time"
        },
        {
          "ancestorTitles": [
            "An aggregate type instance. aggregate = AggregateType(identity [, snapshot] [, events])"
          ],
          "duration": 1,
          "failureMessages": [],
          "fullName": "An aggregate type instance. aggregate = AggregateType(identity [, snapshot] [, events]) aggregate.getNewEvents() returns the list of emitted domain event instances",
          "location": null,
          "numPassingAsserts": 0,
          "status": "passed",
          "title": "aggregate.getNewEvents() returns the list of emitted domain event instances"
        },
        {
          "ancestorTitles": [
            "An aggregate type instance. aggregate = AggregateType(identity [, snapshot] [, events])"
          ],
          "duration": 1,
          "failureMessages": [],
          "fullName": "An aggregate type instance. aggregate = AggregateType(identity [, snapshot] [, events]) aggregate.appendEvents() returns a new instance of the same aggregate with newEvents appended",
          "location": null,
          "numPassingAsserts": 0,
          "status": "passed",
          "title": "aggregate.appendEvents() returns a new instance of the same aggregate with newEvents appended"
        },
        {
          "ancestorTitles": [
            "An aggregate type instance. aggregate = AggregateType(identity [, snapshot] [, events])"
          ],
          "duration": 1,
          "failureMessages": [],
          "fullName": "An aggregate type instance. aggregate = AggregateType(identity [, snapshot] [, events]) aggregate.toString() === `[object {context}:{type}(identity) #{version}+{totalEmittedEvents}]`",
          "location": null,
          "numPassingAsserts": 0,
          "status": "passed",
          "title": "aggregate.toString() === `[object {context}:{type}(identity) #{version}+{totalEmittedEvents}]`"
        },
        {
          "ancestorTitles": [
            "An aggregate type instance. aggregate = AggregateType(identity [, snapshot] [, events])",
            "aggregate.needsSnapshot"
          ],
          "duration": 0,
          "failureMessages": [],
          "fullName": "An aggregate type instance. aggregate = AggregateType(identity [, snapshot] [, events]) aggregate.needsSnapshot is a boolean",
          "location": null,
          "numPassingAsserts": 0,
          "status": "passed",
          "title": "is a boolean"
        },
        {
          "ancestorTitles": [
            "An aggregate type instance. aggregate = AggregateType(identity [, snapshot] [, events])",
            "aggregate.needsSnapshot"
          ],
          "duration": 1,
          "failureMessages": [],
          "fullName": "An aggregate type instance. aggregate = AggregateType(identity [, snapshot] [, events]) aggregate.needsSnapshot is true if aggregate was rebuilt from a number of events > of AggregateType definition.snapshotThreshold",
          "location": null,
          "numPassingAsserts": 0,
          "status": "passed",
          "title": "is true if aggregate was rebuilt from a number of events > of AggregateType definition.snapshotThreshold"
        },
        {
          "ancestorTitles": [
            "An aggregate type instance. aggregate = AggregateType(identity [, snapshot] [, events])",
            "aggregate.needsSnapshot"
          ],
          "duration": 0,
          "failureMessages": [],
          "fullName": "An aggregate type instance. aggregate = AggregateType(identity [, snapshot] [, events]) aggregate.needsSnapshot is always false if a snapshotThreshold was not passed in Type definition",
          "location": null,
          "numPassingAsserts": 0,
          "status": "passed",
          "title": "is always false if a snapshotThreshold was not passed in Type definition"
        }
      ],
      "sourceMaps": {},
      "skipped": false,
      "leaks": false
    },
    {
      "console": [],
      "failureMessage": null,
      "numFailingTests": 0,
      "numPassingTests": 7,
      "numPendingTests": 0,
      "perfStats": {
        "end": 1545094697423,
        "start": 1545094697322
      },
      "snapshot": {
        "added": 0,
        "fileDeleted": false,
        "matched": 0,
        "unchecked": 0,
        "unmatched": 0,
        "updated": 0,
        "uncheckedKeys": []
      },
      "testFilePath": "/Users/giacomotriggiano/github.com/gtriggiano/node-es-ddd-components/src/lib/Aggregate/__tests__/AggregateType factory.spec.js",
      "testResults": [
        {
          "ancestorTitles": [
            "AggregateType factory. AggregateType = Aggregate(definition)"
          ],
          "duration": 1,
          "failureMessages": [],
          "fullName": "AggregateType factory. AggregateType = Aggregate(definition) AggregateType is a function",
          "location": null,
          "numPassingAsserts": 0,
          "status": "passed",
          "title": "AggregateType is a function"
        },
        {
          "ancestorTitles": [
            "AggregateType factory. AggregateType = Aggregate(definition)"
          ],
          "duration": 1,
          "failureMessages": [],
          "fullName": "AggregateType factory. AggregateType = Aggregate(definition) AggregateType.name === definition.type",
          "location": null,
          "numPassingAsserts": 0,
          "status": "passed",
          "title": "AggregateType.name === definition.type"
        },
        {
          "ancestorTitles": [
            "AggregateType factory. AggregateType = Aggregate(definition)"
          ],
          "duration": 0,
          "failureMessages": [],
          "fullName": "AggregateType factory. AggregateType = Aggregate(definition) AggregateType.context === definition.context",
          "location": null,
          "numPassingAsserts": 0,
          "status": "passed",
          "title": "AggregateType.context === definition.context"
        },
        {
          "ancestorTitles": [
            "AggregateType factory. AggregateType = Aggregate(definition)"
          ],
          "duration": 0,
          "failureMessages": [],
          "fullName": "AggregateType factory. AggregateType = Aggregate(definition) AggregateType.type === definition.type",
          "location": null,
          "numPassingAsserts": 0,
          "status": "passed",
          "title": "AggregateType.type === definition.type"
        },
        {
          "ancestorTitles": [
            "AggregateType factory. AggregateType = Aggregate(definition)"
          ],
          "duration": 1,
          "failureMessages": [],
          "fullName": "AggregateType factory. AggregateType = Aggregate(definition) AggregateType.description === definition.description || ``",
          "location": null,
          "numPassingAsserts": 0,
          "status": "passed",
          "title": "AggregateType.description === definition.description || ``"
        },
        {
          "ancestorTitles": [
            "AggregateType factory. AggregateType = Aggregate(definition)"
          ],
          "duration": 0,
          "failureMessages": [],
          "fullName": "AggregateType factory. AggregateType = Aggregate(definition) AggregateType is recognized as `instance of` Aggregate",
          "location": null,
          "numPassingAsserts": 0,
          "status": "passed",
          "title": "AggregateType is recognized as `instance of` Aggregate"
        },
        {
          "ancestorTitles": [
            "AggregateType factory. AggregateType = Aggregate(definition)"
          ],
          "duration": 1,
          "failureMessages": [],
          "fullName": "AggregateType factory. AggregateType = Aggregate(definition) AggregateType.toString() === `[Function ${definition.context}:${definition.type}]`",
          "location": null,
          "numPassingAsserts": 0,
          "status": "passed",
          "title": "AggregateType.toString() === `[Function ${definition.context}:${definition.type}]`"
        }
      ],
      "sourceMaps": {},
      "skipped": false,
      "leaks": false
    },
    {
      "console": [],
      "failureMessage": null,
      "numFailingTests": 0,
      "numPassingTests": 1,
      "numPendingTests": 0,
      "perfStats": {
        "end": 1545094697555,
        "start": 1545094697452
      },
      "snapshot": {
        "added": 0,
        "fileDeleted": false,
        "matched": 0,
        "unchecked": 0,
        "unmatched": 0,
        "updated": 0,
        "uncheckedKeys": []
      },
      "testFilePath": "/Users/giacomotriggiano/github.com/gtriggiano/node-es-ddd-components/src/lib/Aggregate/__tests__/The aggregate instance query interface.spec.js",
      "testResults": [
        {
          "ancestorTitles": [
            "The aggregate instance query interface"
          ],
          "duration": 2,
          "failureMessages": [],
          "fullName": "The aggregate instance query interface every prop maps to one of the definition.queries handler",
          "location": null,
          "numPassingAsserts": 0,
          "status": "passed",
          "title": "every prop maps to one of the definition.queries handler"
        }
      ],
      "sourceMaps": {},
      "skipped": false,
      "leaks": false
    },
    {
      "console": [],
      "failureMessage": null,
      "numFailingTests": 0,
      "numPassingTests": 7,
      "numPendingTests": 0,
      "perfStats": {
        "end": 1545094697685,
        "start": 1545094697581
      },
      "snapshot": {
        "added": 0,
        "fileDeleted": false,
        "matched": 0,
        "unchecked": 0,
        "unmatched": 0,
        "updated": 0,
        "uncheckedKeys": []
      },
      "testFilePath": "/Users/giacomotriggiano/github.com/gtriggiano/node-es-ddd-components/src/lib/utils/__tests__/getDeserializer.spec.js",
      "testResults": [
        {
          "ancestorTitles": [
            "getDeserializer(deserializer?: function, errorMessage?: string)"
          ],
          "duration": 1,
          "failureMessages": [],
          "fullName": "getDeserializer(deserializer?: function, errorMessage?: string) is a function",
          "location": null,
          "numPassingAsserts": 0,
          "status": "passed",
          "title": "is a function"
        },
        {
          "ancestorTitles": [
            "getDeserializer(deserializer?: function, errorMessage?: string)",
            "const deserialize = getDeserializer(JSON.parse)"
          ],
          "duration": 1,
          "failureMessages": [],
          "fullName": "getDeserializer(deserializer?: function, errorMessage?: string) const deserialize = getDeserializer(JSON.parse) deserialize is a function",
          "location": null,
          "numPassingAsserts": 0,
          "status": "passed",
          "title": "deserialize is a function"
        },
        {
          "ancestorTitles": [
            "getDeserializer(deserializer?: function, errorMessage?: string)",
            "const deserialize = getDeserializer(JSON.parse)"
          ],
          "duration": 0,
          "failureMessages": [],
          "fullName": "getDeserializer(deserializer?: function, errorMessage?: string) const deserialize = getDeserializer(JSON.parse) deserialize returns the result of deserializer",
          "location": null,
          "numPassingAsserts": 0,
          "status": "passed",
          "title": "deserialize returns the result of deserializer"
        },
        {
          "ancestorTitles": [
            "getDeserializer(deserializer?: function, errorMessage?: string)",
            "const deserialize = getDeserializer(JSON.parse)"
          ],
          "duration": 0,
          "failureMessages": [],
          "fullName": "getDeserializer(deserializer?: function, errorMessage?: string) const deserialize = getDeserializer(JSON.parse) deserialize defaults to JSON.parse",
          "location": null,
          "numPassingAsserts": 0,
          "status": "passed",
          "title": "deserialize defaults to JSON.parse"
        },
        {
          "ancestorTitles": [
            "getDeserializer(deserializer?: function, errorMessage?: string)",
            "const deserialize = getDeserializer(JSON.parse)"
          ],
          "duration": 8,
          "failureMessages": [],
          "fullName": "getDeserializer(deserializer?: function, errorMessage?: string) const deserialize = getDeserializer(JSON.parse) if deserialize() throws, the error is encapsulated in DeserializationError.data.originalError",
          "location": null,
          "numPassingAsserts": 0,
          "status": "passed",
          "title": "if deserialize() throws, the error is encapsulated in DeserializationError.data.originalError"
        },
        {
          "ancestorTitles": [
            "getDeserializer(deserializer?: function, errorMessage?: string)",
            "const deserialize = getDeserializer(JSON.parse)"
          ],
          "duration": 0,
          "failureMessages": [],
          "fullName": "getDeserializer(deserializer?: function, errorMessage?: string) const deserialize = getDeserializer(JSON.parse) DeserializationError.message === errorMessage ? errorMessage :  DeserializationError.data.originalError.message",
          "location": null,
          "numPassingAsserts": 0,
          "status": "passed",
          "title": "DeserializationError.message === errorMessage ? errorMessage :  DeserializationError.data.originalError.message"
        },
        {
          "ancestorTitles": [
            "getDeserializer(deserializer?: function, errorMessage?: string)",
            "const deserialize = getDeserializer(null, `a message`)"
          ],
          "duration": 1,
          "failureMessages": [],
          "fullName": "getDeserializer(deserializer?: function, errorMessage?: string) const deserialize = getDeserializer(null, `a message`) if deserializer() throws the error message is `a message`",
          "location": null,
          "numPassingAsserts": 0,
          "status": "passed",
          "title": "if deserializer() throws the error message is `a message`"
        }
      ],
      "sourceMaps": {},
      "skipped": false,
      "leaks": false
    },
    {
      "console": [],
      "failureMessage": null,
      "numFailingTests": 0,
      "numPassingTests": 7,
      "numPendingTests": 0,
      "perfStats": {
        "end": 1545094697846,
        "start": 1545094697746
      },
      "snapshot": {
        "added": 0,
        "fileDeleted": false,
        "matched": 0,
        "unchecked": 0,
        "unmatched": 0,
        "updated": 0,
        "uncheckedKeys": []
      },
      "testFilePath": "/Users/giacomotriggiano/github.com/gtriggiano/node-es-ddd-components/src/lib/utils/__tests__/getSerializer.spec.js",
      "testResults": [
        {
          "ancestorTitles": [
            "getSerializer(serializer?: function, errorMessage?: string)"
          ],
          "duration": 1,
          "failureMessages": [],
          "fullName": "getSerializer(serializer?: function, errorMessage?: string) is a function",
          "location": null,
          "numPassingAsserts": 0,
          "status": "passed",
          "title": "is a function"
        },
        {
          "ancestorTitles": [
            "getSerializer(serializer?: function, errorMessage?: string)",
            "const serialize = getSerializer(JSON.stringify)"
          ],
          "duration": 1,
          "failureMessages": [],
          "fullName": "getSerializer(serializer?: function, errorMessage?: string) const serialize = getSerializer(JSON.stringify) serialize is a function",
          "location": null,
          "numPassingAsserts": 0,
          "status": "passed",
          "title": "serialize is a function"
        },
        {
          "ancestorTitles": [
            "getSerializer(serializer?: function, errorMessage?: string)",
            "const serialize = getSerializer(JSON.stringify)"
          ],
          "duration": 0,
          "failureMessages": [],
          "fullName": "getSerializer(serializer?: function, errorMessage?: string) const serialize = getSerializer(JSON.stringify) serialize returns the result of serializer",
          "location": null,
          "numPassingAsserts": 0,
          "status": "passed",
          "title": "serialize returns the result of serializer"
        },
        {
          "ancestorTitles": [
            "getSerializer(serializer?: function, errorMessage?: string)",
            "const serialize = getSerializer(JSON.stringify)"
          ],
          "duration": 0,
          "failureMessages": [],
          "fullName": "getSerializer(serializer?: function, errorMessage?: string) const serialize = getSerializer(JSON.stringify) serializer defaults to JSON.stringify",
          "location": null,
          "numPassingAsserts": 0,
          "status": "passed",
          "title": "serializer defaults to JSON.stringify"
        },
        {
          "ancestorTitles": [
            "getSerializer(serializer?: function, errorMessage?: string)",
            "const serialize = getSerializer(JSON.stringify)"
          ],
          "duration": 12,
          "failureMessages": [],
          "fullName": "getSerializer(serializer?: function, errorMessage?: string) const serialize = getSerializer(JSON.stringify) if serializer() throws the original error is encapsulated in SerializationError.data.originalError",
          "location": null,
          "numPassingAsserts": 0,
          "status": "passed",
          "title": "if serializer() throws the original error is encapsulated in SerializationError.data.originalError"
        },
        {
          "ancestorTitles": [
            "getSerializer(serializer?: function, errorMessage?: string)",
            "const serialize = getSerializer(JSON.stringify)"
          ],
          "duration": 1,
          "failureMessages": [],
          "fullName": "getSerializer(serializer?: function, errorMessage?: string) const serialize = getSerializer(JSON.stringify) SerializationError.message === errorMessage ? errorMessage : SerializationError.data.originalError.message",
          "location": null,
          "numPassingAsserts": 0,
          "status": "passed",
          "title": "SerializationError.message === errorMessage ? errorMessage : SerializationError.data.originalError.message"
        },
        {
          "ancestorTitles": [
            "getSerializer(serializer?: function, errorMessage?: string)",
            "const serialize = getSerializer(null, `a message`)"
          ],
          "duration": 1,
          "failureMessages": [],
          "fullName": "getSerializer(serializer?: function, errorMessage?: string) const serialize = getSerializer(null, `a message`) if serialize() throws the error message is `a message`",
          "location": null,
          "numPassingAsserts": 0,
          "status": "passed",
          "title": "if serialize() throws the error message is `a message`"
        }
      ],
      "sourceMaps": {},
      "skipped": false,
      "leaks": false
    },
    {
      "console": [],
      "failureMessage": null,
      "numFailingTests": 0,
      "numPassingTests": 3,
      "numPendingTests": 0,
      "perfStats": {
        "end": 1545094697970,
        "start": 1545094697881
      },
      "snapshot": {
        "added": 0,
        "fileDeleted": false,
        "matched": 0,
        "unchecked": 0,
        "unmatched": 0,
        "updated": 0,
        "uncheckedKeys": []
      },
      "testFilePath": "/Users/giacomotriggiano/github.com/gtriggiano/node-es-ddd-components/src/lib/CustomError/__tests__/ErrorType factory.spec.js",
      "testResults": [
        {
          "ancestorTitles": [
            "CustomErrorType factory. CustomErrorType = CustomError(definition)"
          ],
          "duration": 1,
          "failureMessages": [],
          "fullName": "CustomErrorType factory. CustomErrorType = CustomError(definition) CustomErrorType.name === definition.name",
          "location": null,
          "numPassingAsserts": 0,
          "status": "passed",
          "title": "CustomErrorType.name === definition.name"
        },
        {
          "ancestorTitles": [
            "CustomErrorType factory. CustomErrorType = CustomError(definition)"
          ],
          "duration": 5,
          "failureMessages": [],
          "fullName": "CustomErrorType factory. CustomErrorType = CustomError(definition) CustomErrorType is an error constructor",
          "location": null,
          "numPassingAsserts": 0,
          "status": "passed",
          "title": "CustomErrorType is an error constructor"
        },
        {
          "ancestorTitles": [
            "CustomErrorType factory. CustomErrorType = CustomError(definition)"
          ],
          "duration": 1,
          "failureMessages": [],
          "fullName": "CustomErrorType factory. CustomErrorType = CustomError(definition) CustomErrorType can be invoked without `new`",
          "location": null,
          "numPassingAsserts": 0,
          "status": "passed",
          "title": "CustomErrorType can be invoked without `new`"
        }
      ],
      "sourceMaps": {},
      "skipped": false,
      "leaks": false
    },
    {
      "console": [],
      "failureMessage": null,
      "numFailingTests": 0,
      "numPassingTests": 6,
      "numPendingTests": 0,
      "perfStats": {
        "end": 1545094698096,
        "start": 1545094698002
      },
      "snapshot": {
        "added": 0,
        "fileDeleted": false,
        "matched": 0,
        "unchecked": 0,
        "unmatched": 0,
        "updated": 0,
        "uncheckedKeys": []
      },
      "testFilePath": "/Users/giacomotriggiano/github.com/gtriggiano/node-es-ddd-components/src/lib/CustomError/__tests__/errorType instance.spec.js",
      "testResults": [
        {
          "ancestorTitles": [
            "customErrorType instance. customErrorType = CustomErrorType(message [, data])"
          ],
          "duration": 10,
          "failureMessages": [],
          "fullName": "customErrorType instance. customErrorType = CustomErrorType(message [, data]) customErrorType.name === CustomErrorType.name",
          "location": null,
          "numPassingAsserts": 0,
          "status": "passed",
          "title": "customErrorType.name === CustomErrorType.name"
        },
        {
          "ancestorTitles": [
            "customErrorType instance. customErrorType = CustomErrorType(message [, data])"
          ],
          "duration": 1,
          "failureMessages": [],
          "fullName": "customErrorType instance. customErrorType = CustomErrorType(message [, data]) customErrorType.message === message || CustomErrorType.name",
          "location": null,
          "numPassingAsserts": 0,
          "status": "passed",
          "title": "customErrorType.message === message || CustomErrorType.name"
        },
        {
          "ancestorTitles": [
            "customErrorType instance. customErrorType = CustomErrorType(message [, data])"
          ],
          "duration": 0,
          "failureMessages": [],
          "fullName": "customErrorType instance. customErrorType = CustomErrorType(message [, data]) customErrorType.data === data",
          "location": null,
          "numPassingAsserts": 0,
          "status": "passed",
          "title": "customErrorType.data === data"
        },
        {
          "ancestorTitles": [
            "customErrorType instance. customErrorType = CustomErrorType(message [, data])"
          ],
          "duration": 1,
          "failureMessages": [],
          "fullName": "customErrorType instance. customErrorType = CustomErrorType(message [, data]) customErrorType.stack is populated",
          "location": null,
          "numPassingAsserts": 0,
          "status": "passed",
          "title": "customErrorType.stack is populated"
        },
        {
          "ancestorTitles": [
            "customErrorType instance. customErrorType = CustomErrorType(message [, data])"
          ],
          "duration": 0,
          "failureMessages": [],
          "fullName": "customErrorType instance. customErrorType = CustomErrorType(message [, data]) CustomErrorType.name shows as error name in the customErrorType.stack first line",
          "location": null,
          "numPassingAsserts": 0,
          "status": "passed",
          "title": "CustomErrorType.name shows as error name in the customErrorType.stack first line"
        },
        {
          "ancestorTitles": [
            "customErrorType instance. customErrorType = CustomErrorType(message [, data])"
          ],
          "duration": 1,
          "failureMessages": [],
          "fullName": "customErrorType instance. customErrorType = CustomErrorType(message [, data]) the second line of the stack refers to the file where you invoke CustomErrorType()",
          "location": null,
          "numPassingAsserts": 0,
          "status": "passed",
          "title": "the second line of the stack refers to the file where you invoke CustomErrorType()"
        }
      ],
      "sourceMaps": {},
      "skipped": false,
      "leaks": false
    },
    {
      "console": [],
      "failureMessage": null,
      "numFailingTests": 0,
      "numPassingTests": 1,
      "numPendingTests": 0,
      "perfStats": {
        "end": 1545094698196,
        "start": 1545094698122
      },
      "snapshot": {
        "added": 0,
        "fileDeleted": false,
        "matched": 0,
        "unchecked": 0,
        "unmatched": 0,
        "updated": 0,
        "uncheckedKeys": []
      },
      "testFilePath": "/Users/giacomotriggiano/github.com/gtriggiano/node-es-ddd-components/src/lib/CustomError/__tests__/CustomError definition validation.spec.js",
      "testResults": [
        {
          "ancestorTitles": [
            "CustomError definition validation. CustomError(definition) throws when:"
          ],
          "duration": 2,
          "failureMessages": [],
          "fullName": "CustomError definition validation. CustomError(definition) throws when: description.name is not a string starting with a letter and composed by letters, numbers and underscores only",
          "location": null,
          "numPassingAsserts": 0,
          "status": "passed",
          "title": "description.name is not a string starting with a letter and composed by letters, numbers and underscores only"
        }
      ],
      "sourceMaps": {},
      "skipped": false,
      "leaks": false
    },
    {
      "console": [],
      "failureMessage": null,
      "numFailingTests": 0,
      "numPassingTests": 1,
      "numPendingTests": 0,
      "perfStats": {
        "end": 1545094698290,
        "start": 1545094698221
      },
      "snapshot": {
        "added": 0,
        "fileDeleted": false,
        "matched": 0,
        "unchecked": 0,
        "unmatched": 0,
        "updated": 0,
        "uncheckedKeys": []
      },
      "testFilePath": "/Users/giacomotriggiano/github.com/gtriggiano/node-es-ddd-components/src/lib/utils/__tests__/isValidName.spec.js",
      "testResults": [
        {
          "ancestorTitles": [
            "isValidName(x)"
          ],
          "duration": 3,
          "failureMessages": [],
          "fullName": "isValidName(x) return TRUE if x is a string starting with a letter and composed by letters, numbers and underscores only, false otherwise",
          "location": null,
          "numPassingAsserts": 0,
          "status": "passed",
          "title": "return TRUE if x is a string starting with a letter and composed by letters, numbers and underscores only, false otherwise"
        }
      ],
      "sourceMaps": {},
      "skipped": false,
      "leaks": false
    },
    {
      "console": [],
      "failureMessage": null,
      "numFailingTests": 0,
      "numPassingTests": 1,
      "numPendingTests": 0,
      "perfStats": {
        "end": 1545094698391,
        "start": 1545094698316
      },
      "snapshot": {
        "added": 0,
        "fileDeleted": false,
        "matched": 0,
        "unchecked": 0,
        "unmatched": 0,
        "updated": 0,
        "uncheckedKeys": []
      },
      "testFilePath": "/Users/giacomotriggiano/github.com/gtriggiano/node-es-ddd-components/src/lib/utils/__tests__/tuple.spec.js",
      "testResults": [
        {
          "ancestorTitles": [
            "tuple(...args: any[])"
          ],
          "duration": 1,
          "failureMessages": [],
          "fullName": "tuple(...args: any[]) returns the provided arguments as an array",
          "location": null,
          "numPassingAsserts": 0,
          "status": "passed",
          "title": "returns the provided arguments as an array"
        }
      ],
      "sourceMaps": {},
      "skipped": false,
      "leaks": false
    },
    {
      "console": [],
      "failureMessage": null,
      "numFailingTests": 0,
      "numPassingTests": 5,
      "numPendingTests": 0,
      "perfStats": {
        "end": 1545094698529,
        "start": 1545094698451
      },
      "snapshot": {
        "added": 0,
        "fileDeleted": false,
        "matched": 0,
        "unchecked": 0,
        "unmatched": 0,
        "updated": 0,
        "uncheckedKeys": []
      },
      "testFilePath": "/Users/giacomotriggiano/github.com/gtriggiano/node-es-ddd-components/src/lib/DomainEvent/__tests__/An eventType instance.spec.js",
      "testResults": [
        {
          "ancestorTitles": [
            "eventType = EventType(payload)"
          ],
          "duration": 1,
          "failureMessages": [],
          "fullName": "eventType = EventType(payload) eventType.name === EventType.name",
          "location": null,
          "numPassingAsserts": 0,
          "status": "passed",
          "title": "eventType.name === EventType.name"
        },
        {
          "ancestorTitles": [
            "eventType = EventType(payload)"
          ],
          "duration": 0,
          "failureMessages": [],
          "fullName": "eventType = EventType(payload) eventType.data === payload",
          "location": null,
          "numPassingAsserts": 0,
          "status": "passed",
          "title": "eventType.data === payload"
        },
        {
          "ancestorTitles": [
            "eventType = EventType(payload)"
          ],
          "duration": 1,
          "failureMessages": [],
          "fullName": "eventType = EventType(payload) eventType.getSerializedPayload() returns the serialization of eventType.data",
          "location": null,
          "numPassingAsserts": 0,
          "status": "passed",
          "title": "eventType.getSerializedPayload() returns the serialization of eventType.data"
        },
        {
          "ancestorTitles": [
            "eventType = EventType(payload)"
          ],
          "duration": 0,
          "failureMessages": [],
          "fullName": "eventType = EventType(payload) eventType.applyToState(state) returns definition.reducer(state, eventType)",
          "location": null,
          "numPassingAsserts": 0,
          "status": "passed",
          "title": "eventType.applyToState(state) returns definition.reducer(state, eventType)"
        },
        {
          "ancestorTitles": [
            "eventType = EventType(payload)"
          ],
          "duration": 1,
          "failureMessages": [],
          "fullName": "eventType = EventType(payload) eventType is recognized as `instanceof EventType`",
          "location": null,
          "numPassingAsserts": 0,
          "status": "passed",
          "title": "eventType is recognized as `instanceof EventType`"
        }
      ],
      "sourceMaps": {},
      "skipped": false,
      "leaks": false
    },
    {
      "console": [],
      "failureMessage": null,
      "numFailingTests": 0,
      "numPassingTests": 2,
      "numPendingTests": 0,
      "perfStats": {
        "end": 1545094698635,
        "start": 1545094698556
      },
      "snapshot": {
        "added": 0,
        "fileDeleted": false,
        "matched": 0,
        "unchecked": 0,
        "unmatched": 0,
        "updated": 0,
        "uncheckedKeys": []
      },
      "testFilePath": "/Users/giacomotriggiano/github.com/gtriggiano/node-es-ddd-components/src/lib/DomainEvent/__tests__/DomainEvent factory.spec.js",
      "testResults": [
        {
          "ancestorTitles": [
            "DomainEvent(definition)"
          ],
          "duration": 1,
          "failureMessages": [],
          "fullName": "DomainEvent(definition) is a function",
          "location": null,
          "numPassingAsserts": 0,
          "status": "passed",
          "title": "is a function"
        },
        {
          "ancestorTitles": [
            "DomainEvent(definition)"
          ],
          "duration": 0,
          "failureMessages": [],
          "fullName": "DomainEvent(definition) return a function",
          "location": null,
          "numPassingAsserts": 0,
          "status": "passed",
          "title": "return a function"
        }
      ],
      "sourceMaps": {},
      "skipped": false,
      "leaks": false
    },
    {
      "console": [],
      "failureMessage": null,
      "numFailingTests": 0,
      "numPassingTests": 5,
      "numPendingTests": 0,
      "perfStats": {
        "end": 1545094698731,
        "start": 1545094698660
      },
      "snapshot": {
        "added": 0,
        "fileDeleted": false,
        "matched": 0,
        "unchecked": 0,
        "unmatched": 0,
        "updated": 0,
        "uncheckedKeys": []
      },
      "testFilePath": "/Users/giacomotriggiano/github.com/gtriggiano/node-es-ddd-components/src/lib/DomainEvent/__tests__/EventType factory.spec.js",
      "testResults": [
        {
          "ancestorTitles": [
            "An `EventType` factory. EventType = DomainEvent(definition)"
          ],
          "duration": 1,
          "failureMessages": [],
          "fullName": "An `EventType` factory. EventType = DomainEvent(definition) EventType is a function",
          "location": null,
          "numPassingAsserts": 0,
          "status": "passed",
          "title": "EventType is a function"
        },
        {
          "ancestorTitles": [
            "An `EventType` factory. EventType = DomainEvent(definition)"
          ],
          "duration": 1,
          "failureMessages": [],
          "fullName": "An `EventType` factory. EventType = DomainEvent(definition) EventType.name === definition.name",
          "location": null,
          "numPassingAsserts": 0,
          "status": "passed",
          "title": "EventType.name === definition.name"
        },
        {
          "ancestorTitles": [
            "An `EventType` factory. EventType = DomainEvent(definition)"
          ],
          "duration": 0,
          "failureMessages": [],
          "fullName": "An `EventType` factory. EventType = DomainEvent(definition) EventType.description === definition.description || ``",
          "location": null,
          "numPassingAsserts": 0,
          "status": "passed",
          "title": "EventType.description === definition.description || ``"
        },
        {
          "ancestorTitles": [
            "An `EventType` factory. EventType = DomainEvent(definition)"
          ],
          "duration": 0,
          "failureMessages": [],
          "fullName": "An `EventType` factory. EventType = DomainEvent(definition) EventType.fromSerializedPayload is a function",
          "location": null,
          "numPassingAsserts": 0,
          "status": "passed",
          "title": "EventType.fromSerializedPayload is a function"
        },
        {
          "ancestorTitles": [
            "An `EventType` factory. EventType = DomainEvent(definition)"
          ],
          "duration": 1,
          "failureMessages": [],
          "fullName": "An `EventType` factory. EventType = DomainEvent(definition) EventType is recognized as `instance of` DomainEvent",
          "location": null,
          "numPassingAsserts": 0,
          "status": "passed",
          "title": "EventType is recognized as `instance of` DomainEvent"
        }
      ],
      "sourceMaps": {},
      "skipped": false,
      "leaks": false
    },
    {
      "console": [],
      "failureMessage": null,
      "numFailingTests": 0,
      "numPassingTests": 1,
      "numPendingTests": 0,
      "perfStats": {
        "end": 1545094698821,
        "start": 1545094698757
      },
      "snapshot": {
        "added": 0,
        "fileDeleted": false,
        "matched": 0,
        "unchecked": 0,
        "unmatched": 0,
        "updated": 0,
        "uncheckedKeys": []
      },
      "testFilePath": "/Users/giacomotriggiano/github.com/gtriggiano/node-es-ddd-components/src/lib/Aggregate/__tests__/Aggregate factory.spec.js",
      "testResults": [
        {
          "ancestorTitles": [
            "Aggregate factory"
          ],
          "duration": 2,
          "failureMessages": [],
          "fullName": "Aggregate factory Aggregate is a function",
          "location": null,
          "numPassingAsserts": 0,
          "status": "passed",
          "title": "Aggregate is a function"
        }
      ],
      "sourceMaps": {},
      "skipped": false,
      "leaks": false
    }
  ],
  "wasInterrupted": false,
  "coverageMap": {
    "/Users/giacomotriggiano/github.com/gtriggiano/node-es-ddd-components/dist/main/lib/index.js": {
      "path": "/Users/giacomotriggiano/github.com/gtriggiano/node-es-ddd-components/dist/main/lib/index.js",
      "statementMap": {
        "0": {
          "start": {
            "line": 3,
            "column": 4
          },
          "end": {
            "line": 3,
            "column": 71
          }
        },
        "1": {
          "start": {
            "line": 3,
            "column": 21
          },
          "end": {
            "line": 3,
            "column": 71
          }
        },
        "2": {
          "start": {
            "line": 3,
            "column": 53
          },
          "end": {
            "line": 3,
            "column": 71
          }
        },
        "3": {
          "start": {
            "line": 5,
            "column": 0
          },
          "end": {
            "line": 5,
            "column": 62
          }
        },
        "4": {
          "start": {
            "line": 6,
            "column": 0
          },
          "end": {
            "line": 6,
            "column": 33
          }
        },
        "5": {
          "start": {
            "line": 7,
            "column": 0
          },
          "end": {
            "line": 7,
            "column": 35
          }
        },
        "6": {
          "start": {
            "line": 8,
            "column": 0
          },
          "end": {
            "line": 8,
            "column": 35
          }
        },
        "7": {
          "start": {
            "line": 9,
            "column": 0
          },
          "end": {
            "line": 9,
            "column": 29
          }
        }
      },
      "fnMap": {
        "0": {
          "name": "__export",
          "decl": {
            "start": {
              "line": 2,
              "column": 9
            },
            "end": {
              "line": 2,
              "column": 17
            }
          },
          "loc": {
            "start": {
              "line": 2,
              "column": 21
            },
            "end": {
              "line": 4,
              "column": 1
            }
          },
          "line": 2
        }
      },
      "branchMap": {
        "0": {
          "loc": {
            "start": {
              "line": 3,
              "column": 21
            },
            "end": {
              "line": 3,
              "column": 71
            }
          },
          "type": "if",
          "locations": [
            {
              "start": {
                "line": 3,
                "column": 21
              },
              "end": {
                "line": 3,
                "column": 71
              }
            },
            {
              "start": {
                "line": 3,
                "column": 21
              },
              "end": {
                "line": 3,
                "column": 71
              }
            }
          ],
          "line": 3
        }
      },
      "s": {
        "0": 68,
        "1": 289,
        "2": 289,
        "3": 17,
        "4": 17,
        "5": 17,
        "6": 17,
        "7": 17
      },
      "f": {
        "0": 68
      },
      "b": {
        "0": [
          289,
          0
        ]
      },
      "_coverageSchema": "332fd63041d2c1bcb487cc26dd0d5f7d97098a6c",
      "hash": "5c7a3b8aee77019edb462da4a869208dcf463777"
    },
    "/Users/giacomotriggiano/github.com/gtriggiano/node-es-ddd-components/dist/main/lib/Aggregate/index.js": {
      "path": "/Users/giacomotriggiano/github.com/gtriggiano/node-es-ddd-components/dist/main/lib/Aggregate/index.js",
      "statementMap": {
        "0": {
          "start": {
            "line": 2,
            "column": 15
          },
          "end": {
            "line": 12,
            "column": 1
          }
        },
        "1": {
          "start": {
            "line": 3,
            "column": 4
          },
          "end": {
            "line": 10,
            "column": 6
          }
        },
        "2": {
          "start": {
            "line": 4,
            "column": 8
          },
          "end": {
            "line": 8,
            "column": 9
          }
        },
        "3": {
          "start": {
            "line": 5,
            "column": 12
          },
          "end": {
            "line": 5,
            "column": 29
          }
        },
        "4": {
          "start": {
            "line": 6,
            "column": 12
          },
          "end": {
            "line": 7,
            "column": 28
          }
        },
        "5": {
          "start": {
            "line": 6,
            "column": 29
          },
          "end": {
            "line": 7,
            "column": 28
          }
        },
        "6": {
          "start": {
            "line": 7,
            "column": 16
          },
          "end": {
            "line": 7,
            "column": 28
          }
        },
        "7": {
          "start": {
            "line": 9,
            "column": 8
          },
          "end": {
            "line": 9,
            "column": 17
          }
        },
        "8": {
          "start": {
            "line": 11,
            "column": 4
          },
          "end": {
            "line": 11,
            "column": 43
          }
        },
        "9": {
          "start": {
            "line": 13,
            "column": 22
          },
          "end": {
            "line": 15,
            "column": 1
          }
        },
        "10": {
          "start": {
            "line": 14,
            "column": 4
          },
          "end": {
            "line": 14,
            "column": 62
          }
        },
        "11": {
          "start": {
            "line": 16,
            "column": 0
          },
          "end": {
            "line": 16,
            "column": 62
          }
        },
        "12": {
          "start": {
            "line": 17,
            "column": 20
          },
          "end": {
            "line": 17,
            "column": 45
          }
        },
        "13": {
          "start": {
            "line": 18,
            "column": 14
          },
          "end": {
            "line": 18,
            "column": 33
          }
        },
        "14": {
          "start": {
            "line": 19,
            "column": 23
          },
          "end": {
            "line": 19,
            "column": 50
          }
        },
        "15": {
          "start": {
            "line": 20,
            "column": 25
          },
          "end": {
            "line": 20,
            "column": 71
          }
        },
        "16": {
          "start": {
            "line": 21,
            "column": 26
          },
          "end": {
            "line": 21,
            "column": 73
          }
        },
        "17": {
          "start": {
            "line": 22,
            "column": 23
          },
          "end": {
            "line": 22,
            "column": 67
          }
        },
        "18": {
          "start": {
            "line": 23,
            "column": 23
          },
          "end": {
            "line": 23,
            "column": 67
          }
        },
        "19": {
          "start": {
            "line": 24,
            "column": 22
          },
          "end": {
            "line": 24,
            "column": 48
          }
        },
        "20": {
          "start": {
            "line": 25,
            "column": 33
          },
          "end": {
            "line": 25,
            "column": 87
          }
        },
        "21": {
          "start": {
            "line": 26,
            "column": 27
          },
          "end": {
            "line": 26,
            "column": 75
          }
        },
        "22": {
          "start": {
            "line": 27,
            "column": 0
          },
          "end": {
            "line": 27,
            "column": 38
          }
        },
        "23": {
          "start": {
            "line": 28,
            "column": 0
          },
          "end": {
            "line": 28,
            "column": 36
          }
        },
        "24": {
          "start": {
            "line": 29,
            "column": 0
          },
          "end": {
            "line": 29,
            "column": 34
          }
        },
        "25": {
          "start": {
            "line": 30,
            "column": 0
          },
          "end": {
            "line": 32,
            "column": 3
          }
        },
        "26": {
          "start": {
            "line": 33,
            "column": 0
          },
          "end": {
            "line": 35,
            "column": 3
          }
        },
        "27": {
          "start": {
            "line": 38,
            "column": 4
          },
          "end": {
            "line": 45,
            "column": 5
          }
        },
        "28": {
          "start": {
            "line": 40,
            "column": 8
          },
          "end": {
            "line": 40,
            "column": 49
          }
        },
        "29": {
          "start": {
            "line": 44,
            "column": 8
          },
          "end": {
            "line": 44,
            "column": 78
          }
        },
        "30": {
          "start": {
            "line": 46,
            "column": 22
          },
          "end": {
            "line": 46,
            "column": 44
          }
        },
        "31": {
          "start": {
            "line": 46,
            "column": 56
          },
          "end": {
            "line": 46,
            "column": 74
          }
        },
        "32": {
          "start": {
            "line": 46,
            "column": 83
          },
          "end": {
            "line": 46,
            "column": 98
          }
        },
        "33": {
          "start": {
            "line": 46,
            "column": 112
          },
          "end": {
            "line": 46,
            "column": 132
          }
        },
        "34": {
          "start": {
            "line": 46,
            "column": 149
          },
          "end": {
            "line": 46,
            "column": 172
          }
        },
        "35": {
          "start": {
            "line": 46,
            "column": 193
          },
          "end": {
            "line": 46,
            "column": 211
          }
        },
        "36": {
          "start": {
            "line": 46,
            "column": 233
          },
          "end": {
            "line": 46,
            "column": 252
          }
        },
        "37": {
          "start": {
            "line": 46,
            "column": 271
          },
          "end": {
            "line": 46,
            "column": 288
          }
        },
        "38": {
          "start": {
            "line": 46,
            "column": 308
          },
          "end": {
            "line": 46,
            "column": 325
          }
        },
        "39": {
          "start": {
            "line": 46,
            "column": 344
          },
          "end": {
            "line": 46,
            "column": 369
          }
        },
        "40": {
          "start": {
            "line": 46,
            "column": 391
          },
          "end": {
            "line": 46,
            "column": 419
          }
        },
        "41": {
          "start": {
            "line": 46,
            "column": 442
          },
          "end": {
            "line": 46,
            "column": 467
          }
        },
        "42": {
          "start": {
            "line": 46,
            "column": 492
          },
          "end": {
            "line": 46,
            "column": 519
          }
        },
        "43": {
          "start": {
            "line": 49,
            "column": 28
          },
          "end": {
            "line": 49,
            "column": 88
          }
        },
        "44": {
          "start": {
            "line": 50,
            "column": 25
          },
          "end": {
            "line": 50,
            "column": 66
          }
        },
        "45": {
          "start": {
            "line": 51,
            "column": 27
          },
          "end": {
            "line": 51,
            "column": 72
          }
        },
        "46": {
          "start": {
            "line": 52,
            "column": 36
          },
          "end": {
            "line": 55,
            "column": 10
          }
        },
        "47": {
          "start": {
            "line": 54,
            "column": 8
          },
          "end": {
            "line": 54,
            "column": 79
          }
        },
        "48": {
          "start": {
            "line": 56,
            "column": 18
          },
          "end": {
            "line": 153,
            "column": 5
          }
        },
        "49": {
          "start": {
            "line": 58,
            "column": 22
          },
          "end": {
            "line": 58,
            "column": 34
          }
        },
        "50": {
          "start": {
            "line": 60,
            "column": 8
          },
          "end": {
            "line": 70,
            "column": 9
          }
        },
        "51": {
          "start": {
            "line": 61,
            "column": 12
          },
          "end": {
            "line": 66,
            "column": 15
          }
        },
        "52": {
          "start": {
            "line": 69,
            "column": 12
          },
          "end": {
            "line": 69,
            "column": 92
          }
        },
        "53": {
          "start": {
            "line": 71,
            "column": 19
          },
          "end": {
            "line": 71,
            "column": 68
          }
        },
        "54": {
          "start": {
            "line": 72,
            "column": 27
          },
          "end": {
            "line": 82,
            "column": 80
          }
        },
        "55": {
          "start": {
            "line": 73,
            "column": 26
          },
          "end": {
            "line": 73,
            "column": 63
          }
        },
        "56": {
          "start": {
            "line": 74,
            "column": 12
          },
          "end": {
            "line": 81,
            "column": 21
          }
        },
        "57": {
          "start": {
            "line": 77,
            "column": 32
          },
          "end": {
            "line": 77,
            "column": 175
          }
        },
        "58": {
          "start": {
            "line": 78,
            "column": 20
          },
          "end": {
            "line": 80,
            "column": 23
          }
        },
        "59": {
          "start": {
            "line": 83,
            "column": 27
          },
          "end": {
            "line": 83,
            "column": 39
          }
        },
        "60": {
          "start": {
            "line": 85,
            "column": 28
          },
          "end": {
            "line": 85,
            "column": 30
          }
        },
        "61": {
          "start": {
            "line": 87,
            "column": 26
          },
          "end": {
            "line": 87,
            "column": 80
          }
        },
        "62": {
          "start": {
            "line": 88,
            "column": 28
          },
          "end": {
            "line": 88,
            "column": 86
          }
        },
        "63": {
          "start": {
            "line": 89,
            "column": 29
          },
          "end": {
            "line": 89,
            "column": 83
          }
        },
        "64": {
          "start": {
            "line": 90,
            "column": 38
          },
          "end": {
            "line": 90,
            "column": 82
          }
        },
        "65": {
          "start": {
            "line": 91,
            "column": 29
          },
          "end": {
            "line": 94,
            "column": 10
          }
        },
        "66": {
          "start": {
            "line": 93,
            "column": 36
          },
          "end": {
            "line": 93,
            "column": 56
          }
        },
        "67": {
          "start": {
            "line": 95,
            "column": 29
          },
          "end": {
            "line": 97,
            "column": 10
          }
        },
        "68": {
          "start": {
            "line": 98,
            "column": 32
          },
          "end": {
            "line": 111,
            "column": 10
          }
        },
        "69": {
          "start": {
            "line": 102,
            "column": 16
          },
          "end": {
            "line": 102,
            "column": 64
          }
        },
        "70": {
          "start": {
            "line": 103,
            "column": 16
          },
          "end": {
            "line": 103,
            "column": 42
          }
        },
        "71": {
          "start": {
            "line": 104,
            "column": 16
          },
          "end": {
            "line": 108,
            "column": 44
          }
        },
        "72": {
          "start": {
            "line": 112,
            "column": 31
          },
          "end": {
            "line": 117,
            "column": 10
          }
        },
        "73": {
          "start": {
[...]
            }
          },
          "line": 35
        },
        "4": {
          "name": "(anonymous_4)",
          "decl": {
            "start": {
              "line": 40,
              "column": 23
            },
            "end": {
              "line": 40,
              "column": 24
            }
          },
          "loc": {
            "start": {
              "line": 40,
              "column": 35
            },
            "end": {
              "line": 48,
              "column": 17
            }
          },
          "line": 40
        },
        "5": {
          "name": "(anonymous_5)",
          "decl": {
            "start": {
              "line": 42,
              "column": 25
            },
            "end": {
              "line": 42,
              "column": 26
            }
          },
          "loc": {
            "start": {
              "line": 42,
              "column": 37
            },
            "end": {
              "line": 47,
              "column": 25
            }
          },
          "line": 42
        },
        "6": {
          "name": "(anonymous_6)",
          "decl": {
            "start": {
              "line": 58,
              "column": 23
            },
            "end": {
              "line": 58,
              "column": 24
            }
          },
          "loc": {
            "start": {
              "line": 58,
              "column": 52
            },
            "end": {
              "line": 60,
              "column": 17
            }
          },
          "line": 58
        },
        "7": {
          "name": "(anonymous_7)",
          "decl": {
            "start": {
              "line": 65,
              "column": 19
            },
            "end": {
              "line": 65,
              "column": 20
            }
          },
          "loc": {
            "start": {
              "line": 65,
              "column": 36
            },
            "end": {
              "line": 67,
              "column": 13
            }
          },
          "line": 65
        },
        "8": {
          "name": "(anonymous_8)",
          "decl": {
            "start": {
              "line": 75,
              "column": 15
            },
            "end": {
              "line": 75,
              "column": 16
            }
          },
          "loc": {
            "start": {
              "line": 75,
              "column": 36
            },
            "end": {
              "line": 77,
              "column": 9
            }
          },
          "line": 75
        }
      },
      "branchMap": {
        "0": {
          "loc": {
            "start": {
              "line": 2,
              "column": 22
            },
            "end": {
              "line": 4,
              "column": 1
            }
          },
          "type": "binary-expr",
          "locations": [
            {
              "start": {
                "line": 2,
                "column": 23
              },
              "end": {
                "line": 2,
                "column": 27
              }
            },
            {
              "start": {
                "line": 2,
                "column": 31
              },
              "end": {
                "line": 2,
                "column": 51
              }
            },
            {
              "start": {
                "line": 2,
                "column": 56
              },
              "end": {
                "line": 4,
                "column": 1
              }
            }
          ],
          "line": 2
        },
        "1": {
          "loc": {
            "start": {
              "line": 3,
              "column": 11
            },
            "end": {
              "line": 3,
              "column": 61
            }
          },
          "type": "cond-expr",
          "locations": [
            {
              "start": {
                "line": 3,
                "column": 37
              },
              "end": {
                "line": 3,
                "column": 40
              }
            },
            {
              "start": {
                "line": 3,
                "column": 43
              },
              "end": {
                "line": 3,
                "column": 61
              }
            }
          ],
          "line": 3
        },
        "2": {
          "loc": {
            "start": {
              "line": 3,
              "column": 12
            },
            "end": {
              "line": 3,
              "column": 33
            }
          },
          "type": "binary-expr",
          "locations": [
            {
              "start": {
                "line": 3,
                "column": 12
              },
              "end": {
                "line": 3,
                "column": 15
              }
            },
            {
              "start": {
                "line": 3,
                "column": 19
              },
              "end": {
                "line": 3,
                "column": 33
              }
            }
          ],
          "line": 3
        },
        "3": {
          "loc": {
            "start": {
              "line": 41,
              "column": 27
            },
            "end": {
              "line": 47,
              "column": 28
            }
          },
          "type": "binary-expr",
          "locations": [
            {
              "start": {
                "line": 41,
                "column": 27
              },
              "end": {
                "line": 41,
                "column": 44
              }
            },
            {
              "start": {
                "line": 42,
                "column": 24
              },
              "end": {
                "line": 47,
                "column": 28
              }
            }
          ],
          "line": 41
        },
        "4": {
          "loc": {
            "start": {
              "line": 56,
              "column": 34
            },
            "end": {
              "line": 56,
              "column": 51
            }
          },
          "type": "binary-expr",
          "locations": [
            {
              "start": {
                "line": 56,
                "column": 34
              },
              "end": {
                "line": 56,
                "column": 45
              }
            },
            {
              "start": {
                "line": 56,
                "column": 49
              },
              "end": {
                "line": 56,
                "column": 51
              }
            }
          ],
          "line": 56
        },
        "5": {
          "loc": {
            "start": {
              "line": 66,
              "column": 23
            },
            "end": {
              "line": 66,
              "column": 87
            }
          },
          "type": "binary-expr",
          "locations": [
            {
              "start": {
                "line": 66,
                "column": 23
              },
              "end": {
                "line": 66,
                "column": 47
              }
            },
            {
              "start": {
                "line": 66,
                "column": 51
              },
              "end": {
                "line": 66,
                "column": 87
              }
            }
          ],
          "line": 66
        },
        "6": {
          "loc": {
            "start": {
              "line": 76,
              "column": 19
            },
            "end": {
              "line": 76,
              "column": 88
            }
          },
          "type": "binary-expr",
          "locations": [
            {
              "start": {
                "line": 76,
                "column": 19
              },
              "end": {
                "line": 76,
                "column": 49
              }
            },
            {
              "start": {
                "line": 76,
                "column": 53
              },
              "end": {
                "line": 76,
                "column": 88
              }
            }
          ],
          "line": 76
        }
      },
      "s": {
        "0": 17,
        "1": 17,
        "2": 17,
        "3": 17,
        "4": 17,
        "5": 17,
        "6": 17,
        "7": 17,
        "8": 64,
        "9": 64,
        "10": 14,
        "11": 50,
        "12": 50,
        "13": 50,
        "14": 50,
        "15": 50,
        "16": 50,
        "17": 50,
        "18": 24,
        "19": 24,
        "20": 24,
        "21": 16,
        "22": 7,
        "23": 7,
        "24": 7,
        "25": 50,
        "26": 6,
        "27": 3,
        "28": 17,
        "29": 17,
        "30": 1
      },
      "f": {
        "0": 17,
        "1": 64,
        "2": 24,
        "3": 16,
        "4": 7,
        "5": 7,
        "6": 6,
        "7": 3,
        "8": 1
      },
      "b": {
        "0": [
          17,
          0,
          17
        ],
        "1": [
          17,
          0
        ],
        "2": [
          17,
          17
        ],
        "3": [
          7,
          7
        ],
        "4": [
          50,
          1
        ],
        "5": [
          3,
          3
        ],
        "6": [
          1,
          1
        ]
      },
      "_coverageSchema": "332fd63041d2c1bcb487cc26dd0d5f7d97098a6c",
      "hash": "c36b39c66ba484d903d47bca06dd0b687bfd1afc"
    },
    "/Users/giacomotriggiano/github.com/gtriggiano/node-es-ddd-components/dist/main/lib/DomainEvent/validateDefinition.js": {
      "path": "/Users/giacomotriggiano/github.com/gtriggiano/node-es-ddd-components/dist/main/lib/DomainEvent/validateDefinition.js",
      "statementMap": {
        "0": {
          "start": {
            "line": 2,
            "column": 22
          },
          "end": {
            "line": 4,
            "column": 1
          }
        },
        "1": {
          "start": {
            "line": 3,
            "column": 4
          },
          "end": {
            "line": 3,
            "column": 62
          }
        },
        "2": {
          "start": {
            "line": 5,
            "column": 0
          },
          "end": {
            "line": 5,
            "column": 62
          }
        },
        "3": {
          "start": {
            "line": 6,
            "column": 15
          },
          "end": {
            "line": 6,
            "column": 49
          }
        },
        "4": {
          "start": {
            "line": 7,
            "column": 15
          },
          "end": {
            "line": 7,
            "column": 32
          }
        },
        "5": {
          "start": {
            "line": 8,
            "column": 14
          },
          "end": {
            "line": 8,
            "column": 33
          }
        },
        "6": {
          "start": {
            "line": 10,
            "column": 4
          },
          "end": {
            "line": 10,
            "column": 84
          }
        },
        "7": {
          "start": {
            "line": 11,
            "column": 15
          },
          "end": {
            "line": 11,
            "column": 30
          }
        },
        "8": {
          "start": {
            "line": 11,
            "column": 46
          },
          "end": {
            "line": 11,
            "column": 68
          }
        },
        "9": {
          "start": {
            "line": 11,
            "column": 80
          },
          "end": {
            "line": 11,
            "column": 98
          }
        },
        "10": {
          "start": {
            "line": 11,
            "column": 119
          },
          "end": {
            "line": 11,
            "column": 146
          }
        },
        "11": {
          "start": {
            "line": 11,
            "column": 169
          },
          "end": {
            "line": 11,
            "column": 198
          }
        },
        "12": {
          "start": {
            "line": 12,
            "column": 4
          },
          "end": {
            "line": 12,
            "column": 109
          }
        },
        "13": {
          "start": {
            "line": 13,
            "column": 4
          },
          "end": {
            "line": 13,
            "column": 134
          }
        },
        "14": {
          "start": {
            "line": 14,
            "column": 4
          },
          "end": {
            "line": 14,
            "column": 92
          }
        },
        "15": {
          "start": {
            "line": 15,
            "column": 4
          },
          "end": {
            "line": 15,
            "column": 160
          }
        },
        "16": {
          "start": {
            "line": 16,
            "column": 4
          },
          "end": {
            "line": 16,
            "column": 166
          }
        },
        "17": {
          "start": {
            "line": 18,
            "column": 0
          },
          "end": {
            "line": 18,
            "column": 37
          }
        }
      },
      "fnMap": {
        "0": {
          "name": "(anonymous_0)",
          "decl": {
            "start": {
              "line": 2,
              "column": 56
            },
            "end": {
              "line": 2,
              "column": 57
            }
          },
          "loc": {
            "start": {
              "line": 2,
              "column": 71
            },
            "end": {
              "line": 4,
              "column": 1
            }
          },
          "line": 2
        },
        "1": {
          "name": "validateDefinition",
          "decl": {
            "start": {
              "line": 9,
              "column": 9
            },
            "end": {
              "line": 9,
              "column": 27
            }
          },
          "loc": {
            "start": {
              "line": 9,
              "column": 40
            },
            "end": {
              "line": 17,
              "column": 1
            }
          },
          "line": 9
        }
      },
      "branchMap": {
        "0": {
          "loc": {
            "start": {
              "line": 2,
              "column": 22
            },
            "end": {
              "line": 4,
              "column": 1
            }
          },
          "type": "binary-expr",
          "locations": [
            {
              "start": {
                "line": 2,
                "column": 23
              },
              "end": {
                "line": 2,
                "column": 27
              }
            },
            {
              "start": {
                "line": 2,
                "column": 31
              },
              "end": {
                "line": 2,
                "column": 51
              }
            },
            {
              "start": {
                "line": 2,
                "column": 56
              },
              "end": {
                "line": 4,
                "column": 1
              }
            }
          ],
          "line": 2
        },
        "1": {
          "loc": {
            "start": {
              "line": 3,
              "column": 11
            },
            "end": {
              "line": 3,
              "column": 61
            }
          },
          "type": "cond-expr",
          "locations": [
            {
              "start": {
                "line": 3,
                "column": 37
              },
              "end": {
                "line": 3,
                "column": 40
              }
            },
            {
              "start": {
                "line": 3,
                "column": 43
              },
              "end": {
                "line": 3,
                "column": 61
              }
            }
          ],
          "line": 3
        },
        "2": {
          "loc": {
            "start": {
              "line": 3,
              "column": 12
            },
            "end": {
              "line": 3,
              "column": 33
            }
          },
          "type": "binary-expr",
          "locations": [
            {
              "start": {
                "line": 3,
                "column": 12
              },
              "end": {
                "line": 3,
                "column": 15
              }
            },
            {
              "start": {
                "line": 3,
                "column": 19
              },
              "end": {
                "line": 3,
                "column": 33
              }
            }
          ],
          "line": 3
        },
        "3": {
          "loc": {
            "start": {
              "line": 13,
              "column": 21
            },
            "end": {
              "line": 13,
              "column": 82
            }
          },
          "type": "binary-expr",
          "locations": [
            {
              "start": {
                "line": 13,
                "column": 21
              },
              "end": {
                "line": 13,
                "column": 48
              }
            },
            {
              "start": {
                "line": 13,
                "column": 52
              },
              "end": {
                "line": 13,
                "column": 82
              }
            }
          ],
          "line": 13
        },
        "4": {
          "loc": {
            "start": {
              "line": 15,
              "column": 21
            },
            "end": {
              "line": 15,
              "column": 94
            }
          },
          "type": "binary-expr",
          "locations": [
            {
              "start": {
                "line": 15,
                "column": 21
              },
              "end": {
                "line": 15,
                "column": 53
              }
            },
            {
              "start": {
                "line": 15,
                "column": 57
              },
              "end": {
                "line": 15,
                "column": 94
              }
            }
          ],
          "line": 15
        },
        "5": {
          "loc": {
            "start": {
              "line": 16,
              "column": 21
            },
            "end": {
              "line": 16,
              "column": 98
            }
          },
          "type": "binary-expr",
          "locations": [
            {
              "start": {
                "line": 16,
                "column": 21
              },
              "end": {
                "line": 16,
                "column": 55
              }
            },
            {
              "start": {
                "line": 16,
                "column": 59
              },
              "end": {
                "line": 16,
                "column": 98
              }
            }
          ],
          "line": 16
        }
      },
      "s": {
        "0": 17,
        "1": 17,
        "2": 17,
        "3": 17,
        "4": 17,
        "5": 17,
        "6": 64,
        "7": 62,
        "8": 62,
        "9": 62,
        "10": 62,
        "11": 62,
        "12": 62,
        "13": 59,
        "14": 56,
        "15": 54,
        "16": 52,
        "17": 17
      },
      "f": {
        "0": 17,
        "1": 64
      },
      "b": {
        "0": [
          17,
          0,
          17
        ],
        "1": [
          0,
          17
        ],
        "2": [
          17,
          17
        ],
        "3": [
          59,
          57
        ],
        "4": [
          54,
          2
        ],
        "5": [
          52,
          2
        ]
      },
      "_coverageSchema": "332fd63041d2c1bcb487cc26dd0d5f7d97098a6c",
      "hash": "2faaac03637b2fc35ae980f060cb7586ad7ba839"
    }
  }
}