{
  "numFailedTestSuites": 0,
  "numFailedTests": 0,
  "numPassedTestSuites": 16,
  "numPassedTests": 139,
  "numPendingTestSuites": 0,
  "numPendingTests": 0,
  "numRuntimeErrorTestSuites": 0,
  "numTotalTestSuites": 16,
  "numTotalTests": 139,
  "openHandles": [],
  "snapshot": {
    "added": 0,
    "didUpdate": false,
    "failure": false,
    "filesAdded": 0,
    "filesRemoved": 0,
    "filesUnmatched": 0,
    "filesUpdated": 0,
    "matched": 0,
    "total": 0,
    "unchecked": 0,
    "uncheckedKeysByFile": [],
    "unmatched": 0,
    "updated": 0
  },
  "startTime": 1545400768684,
  "success": true,
  "testResults": [
    {
      "console": [],
      "failureMessage": null,
      "numFailingTests": 0,
      "numPassingTests": 22,
      "numPendingTests": 0,
      "perfStats": {
        "end": 1545400769708,
        "start": 1545400769580
      },
      "snapshot": {
        "added": 0,
        "fileDeleted": false,
        "matched": 0,
        "unchecked": 0,
        "unmatched": 0,
        "updated": 0,
        "uncheckedKeys": []
      },
      "testFilePath": "src/lib/Aggregate/__tests__/An AggregateType factory.spec.js",
      "testResults": [
        {
          "ancestorTitles": [
            "AggregateType([identity] [, snapshot] [, events]) throws `BadAggregateConstruction` when:"
          ],
          "duration": 21,
          "failureMessages": [],
          "fullName": "AggregateType([identity] [, snapshot] [, events]) throws `BadAggregateConstruction` when: identity is neither nil nor a string",
          "location": null,
          "numPassingAsserts": 0,
          "status": "passed",
          "title": "identity is neither nil nor a string"
        },
        {
          "ancestorTitles": [
            "AggregateType([identity] [, snapshot] [, events]) throws `BadAggregateConstruction` when:"
          ],
          "duration": 1,
          "failureMessages": [],
          "fullName": "AggregateType([identity] [, snapshot] [, events]) throws `BadAggregateConstruction` when: identity is undefined and aggregate is NOT a singleton",
          "location": null,
          "numPassingAsserts": 0,
          "status": "passed",
          "title": "identity is undefined and aggregate is NOT a singleton"
        },
        {
          "ancestorTitles": [
            "AggregateType([identity] [, snapshot] [, events]) throws `BadAggregateConstruction` when:"
          ],
          "duration": 1,
          "failureMessages": [],
          "fullName": "AggregateType([identity] [, snapshot] [, events]) throws `BadAggregateConstruction` when: identity is a string and aggregate is a singleton",
          "location": null,
          "numPassingAsserts": 0,
          "status": "passed",
          "title": "identity is a string and aggregate is a singleton"
        },
        {
          "ancestorTitles": [
            "AggregateType([identity] [, snapshot] [, events]) throws `BadAggregateConstruction` when:"
          ],
          "duration": 2,
          "failureMessages": [],
          "fullName": "AggregateType([identity] [, snapshot] [, events]) throws `BadAggregateConstruction` when: snapshot is neither falsy nor a valid snapshot object",
          "location": null,
          "numPassingAsserts": 0,
          "status": "passed",
          "title": "snapshot is neither falsy nor a valid snapshot object"
        },
        {
          "ancestorTitles": [
            "AggregateType([identity] [, snapshot] [, events]) throws `BadAggregateConstruction` when:"
          ],
          "duration": 3,
          "failureMessages": [],
          "fullName": "AggregateType([identity] [, snapshot] [, events]) throws `BadAggregateConstruction` when: events is neither falsy nor an array of serialized domain events recognized by the aggregate",
          "location": null,
          "numPassingAsserts": 0,
          "status": "passed",
          "title": "events is neither falsy nor an array of serialized domain events recognized by the aggregate"
        },
        {
          "ancestorTitles": [
            "AggregateType([identity] [, snapshot] [, events]) returns an `aggregate` instance"
          ],
          "duration": 0,
          "failureMessages": [],
          "fullName": "AggregateType([identity] [, snapshot] [, events]) returns an `aggregate` instance aggregate is recognized as an `instanceof AggregateType`",
          "location": null,
          "numPassingAsserts": 0,
          "status": "passed",
          "title": "aggregate is recognized as an `instanceof AggregateType`"
        },
        {
          "ancestorTitles": [
            "AggregateType([identity] [, snapshot] [, events]) returns an `aggregate` instance"
          ],
          "duration": 1,
          "failureMessages": [],
          "fullName": "AggregateType([identity] [, snapshot] [, events]) returns an `aggregate` instance aggregate.context === AggregateType.context",
          "location": null,
          "numPassingAsserts": 0,
          "status": "passed",
          "title": "aggregate.context === AggregateType.context"
        },
        {
          "ancestorTitles": [
            "AggregateType([identity] [, snapshot] [, events]) returns an `aggregate` instance"
          ],
          "duration": 0,
          "failureMessages": [],
          "fullName": "AggregateType([identity] [, snapshot] [, events]) returns an `aggregate` instance aggregate.type === AggregateType.type",
          "location": null,
          "numPassingAsserts": 0,
          "status": "passed",
          "title": "aggregate.type === AggregateType.type"
        },
        {
          "ancestorTitles": [
            "AggregateType([identity] [, snapshot] [, events]) returns an `aggregate` instance"
          ],
          "duration": 1,
          "failureMessages": [],
          "fullName": "AggregateType([identity] [, snapshot] [, events]) returns an `aggregate` instance aggregate.identity === identity",
          "location": null,
          "numPassingAsserts": 0,
          "status": "passed",
          "title": "aggregate.identity === identity"
        },
        {
          "ancestorTitles": [
            "AggregateType([identity] [, snapshot] [, events]) returns an `aggregate` instance"
          ],
          "duration": 0,
          "failureMessages": [],
          "fullName": "AggregateType([identity] [, snapshot] [, events]) returns an `aggregate` instance aggregate.version is a number",
          "location": null,
          "numPassingAsserts": 0,
          "status": "passed",
          "title": "aggregate.version is a number"
        },
        {
          "ancestorTitles": [
            "AggregateType([identity] [, snapshot] [, events]) returns an `aggregate` instance"
          ],
          "duration": 0,
          "failureMessages": [],
          "fullName": "AggregateType([identity] [, snapshot] [, events]) returns an `aggregate` instance aggregate.needsSnapshot is a boolean",
          "location": null,
          "numPassingAsserts": 0,
          "status": "passed",
          "title": "aggregate.needsSnapshot is a boolean"
        },
        {
          "ancestorTitles": [
            "AggregateType([identity] [, snapshot] [, events]) returns an `aggregate` instance"
          ],
          "duration": 1,
          "failureMessages": [],
          "fullName": "AggregateType([identity] [, snapshot] [, events]) returns an `aggregate` instance aggregate.snapshotKey is a string: [{definition.snapshotPrefix}:]AGGREGATE_SNAPSHOT:{definition.context}:{definition.type}[(id)]",
          "location": null,
          "numPassingAsserts": 0,
          "status": "passed",
          "title": "aggregate.snapshotKey is a string: [{definition.snapshotPrefix}:]AGGREGATE_SNAPSHOT:{definition.context}:{definition.type}[(id)]"
        },
        {
          "ancestorTitles": [
            "AggregateType([identity] [, snapshot] [, events]) returns an `aggregate` instance"
          ],
          "duration": 1,
          "failureMessages": [],
          "fullName": "AggregateType([identity] [, snapshot] [, events]) returns an `aggregate` instance aggregate.query is a dictionary of functions keyed by definition.queries[*].name",
          "location": null,
          "numPassingAsserts": 0,
          "status": "passed",
          "title": "aggregate.query is a dictionary of functions keyed by definition.queries[*].name"
        },
        {
          "ancestorTitles": [
            "AggregateType([identity] [, snapshot] [, events]) returns an `aggregate` instance"
          ],
          "duration": 0,
          "failureMessages": [],
          "fullName": "AggregateType([identity] [, snapshot] [, events]) returns an `aggregate` instance aggregate.execute is a dictionary of functions keyed by definition.commands[*].name",
          "location": null,
          "numPassingAsserts": 0,
          "status": "passed",
          "title": "aggregate.execute is a dictionary of functions keyed by definition.commands[*].name"
        },
        {
          "ancestorTitles": [
            "AggregateType([identity] [, snapshot] [, events]) returns an `aggregate` instance"
          ],
          "duration": 1,
          "failureMessages": [],
          "fullName": "AggregateType([identity] [, snapshot] [, events]) returns an `aggregate` instance aggregate.appendEvents is a function",
          "location": null,
          "numPassingAsserts": 0,
          "status": "passed",
          "title": "aggregate.appendEvents is a function"
        },
        {
          "ancestorTitles": [
            "AggregateType([identity] [, snapshot] [, events]) returns an `aggregate` instance"
          ],
          "duration": 0,
          "failureMessages": [],
          "fullName": "AggregateType([identity] [, snapshot] [, events]) returns an `aggregate` instance aggregate.clone is a function",
          "location": null,
          "numPassingAsserts": 0,
          "status": "passed",
          "title": "aggregate.clone is a function"
        },
        {
          "ancestorTitles": [
            "AggregateType([identity] [, snapshot] [, events]) returns an `aggregate` instance"
          ],
          "duration": 0,
          "failureMessages": [],
          "fullName": "AggregateType([identity] [, snapshot] [, events]) returns an `aggregate` instance aggregate.New is a function",
          "location": null,
          "numPassingAsserts": 0,
          "status": "passed",
          "title": "aggregate.New is a function"
        },
        {
          "ancestorTitles": [
            "AggregateType([identity] [, snapshot] [, events]) returns an `aggregate` instance"
          ],
          "duration": 0,
          "failureMessages": [],
          "fullName": "AggregateType([identity] [, snapshot] [, events]) returns an `aggregate` instance aggregate.isDirty is a function",
          "location": null,
          "numPassingAsserts": 0,
          "status": "passed",
          "title": "aggregate.isDirty is a function"
        },
        {
          "ancestorTitles": [
            "AggregateType([identity] [, snapshot] [, events]) returns an `aggregate` instance"
          ],
          "duration": 0,
          "failureMessages": [],
          "fullName": "AggregateType([identity] [, snapshot] [, events]) returns an `aggregate` instance aggregate.getNewEvents is a function",
          "location": null,
          "numPassingAsserts": 0,
          "status": "passed",
          "title": "aggregate.getNewEvents is a function"
        },
        {
          "ancestorTitles": [
            "AggregateType([identity] [, snapshot] [, events]) returns an `aggregate` instance"
          ],
          "duration": 1,
          "failureMessages": [],
          "fullName": "AggregateType([identity] [, snapshot] [, events]) returns an `aggregate` instance aggregate.getConsistencyPolicy is a function",
          "location": null,
          "numPassingAsserts": 0,
          "status": "passed",
          "title": "aggregate.getConsistencyPolicy is a function"
        },
        {
          "ancestorTitles": [
            "AggregateType([identity] [, snapshot] [, events]) returns an `aggregate` instance"
          ],
          "duration": 0,
          "failureMessages": [],
          "fullName": "AggregateType([identity] [, snapshot] [, events]) returns an `aggregate` instance aggregate.getSerializedState is a function",
          "location": null,
          "numPassingAsserts": 0,
          "status": "passed",
          "title": "aggregate.getSerializedState is a function"
        },
        {
          "ancestorTitles": [
            "AggregateType([identity] [, snapshot] [, events]) returns an `aggregate` instance"
          ],
          "duration": 0,
          "failureMessages": [],
          "fullName": "AggregateType([identity] [, snapshot] [, events]) returns an `aggregate` instance aggregate.getSnapshot is a function",
          "location": null,
          "numPassingAsserts": 0,
          "status": "passed",
          "title": "aggregate.getSnapshot is a function"
        }
      ],
      "sourceMaps": {
        "/Users/giacomotriggiano/github.com/gtriggiano/node-es-ddd-components/dist/main/lib/index.js": "/var/folders/ly/3xdrrvz53lv0g78_93p4tkv80000gn/T/jest_dx/jest-transform-cache-6d1ae2d6532dd7210cb26abc0cc662be-f76fc0f5a340d2e577c36707663f8d56/e1/index_e1d2d189021c04a6435bacdbb808c947.map",
        "/Users/giacomotriggiano/github.com/gtriggiano/node-es-ddd-components/dist/main/lib/Aggregate/index.js": "/var/folders/ly/3xdrrvz53lv0g78_93p4tkv80000gn/T/jest_dx/jest-transform-cache-6d1ae2d6532dd7210cb26abc0cc662be-f76fc0f5a340d2e577c36707663f8d56/d1/index_d13524924ba8f82486fc8b4918b54da4.map",
        "/Users/giacomotriggiano/github.com/gtriggiano/node-es-ddd-components/dist/main/lib/CustomError/index.js": "/var/folders/ly/3xdrrvz53lv0g78_93p4tkv80000gn/T/jest_dx/jest-transform-cache-6d1ae2d6532dd7210cb26abc0cc662be-f76fc0f5a340d2e577c36707663f8d56/00/index_00edff78ad010043dac3c703cafca048.map",
        "/Users/giacomotriggiano/github.com/gtriggiano/node-es-ddd-components/dist/main/lib/CustomError/validateDefinition.js": "/var/folders/ly/3xdrrvz53lv0g78_93p4tkv80000gn/T/jest_dx/jest-transform-cache-6d1ae2d6532dd7210cb26abc0cc662be-f76fc0f5a340d2e577c36707663f8d56/e2/validateDefinition_e283c2c6ea4f99215470aa106cd84047.map",
        "/Users/giacomotriggiano/github.com/gtriggiano/node-es-ddd-components/dist/main/lib/utils/isValidName.js": "/var/folders/ly/3xdrrvz53lv0g78_93p4tkv80000gn/T/jest_dx/jest-transform-cache-6d1ae2d6532dd7210cb26abc0cc662be-f76fc0f5a340d2e577c36707663f8d56/54/isValidName_540dc713413f65bf80217d161e6b88eb.map",
        "/Users/giacomotriggiano/github.com/gtriggiano/node-es-ddd-components/dist/main/lib/utils/index.js": "/var/folders/ly/3xdrrvz53lv0g78_93p4tkv80000gn/T/jest_dx/jest-transform-cache-6d1ae2d6532dd7210cb26abc0cc662be-f76fc0f5a340d2e577c36707663f8d56/b2/index_b2c00f5ead65d072f8c5561f25961836.map",
        "/Users/giacomotriggiano/github.com/gtriggiano/node-es-ddd-components/dist/main/lib/utils/getDeserializer.js": "/var/folders/ly/3xdrrvz53lv0g78_93p4tkv80000gn/T/jest_dx/jest-transform-cache-6d1ae2d6532dd7210cb26abc0cc662be-f76fc0f5a340d2e577c36707663f8d56/d8/getDeserializer_d859f326946812e14afe3a5937385a54.map",
        "/Users/giacomotriggiano/github.com/gtriggiano/node-es-ddd-components/dist/main/lib/utils/getSerializer.js": "/var/folders/ly/3xdrrvz53lv0g78_93p4tkv80000gn/T/jest_dx/jest-transform-cache-6d1ae2d6532dd7210cb26abc0cc662be-f76fc0f5a340d2e577c36707663f8d56/a8/getSerializer_a8af3d15d1aa2f387f10219b519879f6.map",
        "/Users/giacomotriggiano/github.com/gtriggiano/node-es-ddd-components/dist/main/lib/utils/tuple.js": "/var/folders/ly/3xdrrvz53lv0g78_93p4tkv80000gn/T/jest_dx/jest-transform-cache-6d1ae2d6532dd7210cb26abc0cc662be-f76fc0f5a340d2e577c36707663f8d56/3c/tuple_3c397deeccbb723e856323be4e6d11bb.map",
        "/Users/giacomotriggiano/github.com/gtriggiano/node-es-ddd-components/dist/main/lib/Aggregate/aggregateUtils.js": "/var/folders/ly/3xdrrvz53lv0g78_93p4tkv80000gn/T/jest_dx/jest-transform-cache-6d1ae2d6532dd7210cb26abc0cc662be-f76fc0f5a340d2e577c36707663f8d56/b8/aggregateUtils_b847cbc83e1a31d27773213b5f5663d8.map",
        "/Users/giacomotriggiano/github.com/gtriggiano/node-es-ddd-components/dist/main/lib/Aggregate/CommandInterface.js": "/var/folders/ly/3xdrrvz53lv0g78_93p4tkv80000gn/T/jest_dx/jest-transform-cache-6d1ae2d6532dd7210cb26abc0cc662be-f76fc0f5a340d2e577c36707663f8d56/06/CommandInterface_062f6279b62735157a3a8ee124139111.map",
        "/Users/giacomotriggiano/github.com/gtriggiano/node-es-ddd-components/dist/main/lib/Aggregate/EmissionInterface.js": "/var/folders/ly/3xdrrvz53lv0g78_93p4tkv80000gn/T/jest_dx/jest-transform-cache-6d1ae2d6532dd7210cb26abc0cc662be-f76fc0f5a340d2e577c36707663f8d56/fa/EmissionInterface_fa35e3e02afc6573c31096e4cdb3229c.map",
        "/Users/giacomotriggiano/github.com/gtriggiano/node-es-ddd-components/dist/main/lib/Aggregate/ErrorInterface.js": "/var/folders/ly/3xdrrvz53lv0g78_93p4tkv80000gn/T/jest_dx/jest-transform-cache-6d1ae2d6532dd7210cb26abc0cc662be-f76fc0f5a340d2e577c36707663f8d56/37/ErrorInterface_37fe09b0429c98a4802bdbdb71fcf1f6.map",
        "/Users/giacomotriggiano/github.com/gtriggiano/node-es-ddd-components/dist/main/lib/Aggregate/QueryInterface.js": "/var/folders/ly/3xdrrvz53lv0g78_93p4tkv80000gn/T/jest_dx/jest-transform-cache-6d1ae2d6532dd7210cb26abc0cc662be-f76fc0f5a340d2e577c36707663f8d56/69/QueryInterface_69fd0f66a657741347b54b8d7b92bfde.map",
        "/Users/giacomotriggiano/github.com/gtriggiano/node-es-ddd-components/dist/main/lib/Aggregate/snapshotUtils.js": "/var/folders/ly/3xdrrvz53lv0g78_93p4tkv80000gn/T/jest_dx/jest-transform-cache-6d1ae2d6532dd7210cb26abc0cc662be-f76fc0f5a340d2e577c36707663f8d56/0c/snapshotUtils_0cad7fd8ebe804703679364f72d40657.map",
        "/Users/giacomotriggiano/github.com/gtriggiano/node-es-ddd-components/dist/main/lib/Aggregate/validateConstructorProps.js": "/var/folders/ly/3xdrrvz53lv0g78_93p4tkv80000gn/T/jest_dx/jest-transform-cache-6d1ae2d6532dd7210cb26abc0cc662be-f76fc0f5a340d2e577c36707663f8d56/44/validateConstructorProps_444b6f1f47ac2d3e998c4ff55f808d59.map",
        "/Users/giacomotriggiano/github.com/gtriggiano/node-es-ddd-components/dist/main/lib/Aggregate/validateDefinition.js": "/var/folders/ly/3xdrrvz53lv0g78_93p4tkv80000gn/T/jest_dx/jest-transform-cache-6d1ae2d6532dd7210cb26abc0cc662be-f76fc0f5a340d2e577c36707663f8d56/96/validateDefinition_961584b1a4a418d383d6b6a25d53b015.map",
        "/Users/giacomotriggiano/github.com/gtriggiano/node-es-ddd-components/dist/main/lib/DomainEvent/index.js": "/var/folders/ly/3xdrrvz53lv0g78_93p4tkv80000gn/T/jest_dx/jest-transform-cache-6d1ae2d6532dd7210cb26abc0cc662be-f76fc0f5a340d2e577c36707663f8d56/ae/index_ae1a78bf3a9e2400f71ea7635241a285.map",
        "/Users/giacomotriggiano/github.com/gtriggiano/node-es-ddd-components/dist/main/lib/DomainEvent/validateDefinition.js": "/var/folders/ly/3xdrrvz53lv0g78_93p4tkv80000gn/T/jest_dx/jest-transform-cache-6d1ae2d6532dd7210cb26abc0cc662be-f76fc0f5a340d2e577c36707663f8d56/3c/validateDefinition_3cf677f9b3298ec37d53ee884b9db238.map",
        "/Users/giacomotriggiano/github.com/gtriggiano/node-es-ddd-components/dist/main/lib/Repository/index.js": "/var/folders/ly/3xdrrvz53lv0g78_93p4tkv80000gn/T/jest_dx/jest-transform-cache-6d1ae2d6532dd7210cb26abc0cc662be-f76fc0f5a340d2e577c36707663f8d56/3e/index_3efa4d17872498cf792fb96717ddd325.map",
        "/Users/giacomotriggiano/github.com/gtriggiano/node-es-ddd-components/dist/main/lib/Repository/validateDefinition.js": "/var/folders/ly/3xdrrvz53lv0g78_93p4tkv80000gn/T/jest_dx/jest-transform-cache-6d1ae2d6532dd7210cb26abc0cc662be-f76fc0f5a340d2e577c36707663f8d56/27/validateDefinition_2787b69c24bf56545b5cad089505f85f.map",
        "/Users/giacomotriggiano/github.com/gtriggiano/node-es-ddd-components/dist/main/lib/Repository/InMemoryEventStore.js": "/var/folders/ly/3xdrrvz53lv0g78_93p4tkv80000gn/T/jest_dx/jest-transform-cache-6d1ae2d6532dd7210cb26abc0cc662be-f76fc0f5a340d2e577c36707663f8d56/bf/InMemoryEventStore_bf6e60456b494162759e9dcce463a90f.map",
        "/Users/giacomotriggiano/github.com/gtriggiano/node-es-ddd-components/dist/main/lib/Repository/InMemorySnapshotService.js": "/var/folders/ly/3xdrrvz53lv0g78_93p4tkv80000gn/T/jest_dx/jest-transform-cache-6d1ae2d6532dd7210cb26abc0cc662be-f76fc0f5a340d2e577c36707663f8d56/2f/InMemorySnapshotService_2fb658ae8460d5425f51bea7d7191969.map"
      },
      "skipped": false,
      "leaks": false
    },
    {
      "console": [],
      "failureMessage": null,
      "numFailingTests": 0,
      "numPassingTests": 19,
      "numPendingTests": 0,
      "perfStats": {
        "end": 1545400769544,
        "start": 1545400769159
      },
      "snapshot": {
        "added": 0,
        "fileDeleted": false,
        "matched": 0,
        "unchecked": 0,
        "unmatched": 0,
        "updated": 0,
        "uncheckedKeys": []
      },
      "testFilePath": "src/lib/Aggregate/__tests__/An aggregate instance.spec.js",
      "testResults": [
        {
          "ancestorTitles": [
            "aggregate.version"
          ],
          "duration": 6,
          "failureMessages": [],
          "fullName": "aggregate.version it is calculated as ((snapshot && snapshot.version) || 0) + (events && events.length) || 0",
          "location": null,
          "numPassingAsserts": 0,
          "status": "passed",
          "title": "it is calculated as ((snapshot && snapshot.version) || 0) + (events && events.length) || 0"
        },
        {
          "ancestorTitles": [
            "aggregate.version"
          ],
          "duration": 1,
          "failureMessages": [],
          "fullName": "aggregate.version does not change when the aggregate produces new events",
          "location": null,
          "numPassingAsserts": 0,
          "status": "passed",
          "title": "does not change when the aggregate produces new events"
        },
        {
          "ancestorTitles": [
            "aggregate.needsSnapshot"
          ],
          "duration": 1,
          "failureMessages": [],
          "fullName": "aggregate.needsSnapshot is true if aggregate was rebuilt from a number of events >= of definition.snapshotThreshold",
          "location": null,
          "numPassingAsserts": 0,
          "status": "passed",
          "title": "is true if aggregate was rebuilt from a number of events >= of definition.snapshotThreshold"
        },
        {
          "ancestorTitles": [
            "aggregate.needsSnapshot"
          ],
          "duration": 1,
          "failureMessages": [],
          "fullName": "aggregate.needsSnapshot is always false if a snapshotThreshold was not specified in definition",
          "location": null,
          "numPassingAsserts": 0,
          "status": "passed",
          "title": "is always false if a snapshotThreshold was not specified in definition"
        },
        {
          "ancestorTitles": [
            "aggregate.query"
          ],
          "duration": 2,
          "failureMessages": [],
          "fullName": "aggregate.query is a dictionary of functions keyed by definition.queries[*].name",
          "location": null,
          "numPassingAsserts": 0,
          "status": "passed",
          "title": "is a dictionary of functions keyed by definition.queries[*].name"
        },
        {
          "ancestorTitles": [
            "aggregate.query"
          ],
          "duration": 3,
          "failureMessages": [],
          "fullName": "aggregate.query every query[queryName](input: any) maps to the corresponding query handler. Current aggregate state is passed as first argument, while `input` as second argument",
          "location": null,
          "numPassingAsserts": 0,
          "status": "passed",
          "title": "every query[queryName](input: any) maps to the corresponding query handler. Current aggregate state is passed as first argument, while `input` as second argument"
        },
        {
          "ancestorTitles": [
            "aggregate.execute"
          ],
          "duration": 0,
          "failureMessages": [],
          "fullName": "aggregate.execute is a dictionary of functions keyed by definition.commands[*].name",
          "location": null,
          "numPassingAsserts": 0,
          "status": "passed",
          "title": "is a dictionary of functions keyed by definition.commands[*].name"
        },
        {
          "ancestorTitles": [
            "aggregate.execute"
          ],
          "duration": 2,
          "failureMessages": [],
          "fullName": "aggregate.execute every execute[commandName](input: any) maps to the corresponding command handler. `input` is passed as first argument while a CommandHandlerInterface as second argument",
          "location": null,
          "numPassingAsserts": 0,
          "status": "passed",
          "title": "every execute[commandName](input: any) maps to the corresponding command handler. `input` is passed as first argument while a CommandHandlerInterface as second argument"
        },
        {
          "ancestorTitles": [
            "aggregate.appendEvents(events: SerializedDomainEvent[]): AggregateInstance "
          ],
          "duration": 1,
          "failureMessages": [],
          "fullName": "aggregate.appendEvents(events: SerializedDomainEvent[]): AggregateInstance  returns a new instance of the same aggregate with events appended to its history",
          "location": null,
          "numPassingAsserts": 0,
          "status": "passed",
          "title": "returns a new instance of the same aggregate with events appended to its history"
        },
        {
          "ancestorTitles": [
            "aggregate.clone(): AggregateInstance"
          ],
          "duration": 1,
          "failureMessages": [],
          "fullName": "aggregate.clone(): AggregateInstance returns another instance of the same aggregate, as it was before producing any event",
          "location": null,
          "numPassingAsserts": 0,
          "status": "passed",
          "title": "returns another instance of the same aggregate, as it was before producing any event"
        },
        {
          "ancestorTitles": [
            "aggregate.New"
          ],
          "duration": 0,
          "failureMessages": [],
          "fullName": "aggregate.New is a reference to the AggregateType factory which generated the instance",
          "location": null,
          "numPassingAsserts": 0,
          "status": "passed",
          "title": "is a reference to the AggregateType factory which generated the instance"
        },
        {
          "ancestorTitles": [
            "aggregate.isDirty(): boolen"
          ],
          "duration": 1,
          "failureMessages": [],
          "fullName": "aggregate.isDirty(): boolen returns true if aggregate produced new events, false otherwise",
          "location": null,
          "numPassingAsserts": 0,
          "status": "passed",
          "title": "returns true if aggregate produced new events, false otherwise"
        },
        {
          "ancestorTitles": [
            "aggregate.isDirty(): boolen"
          ],
          "duration": 0,
          "failureMessages": [],
          "fullName": "aggregate.isDirty(): boolen returns false if aggregate did not produce new events",
          "location": null,
          "numPassingAsserts": 0,
          "status": "passed",
          "title": "returns false if aggregate did not produce new events"
        },
        {
          "ancestorTitles": [
            "aggregate.getNewEvents(): DomainEventInstance[]"
          ],
          "duration": 1,
          "failureMessages": [],
          "fullName": "aggregate.getNewEvents(): DomainEventInstance[] returns the list of produced events",
          "location": null,
          "numPassingAsserts": 0,
          "status": "passed",
          "title": "returns the list of produced events"
        },
        {
          "ancestorTitles": [
            "aggregate.consistencyPolicy(): ConsistencyPolicy"
          ],
          "duration": 1,
          "failureMessages": [],
          "fullName": "aggregate.consistencyPolicy(): ConsistencyPolicy returns the consistency policy to use to persist the new events. defaults to 0.",
          "location": null,
          "numPassingAsserts": 0,
          "status": "passed",
          "title": "returns the consistency policy to use to persist the new events. defaults to 0."
        },
        {
          "ancestorTitles": [
            "aggregate.getSerializedState(): string"
          ],
          "duration": 0,
          "failureMessages": [],
          "fullName": "aggregate.getSerializedState(): string returns the aggregate state serialized as a string",
          "location": null,
          "numPassingAsserts": 0,
          "status": "passed",
          "title": "returns the aggregate state serialized as a string"
        },
        {
          "ancestorTitles": [
            "aggregate.getSnapshot(): AggregateSnapshot"
          ],
          "duration": 1,
          "failureMessages": [],
          "fullName": "aggregate.getSnapshot(): AggregateSnapshot returns a snapshot of the aggregate as it was before producing new events",
          "location": null,
          "numPassingAsserts": 0,
          "status": "passed",
          "title": "returns a snapshot of the aggregate as it was before producing new events"
        },
        {
          "ancestorTitles": [
            "aggregate.toString(): string"
          ],
          "duration": 0,
          "failureMessages": [],
          "fullName": "aggregate.toString(): string returns `[object {context}:{type}(identity) #{version}+{newEvents.length}]` if aggregate is not a singleton",
          "location": null,
          "numPassingAsserts": 0,
          "status": "passed",
          "title": "returns `[object {context}:{type}(identity) #{version}+{newEvents.length}]` if aggregate is not a singleton"
        },
        {
          "ancestorTitles": [
            "aggregate.toString(): string"
          ],
          "duration": 1,
          "failureMessages": [],
          "fullName": "aggregate.toString(): string returns `[object {context}:{type} #{version}+{newEvents.length}]` if aggregate is a singleton",
          "location": null,
          "numPassingAsserts": 0,
          "status": "passed",
          "title": "returns `[object {context}:{type} #{version}+{newEvents.length}]` if aggregate is a singleton"
        }
      ],
      "sourceMaps": {
        "/Users/giacomotriggiano/github.com/gtriggiano/node-es-ddd-components/dist/main/lib/index.js": "/var/folders/ly/3xdrrvz53lv0g78_93p4tkv80000gn/T/jest_dx/jest-transform-cache-6d1ae2d6532dd7210cb26abc0cc662be-f76fc0f5a340d2e577c36707663f8d56/e1/index_e1d2d189021c04a6435bacdbb808c947.map",
        "/Users/giacomotriggiano/github.com/gtriggiano/node-es-ddd-components/dist/main/lib/Aggregate/index.js": "/var/folders/ly/3xdrrvz53lv0g78_93p4tkv80000gn/T/jest_dx/jest-transform-cache-6d1ae2d6532dd7210cb26abc0cc662be-f76fc0f5a340d2e577c36707663f8d56/d1/index_d13524924ba8f82486fc8b4918b54da4.map",
        "/Users/giacomotriggiano/github.com/gtriggiano/node-es-ddd-components/dist/main/lib/CustomError/index.js": "/var/folders/ly/3xdrrvz53lv0g78_93p4tkv80000gn/T/jest_dx/jest-transform-cache-6d1ae2d6532dd7210cb26abc0cc662be-f76fc0f5a340d2e577c36707663f8d56/00/index_00edff78ad010043dac3c703cafca048.map",
        "/Users/giacomotriggiano/github.com/gtriggiano/node-es-ddd-components/dist/main/lib/CustomError/validateDefinition.js": "/var/folders/ly/3xdrrvz53lv0g78_93p4tkv80000gn/T/jest_dx/jest-transform-cache-6d1ae2d6532dd7210cb26abc0cc662be-f76fc0f5a340d2e577c36707663f8d56/e2/validateDefinition_e283c2c6ea4f99215470aa106cd84047.map",
        "/Users/giacomotriggiano/github.com/gtriggiano/node-es-ddd-components/dist/main/lib/utils/isValidName.js": "/var/folders/ly/3xdrrvz53lv0g78_93p4tkv80000gn/T/jest_dx/jest-transform-cache-6d1ae2d6532dd7210cb26abc0cc662be-f76fc0f5a340d2e577c36707663f8d56/54/isValidName_540dc713413f65bf80217d161e6b88eb.map",
        "/Users/giacomotriggiano/github.com/gtriggiano/node-es-ddd-components/dist/main/lib/utils/index.js": "/var/folders/ly/3xdrrvz53lv0g78_93p4tkv80000gn/T/jest_dx/jest-transform-cache-6d1ae2d6532dd7210cb26abc0cc662be-f76fc0f5a340d2e577c36707663f8d56/b2/index_b2c00f5ead65d072f8c5561f25961836.map",
        "/Users/giacomotriggiano/github.com/gtriggiano/node-es-ddd-components/dist/main/lib/utils/getDeserializer.js": "/var/folders/ly/3xdrrvz53lv0g78_93p4tkv80000gn/T/jest_dx/jest-transform-cache-6d1ae2d6532dd7210cb26abc0cc662be-f76fc0f5a340d2e577c36707663f8d56/d8/getDeserializer_d859f326946812e14afe3a5937385a54.map",
        "/Users/giacomotriggiano/github.com/gtriggiano/node-es-ddd-components/dist/main/lib/utils/getSerializer.js": "/var/folders/ly/3xdrrvz53lv0g78_93p4tkv80000gn/T/jest_dx/jest-transform-cache-6d1ae2d6532dd7210cb26abc0cc662be-f76fc0f5a340d2e577c36707663f8d56/a8/getSerializer_a8af3d15d1aa2f387f10219b519879f6.map",
        "/Users/giacomotriggiano/github.com/gtriggiano/node-es-ddd-components/dist/main/lib/utils/tuple.js": "/var/folders/ly/3xdrrvz53lv0g78_93p4tkv80000gn/T/jest_dx/jest-transform-cache-6d1ae2d6532dd7210cb26abc0cc662be-f76fc0f5a340d2e577c36707663f8d56/3c/tuple_3c397deeccbb723e856323be4e6d11bb.map",
        "/Users/giacomotriggiano/github.com/gtriggiano/node-es-ddd-components/dist/main/lib/Aggregate/aggregateUtils.js": "/var/folders/ly/3xdrrvz53lv0g78_93p4tkv80000gn/T/jest_dx/jest-transform-cache-6d1ae2d6532dd7210cb26abc0cc662be-f76fc0f5a340d2e577c36707663f8d56/b8/aggregateUtils_b847cbc83e1a31d27773213b5f5663d8.map",
        "/Users/giacomotriggiano/github.com/gtriggiano/node-es-ddd-components/dist/main/lib/Aggregate/CommandInterface.js": "/var/folders/ly/3xdrrvz53lv0g78_93p4tkv80000gn/T/jest_dx/jest-transform-cache-6d1ae2d6532dd7210cb26abc0cc662be-f76fc0f5a340d2e577c36707663f8d56/06/CommandInterface_062f6279b62735157a3a8ee124139111.map",
        "/Users/giacomotriggiano/github.com/gtriggiano/node-es-ddd-components/dist/main/lib/Aggregate/EmissionInterface.js": "/var/folders/ly/3xdrrvz53lv0g78_93p4tkv80000gn/T/jest_dx/jest-transform-cache-6d1ae2d6532dd7210cb26abc0cc662be-f76fc0f5a340d2e577c36707663f8d56/fa/EmissionInterface_fa35e3e02afc6573c31096e4cdb3229c.map",
        "/Users/giacomotriggiano/github.com/gtriggiano/node-es-ddd-components/dist/main/lib/Aggregate/ErrorInterface.js": "/var/folders/ly/3xdrrvz53lv0g78_93p4tkv80000gn/T/jest_dx/jest-transform-cache-6d1ae2d6532dd7210cb26abc0cc662be-f76fc0f5a340d2e577c36707663f8d56/37/ErrorInterface_37fe09b0429c98a4802bdbdb71fcf1f6.map",
        "/Users/giacomotriggiano/github.com/gtriggiano/node-es-ddd-components/dist/main/lib/Aggregate/QueryInterface.js": "/var/folders/ly/3xdrrvz53lv0g78_93p4tkv80000gn/T/jest_dx/jest-transform-cache-6d1ae2d6532dd7210cb26abc0cc662be-f76fc0f5a340d2e577c36707663f8d56/69/QueryInterface_69fd0f66a657741347b54b8d7b92bfde.map",
        "/Users/giacomotriggiano/github.com/gtriggiano/node-es-ddd-components/dist/main/lib/Aggregate/snapshotUtils.js": "/var/folders/ly/3xdrrvz53lv0g78_93p4tkv80000gn/T/jest_dx/jest-transform-cache-6d1ae2d6532dd7210cb26abc0cc662be-f76fc0f5a340d2e577c36707663f8d56/0c/snapshotUtils_0cad7fd8ebe804703679364f72d40657.map",
        "/Users/giacomotriggiano/github.com/gtriggiano/node-es-ddd-components/dist/main/lib/Aggregate/validateConstructorProps.js": "/var/folders/ly/3xdrrvz53lv0g78_93p4tkv80000gn/T/jest_dx/jest-transform-cache-6d1ae2d6532dd7210cb26abc0cc662be-f76fc0f5a340d2e577c36707663f8d56/44/validateConstructorProps_444b6f1f47ac2d3e998c4ff55f808d59.map",
        "/Users/giacomotriggiano/github.com/gtriggiano/node-es-ddd-components/dist/main/lib/Aggregate/validateDefinition.js": "/var/folders/ly/3xdrrvz53lv0g78_93p4tkv80000gn/T/jest_dx/jest-transform-cache-6d1ae2d6532dd7210cb26abc0cc662be-f76fc0f5a340d2e577c36707663f8d56/96/validateDefinition_961584b1a4a418d383d6b6a25d53b015.map",
        "/Users/giacomotriggiano/github.com/gtriggiano/node-es-ddd-components/dist/main/lib/DomainEvent/index.js": "/var/folders/ly/3xdrrvz53lv0g78_93p4tkv80000gn/T/jest_dx/jest-transform-cache-6d1ae2d6532dd7210cb26abc0cc662be-f76fc0f5a340d2e577c36707663f8d56/ae/index_ae1a78bf3a9e2400f71ea7635241a285.map",
        "/Users/giacomotriggiano/github.com/gtriggiano/node-es-ddd-components/dist/main/lib/DomainEvent/validateDefinition.js": "/var/folders/ly/3xdrrvz53lv0g78_93p4tkv80000gn/T/jest_dx/jest-transform-cache-6d1ae2d6532dd7210cb26abc0cc662be-f76fc0f5a340d2e577c36707663f8d56/3c/validateDefinition_3cf677f9b3298ec37d53ee884b9db238.map",
        "/Users/giacomotriggiano/github.com/gtriggiano/node-es-ddd-components/dist/main/lib/Repository/index.js": "/var/folders/ly/3xdrrvz53lv0g78_93p4tkv80000gn/T/jest_dx/jest-transform-cache-6d1ae2d6532dd7210cb26abc0cc662be-f76fc0f5a340d2e577c36707663f8d56/3e/index_3efa4d17872498cf792fb96717ddd325.map",
        "/Users/giacomotriggiano/github.com/gtriggiano/node-es-ddd-components/dist/main/lib/Repository/validateDefinition.js": "/var/folders/ly/3xdrrvz53lv0g78_93p4tkv80000gn/T/jest_dx/jest-transform-cache-6d1ae2d6532dd7210cb26abc0cc662be-f76fc0f5a340d2e577c36707663f8d56/27/validateDefinition_2787b69c24bf56545b5cad089505f85f.map",
        "/Users/giacomotriggiano/github.com/gtriggiano/node-es-ddd-components/dist/main/lib/Repository/InMemoryEventStore.js": "/var/folders/ly/3xdrrvz53lv0g78_93p4tkv80000gn/T/jest_dx/jest-transform-cache-6d1ae2d6532dd7210cb26abc0cc662be-f76fc0f5a340d2e577c36707663f8d56/bf/InMemoryEventStore_bf6e60456b494162759e9dcce463a90f.map",
        "/Users/giacomotriggiano/github.com/gtriggiano/node-es-ddd-components/dist/main/lib/Repository/InMemorySnapshotService.js": "/var/folders/ly/3xdrrvz53lv0g78_93p4tkv80000gn/T/jest_dx/jest-transform-cache-6d1ae2d6532dd7210cb26abc0cc662be-f76fc0f5a340d2e577c36707663f8d56/2f/InMemorySnapshotService_2fb658ae8460d5425f51bea7d7191969.map"
      },
      "skipped": false,
      "leaks": false
    },
    {
      "console": [],
      "failureMessage": null,
      "numFailingTests": 0,
      "numPassingTests": 25,
      "numPendingTests": 0,
      "perfStats": {
        "end": 1545400769877,
        "start": 1545400769746
      },
      "snapshot": {
        "added": 0,
        "fileDeleted": false,
        "matched": 0,
        "unchecked": 0,
        "unmatched": 0,
        "updated": 0,
        "uncheckedKeys": []
      },
      "testFilePath": "src/lib/Aggregate/__tests__/The Aggregate factory.spec.js",
      "testResults": [
        {
          "ancestorTitles": [
            "The Aggregate factory"
          ],
          "duration": 1,
          "failureMessages": [],
          "fullName": "The Aggregate factory is a function",
          "location": null,
          "numPassingAsserts": 0,
          "status": "passed",
          "title": "is a function"
        },
        {
          "ancestorTitles": [
            "Aggregate(definition: AggregateDefinition) throws `BadAggregateDefinition` when:"
          ],
          "duration": 15,
          "failureMessages": [],
          "fullName": "Aggregate(definition: AggregateDefinition) throws `BadAggregateDefinition` when: definition is not an object",
          "location": null,
          "numPassingAsserts": 0,
          "status": "passed",
          "title": "definition is not an object"
        },
        {
          "ancestorTitles": [
            "Aggregate(definition: AggregateDefinition) throws `BadAggregateDefinition` when:"
          ],
          "duration": 3,
          "failureMessages": [],
          "fullName": "Aggregate(definition: AggregateDefinition) throws `BadAggregateDefinition` when: definition.context is not a string starting with a letter and composed by letters, numbers and underscores only",
          "location": null,
          "numPassingAsserts": 0,
          "status": "passed",
          "title": "definition.context is not a string starting with a letter and composed by letters, numbers and underscores only"
        },
        {
          "ancestorTitles": [
            "Aggregate(definition: AggregateDefinition) throws `BadAggregateDefinition` when:"
          ],
          "duration": 1,
          "failureMessages": [],
          "fullName": "Aggregate(definition: AggregateDefinition) throws `BadAggregateDefinition` when: definition.type is not a string starting with a letter and composed by letters, numbers and underscores only",
          "location": null,
          "numPassingAsserts": 0,
          "status": "passed",
          "title": "definition.type is not a string starting with a letter and composed by letters, numbers and underscores only"
        },
        {
          "ancestorTitles": [
            "Aggregate(definition: AggregateDefinition) throws `BadAggregateDefinition` when:"
          ],
          "duration": 1,
          "failureMessages": [],
          "fullName": "Aggregate(definition: AggregateDefinition) throws `BadAggregateDefinition` when: definition.singleton is neither nil nor a boolean",
          "location": null,
          "numPassingAsserts": 0,
          "status": "passed",
          "title": "definition.singleton is neither nil nor a boolean"
        },
        {
          "ancestorTitles": [
            "Aggregate(definition: AggregateDefinition) throws `BadAggregateDefinition` when:"
          ],
          "duration": 4,
          "failureMessages": [],
          "fullName": "Aggregate(definition: AggregateDefinition) throws `BadAggregateDefinition` when: definition.description is neither nil nor a string",
          "location": null,
          "numPassingAsserts": 0,
          "status": "passed",
          "title": "definition.description is neither nil nor a string"
        },
        {
          "ancestorTitles": [
            "Aggregate(definition: AggregateDefinition) throws `BadAggregateDefinition` when:"
          ],
          "duration": 2,
          "failureMessages": [],
          "fullName": "Aggregate(definition: AggregateDefinition) throws `BadAggregateDefinition` when: definition.initialState is not an object",
          "location": null,
          "numPassingAsserts": 0,
          "status": "passed",
          "title": "definition.initialState is not an object"
        },
        {
          "ancestorTitles": [
            "Aggregate(definition: AggregateDefinition) throws `BadAggregateDefinition` when:"
          ],
          "duration": 1,
          "failureMessages": [],
          "fullName": "Aggregate(definition: AggregateDefinition) throws `BadAggregateDefinition` when: definition.snapshotThreshold is neither nil nor an integer > 0",
          "location": null,
          "numPassingAsserts": 0,
          "status": "passed",
          "title": "definition.snapshotThreshold is neither nil nor an integer > 0"
        },
        {
          "ancestorTitles": [
            "Aggregate(definition: AggregateDefinition) throws `BadAggregateDefinition` when:"
          ],
          "duration": 2,
          "failureMessages": [],
          "fullName": "Aggregate(definition: AggregateDefinition) throws `BadAggregateDefinition` when: definition.snapshotPrefix is neither nil nor a string",
          "location": null,
          "numPassingAsserts": 0,
          "status": "passed",
          "title": "definition.snapshotPrefix is neither nil nor a string"
        },
        {
          "ancestorTitles": [
            "Aggregate(definition: AggregateDefinition) throws `BadAggregateDefinition` when:"
          ],
          "duration": 1,
          "failureMessages": [],
          "fullName": "Aggregate(definition: AggregateDefinition) throws `BadAggregateDefinition` when: definition.[commands|queries|events|errors] are not array",
          "location": null,
          "numPassingAsserts": 0,
          "status": "passed",
          "title": "definition.[commands|queries|events|errors] are not array"
        },
        {
          "ancestorTitles": [
            "Aggregate(definition: AggregateDefinition) throws `BadAggregateDefinition` when:"
          ],
          "duration": 1,
          "failureMessages": [],
          "fullName": "Aggregate(definition: AggregateDefinition) throws `BadAggregateDefinition` when: definition.commands are not unique by .name",
          "location": null,
          "numPassingAsserts": 0,
          "status": "passed",
          "title": "definition.commands are not unique by .name"
        },
        {
          "ancestorTitles": [
            "Aggregate(definition: AggregateDefinition) throws `BadAggregateDefinition` when:"
          ],
          "duration": 0,
          "failureMessages": [],
          "fullName": "Aggregate(definition: AggregateDefinition) throws `BadAggregateDefinition` when: definition.commands are not all valid commands",
          "location": null,
          "numPassingAsserts": 0,
          "status": "passed",
          "title": "definition.commands are not all valid commands"
        },
        {
          "ancestorTitles": [
            "Aggregate(definition: AggregateDefinition) throws `BadAggregateDefinition` when:"
          ],
          "duration": 1,
          "failureMessages": [],
          "fullName": "Aggregate(definition: AggregateDefinition) throws `BadAggregateDefinition` when: definition.queries are not unique by .name",
          "location": null,
          "numPassingAsserts": 0,
          "status": "passed",
          "title": "definition.queries are not unique by .name"
        },
        {
          "ancestorTitles": [
            "Aggregate(definition: AggregateDefinition) throws `BadAggregateDefinition` when:"
          ],
          "duration": 0,
          "failureMessages": [],
          "fullName": "Aggregate(definition: AggregateDefinition) throws `BadAggregateDefinition` when: definition.queries are not all valid queries",
          "location": null,
          "numPassingAsserts": 0,
          "status": "passed",
          "title": "definition.queries are not all valid queries"
        },
        {
          "ancestorTitles": [
            "Aggregate(definition: AggregateDefinition) throws `BadAggregateDefinition` when:"
          ],
          "duration": 0,
          "failureMessages": [],
          "fullName": "Aggregate(definition: AggregateDefinition) throws `BadAggregateDefinition` when: definition.events are not unique by .type",
          "location": null,
          "numPassingAsserts": 0,
          "status": "passed",
          "title": "definition.events are not unique by .type"
        },
        {
          "ancestorTitles": [
            "Aggregate(definition: AggregateDefinition) throws `BadAggregateDefinition` when:"
          ],
          "duration": 1,
          "failureMessages": [],
          "fullName": "Aggregate(definition: AggregateDefinition) throws `BadAggregateDefinition` when: definition.errors are not unique by .name",
          "location": null,
          "numPassingAsserts": 0,
          "status": "passed",
          "title": "definition.errors are not unique by .name"
        },
        {
          "ancestorTitles": [
            "Aggregate(definition: AggregateDefinition) throws `BadAggregateDefinition` when:"
          ],
          "duration": 1,
          "failureMessages": [],
          "fullName": "Aggregate(definition: AggregateDefinition) throws `BadAggregateDefinition` when: definition.serializeState is neither nil nor a function",
          "location": null,
          "numPassingAsserts": 0,
          "status": "passed",
          "title": "definition.serializeState is neither nil nor a function"
        },
        {
          "ancestorTitles": [
            "Aggregate(definition: AggregateDefinition) throws `BadAggregateDefinition` when:"
          ],
          "duration": 1,
          "failureMessages": [],
          "fullName": "Aggregate(definition: AggregateDefinition) throws `BadAggregateDefinition` when: definition.deserializeState is neither nil nor a function",
          "location": null,
          "numPassingAsserts": 0,
          "status": "passed",
          "title": "definition.deserializeState is neither nil nor a function"
        },
        {
          "ancestorTitles": [
            "Aggregate(definition: AggregateDefinition) returns an AggregateType factory"
          ],
          "duration": 1,
          "failureMessages": [],
          "fullName": "Aggregate(definition: AggregateDefinition) returns an AggregateType factory AggregateType is a function",
          "location": null,
          "numPassingAsserts": 0,
          "status": "passed",
          "title": "AggregateType is a function"
        },
        {
          "ancestorTitles": [
            "Aggregate(definition: AggregateDefinition) returns an AggregateType factory"
          ],
          "duration": 0,
          "failureMessages": [],
          "fullName": "Aggregate(definition: AggregateDefinition) returns an AggregateType factory AggregateType.name === definition.type",
          "location": null,
          "numPassingAsserts": 0,
          "status": "passed",
          "title": "AggregateType.name === definition.type"
        },
        {
          "ancestorTitles": [
            "Aggregate(definition: AggregateDefinition) returns an AggregateType factory"
          ],
          "duration": 0,
          "failureMessages": [],
          "fullName": "Aggregate(definition: AggregateDefinition) returns an AggregateType factory AggregateType.context === definition.context",
          "location": null,
          "numPassingAsserts": 0,
          "status": "passed",
          "title": "AggregateType.context === definition.context"
        },
        {
          "ancestorTitles": [
            "Aggregate(definition: AggregateDefinition) returns an AggregateType factory"
          ],
          "duration": 0,
          "failureMessages": [],
          "fullName": "Aggregate(definition: AggregateDefinition) returns an AggregateType factory AggregateType.type === definition.type",
          "location": null,
          "numPassingAsserts": 0,
          "status": "passed",
          "title": "AggregateType.type === definition.type"
        },
        {
          "ancestorTitles": [
            "Aggregate(definition: AggregateDefinition) returns an AggregateType factory"
          ],
          "duration": 1,
          "failureMessages": [],
          "fullName": "Aggregate(definition: AggregateDefinition) returns an AggregateType factory AggregateType.description === definition.description || ``",
          "location": null,
          "numPassingAsserts": 0,
          "status": "passed",
          "title": "AggregateType.description === definition.description || ``"
        },
        {
          "ancestorTitles": [
            "Aggregate(definition: AggregateDefinition) returns an AggregateType factory"
          ],
          "duration": 0,
          "failureMessages": [],
          "fullName": "Aggregate(definition: AggregateDefinition) returns an AggregateType factory AggregateType is recognized as `instance of` Aggregate",
          "location": null,
          "numPassingAsserts": 0,
          "status": "passed",
          "title": "AggregateType is recognized as `instance of` Aggregate"
        },
        {
          "ancestorTitles": [
            "Aggregate(definition: AggregateDefinition) returns an AggregateType factory"
          ],
          "duration": 0,
          "failureMessages": [],
          "fullName": "Aggregate(definition: AggregateDefinition) returns an AggregateType factory AggregateType.toString() === `[Function ${definition.context}:${definition.type}]`",
          "location": null,
          "numPassingAsserts": 0,
          "status": "passed",
          "title": "AggregateType.toString() === `[Function ${definition.context}:${definition.type}]`"
        }
      ],
      "sourceMaps": {
        "/Users/giacomotriggiano/github.com/gtriggiano/node-es-ddd-components/dist/main/lib/index.js": "/var/folders/ly/3xdrrvz53lv0g78_93p4tkv80000gn/T/jest_dx/jest-transform-cache-6d1ae2d6532dd7210cb26abc0cc662be-f76fc0f5a340d2e577c36707663f8d56/e1/index_e1d2d189021c04a6435bacdbb808c947.map",
        "/Users/giacomotriggiano/github.com/gtriggiano/node-es-ddd-components/dist/main/lib/Aggregate/index.js": "/var/folders/ly/3xdrrvz53lv0g78_93p4tkv80000gn/T/jest_dx/jest-transform-cache-6d1ae2d6532dd7210cb26abc0cc662be-f76fc0f5a340d2e577c36707663f8d56/d1/index_d13524924ba8f82486fc8b4918b54da4.map",
        "/Users/giacomotriggiano/github.com/gtriggiano/node-es-ddd-components/dist/main/lib/CustomError/index.js": "/var/folders/ly/3xdrrvz53lv0g78_93p4tkv80000gn/T/jest_dx/jest-transform-cache-6d1ae2d6532dd7210cb26abc0cc662be-f76fc0f5a340d2e577c36707663f8d56/00/index_00edff78ad010043dac3c703cafca048.map",
        "/Users/giacomotriggiano/github.com/gtriggiano/node-es-ddd-components/dist/main/lib/CustomError/validateDefinition.js": "/var/folders/ly/3xdrrvz53lv0g78_93p4tkv80000gn/T/jest_dx/jest-transform-cache-6d1ae2d6532dd7210cb26abc0cc662be-f76fc0f5a340d2e577c36707663f8d56/e2/validateDefinition_e283c2c6ea4f99215470aa106cd84047.map",
        "/Users/giacomotriggiano/github.com/gtriggiano/node-es-ddd-components/dist/main/lib/utils/isValidName.js": "/var/folders/ly/3xdrrvz53lv0g78_93p4tkv80000gn/T/jest_dx/jest-transform-cache-6d1ae2d6532dd7210cb26abc0cc662be-f76fc0f5a340d2e577c36707663f8d56/54/isValidName_540dc713413f65bf80217d161e6b88eb.map",
        "/Users/giacomotriggiano/github.com/gtriggiano/node-es-ddd-components/dist/main/lib/utils/index.js": "/var/folders/ly/3xdrrvz53lv0g78_93p4tkv80000gn/T/jest_dx/jest-transform-cache-6d1ae2d6532dd7210cb26abc0cc662be-f76fc0f5a340d2e577c36707663f8d56/b2/index_b2c00f5ead65d072f8c5561f25961836.map",
        "/Users/giacomotriggiano/github.com/gtriggiano/node-es-ddd-components/dist/main/lib/utils/getDeserializer.js": "/var/folders/ly/3xdrrvz53lv0g78_93p4tkv80000gn/T/jest_dx/jest-transform-cache-6d1ae2d6532dd7210cb26abc0cc662be-f76fc0f5a340d2e577c36707663f8d56/d8/getDeserializer_d859f326946812e14afe3a5937385a54.map",
        "/Users/giacomotriggiano/github.com/gtriggiano/node-es-ddd-components/dist/main/lib/utils/getSerializer.js": "/var/folders/ly/3xdrrvz53lv0g78_93p4tkv80000gn/T/jest_dx/jest-transform-cache-6d1ae2d6532dd7210cb26abc0cc662be-f76fc0f5a340d2e577c36707663f8d56/a8/getSerializer_a8af3d15d1aa2f387f10219b519879f6.map",
        "/Users/giacomotriggiano/github.com/gtriggiano/node-es-ddd-components/dist/main/lib/utils/tuple.js": "/var/folders/ly/3xdrrvz53lv0g78_93p4tkv80000gn/T/jest_dx/jest-transform-cache-6d1ae2d6532dd7210cb26abc0cc662be-f76fc0f5a340d2e577c36707663f8d56/3c/tuple_3c397deeccbb723e856323be4e6d11bb.map",
        "/Users/giacomotriggiano/github.com/gtriggiano/node-es-ddd-components/dist/main/lib/Aggregate/aggregateUtils.js": "/var/folders/ly/3xdrrvz53lv0g78_93p4tkv80000gn/T/jest_dx/jest-transform-cache-6d1ae2d6532dd7210cb26abc0cc662be-f76fc0f5a340d2e577c36707663f8d56/b8/aggregateUtils_b847cbc83e1a31d27773213b5f5663d8.map",
        "/Users/giacomotriggiano/github.com/gtriggiano/node-es-ddd-components/dist/main/lib/Aggregate/CommandInterface.js": "/var/folders/ly/3xdrrvz53lv0g78_93p4tkv80000gn/T/jest_dx/jest-transform-cache-6d1ae2d6532dd7210cb26abc0cc662be-f76fc0f5a340d2e577c36707663f8d56/06/CommandInterface_062f6279b62735157a3a8ee124139111.map",
        "/Users/giacomotriggiano/github.com/gtriggiano/node-es-ddd-components/dist/main/lib/Aggregate/EmissionInterface.js": "/var/folders/ly/3xdrrvz53lv0g78_93p4tkv80000gn/T/jest_dx/jest-transform-cache-6d1ae2d6532dd7210cb26abc0cc662be-f76fc0f5a340d2e577c36707663f8d56/fa/EmissionInterface_fa35e3e02afc6573c31096e4cdb3229c.map",
        "/Users/giacomotriggiano/github.com/gtriggiano/node-es-ddd-components/dist/main/lib/Aggregate/ErrorInterface.js": "/var/folders/ly/3xdrrvz53lv0g78_93p4tkv80000gn/T/jest_dx/jest-transform-cache-6d1ae2d6532dd7210cb26abc0cc662be-f76fc0f5a340d2e577c36707663f8d56/37/ErrorInterface_37fe09b0429c98a4802bdbdb71fcf1f6.map",
        "/Users/giacomotriggiano/github.com/gtriggiano/node-es-ddd-components/dist/main/lib/Aggregate/QueryInterface.js": "/var/folders/ly/3xdrrvz53lv0g78_93p4tkv80000gn/T/jest_dx/jest-transform-cache-6d1ae2d6532dd7210cb26abc0cc662be-f76fc0f5a340d2e577c36707663f8d56/69/QueryInterface_69fd0f66a657741347b54b8d7b92bfde.map",
        "/Users/giacomotriggiano/github.com/gtriggiano/node-es-ddd-components/dist/main/lib/Aggregate/snapshotUtils.js": "/var/folders/ly/3xdrrvz53lv0g78_93p4tkv80000gn/T/jest_dx/jest-transform-cache-6d1ae2d6532dd7210cb26abc0cc662be-f76fc0f5a340d2e577c36707663f8d56/0c/snapshotUtils_0cad7fd8ebe804703679364f72d40657.map",
        "/Users/giacomotriggiano/github.com/gtriggiano/node-es-ddd-components/dist/main/lib/Aggregate/validateConstructorProps.js": "/var/folders/ly/3xdrrvz53lv0g78_93p4tkv80000gn/T/jest_dx/jest-transform-cache-6d1ae2d6532dd7210cb26abc0cc662be-f76fc0f5a340d2e577c36707663f8d56/44/validateConstructorProps_444b6f1f47ac2d3e998c4ff55f808d59.map",
        "/Users/giacomotriggiano/github.com/gtriggiano/node-es-ddd-components/dist/main/lib/Aggregate/validateDefinition.js": "/var/folders/ly/3xdrrvz53lv0g78_93p4tkv80000gn/T/jest_dx/jest-transform-cache-6d1ae2d6532dd7210cb26abc0cc662be-f76fc0f5a340d2e577c36707663f8d56/96/validateDefinition_961584b1a4a418d383d6b6a25d53b015.map",
        "/Users/giacomotriggiano/github.com/gtriggiano/node-es-ddd-components/dist/main/lib/DomainEvent/index.js": "/var/folders/ly/3xdrrvz53lv0g78_93p4tkv80000gn/T/jest_dx/jest-transform-cache-6d1ae2d6532dd7210cb26abc0cc662be-f76fc0f5a340d2e577c36707663f8d56/ae/index_ae1a78bf3a9e2400f71ea7635241a285.map",
        "/Users/giacomotriggiano/github.com/gtriggiano/node-es-ddd-components/dist/main/lib/DomainEvent/validateDefinition.js": "/var/folders/ly/3xdrrvz53lv0g78_93p4tkv80000gn/T/jest_dx/jest-transform-cache-6d1ae2d6532dd7210cb26abc0cc662be-f76fc0f5a340d2e577c36707663f8d56/3c/validateDefinition_3cf677f9b3298ec37d53ee884b9db238.map",
        "/Users/giacomotriggiano/github.com/gtriggiano/node-es-ddd-components/dist/main/lib/Repository/index.js": "/var/folders/ly/3xdrrvz53lv0g78_93p4tkv80000gn/T/jest_dx/jest-transform-cache-6d1ae2d6532dd7210cb26abc0cc662be-f76fc0f5a340d2e577c36707663f8d56/3e/index_3efa4d17872498cf792fb96717ddd325.map",
        "/Users/giacomotriggiano/github.com/gtriggiano/node-es-ddd-components/dist/main/lib/Repository/validateDefinition.js": "/var/folders/ly/3xdrrvz53lv0g78_93p4tkv80000gn/T/jest_dx/jest-transform-cache-6d1ae2d6532dd7210cb26abc0cc662be-f76fc0f5a340d2e577c36707663f8d56/27/validateDefinition_2787b69c24bf56545b5cad089505f85f.map",
        "/Users/giacomotriggiano/github.com/gtriggiano/node-es-ddd-components/dist/main/lib/Repository/InMemoryEventStore.js": "/var/folders/ly/3xdrrvz53lv0g78_93p4tkv80000gn/T/jest_dx/jest-transform-cache-6d1ae2d6532dd7210cb26abc0cc662be-f76fc0f5a340d2e577c36707663f8d56/bf/InMemoryEventStore_bf6e60456b494162759e9dcce463a90f.map",
        "/Users/giacomotriggiano/github.com/gtriggiano/node-es-ddd-components/dist/main/lib/Repository/InMemorySnapshotService.js": "/var/folders/ly/3xdrrvz53lv0g78_93p4tkv80000gn/T/jest_dx/jest-transform-cache-6d1ae2d6532dd7210cb26abc0cc662be-f76fc0f5a340d2e577c36707663f8d56/2f/InMemorySnapshotService_2fb658ae8460d5425f51bea7d7191969.map"
      },
      "skipped": false,
      "leaks": false
    },
    {
      "console": [],
      "failureMessage": null,
      "numFailingTests": 0,
      "numPassingTests": 7,
      "numPendingTests": 0,
      "perfStats": {
        "end": 1545400770933,
        "start": 1545400770852
      },
      "snapshot": {
        "added": 0,
        "fileDeleted": false,
        "matched": 0,
        "unchecked": 0,
        "unmatched": 0,
        "updated": 0,
        "uncheckedKeys": []
      },
      "testFilePath": "src/lib/CustomError/__tests__/An ErrorType factory.spec.js",
      "testResults": [
        {
          "ancestorTitles": [
            "error = ErrorType([message] [, data]) or error = new ErrorType([message] [, data])"
          ],
          "duration": 6,
          "failureMessages": [],
          "fullName": "error = ErrorType([message] [, data]) or error = new ErrorType([message] [, data]) error is an instance of Error",
          "location": null,
          "numPassingAsserts": 0,
          "status": "passed",
          "title": "error is an instance of Error"
        },
        {
          "ancestorTitles": [
            "error = ErrorType([message] [, data]) or error = new ErrorType([message] [, data])"
          ],
          "duration": 1,
          "failureMessages": [],
          "fullName": "error = ErrorType([message] [, data]) or error = new ErrorType([message] [, data]) error.name === ErrorType.name",
          "location": null,
          "numPassingAsserts": 0,
          "status": "passed",
          "title": "error.name === ErrorType.name"
        },
        {
          "ancestorTitles": [
            "error = ErrorType([message] [, data]) or error = new ErrorType([message] [, data])"
          ],
          "duration": 0,
          "failureMessages": [],
          "fullName": "error = ErrorType([message] [, data]) or error = new ErrorType([message] [, data]) error.message === message || ErrorType.name",
          "location": null,
          "numPassingAsserts": 0,
          "status": "passed",
          "title": "error.message === message || ErrorType.name"
        },
        {
          "ancestorTitles": [
            "error = ErrorType([message] [, data]) or error = new ErrorType([message] [, data])"
          ],
          "duration": 1,
          "failureMessages": [],
          "fullName": "error = ErrorType([message] [, data]) or error = new ErrorType([message] [, data]) error.data === data",
          "location": null,
          "numPassingAsserts": 0,
          "status": "passed",
          "title": "error.data === data"
        },
        {
          "ancestorTitles": [
            "error = ErrorType([message] [, data]) or error = new ErrorType([message] [, data])"
          ],
          "duration": 1,
          "failureMessages": [],
          "fullName": "error = ErrorType([message] [, data]) or error = new ErrorType([message] [, data]) customErrorType.stack is populated",
          "location": null,
          "numPassingAsserts": 0,
          "status": "passed",
          "title": "customErrorType.stack is populated"
        },
        {
          "ancestorTitles": [
            "error = ErrorType([message] [, data]) or error = new ErrorType([message] [, data])"
          ],
          "duration": 0,
          "failureMessages": [],
          "fullName": "error = ErrorType([message] [, data]) or error = new ErrorType([message] [, data]) CustomErrorType.name shows as error name in the customErrorType.stack first line",
          "location": null,
          "numPassingAsserts": 0,
          "status": "passed",
          "title": "CustomErrorType.name shows as error name in the customErrorType.stack first line"
        },
        {
          "ancestorTitles": [
            "error = ErrorType([message] [, data]) or error = new ErrorType([message] [, data])"
          ],
          "duration": 0,
          "failureMessages": [],
          "fullName": "error = ErrorType([message] [, data]) or error = new ErrorType([message] [, data]) the second line of the stack refers to the file where you invoke CustomErrorType()",
          "location": null,
          "numPassingAsserts": 0,
          "status": "passed",
          "title": "the second line of the stack refers to the file where you invoke CustomErrorType()"
        }
      ],
      "sourceMaps": {
        "/Users/giacomotriggiano/github.com/gtriggiano/node-es-ddd-components/dist/main/lib/index.js": "/var/folders/ly/3xdrrvz53lv0g78_93p4tkv80000gn/T/jest_dx/jest-transform-cache-6d1ae2d6532dd7210cb26abc0cc662be-f76fc0f5a340d2e577c36707663f8d56/e1/index_e1d2d189021c04a6435bacdbb808c947.map",
        "/Users/giacomotriggiano/github.com/gtriggiano/node-es-ddd-components/dist/main/lib/Aggregate/index.js": "/var/folders/ly/3xdrrvz53lv0g78_93p4tkv80000gn/T/jest_dx/jest-transform-cache-6d1ae2d6532dd7210cb26abc0cc662be-f76fc0f5a340d2e577c36707663f8d56/d1/index_d13524924ba8f82486fc8b4918b54da4.map",
        "/Users/giacomotriggiano/github.com/gtriggiano/node-es-ddd-components/dist/main/lib/CustomError/index.js": "/var/folders/ly/3xdrrvz53lv0g78_93p4tkv80000gn/T/jest_dx/jest-transform-cache-6d1ae2d6532dd7210cb26abc0cc662be-f76fc0f5a340d2e577c36707663f8d56/00/index_00edff78ad010043dac3c703cafca048.map",
        "/Users/giacomotriggiano/github.com/gtriggiano/node-es-ddd-components/dist/main/lib/CustomError/validateDefinition.js": "/var/folders/ly/3xdrrvz53lv0g78_93p4tkv80000gn/T/jest_dx/jest-transform-cache-6d1ae2d6532dd7210cb26abc0cc662be-f76fc0f5a340d2e577c36707663f8d56/e2/validateDefinition_e283c2c6ea4f99215470aa106cd84047.map",
        "/Users/giacomotriggiano/github.com/gtriggiano/node-es-ddd-components/dist/main/lib/utils/isValidName.js": "/var/folders/ly/3xdrrvz53lv0g78_93p4tkv80000gn/T/jest_dx/jest-transform-cache-6d1ae2d6532dd7210cb26abc0cc662be-f76fc0f5a340d2e577c36707663f8d56/54/isValidName_540dc713413f65bf80217d161e6b88eb.map",
        "/Users/giacomotriggiano/github.com/gtriggiano/node-es-ddd-components/dist/main/lib/utils/index.js": "/var/folders/ly/3xdrrvz53lv0g78_93p4tkv80000gn/T/jest_dx/jest-transform-cache-6d1ae2d6532dd7210cb26abc0cc662be-f76fc0f5a340d2e577c36707663f8d56/b2/index_b2c00f5ead65d072f8c5561f25961836.map",
        "/Users/giacomotriggiano/github.com/gtriggiano/node-es-ddd-components/dist/main/lib/utils/getDeserializer.js": "/var/folders/ly/3xdrrvz53lv0g78_93p4tkv80000gn/T/jest_dx/jest-transform-cache-6d1ae2d6532dd7210cb26abc0cc662be-f76fc0f5a340d2e577c36707663f8d56/d8/getDeserializer_d859f326946812e14afe3a5937385a54.map",
        "/Users/giacomotriggiano/github.com/gtriggiano/node-es-ddd-components/dist/main/lib/utils/getSerializer.js": "/var/folders/ly/3xdrrvz53lv0g78_93p4tkv80000gn/T/jest_dx/jest-transform-cache-6d1ae2d6532dd7210cb26abc0cc662be-f76fc0f5a340d2e577c36707663f8d56/a8/getSerializer_a8af3d15d1aa2f387f10219b519879f6.map",
        "/Users/giacomotriggiano/github.com/gtriggiano/node-es-ddd-components/dist/main/lib/utils/tuple.js": "/var/folders/ly/3xdrrvz53lv0g78_93p4tkv80000gn/T/jest_dx/jest-transform-cache-6d1ae2d6532dd7210cb26abc0cc662be-f76fc0f5a340d2e577c36707663f8d56/3c/tuple_3c397deeccbb723e856323be4e6d11bb.map",
        "/Users/giacomotriggiano/github.com/gtriggiano/node-es-ddd-components/dist/main/lib/Aggregate/aggregateUtils.js": "/var/folders/ly/3xdrrvz53lv0g78_93p4tkv80000gn/T/jest_dx/jest-transform-cache-6d1ae2d6532dd7210cb26abc0cc662be-f76fc0f5a340d2e577c36707663f8d56/b8/aggregateUtils_b847cbc83e1a31d27773213b5f5663d8.map",
        "/Users/giacomotriggiano/github.com/gtriggiano/node-es-ddd-components/dist/main/lib/Aggregate/CommandInterface.js": "/var/folders/ly/3xdrrvz53lv0g78_93p4tkv80000gn/T/jest_dx/jest-transform-cache-6d1ae2d6532dd7210cb26abc0cc662be-f76fc0f5a340d2e577c36707663f8d56/06/CommandInterface_062f6279b62735157a3a8ee124139111.map",
        "/Users/giacomotriggiano/github.com/gtriggiano/node-es-ddd-components/dist/main/lib/Aggregate/EmissionInterface.js": "/var/folders/ly/3xdrrvz53lv0g78_93p4tkv80000gn/T/jest_dx/jest-transform-cache-6d1ae2d6532dd7210cb26abc0cc662be-f76fc0f5a340d2e577c36707663f8d56/fa/EmissionInterface_fa35e3e02afc6573c31096e4cdb3229c.map",
        "/Users/giacomotriggiano/github.com/gtriggiano/node-es-ddd-components/dist/main/lib/Aggregate/ErrorInterface.js": "/var/folders/ly/3xdrrvz53lv0g78_93p4tkv80000gn/T/jest_dx/jest-transform-cache-6d1ae2d6532dd7210cb26abc0cc662be-f76fc0f5a340d2e577c36707663f8d56/37/ErrorInterface_37fe09b0429c98a4802bdbdb71fcf1f6.map",
        "/Users/giacomotriggiano/github.com/gtriggiano/node-es-ddd-components/dist/main/lib/Aggregate/QueryInterface.js": "/var/folders/ly/3xdrrvz53lv0g78_93p4tkv80000gn/T/jest_dx/jest-transform-cache-6d1ae2d6532dd7210cb26abc0cc662be-f76fc0f5a340d2e577c36707663f8d56/69/QueryInterface_69fd0f66a657741347b54b8d7b92bfde.map",
        "/Users/giacomotriggiano/github.com/gtriggiano/node-es-ddd-components/dist/main/lib/Aggregate/snapshotUtils.js": "/var/folders/ly/3xdrrvz53lv0g78_93p4tkv80000gn/T/jest_dx/jest-transform-cache-6d1ae2d6532dd7210cb26abc0cc662be-f76fc0f5a340d2e577c36707663f8d56/0c/snapshotUtils_0cad7fd8ebe804703679364f72d40657.map",
        "/Users/giacomotriggiano/github.com/gtriggiano/node-es-ddd-components/dist/main/lib/Aggregate/validateConstructorProps.js": "/var/folders/ly/3xdrrvz53lv0g78_93p4tkv80000gn/T/jest_dx/jest-transform-cache-6d1ae2d6532dd7210cb26abc0cc662be-f76fc0f5a340d2e577c36707663f8d56/44/validateConstructorProps_444b6f1f47ac2d3e998c4ff55f808d59.map",
        "/Users/giacomotriggiano/github.com/gtriggiano/node-es-ddd-components/dist/main/lib/Aggregate/validateDefinition.js": "/var/folders/ly/3xdrrvz53lv0g78_93p4tkv80000gn/T/jest_dx/jest-transform-cache-6d1ae2d6532dd7210cb26abc0cc662be-f76fc0f5a340d2e577c36707663f8d56/96/validateDefinition_961584b1a4a418d383d6b6a25d53b015.map",
        "/Users/giacomotriggiano/github.com/gtriggiano/node-es-ddd-components/dist/main/lib/DomainEvent/index.js": "/var/folders/ly/3xdrrvz53lv0g78_93p4tkv80000gn/T/jest_dx/jest-transform-cache-6d1ae2d6532dd7210cb26abc0cc662be-f76fc0f5a340d2e577c36707663f8d56/ae/index_ae1a78bf3a9e2400f71ea7635241a285.map",
        "/Users/giacomotriggiano/github.com/gtriggiano/node-es-ddd-components/dist/main/lib/DomainEvent/validateDefinition.js": "/var/folders/ly/3xdrrvz53lv0g78_93p4tkv80000gn/T/jest_dx/jest-transform-cache-6d1ae2d6532dd7210cb26abc0cc662be-f76fc0f5a340d2e577c36707663f8d56/3c/validateDefinition_3cf677f9b3298ec37d53ee884b9db238.map",
        "/Users/giacomotriggiano/github.com/gtriggiano/node-es-ddd-components/dist/main/lib/Repository/index.js": "/var/folders/ly/3xdrrvz53lv0g78_93p4tkv80000gn/T/jest_dx/jest-transform-cache-6d1ae2d6532dd7210cb26abc0cc662be-f76fc0f5a340d2e577c36707663f8d56/3e/index_3efa4d17872498cf792fb96717ddd325.map",
        "/Users/giacomotriggiano/github.com/gtriggiano/node-es-ddd-components/dist/main/lib/Repository/validateDefinition.js": "/var/folders/ly/3xdrrvz53lv0g78_93p4tkv80000gn/T/jest_dx/jest-transform-cache-6d1ae2d6532dd7210cb26abc0cc662be-f76fc0f5a340d2e577c36707663f8d56/27/validateDefinition_2787b69c24bf56545b5cad089505f85f.map",
        "/Users/giacomotriggiano/github.com/gtriggiano/node-es-ddd-components/dist/main/lib/Repository/InMemoryEventStore.js": "/var/folders/ly/3xdrrvz53lv0g78_93p4tkv80000gn/T/jest_dx/jest-transform-cache-6d1ae2d6532dd7210cb26abc0cc662be-f76fc0f5a340d2e577c36707663f8d56/bf/InMemoryEventStore_bf6e60456b494162759e9dcce463a90f.map",
        "/Users/giacomotriggiano/github.com/gtriggiano/node-es-ddd-components/dist/main/lib/Repository/InMemorySnapshotService.js": "/var/folders/ly/3xdrrvz53lv0g78_93p4tkv80000gn/T/jest_dx/jest-transform-cache-6d1ae2d6532dd7210cb26abc0cc662be-f76fc0f5a340d2e577c36707663f8d56/2f/InMemorySnapshotService_2fb658ae8460d5425f51bea7d7191969.map"
      },
      "skipped": false,
      "leaks": false
    },
    {
      "console": [],
      "failureMessage": null,
      "numFailingTests": 0,
      "numPassingTests": 7,
      "numPendingTests": 0,
      "perfStats": {
        "end": 1545400770552,
        "start": 1545400770461
      },
      "snapshot": {
        "added": 0,
        "fileDeleted": false,
        "matched": 0,
        "unchecked": 0,
        "unmatched": 0,
        "updated": 0,
        "uncheckedKeys": []
      },
      "testFilePath": "src/lib/CustomError/__tests__/The CustomError factory.spec.js",
      "testResults": [
        {
          "ancestorTitles": [
            "The CustomError() factory"
          ],
          "duration": 1,
          "failureMessages": [],
          "fullName": "The CustomError() factory is a function",
          "location": null,
          "numPassingAsserts": 0,
          "status": "passed",
          "title": "is a function"
        },
        {
          "ancestorTitles": [
            "CustomError(definition) throws `TypeError` when:"
          ],
          "duration": 1,
          "failureMessages": [],
          "fullName": "CustomError(definition) throws `TypeError` when: definition is not an object",
          "location": null,
          "numPassingAsserts": 0,
          "status": "passed",
          "title": "definition is not an object"
        },
        {
          "ancestorTitles": [
            "CustomError(definition) throws `TypeError` when:"
          ],
          "duration": 0,
          "failureMessages": [],
          "fullName": "CustomError(definition) throws `TypeError` when: definition.name is not a string starting with a letter and composed by letters, numbers and underscores only",
          "location": null,
          "numPassingAsserts": 0,
          "status": "passed",
          "title": "definition.name is not a string starting with a letter and composed by letters, numbers and underscores only"
        },
        {
          "ancestorTitles": [
            "CustomError(definition) returns an ErrorType() factory"
          ],
          "duration": 1,
          "failureMessages": [],
          "fullName": "CustomError(definition) returns an ErrorType() factory ErrorType is a function",
          "location": null,
          "numPassingAsserts": 0,
          "status": "passed",
          "title": "ErrorType is a function"
        },
        {
          "ancestorTitles": [
            "CustomError(definition) returns an ErrorType() factory"
          ],
          "duration": 0,
          "failureMessages": [],
          "fullName": "CustomError(definition) returns an ErrorType() factory ErrorType.name === definition.name",
          "location": null,
          "numPassingAsserts": 0,
          "status": "passed",
          "title": "ErrorType.name === definition.name"
        },
        {
          "ancestorTitles": [
            "CustomError(definition) returns an ErrorType() factory"
          ],
          "duration": 5,
          "failureMessages": [],
          "fullName": "CustomError(definition) returns an ErrorType() factory ErrorType is an error constructor",
          "location": null,
          "numPassingAsserts": 0,
          "status": "passed",
          "title": "ErrorType is an error constructor"
        },
        {
          "ancestorTitles": [
            "CustomError(definition) returns an ErrorType() factory"
          ],
          "duration": 0,
          "failureMessages": [],
          "fullName": "CustomError(definition) returns an ErrorType() factory ErrorType can be invoked without `new`",
          "location": null,
          "numPassingAsserts": 0,
          "status": "passed",
          "title": "ErrorType can be invoked without `new`"
        }
      ],
      "sourceMaps": {
        "/Users/giacomotriggiano/github.com/gtriggiano/node-es-ddd-components/dist/main/lib/index.js": "/var/folders/ly/3xdrrvz53lv0g78_93p4tkv80000gn/T/jest_dx/jest-transform-cache-6d1ae2d6532dd7210cb26abc0cc662be-f76fc0f5a340d2e577c36707663f8d56/e1/index_e1d2d189021c04a6435bacdbb808c947.map",
        "/Users/giacomotriggiano/github.com/gtriggiano/node-es-ddd-components/dist/main/lib/Aggregate/index.js": "/var/folders/ly/3xdrrvz53lv0g78_93p4tkv80000gn/T/jest_dx/jest-transform-cache-6d1ae2d6532dd7210cb26abc0cc662be-f76fc0f5a340d2e577c36707663f8d56/d1/index_d13524924ba8f82486fc8b4918b54da4.map",
        "/Users/giacomotriggiano/github.com/gtriggiano/node-es-ddd-components/dist/main/lib/CustomError/index.js": "/var/folders/ly/3xdrrvz53lv0g78_93p4tkv80000gn/T/jest_dx/jest-transform-cache-6d1ae2d6532dd7210cb26abc0cc662be-f76fc0f5a340d2e577c36707663f8d56/00/index_00edff78ad010043dac3c703cafca048.map",
        "/Users/giacomotriggiano/github.com/gtriggiano/node-es-ddd-components/dist/main/lib/CustomError/validateDefinition.js": "/var/folders/ly/3xdrrvz53lv0g78_93p4tkv80000gn/T/jest_dx/jest-transform-cache-6d1ae2d6532dd7210cb26abc0cc662be-f76fc0f5a340d2e577c36707663f8d56/e2/validateDefinition_e283c2c6ea4f99215470aa106cd84047.map",
        "/Users/giacomotriggiano/github.com/gtriggiano/node-es-ddd-components/dist/main/lib/utils/isValidName.js": "/var/folders/ly/3xdrrvz53lv0g78_93p4tkv80000gn/T/jest_dx/jest-transform-cache-6d1ae2d6532dd7210cb26abc0cc662be-f76fc0f5a340d2e577c36707663f8d56/54/isValidName_540dc713413f65bf80217d161e6b88eb.map",
        "/Users/giacomotriggiano/github.com/gtriggiano/node-es-ddd-components/dist/main/lib/utils/index.js": "/var/folders/ly/3xdrrvz53lv0g78_93p4tkv80000gn/T/jest_dx/jest-transform-cache-6d1ae2d6532dd7210cb26abc0cc662be-f76fc0f5a340d2e577c36707663f8d56/b2/index_b2c00f5ead65d072f8c5561f25961836.map",
        "/Users/giacomotriggiano/github.com/gtriggiano/node-es-ddd-components/dist/main/lib/utils/getDeserializer.js": "/var/folders/ly/3xdrrvz53lv0g78_93p4tkv80000gn/T/jest_dx/jest-transform-cache-6d1ae2d6532dd7210cb26abc0cc662be-f76fc0f5a340d2e577c36707663f8d56/d8/getDeserializer_d859f326946812e14afe3a5937385a54.map",
        "/Users/giacomotriggiano/github.com/gtriggiano/node-es-ddd-components/dist/main/lib/utils/getSerializer.js": "/var/folders/ly/3xdrrvz53lv0g78_93p4tkv80000gn/T/jest_dx/jest-transform-cache-6d1ae2d6532dd7210cb26abc0cc662be-f76fc0f5a340d2e577c36707663f8d56/a8/getSerializer_a8af3d15d1aa2f387f10219b519879f6.map",
        "/Users/giacomotriggiano/github.com/gtriggiano/node-es-ddd-components/dist/main/lib/utils/tuple.js": "/var/folders/ly/3xdrrvz53lv0g78_93p4tkv80000gn/T/jest_dx/jest-transform-cache-6d1ae2d6532dd7210cb26abc0cc662be-f76fc0f5a340d2e577c36707663f8d56/3c/tuple_3c397deeccbb723e856323be4e6d11bb.map",
        "/Users/giacomotriggiano/github.com/gtriggiano/node-es-ddd-components/dist/main/lib/Aggregate/aggregateUtils.js": "/var/folders/ly/3xdrrvz53lv0g78_93p4tkv80000gn/T/jest_dx/jest-transform-cache-6d1ae2d6532dd7210cb26abc0cc662be-f76fc0f5a340d2e577c36707663f8d56/b8/aggregateUtils_b847cbc83e1a31d27773213b5f5663d8.map",
        "/Users/giacomotriggiano/github.com/gtriggiano/node-es-ddd-components/dist/main/lib/Aggregate/CommandInterface.js": "/var/folders/ly/3xdrrvz53lv0g78_93p4tkv80000gn/T/jest_dx/jest-transform-cache-6d1ae2d6532dd7210cb26abc0cc662be-f76fc0f5a340d2e577c36707663f8d56/06/CommandInterface_062f6279b62735157a3a8ee124139111.map",
        "/Users/giacomotriggiano/github.com/gtriggiano/node-es-ddd-components/dist/main/lib/Aggregate/EmissionInterface.js": "/var/folders/ly/3xdrrvz53lv0g78_93p4tkv80000gn/T/jest_dx/jest-transform-cache-6d1ae2d6532dd7210cb26abc0cc662be-f76fc0f5a340d2e577c36707663f8d56/fa/EmissionInterface_fa35e3e02afc6573c31096e4cdb3229c.map",
        "/Users/giacomotriggiano/github.com/gtriggiano/node-es-ddd-components/dist/main/lib/Aggregate/ErrorInterface.js": "/var/folders/ly/3xdrrvz53lv0g78_93p4tkv80000gn/T/jest_dx/jest-transform-cache-6d1ae2d6532dd7210cb26abc0cc662be-f76fc0f5a340d2e577c36707663f8d56/37/ErrorInterface_37fe09b0429c98a4802bdbdb71fcf1f6.map",
        "/Users/giacomotriggiano/github.com/gtriggiano/node-es-ddd-components/dist/main/lib/Aggregate/QueryInterface.js": "/var/folders/ly/3xdrrvz53lv0g78_93p4tkv80000gn/T/jest_dx/jest-transform-cache-6d1ae2d6532dd7210cb26abc0cc662be-f76fc0f5a340d2e577c36707663f8d56/69/QueryInterface_69fd0f66a657741347b54b8d7b92bfde.map",
        "/Users/giacomotriggiano/github.com/gtriggiano/node-es-ddd-components/dist/main/lib/Aggregate/snapshotUtils.js": "/var/folders/ly/3xdrrvz53lv0g78_93p4tkv80000gn/T/jest_dx/jest-transform-cache-6d1ae2d6532dd7210cb26abc0cc662be-f76fc0f5a340d2e577c36707663f8d56/0c/snapshotUtils_0cad7fd8ebe804703679364f72d40657.map",
[...]
          "start": {
            "line": 100,
            "column": 2
          },
          "end": {
            "line": 100,
            "column": 6
          }
        },
        "41": {
          "start": {
            "line": 101,
            "column": 2
          },
          "end": {
            "line": 101,
            "column": 10
          }
        },
        "42": {
          "start": {
            "line": 106,
            "column": 6
          },
          "end": {
            "line": 106,
            "column": 59
          }
        },
        "43": {
          "start": {
            "line": 108,
            "column": 17
          },
          "end": {
            "line": 108,
            "column": 51
          }
        },
        "44": {
          "start": {
            "line": 108,
            "column": 31
          },
          "end": {
            "line": 108,
            "column": 51
          }
        },
        "45": {
          "start": {
            "line": 110,
            "column": 13
          },
          "end": {
            "line": 115,
            "column": 21
          }
        },
        "46": {
          "start": {
            "line": 111,
            "column": 2
          },
          "end": {
            "line": 115,
            "column": 21
          }
        },
        "47": {
          "start": {
            "line": 114,
            "column": 19
          },
          "end": {
            "line": 114,
            "column": 22
          }
        }
      },
      "fnMap": {
        "0": {
          "name": "(anonymous_2)",
          "decl": {
            "start": {
              "line": 22,
              "column": 34
            },
            "end": {
              "line": null,
              "column": -1
            }
          },
          "loc": {
            "start": {
              "line": 22,
              "column": 34
            },
            "end": {
              "line": 96,
              "column": 1
            }
          }
        },
        "1": {
          "name": "(anonymous_3)",
          "decl": {
            "start": {
              "line": 27,
              "column": 29
            },
            "end": {
              "line": 27,
              "column": 29
            }
          },
          "loc": {
            "start": {
              "line": 31,
              "column": 3
            },
            "end": {
              "line": 37,
              "column": 5
            }
          }
        },
        "2": {
          "name": "(anonymous_4)",
          "decl": {
            "start": {
              "line": 33,
              "column": 6
            },
            "end": {
              "line": 33,
              "column": 5
            }
          },
          "loc": {
            "start": {
              "line": 33,
              "column": 11
            },
            "end": {
              "line": 36,
              "column": 55
            }
          }
        },
        "3": {
          "name": "(anonymous_5)",
          "decl": {
            "start": {
              "line": 40,
              "column": 30
            },
            "end": {
              "line": 40,
              "column": 30
            }
          },
          "loc": {
            "start": {
              "line": 40,
              "column": 61
            },
            "end": {
              "line": 87,
              "column": 5
            }
          }
        },
        "4": {
          "name": "(anonymous_6)",
          "decl": {
            "start": {
              "line": 49,
              "column": 25
            },
            "end": {
              "line": 49,
              "column": 25
            }
          },
          "loc": {
            "start": {
              "line": 49,
              "column": 65
            },
            "end": {
              "line": 63,
              "column": 7
            }
          }
        },
        "5": {
          "name": "(anonymous_7)",
          "decl": {
            "start": {
              "line": 68,
              "column": 25
            },
            "end": {
              "line": 68,
              "column": 25
            }
          },
          "loc": {
            "start": {
              "line": 68,
              "column": 55
            },
            "end": {
              "line": 83,
              "column": 7
            }
          }
        },
        "6": {
          "name": "(anonymous_8)",
          "decl": {
            "start": {
              "line": 70,
              "column": 31
            },
            "end": {
              "line": 70,
              "column": 31
            }
          },
          "loc": {
            "start": {
              "line": 70,
              "column": 54
            },
            "end": {
              "line": 82,
              "column": 9
            }
          }
        },
        "7": {
          "name": "(anonymous_9)",
          "decl": {
            "start": {
              "line": 88,
              "column": 26
            },
            "end": {
              "line": 88,
              "column": 26
            }
          },
          "loc": {
            "start": {
              "line": 88,
              "column": 49
            },
            "end": {
              "line": 94,
              "column": 5
            }
          }
        },
        "8": {
          "name": "(anonymous_10)",
          "decl": {
            "start": {
              "line": 91,
              "column": 10
            },
            "end": {
              "line": 91,
              "column": 9
            }
          },
          "loc": {
            "start": {
              "line": 91,
              "column": 15
            },
            "end": {
              "line": 91,
              "column": 46
            }
          }
        },
        "9": {
          "name": "(anonymous_11)",
          "decl": {
            "start": {
              "line": 98,
              "column": 25
            },
            "end": {
              "line": 98,
              "column": 25
            }
          },
          "loc": {
            "start": {
              "line": 106,
              "column": 1
            },
            "end": {
              "line": 106,
              "column": 59
            }
          }
        },
        "10": {
          "name": "(anonymous_12)",
          "decl": {
            "start": {
              "line": 108,
              "column": 17
            },
            "end": {
              "line": 108,
              "column": 30
            }
          },
          "loc": {
            "start": {
              "line": 108,
              "column": 17
            },
            "end": {
              "line": 108,
              "column": 51
            }
          }
        },
        "11": {
          "name": "(anonymous_13)",
          "decl": {
            "start": {
              "line": 110,
              "column": 13
            },
            "end": {
              "line": 110,
              "column": 13
            }
          },
          "loc": {
            "start": {
              "line": 110,
              "column": 34
            },
            "end": {
              "line": 115,
              "column": 21
            }
          }
        },
        "12": {
          "name": "(anonymous_14)",
          "decl": {
            "start": {
              "line": 114,
              "column": 13
            },
            "end": {
              "line": 114,
              "column": 18
            }
          },
          "loc": {
            "start": {
              "line": 114,
              "column": 13
            },
            "end": {
              "line": 114,
              "column": 22
            }
          }
        }
      },
      "branchMap": {
        "0": {
          "loc": {
            "start": {
              "line": 34,
              "column": 8
            },
            "end": {
              "line": 34,
              "column": 53
            }
          },
          "type": "binary-expr",
          "locations": [
            {
              "start": {
                "line": 34,
                "column": 8
              },
              "end": {
                "line": 34,
                "column": 53
              }
            },
            {
              "start": {
                "line": 35,
                "column": 8
              },
              "end": {
                "line": 35,
                "column": 47
              }
            },
            {
              "start": {
                "line": 36,
                "column": 8
              },
              "end": {
                "line": 36,
                "column": 55
              }
            }
          ]
        },
        "1": {
          "loc": {
            "start": {
              "line": 40,
              "column": 43
            },
            "end": {
              "line": 40,
              "column": 61
            }
          },
          "type": "if",
          "locations": [
            {
              "start": {
                "line": 40,
                "column": 43
              },
              "end": {
                "line": 40,
                "column": 61
              }
            },
            {
              "start": {
                "line": 40,
                "column": 43
              },
              "end": {
                "line": 40,
                "column": 61
              }
            }
          ]
        },
        "2": {
          "loc": {
            "start": {
              "line": 50,
              "column": 8
            },
            "end": {
              "line": 50,
              "column": 51
            }
          },
          "type": "if",
          "locations": [
            {
              "start": {
                "line": 50,
                "column": 8
              },
              "end": {
                "line": 50,
                "column": 51
              }
            },
            {
              "start": {
                "line": 50,
                "column": 8
              },
              "end": {
                "line": 50,
                "column": 51
              }
            }
          ]
        },
        "3": {
          "loc": {
            "start": {
              "line": 54,
              "column": 8
            },
            "end": {
              "line": 54,
              "column": 71
            }
          },
          "type": "if",
          "locations": [
            {
              "start": {
                "line": 54,
                "column": 8
              },
              "end": {
                "line": 54,
                "column": 71
              }
            },
            {
              "start": {
                "line": 54,
                "column": 8
              },
              "end": {
                "line": 54,
                "column": 71
              }
            }
          ]
        },
        "4": {
          "loc": {
            "start": {
              "line": 54,
              "column": 12
            },
            "end": {
              "line": 54,
              "column": 43
            }
          },
          "type": "binary-expr",
          "locations": [
            {
              "start": {
                "line": 54,
                "column": 12
              },
              "end": {
                "line": 54,
                "column": 43
              }
            },
            {
              "start": {
                "line": 54,
                "column": 47
              },
              "end": {
                "line": 54,
                "column": 63
              }
            }
          ]
        },
        "5": {
          "loc": {
            "start": {
              "line": 55,
              "column": 8
            },
            "end": {
              "line": 55,
              "column": 65
            }
          },
          "type": "if",
          "locations": [
            {
              "start": {
                "line": 55,
                "column": 8
              },
              "end": {
                "line": 55,
                "column": 65
              }
            },
            {
              "start": {
                "line": 55,
                "column": 8
              },
              "end": {
                "line": 55,
                "column": 65
              }
            }
          ]
        },
        "6": {
          "loc": {
            "start": {
              "line": 60,
              "column": 14
            },
            "end": {
              "line": 60,
              "column": 80
            }
          },
          "type": "cond-expr",
          "locations": [
            {
              "start": {
                "line": 60,
                "column": 14
              },
              "end": {
                "line": 60,
                "column": 80
              }
            },
            {
              "start": {
                "line": 61,
                "column": 14
              },
              "end": {
                "line": 61,
                "column": 141
              }
            }
          ]
        },
        "7": {
          "loc": {
            "start": {
              "line": 106,
              "column": 38
            },
            "end": {
              "line": 106,
              "column": 52
            }
          },
          "type": "cond-expr",
          "locations": [
            {
              "start": {
                "line": 106,
                "column": 38
              },
              "end": {
                "line": 106,
                "column": 52
              }
            },
            {
              "start": {
                "line": 106,
                "column": 55
              },
              "end": {
                "line": 106,
                "column": 57
              }
            }
          ]
        },
        "8": {
          "loc": {
            "start": {
              "line": 112,
              "column": 6
            },
            "end": {
              "line": 112,
              "column": 7
            }
          },
          "type": "cond-expr",
          "locations": [
            {
              "start": {
                "line": 112,
                "column": 6
              },
              "end": {
                "line": 112,
                "column": 7
              }
            },
            {
              "start": {
                "line": 113,
                "column": 6
              },
              "end": {
                "line": 115,
                "column": 21
              }
            }
          ]
        }
      },
      "s": {
        "0": 16,
        "1": 16,
        "2": 16,
        "3": 19,
        "4": 19,
        "5": 48,
        "6": 45,
        "7": 19,
        "8": 9,
        "9": 9,
        "10": 9,
        "11": 11,
        "12": 11,
        "13": 11,
        "14": 0,
        "15": 11,
        "16": 11,
        "17": 11,
        "18": 0,
        "19": 11,
        "20": 11,
        "21": 0,
        "22": 0,
        "23": 0,
        "24": 9,
        "25": 11,
        "26": 11,
        "27": 11,
        "28": 11,
        "29": 18,
        "30": 18,
        "31": 18,
        "32": 18,
        "33": 18,
        "34": 18,
        "35": 9,
        "36": 26,
        "37": 27,
        "38": 16,
        "39": 0,
        "40": 0,
        "41": 0,
        "42": 0,
        "43": 16,
        "44": 18,
        "45": 16,
        "46": 18,
        "47": 342
      },
      "f": {
        "0": 19,
        "1": 48,
        "2": 45,
        "3": 9,
        "4": 11,
        "5": 11,
        "6": 18,
        "7": 26,
        "8": 27,
        "9": 0,
        "10": 18,
        "11": 18,
        "12": 342
      },
      "b": {
        "0": [
          45,
          45,
          45
        ],
        "1": [
          0,
          9
        ],
        "2": [
          0,
          11
        ],
        "3": [
          0,
          11
        ],
        "4": [
          11,
          0
        ],
        "5": [
          11,
          0
        ],
        "6": [
          0,
          0
        ],
        "7": [
          0,
          0
        ],
        "8": [
          0,
          18
        ]
      }
    },
    "/Users/giacomotriggiano/github.com/gtriggiano/node-es-ddd-components/src/lib/Repository/InMemorySnapshotService.ts": {
      "path": "/Users/giacomotriggiano/github.com/gtriggiano/node-es-ddd-components/src/lib/Repository/InMemorySnapshotService.ts",
      "statementMap": {
        "0": {
          "start": {
            "line": 10,
            "column": 13
          },
          "end": {
            "line": 27,
            "column": 1
          }
        },
        "1": {
          "start": {
            "line": 11,
            "column": 29
          },
          "end": {
            "line": 11,
            "column": 31
          }
        },
        "2": {
          "start": {
            "line": 13,
            "column": 32
          },
          "end": {
            "line": 13,
            "column": 80
          }
        },
        "3": {
          "start": {
            "line": 13,
            "column": 49
          },
          "end": {
            "line": 13,
            "column": 80
          }
        },
        "4": {
          "start": {
            "line": 15,
            "column": 32
          },
          "end": {
            "line": 21,
            "column": 3
          }
        },
        "5": {
          "start": {
            "line": 17,
            "column": 4
          },
          "end": {
            "line": 17,
            "column": 29
          }
        },
        "6": {
          "start": {
            "line": 20,
            "column": 4
          },
          "end": {
            "line": 20,
            "column": 28
          }
        },
        "7": {
          "start": {
            "line": 23,
            "column": 2
          },
          "end": {
            "line": 26,
            "column": 3
          }
        }
      },
      "fnMap": {
        "0": {
          "name": "(anonymous_0)",
          "decl": {
            "start": {
              "line": 10,
              "column": 39
            },
            "end": {
              "line": null,
              "column": -1
            }
          },
          "loc": {
            "start": {
              "line": 10,
              "column": 39
            },
            "end": {
              "line": 27,
              "column": 1
            }
          }
        },
        "1": {
          "name": "(anonymous_1)",
          "decl": {
            "start": {
              "line": 13,
              "column": 32
            },
            "end": {
              "line": 13,
              "column": 32
            }
          },
          "loc": {
            "start": {
              "line": 13,
              "column": 44
            },
            "end": {
              "line": 13,
              "column": 80
            }
          }
        },
        "2": {
          "name": "(anonymous_2)",
          "decl": {
            "start": {
              "line": 15,
              "column": 32
            },
            "end": {
              "line": 15,
              "column": 32
            }
          },
          "loc": {
            "start": {
              "line": 15,
              "column": 73
            },
            "end": {
              "line": 21,
              "column": 3
            }
          }
        }
      },
      "branchMap": {},
      "s": {
        "0": 16,
        "1": 19,
        "2": 19,
        "3": 25,
        "4": 19,
        "5": 2,
        "6": 2,
        "7": 19
      },
      "f": {
        "0": 19,
        "1": 25,
        "2": 2
      },
      "b": {}
    }
  }
}