<?xml version="1.0" encoding="UTF-8"?>
<coverage generated="1546180528828" clover="3.2.0">
  <project timestamp="1546180528828" name="All files">
    <metrics statements="394" coveredstatements="394" conditionals="177" coveredconditionals="177" methods="102" coveredmethods="102" elements="673" coveredelements="673" complexity="0" loc="394" ncloc="394" packages="6" files="24" classes="24">
      <package name="lib">
        <metrics statements="5" coveredstatements="5" conditionals="0" coveredconditionals="0" methods="0" coveredmethods="0"/>
        <file name="index.ts" path="/Users/giacomotriggiano/github.com/gtriggiano/node-es-ddd-components/src/lib/index.ts">
          <metrics statements="5" coveredstatements="5" conditionals="0" coveredconditionals="0" methods="0" coveredmethods="0"/>
          <line num="1" count="22" type="stmt"/>
          <line num="8" count="22" type="stmt"/>
          <line num="11" count="22" type="stmt"/>
          <line num="14" count="22" type="stmt"/>
          <line num="17" count="22" type="stmt"/>
        </file>
      </package>
      <package name="lib.Aggregate">
        <metrics statements="175" coveredstatements="175" conditionals="94" coveredconditionals="94" methods="48" coveredmethods="48"/>
        <file name="CommandInterface.ts" path="/Users/giacomotriggiano/github.com/gtriggiano/node-es-ddd-components/src/lib/Aggregate/CommandInterface.ts">
          <metrics statements="13" coveredstatements="13" conditionals="4" coveredconditionals="4" methods="5" coveredmethods="5"/>
          <line num="88" count="22" type="stmt"/>
          <line num="145" count="155" type="stmt"/>
          <line num="146" count="155" type="stmt"/>
          <line num="147" count="155" type="stmt"/>
          <line num="148" count="155" type="stmt"/>
          <line num="151" count="155" type="stmt"/>
          <line num="152" count="969" type="stmt"/>
          <line num="154" count="962" type="stmt"/>
          <line num="163" count="969" type="stmt"/>
          <line num="165" count="1693" type="stmt"/>
          <line num="174" count="969" type="stmt"/>
          <line num="183" count="969" type="stmt"/>
          <line num="186" count="71" type="stmt"/>
        </file>
        <file name="EmissionInterface.ts" path="/Users/giacomotriggiano/github.com/gtriggiano/node-es-ddd-components/src/lib/Aggregate/EmissionInterface.ts">
          <metrics statements="5" coveredstatements="5" conditionals="2" coveredconditionals="2" methods="3" coveredmethods="3"/>
          <line num="28" count="22" type="stmt"/>
          <line num="39" count="155" type="stmt"/>
          <line num="41" count="155" type="stmt"/>
          <line num="42" count="977" type="stmt"/>
          <line num="46" count="64" type="cond" truecount="2" falsecount="0"/>
        </file>
        <file name="ErrorInterface.ts" path="/Users/giacomotriggiano/github.com/gtriggiano/node-es-ddd-components/src/lib/Aggregate/ErrorInterface.ts">
          <metrics statements="4" coveredstatements="4" conditionals="0" coveredconditionals="0" methods="2" coveredmethods="2"/>
          <line num="20" count="22" type="stmt"/>
          <line num="29" count="155" type="stmt"/>
          <line num="31" count="155" type="stmt"/>
          <line num="33" count="1065" type="stmt"/>
        </file>
        <file name="QueryInterface.ts" path="/Users/giacomotriggiano/github.com/gtriggiano/node-es-ddd-components/src/lib/Aggregate/QueryInterface.ts">
          <metrics statements="5" coveredstatements="5" conditionals="0" coveredconditionals="0" methods="3" coveredmethods="3"/>
          <line num="24" count="22" type="stmt"/>
          <line num="36" count="155" type="stmt"/>
          <line num="38" count="155" type="stmt"/>
          <line num="40" count="855" type="stmt"/>
          <line num="43" count="48" type="stmt"/>
        </file>
        <file name="aggregateUtils.ts" path="/Users/giacomotriggiano/github.com/gtriggiano/node-es-ddd-components/src/lib/Aggregate/aggregateUtils.ts">
          <metrics statements="2" coveredstatements="2" conditionals="2" coveredconditionals="2" methods="1" coveredmethods="1"/>
          <line num="1" count="22" type="stmt"/>
          <line num="5" count="156" type="cond" truecount="2" falsecount="0"/>
        </file>
        <file name="index.ts" path="/Users/giacomotriggiano/github.com/gtriggiano/node-es-ddd-components/src/lib/Aggregate/index.ts">
          <metrics statements="77" coveredstatements="77" conditionals="24" coveredconditionals="24" methods="18" coveredmethods="18"/>
          <line num="1" count="22" type="stmt"/>
          <line num="14" count="22" type="stmt"/>
          <line num="16" count="22" type="stmt"/>
          <line num="17" count="22" type="stmt"/>
          <line num="24" count="22" type="stmt"/>
          <line num="25" count="22" type="stmt"/>
          <line num="35" count="22" type="stmt"/>
          <line num="36" count="22" type="stmt"/>
          <line num="48" count="22" type="stmt"/>
          <line num="49" count="22" type="stmt"/>
          <line num="51" count="22" type="stmt"/>
          <line num="52" count="22" type="stmt"/>
          <line num="53" count="22" type="stmt"/>
          <line num="59" count="22" type="stmt"/>
          <line num="66" count="22" type="stmt"/>
          <line num="73" count="22" type="stmt"/>
          <line num="122" count="126" type="stmt"/>
          <line num="124" count="126" type="stmt"/>
          <line num="127" count="31" type="stmt"/>
          <line num="131" count="95" type="stmt"/>
          <line num="132" count="95" type="stmt"/>
          <line num="133" count="95" type="stmt"/>
          <line num="134" count="95" type="stmt"/>
          <line num="135" count="95" type="stmt"/>
          <line num="136" count="95" type="stmt"/>
          <line num="137" count="95" type="stmt"/>
          <line num="138" count="95" type="stmt"/>
          <line num="139" count="95" type="stmt"/>
          <line num="140" count="95" type="stmt"/>
          <line num="141" count="95" type="stmt"/>
          <line num="142" count="95" type="stmt"/>
          <line num="143" count="95" type="stmt"/>
          <line num="146" count="95" type="stmt"/>
          <line num="147" count="95" type="stmt"/>
          <line num="148" count="95" type="stmt"/>
          <line num="149" count="95" type="stmt"/>
          <line num="150" count="616" type="stmt"/>
          <line num="157" count="95" type="stmt"/>
          <line num="171" count="168" type="cond" truecount="2" falsecount="0"/>
          <line num="174" count="168" type="stmt"/>
          <line num="175" count="168" type="stmt"/>
          <line num="182" count="12" type="stmt"/>
          <line num="185" count="156" type="stmt"/>
          <line num="187" count="156" type="stmt"/>
          <line num="190" count="45" type="stmt"/>
          <line num="191" count="45" type="stmt"/>
          <line num="194" count="1" type="stmt"/>
          <line num="199" count="1" type="stmt"/>
          <line num="206" count="155" type="stmt"/>
          <line num="211" count="155" type="stmt"/>
          <line num="214" count="155" type="stmt"/>
          <line num="216" count="155" type="cond" truecount="2" falsecount="0"/>
          <line num="219" count="155" type="cond" truecount="3" falsecount="0"/>
          <line num="221" count="155" type="stmt"/>
          <line num="223" count="155" type="stmt"/>
          <line num="229" count="48" type="stmt"/>
          <line num="232" count="155" type="stmt"/>
          <line num="239" count="155" type="stmt"/>
          <line num="247" count="64" type="stmt"/>
          <line num="248" count="64" type="stmt"/>
          <line num="249" count="64" type="stmt"/>
          <line num="258" count="155" type="stmt"/>
          <line num="281" count="155" type="stmt"/>
          <line num="287" count="3" type="stmt"/>
          <line num="290" count="1" type="stmt"/>
          <line num="295" count="32" type="cond" truecount="2" falsecount="0"/>
          <line num="297" count="37" type="stmt"/>
          <line num="298" count="15" type="stmt"/>
          <line num="300" count="3" type="stmt"/>
          <line num="306" count="28" type="stmt"/>
          <line num="313" count="4" type="stmt"/>
          <line num="319" count="95" type="stmt"/>
          <line num="321" count="95" type="stmt"/>
          <line num="326" count="1" type="stmt"/>
          <line num="330" count="4" type="cond" truecount="3" falsecount="0"/>
          <line num="336" count="22" type="stmt"/>
          <line num="337" count="71" type="cond" truecount="2" falsecount="0"/>
        </file>
        <file name="snapshotUtils.ts" path="/Users/giacomotriggiano/github.com/gtriggiano/node-es-ddd-components/src/lib/Aggregate/snapshotUtils.ts">
          <metrics statements="4" coveredstatements="4" conditionals="2" coveredconditionals="2" methods="2" coveredmethods="2"/>
          <line num="6" count="22" type="stmt"/>
          <line num="10" count="95" type="cond" truecount="2" falsecount="0"/>
          <line num="17" count="22" type="stmt"/>
          <line num="18" count="155" type="stmt"/>
        </file>
        <file name="validateConstructorProps.ts" path="/Users/giacomotriggiano/github.com/gtriggiano/node-es-ddd-components/src/lib/Aggregate/validateConstructorProps.ts">
          <metrics statements="20" coveredstatements="20" conditionals="21" coveredconditionals="21" methods="6" coveredmethods="6"/>
          <line num="1" count="22" type="stmt"/>
          <line num="2" count="22" type="stmt"/>
          <line num="4" count="22" type="stmt"/>
          <line num="13" count="22" type="stmt"/>
          <line num="14" count="168" type="stmt"/>
          <line num="15" count="168" type="stmt"/>
          <line num="16" count="168" type="stmt"/>
          <line num="17" count="168" type="stmt"/>
          <line num="19" count="168" type="stmt"/>
          <line num="25" count="162" type="stmt"/>
          <line num="31" count="159" type="stmt"/>
          <line num="37" count="22" type="stmt"/>
          <line num="38" count="158" type="cond" truecount="2" falsecount="0"/>
          <line num="41" count="22" type="stmt"/>
          <line num="42" count="14" type="stmt"/>
          <line num="50" count="22" type="stmt"/>
          <line num="53" count="157" type="stmt"/>
          <line num="54" count="46" type="cond" truecount="2" falsecount="0"/>
          <line num="59" count="22" type="stmt"/>
          <line num="60" count="46" type="cond" truecount="3" falsecount="0"/>
        </file>
        <file name="validateDefinition.ts" path="/Users/giacomotriggiano/github.com/gtriggiano/node-es-ddd-components/src/lib/Aggregate/validateDefinition.ts">
          <metrics statements="45" coveredstatements="45" conditionals="39" coveredconditionals="39" methods="8" coveredmethods="8"/>
          <line num="1" count="22" type="stmt"/>
          <line num="2" count="22" type="stmt"/>
          <line num="12" count="22" type="stmt"/>
          <line num="14" count="22" type="stmt"/>
          <line num="15" count="126" type="stmt"/>
          <line num="18" count="124" type="stmt"/>
          <line num="19" count="124" type="stmt"/>
          <line num="20" count="124" type="stmt"/>
          <line num="21" count="124" type="stmt"/>
          <line num="22" count="124" type="stmt"/>
          <line num="23" count="124" type="stmt"/>
          <line num="24" count="124" type="stmt"/>
          <line num="25" count="124" type="stmt"/>
          <line num="26" count="124" type="stmt"/>
          <line num="27" count="124" type="stmt"/>
          <line num="28" count="124" type="stmt"/>
          <line num="29" count="124" type="stmt"/>
          <line num="30" count="124" type="stmt"/>
          <line num="33" count="124" type="stmt"/>
          <line num="38" count="123" type="stmt"/>
          <line num="43" count="120" type="stmt"/>
          <line num="45" count="117" type="stmt"/>
          <line num="50" count="116" type="stmt"/>
          <line num="55" count="112" type="stmt"/>
          <line num="63" count="109" type="stmt"/>
          <line num="67" count="624" type="stmt"/>
          <line num="68" count="108" type="stmt"/>
          <line num="73" count="107" type="stmt"/>
          <line num="78" count="665" type="stmt"/>
          <line num="79" count="106" type="stmt"/>
          <line num="84" count="716" type="stmt"/>
          <line num="85" count="105" type="stmt"/>
          <line num="90" count="104" type="stmt"/>
          <line num="95" count="680" type="stmt"/>
          <line num="96" count="104" type="stmt"/>
          <line num="101" count="103" type="stmt"/>
          <line num="106" count="102" type="stmt"/>
          <line num="112" count="99" type="stmt"/>
          <line num="116" count="97" type="stmt"/>
          <line num="122" count="22" type="stmt"/>
          <line num="123" count="680" type="stmt"/>
          <line num="131" count="22" type="stmt"/>
          <line num="132" count="673" type="stmt"/>
          <line num="146" count="22" type="stmt"/>
          <line num="147" count="631" type="stmt"/>
        </file>
      </package>
      <package name="lib.CustomError">
        <metrics statements="21" coveredstatements="21" conditionals="9" coveredconditionals="9" methods="6" coveredmethods="6"/>
        <file name="index.ts" path="/Users/giacomotriggiano/github.com/gtriggiano/node-es-ddd-components/src/lib/CustomError/index.ts">
          <metrics statements="14" coveredstatements="14" conditionals="9" coveredconditionals="9" methods="5" coveredmethods="5"/>
          <line num="7" count="22" type="stmt"/>
          <line num="9" count="22" type="stmt"/>
          <line num="15" count="303" type="stmt"/>
          <line num="17" count="303" type="stmt"/>
          <line num="20" count="5" type="stmt"/>
          <line num="23" count="298" type="stmt"/>
          <line num="24" count="298" type="stmt"/>
          <line num="25" count="109" type="cond" truecount="2" falsecount="0"/>
          <line num="26" count="109" type="stmt"/>
          <line num="37" count="298" type="stmt"/>
          <line num="40" count="86" type="cond" truecount="3" falsecount="0"/>
          <line num="45" count="22" type="stmt"/>
          <line num="49" count="1390" type="stmt"/>
          <line num="50" count="109" type="stmt"/>
        </file>
        <file name="validateDefinition.ts" path="/Users/giacomotriggiano/github.com/gtriggiano/node-es-ddd-components/src/lib/CustomError/validateDefinition.ts">
          <metrics statements="7" coveredstatements="7" conditionals="0" coveredconditionals="0" methods="1" coveredmethods="1"/>
          <line num="1" count="22" type="stmt"/>
          <line num="2" count="22" type="stmt"/>
          <line num="4" count="22" type="stmt"/>
          <line num="6" count="22" type="stmt"/>
          <line num="7" count="303" type="stmt"/>
          <line num="9" count="300" type="stmt"/>
          <line num="11" count="300" type="stmt"/>
        </file>
      </package>
      <package name="lib.DomainEvent">
        <metrics statements="43" coveredstatements="43" conditionals="14" coveredconditionals="14" methods="9" coveredmethods="9"/>
        <file name="index.ts" path="/Users/giacomotriggiano/github.com/gtriggiano/node-es-ddd-components/src/lib/DomainEvent/index.ts">
          <metrics statements="28" coveredstatements="28" conditionals="8" coveredconditionals="8" methods="8" coveredmethods="8"/>
          <line num="1" count="22" type="stmt"/>
          <line num="4" count="22" type="stmt"/>
          <line num="5" count="22" type="stmt"/>
          <line num="13" count="22" type="stmt"/>
          <line num="15" count="22" type="stmt"/>
          <line num="22" count="22" type="stmt"/>
          <line num="29" count="78" type="stmt"/>
          <line num="31" count="78" type="stmt"/>
          <line num="34" count="14" type="stmt"/>
          <line num="38" count="64" type="stmt"/>
          <line num="39" count="64" type="stmt"/>
          <line num="40" count="64" type="stmt"/>
          <line num="41" count="64" type="stmt"/>
          <line num="42" count="64" type="stmt"/>
          <line num="45" count="64" type="stmt"/>
          <line num="46" count="64" type="stmt"/>
          <line num="51" count="117" type="stmt"/>
          <line num="53" count="117" type="stmt"/>
          <line num="55" count="117" type="stmt"/>
          <line num="59" count="111" type="stmt"/>
          <line num="63" count="43" type="cond" truecount="2" falsecount="0"/>
          <line num="66" count="41" type="stmt"/>
          <line num="68" count="41" type="stmt"/>
          <line num="76" count="64" type="stmt"/>
          <line num="81" count="44" type="stmt"/>
          <line num="86" count="3" type="cond" truecount="2" falsecount="0"/>
          <line num="92" count="22" type="stmt"/>
          <line num="95" count="1" type="cond" truecount="2" falsecount="0"/>
        </file>
        <file name="validateDefinition.ts" path="/Users/giacomotriggiano/github.com/gtriggiano/node-es-ddd-components/src/lib/DomainEvent/validateDefinition.ts">
          <metrics statements="15" coveredstatements="15" conditionals="6" coveredconditionals="6" methods="1" coveredmethods="1"/>
          <line num="1" count="22" type="stmt"/>
          <line num="2" count="22" type="stmt"/>
          <line num="4" count="22" type="stmt"/>
          <line num="6" count="22" type="stmt"/>
          <line num="7" count="78" type="stmt"/>
          <line num="10" count="76" type="stmt"/>
          <line num="11" count="76" type="stmt"/>
          <line num="12" count="76" type="stmt"/>
          <line num="13" count="76" type="stmt"/>
          <line num="14" count="76" type="stmt"/>
          <line num="17" count="76" type="stmt"/>
          <line num="18" count="73" type="stmt"/>
          <line num="22" count="70" type="stmt"/>
          <line num="23" count="68" type="stmt"/>
          <line num="27" count="66" type="stmt"/>
        </file>
      </package>
      <package name="lib.Repository">
        <metrics statements="125" coveredstatements="125" conditionals="50" coveredconditionals="50" methods="33" coveredmethods="33"/>
        <file name="InMemoryEventStore.ts" path="/Users/giacomotriggiano/github.com/gtriggiano/node-es-ddd-components/src/lib/Repository/InMemoryEventStore.ts">
          <metrics statements="38" coveredstatements="38" conditionals="23" coveredconditionals="23" methods="13" coveredmethods="13"/>
          <line num="1" count="22" type="stmt"/>
          <line num="20" count="22" type="stmt"/>
          <line num="22" count="35" type="stmt"/>
          <line num="25" count="35" type="stmt"/>
          <line num="30" count="63" type="stmt"/>
          <line num="33" count="62" type="cond" truecount="3" falsecount="0"/>
          <line num="37" count="48" type="stmt"/>
          <line num="39" count="42" type="stmt"/>
          <line num="41" count="35" type="stmt"/>
          <line num="42" count="34" type="cond" truecount="2" falsecount="0"/>
          <line num="44" count="24" type="stmt"/>
          <line num="51" count="27" type="stmt"/>
          <line num="52" count="27" type="cond" truecount="2" falsecount="0"/>
          <line num="54" count="25" type="stmt"/>
          <line num="55" count="25" type="stmt"/>
          <line num="56" count="25" type="cond" truecount="4" falsecount="0"/>
          <line num="57" count="24" type="cond" truecount="2" falsecount="0"/>
          <line num="59" count="5" type="stmt"/>
          <line num="61" count="5" type="stmt"/>
          <line num="64" count="5" type="stmt"/>
          <line num="65" count="5" type="stmt"/>
          <line num="67" count="5" type="stmt"/>
          <line num="73" count="22" type="stmt"/>
          <line num="74" count="42" type="stmt"/>
          <line num="75" count="42" type="stmt"/>
          <line num="82" count="42" type="stmt"/>
          <line num="83" count="42" type="stmt"/>
          <line num="88" count="19" type="stmt"/>
          <line num="90" count="39" type="cond" truecount="2" falsecount="0"/>
          <line num="91" count="38" type="stmt"/>
          <line num="96" count="22" type="stmt"/>
          <line num="97" count="5" type="stmt"/>
          <line num="98" count="5" type="stmt"/>
          <line num="99" count="5" type="stmt"/>
          <line num="104" count="5" type="cond" truecount="2" falsecount="0"/>
          <line num="106" count="103" type="cond" truecount="2" falsecount="0"/>
          <line num="107" count="53" type="stmt"/>
          <line num="110" count="488" type="stmt"/>
        </file>
        <file name="InMemorySnapshotService.ts" path="/Users/giacomotriggiano/github.com/gtriggiano/node-es-ddd-components/src/lib/Repository/InMemorySnapshotService.ts">
          <metrics statements="7" coveredstatements="7" conditionals="0" coveredconditionals="0" methods="3" coveredmethods="3"/>
          <line num="1" count="22" type="stmt"/>
          <line num="10" count="22" type="stmt"/>
          <line num="11" count="32" type="stmt"/>
          <line num="13" count="38" type="stmt"/>
          <line num="15" count="32" type="stmt"/>
          <line num="20" count="4" type="stmt"/>
          <line num="24" count="32" type="stmt"/>
        </file>
        <file name="index.ts" path="/Users/giacomotriggiano/github.com/gtriggiano/node-es-ddd-components/src/lib/Repository/index.ts">
          <metrics statements="55" coveredstatements="55" conditionals="18" coveredconditionals="18" methods="13" coveredmethods="13"/>
          <line num="1" count="22" type="stmt"/>
          <line num="3" count="22" type="stmt"/>
          <line num="5" count="22" type="stmt"/>
          <line num="12" count="22" type="stmt"/>
          <line num="13" count="22" type="stmt"/>
          <line num="19" count="22" type="stmt"/>
          <line num="24" count="22" type="stmt"/>
          <line num="31" count="22" type="stmt"/>
          <line num="38" count="22" type="stmt"/>
          <line num="45" count="22" type="stmt"/>
          <line num="51" count="22" type="stmt"/>
          <line num="58" count="44" type="stmt"/>
          <line num="63" count="44" type="stmt"/>
          <line num="65" count="44" type="stmt"/>
          <line num="68" count="13" type="stmt"/>
          <line num="72" count="31" type="stmt"/>
          <line num="73" count="31" type="stmt"/>
          <line num="74" count="31" type="stmt"/>
          <line num="77" count="31" type="stmt"/>
          <line num="80" count="37" type="stmt"/>
          <line num="81" count="74" type="stmt"/>
          <line num="85" count="2" type="cond" truecount="2" falsecount="0"/>
          <line num="87" count="1" type="stmt"/>
          <line num="91" count="1" type="stmt"/>
          <line num="92" count="37" type="stmt"/>
          <line num="95" count="2" type="stmt"/>
          <line num="97" count="35" type="stmt"/>
          <line num="100" count="35" type="cond" truecount="4" falsecount="0"/>
          <line num="101" count="2" type="stmt"/>
          <line num="110" count="35" type="stmt"/>
          <line num="115" count="31" type="stmt"/>
          <line num="117" count="34" type="stmt"/>
          <line num="118" count="34" type="stmt"/>
          <line num="120" count="4" type="stmt"/>
          <line num="126" count="30" type="stmt"/>
          <line num="131" count="31" type="stmt"/>
          <line num="133" count="25" type="stmt"/>
          <line num="134" count="25" type="stmt"/>
          <line num="136" count="4" type="stmt"/>
          <line num="142" count="21" type="stmt"/>
          <line num="143" count="26" type="stmt"/>
          <line num="145" count="19" type="stmt"/>
          <line num="147" count="25" type="stmt"/>
          <line num="151" count="19" type="stmt"/>
          <line num="152" count="19" type="stmt"/>
          <line num="164" count="21" type="stmt"/>
          <line num="168" count="4" type="stmt"/>
          <line num="171" count="4" type="stmt"/>
          <line num="177" count="21" type="stmt"/>
          <line num="178" count="17" type="stmt"/>
          <line num="179" count="16" type="stmt"/>
          <line num="183" count="1" type="stmt"/>
          <line num="187" count="31" type="stmt"/>
          <line num="190" count="22" type="stmt"/>
          <line num="191" count="22" type="stmt"/>
        </file>
        <file name="validateAggregatesList.ts" path="/Users/giacomotriggiano/github.com/gtriggiano/node-es-ddd-components/src/lib/Repository/validateAggregatesList.ts">
          <metrics statements="13" coveredstatements="13" conditionals="5" coveredconditionals="5" methods="3" coveredmethods="3"/>
          <line num="1" count="22" type="stmt"/>
          <line num="2" count="22" type="stmt"/>
          <line num="4" count="22" type="stmt"/>
          <line num="11" count="22" type="stmt"/>
          <line num="12" count="68" type="stmt"/>
          <line num="13" count="68" type="stmt"/>
          <line num="14" count="68" type="stmt"/>
          <line num="19" count="68" type="cond" truecount="2" falsecount="0"/>
          <line num="21" count="22" type="stmt"/>
          <line num="22" count="59" type="stmt"/>
          <line num="23" count="57" type="stmt"/>
          <line num="27" count="74" type="cond" truecount="3" falsecount="0"/>
          <line num="31" count="53" type="stmt"/>
        </file>
        <file name="validateDefinition.ts" path="/Users/giacomotriggiano/github.com/gtriggiano/node-es-ddd-components/src/lib/Repository/validateDefinition.ts">
          <metrics statements="12" coveredstatements="12" conditionals="4" coveredconditionals="4" methods="1" coveredmethods="1"/>
          <line num="1" count="22" type="stmt"/>
          <line num="2" count="22" type="stmt"/>
          <line num="4" count="22" type="stmt"/>
          <line num="5" count="44" type="stmt"/>
          <line num="7" count="42" type="stmt"/>
          <line num="9" count="42" type="stmt"/>
          <line num="10" count="39" type="stmt"/>
          <line num="14" count="37" type="stmt"/>
          <line num="19" count="36" type="stmt"/>
          <line num="25" count="34" type="cond" truecount="2" falsecount="0"/>
          <line num="26" count="32" type="stmt"/>
          <line num="30" count="30" type="stmt"/>
        </file>
      </package>
      <package name="lib.utils">
        <metrics statements="25" coveredstatements="25" conditionals="10" coveredconditionals="10" methods="6" coveredmethods="6"/>
        <file name="getDeserializer.ts" path="/Users/giacomotriggiano/github.com/gtriggiano/node-es-ddd-components/src/lib/utils/getDeserializer.ts">
          <metrics statements="8" coveredstatements="8" conditionals="4" coveredconditionals="4" methods="2" coveredmethods="2"/>
          <line num="1" count="22" type="stmt"/>
          <line num="7" count="22" type="stmt"/>
          <line num="16" count="22" type="stmt"/>
          <line num="20" count="166" type="cond" truecount="2" falsecount="0"/>
          <line num="21" count="166" type="stmt"/>
          <line num="22" count="62" type="stmt"/>
          <line num="23" count="62" type="stmt"/>
          <line num="25" count="5" type="cond" truecount="2" falsecount="0"/>
        </file>
        <file name="getSerializer.ts" path="/Users/giacomotriggiano/github.com/gtriggiano/node-es-ddd-components/src/lib/utils/getSerializer.ts">
          <metrics statements="8" coveredstatements="8" conditionals="4" coveredconditionals="4" methods="2" coveredmethods="2"/>
          <line num="1" count="22" type="stmt"/>
          <line num="7" count="22" type="stmt"/>
          <line num="13" count="22" type="stmt"/>
          <line num="17" count="166" type="cond" truecount="2" falsecount="0"/>
          <line num="18" count="166" type="stmt"/>
          <line num="19" count="66" type="stmt"/>
          <line num="20" count="66" type="stmt"/>
          <line num="22" count="5" type="cond" truecount="2" falsecount="0"/>
        </file>
        <file name="index.ts" path="/Users/giacomotriggiano/github.com/gtriggiano/node-es-ddd-components/src/lib/utils/index.ts">
          <metrics statements="4" coveredstatements="4" conditionals="0" coveredconditionals="0" methods="0" coveredmethods="0"/>
          <line num="1" count="22" type="stmt"/>
          <line num="2" count="22" type="stmt"/>
          <line num="3" count="22" type="stmt"/>
          <line num="4" count="22" type="stmt"/>
        </file>
        <file name="isValidName.ts" path="/Users/giacomotriggiano/github.com/gtriggiano/node-es-ddd-components/src/lib/utils/isValidName.ts">
          <metrics statements="4" coveredstatements="4" conditionals="2" coveredconditionals="2" methods="1" coveredmethods="1"/>
          <line num="1" count="22" type="stmt"/>
          <line num="3" count="22" type="stmt"/>
          <line num="4" count="4538" type="cond" truecount="2" falsecount="0"/>
          <line num="7" count="22" type="stmt"/>
        </file>
        <file name="tuple.ts" path="/Users/giacomotriggiano/github.com/gtriggiano/node-es-ddd-components/src/lib/utils/tuple.ts">
          <metrics statements="1" coveredstatements="1" conditionals="0" coveredconditionals="0" methods="1" coveredmethods="1"/>
          <line num="4" count="286" type="stmt"/>
        </file>
      </package>
    </metrics>
  </project>
</coverage>
