{"/Users/giacomotriggiano/github.com/gtriggiano/node-es-ddd-components/src/lib/index.ts": {"path":"/Users/giacomotriggiano/github.com/gtriggiano/node-es-ddd-components/src/lib/index.ts","statementMap":{"0":{"start":{"line":1,"column":0},"end":{"line":1,"column":27}},"1":{"start":{"line":8,"column":0},"end":{"line":8,"column":29}},"2":{"start":{"line":11,"column":0},"end":{"line":11,"column":29}},"3":{"start":{"line":14,"column":0},"end":{"line":14,"column":28}},"4":{"start":{"line":16,"column":0},"end":{"line":16,"column":23}}},"fnMap":{},"branchMap":{},"s":{"0":17,"1":17,"2":17,"3":17,"4":17},"f":{},"b":{}}
,"/Users/giacomotriggiano/github.com/gtriggiano/node-es-ddd-components/src/lib/Aggregate/CommandInterface.ts": {"path":"/Users/giacomotriggiano/github.com/gtriggiano/node-es-ddd-components/src/lib/Aggregate/CommandInterface.ts","statementMap":{"0":{"start":{"line":128,"column":4},"end":{"line":128,"column":18}},"1":{"start":{"line":129,"column":4},"end":{"line":129,"column":18}},"2":{"start":{"line":130,"column":4},"end":{"line":130,"column":21}},"3":{"start":{"line":131,"column":4},"end":{"line":131,"column":21}},"4":{"start":{"line":134,"column":2},"end":{"line":181,"column":3}},"5":{"start":{"line":135,"column":38},"end":{"line":144,"column":5}},"6":{"start":{"line":137,"column":8},"end":{"line":142,"column":30}},"7":{"start":{"line":146,"column":35},"end":{"line":155,"column":5}},"8":{"start":{"line":148,"column":8},"end":{"line":153,"column":27}},"9":{"start":{"line":157,"column":43},"end":{"line":164,"column":5}},"10":{"start":{"line":166,"column":4},"end":{"line":173,"column":6}},"11":{"start":{"line":169,"column":25},"end":{"line":169,"column":79}},"12":{"start":{"line":78,"column":0},"end":{"line":182,"column":1}}},"fnMap":{"0":{"name":"CommandInterface","decl":{"start":{"line":78,"column":24},"end":{"line":78,"column":40}},"loc":{"start":{"line":118,"column":3},"end":{"line":182,"column":1}}},"1":{"name":"(anonymous_1)","decl":{"start":{"line":134,"column":34},"end":{"line":134,"column":34}},"loc":{"start":{"line":134,"column":60},"end":{"line":174,"column":3}}},"2":{"name":"(anonymous_2)","decl":{"start":{"line":136,"column":6},"end":{"line":136,"column":6}},"loc":{"start":{"line":136,"column":36},"end":{"line":142,"column":30}}},"3":{"name":"(anonymous_3)","decl":{"start":{"line":147,"column":6},"end":{"line":147,"column":6}},"loc":{"start":{"line":147,"column":33},"end":{"line":153,"column":27}}},"4":{"name":"(anonymous_4)","decl":{"start":{"line":169,"column":8},"end":{"line":169,"column":8}},"loc":{"start":{"line":169,"column":20},"end":{"line":169,"column":79}}}},"branchMap":{"0":{"loc":{"start":{"line":138,"column":12},"end":{"line":141,"column":14}},"type":"cond-expr","locations":[{"start":{"line":138,"column":12},"end":{"line":141,"column":14}},{"start":{"line":142,"column":12},"end":{"line":142,"column":30}}]},"1":{"loc":{"start":{"line":149,"column":12},"end":{"line":152,"column":14}},"type":"cond-expr","locations":[{"start":{"line":149,"column":12},"end":{"line":152,"column":14}},{"start":{"line":153,"column":12},"end":{"line":153,"column":27}}]}},"s":{"0":91,"1":91,"2":91,"3":91,"4":91,"5":637,"6":647,"7":637,"8":1193,"9":637,"10":637,"11":27,"12":17},"f":{"0":91,"1":637,"2":647,"3":1193,"4":27},"b":{"0":[637,10],"1":[1183,10]}}
,"/Users/giacomotriggiano/github.com/gtriggiano/node-es-ddd-components/src/lib/Aggregate/EmissionInterface.ts": {"path":"/Users/giacomotriggiano/github.com/gtriggiano/node-es-ddd-components/src/lib/Aggregate/EmissionInterface.ts","statementMap":{"0":{"start":{"line":35,"column":10},"end":{"line":35,"column":25}},"1":{"start":{"line":35,"column":27},"end":{"line":35,"column":37}},"2":{"start":{"line":37,"column":2},"end":{"line":47,"column":73}},"3":{"start":{"line":38,"column":4},"end":{"line":46,"column":6}},"4":{"start":{"line":42,"column":10},"end":{"line":42,"column":59}},"5":{"start":{"line":28,"column":0},"end":{"line":48,"column":1}}},"fnMap":{"0":{"name":"EmissionInterface","decl":{"start":{"line":28,"column":24},"end":{"line":28,"column":41}},"loc":{"start":{"line":33,"column":58},"end":{"line":48,"column":1}}},"1":{"name":"(anonymous_1)","decl":{"start":{"line":37,"column":32},"end":{"line":37,"column":32}},"loc":{"start":{"line":37,"column":58},"end":{"line":47,"column":3}}},"2":{"name":"(anonymous_2)","decl":{"start":{"line":41,"column":8},"end":{"line":41,"column":8}},"loc":{"start":{"line":41,"column":59},"end":{"line":42,"column":59}}}},"branchMap":{"0":{"loc":{"start":{"line":42,"column":36},"end":{"line":42,"column":53}},"type":"binary-expr","locations":[{"start":{"line":42,"column":36},"end":{"line":42,"column":53}},{"start":{"line":42,"column":57},"end":{"line":42,"column":58}}]}},"s":{"0":91,"1":91,"2":91,"3":637,"4":27,"5":17},"f":{"0":91,"1":637,"2":27},"b":{"0":[27,27]}}
,"/Users/giacomotriggiano/github.com/gtriggiano/node-es-ddd-components/src/lib/Aggregate/ErrorInterface.ts": {"path":"/Users/giacomotriggiano/github.com/gtriggiano/node-es-ddd-components/src/lib/Aggregate/ErrorInterface.ts","statementMap":{"0":{"start":{"line":23,"column":10},"end":{"line":23,"column":24}},"1":{"start":{"line":25,"column":2},"end":{"line":31,"column":58}},"2":{"start":{"line":27,"column":6},"end":{"line":29,"column":8}},"3":{"start":{"line":17,"column":0},"end":{"line":32,"column":1}}},"fnMap":{"0":{"name":"ErrorInterface","decl":{"start":{"line":17,"column":24},"end":{"line":17,"column":38}},"loc":{"start":{"line":21,"column":48},"end":{"line":32,"column":1}}},"1":{"name":"(anonymous_1)","decl":{"start":{"line":26,"column":4},"end":{"line":26,"column":4}},"loc":{"start":{"line":26,"column":26},"end":{"line":29,"column":8}}}},"branchMap":{},"s":{"0":91,"1":91,"2":637,"3":17},"f":{"0":91,"1":637},"b":{}}
,"/Users/giacomotriggiano/github.com/gtriggiano/node-es-ddd-components/src/lib/Aggregate/QueryInterface.ts": {"path":"/Users/giacomotriggiano/github.com/gtriggiano/node-es-ddd-components/src/lib/Aggregate/QueryInterface.ts","statementMap":{"0":{"start":{"line":36,"column":10},"end":{"line":36,"column":18}},"1":{"start":{"line":36,"column":20},"end":{"line":36,"column":36}},"2":{"start":{"line":38,"column":2},"end":{"line":49,"column":61}},"3":{"start":{"line":40,"column":6},"end":{"line":47,"column":8}},"4":{"start":{"line":43,"column":27},"end":{"line":43,"column":59}},"5":{"start":{"line":24,"column":0},"end":{"line":50,"column":1}}},"fnMap":{"0":{"name":"QueryInterface","decl":{"start":{"line":24,"column":24},"end":{"line":24,"column":38}},"loc":{"start":{"line":34,"column":51},"end":{"line":50,"column":1}}},"1":{"name":"(anonymous_1)","decl":{"start":{"line":39,"column":4},"end":{"line":39,"column":4}},"loc":{"start":{"line":39,"column":26},"end":{"line":47,"column":8}}},"2":{"name":"(anonymous_2)","decl":{"start":{"line":43,"column":10},"end":{"line":43,"column":10}},"loc":{"start":{"line":43,"column":22},"end":{"line":43,"column":59}}}},"branchMap":{},"s":{"0":91,"1":91,"2":91,"3":549,"4":30,"5":17},"f":{"0":91,"1":549,"2":30},"b":{}}
,"/Users/giacomotriggiano/github.com/gtriggiano/node-es-ddd-components/src/lib/Aggregate/aggregateUtils.ts": {"path":"/Users/giacomotriggiano/github.com/gtriggiano/node-es-ddd-components/src/lib/Aggregate/aggregateUtils.ts","statementMap":{"0":{"start":{"line":5,"column":2},"end":{"line":5,"column":52}},"1":{"start":{"line":1,"column":0},"end":{"line":6,"column":1}}},"fnMap":{"0":{"name":"getAggregateName","decl":{"start":{"line":1,"column":16},"end":{"line":1,"column":32}},"loc":{"start":{"line":3,"column":25},"end":{"line":6,"column":1}}}},"branchMap":{"0":{"loc":{"start":{"line":5,"column":30},"end":{"line":5,"column":45}},"type":"cond-expr","locations":[{"start":{"line":5,"column":30},"end":{"line":5,"column":45}},{"start":{"line":5,"column":48},"end":{"line":5,"column":50}}]}},"s":{"0":92,"1":17},"f":{"0":92},"b":{"0":[89,3]}}
,"/Users/giacomotriggiano/github.com/gtriggiano/node-es-ddd-components/src/lib/Aggregate/index.ts": {"path":"/Users/giacomotriggiano/github.com/gtriggiano/node-es-ddd-components/src/lib/Aggregate/index.ts","statementMap":{"0":{"start":{"line":1,"column":0},"end":{"line":1,"column":43}},"1":{"start":{"line":14,"column":0},"end":{"line":14,"column":56}},"2":{"start":{"line":16,"column":0},"end":{"line":16,"column":50}},"3":{"start":{"line":17,"column":0},"end":{"line":17,"column":48}},"4":{"start":{"line":24,"column":0},"end":{"line":24,"column":50}},"5":{"start":{"line":25,"column":0},"end":{"line":25,"column":44}},"6":{"start":{"line":35,"column":0},"end":{"line":35,"column":44}},"7":{"start":{"line":36,"column":0},"end":{"line":36,"column":67}},"8":{"start":{"line":48,"column":0},"end":{"line":48,"column":64}},"9":{"start":{"line":49,"column":0},"end":{"line":49,"column":52}},"10":{"start":{"line":51,"column":13},"end":{"line":51,"column":42}},"11":{"start":{"line":52,"column":13},"end":{"line":52,"column":40}},"12":{"start":{"line":53,"column":13},"end":{"line":53,"column":38}},"13":{"start":{"line":59,"column":13},"end":{"line":64,"column":2}},"14":{"start":{"line":66,"column":13},"end":{"line":71,"column":2}},"15":{"start":{"line":123,"column":2},"end":{"line":129,"column":3}},"16":{"start":{"line":125,"column":4},"end":{"line":125,"column":34}},"17":{"start":{"line":128,"column":4},"end":{"line":128,"column":65}},"18":{"start":{"line":132,"column":4},"end":{"line":132,"column":15}},"19":{"start":{"line":133,"column":4},"end":{"line":133,"column":11}},"20":{"start":{"line":134,"column":4},"end":{"line":134,"column":8}},"21":{"start":{"line":135,"column":4},"end":{"line":135,"column":13}},"22":{"start":{"line":136,"column":4},"end":{"line":136,"column":16}},"23":{"start":{"line":137,"column":4},"end":{"line":137,"column":29}},"24":{"start":{"line":138,"column":4},"end":{"line":138,"column":31}},"25":{"start":{"line":139,"column":4},"end":{"line":139,"column":26}},"26":{"start":{"line":140,"column":4},"end":{"line":140,"column":27}},"27":{"start":{"line":141,"column":4},"end":{"line":141,"column":18}},"28":{"start":{"line":142,"column":4},"end":{"line":142,"column":21}},"29":{"start":{"line":143,"column":4},"end":{"line":143,"column":38}},"30":{"start":{"line":144,"column":4},"end":{"line":144,"column":42}},"31":{"start":{"line":149,"column":28},"end":{"line":149,"column":72}},"32":{"start":{"line":150,"column":25},"end":{"line":150,"column":65}},"33":{"start":{"line":151,"column":27},"end":{"line":151,"column":71}},"34":{"start":{"line":152,"column":36},"end":{"line":158,"column":42}},"35":{"start":{"line":153,"column":23},"end":{"line":156,"column":6}},"36":{"start":{"line":160,"column":18},"end":{"line":319,"column":3}},"37":{"start":{"line":174,"column":20},"end":{"line":174,"column":32}},"38":{"start":{"line":177,"column":4},"end":{"line":186,"column":5}},"39":{"start":{"line":178,"column":6},"end":{"line":183,"column":8}},"40":{"start":{"line":185,"column":6},"end":{"line":185,"column":77}},"41":{"start":{"line":188,"column":17},"end":{"line":188,"column":49}},"42":{"start":{"line":190,"column":25},"end":{"line":210,"column":5}},"43":{"start":{"line":193,"column":10},"end":{"line":193,"column":47}},"44":{"start":{"line":194,"column":8},"end":{"line":207,"column":16}},"45":{"start":{"line":199,"column":28},"end":{"line":203,"column":15}},"46":{"start":{"line":204,"column":14},"end":{"line":206,"column":16}},"47":{"start":{"line":211,"column":23},"end":{"line":211,"column":35}},"48":{"start":{"line":216,"column":8},"end":{"line":216,"column":10}},"49":{"start":{"line":219,"column":24},"end":{"line":219,"column":62}},"50":{"start":{"line":221,"column":6},"end":{"line":221,"column":64}},"51":{"start":{"line":224,"column":6},"end":{"line":224,"column":60}},"52":{"start":{"line":226,"column":39},"end":{"line":226,"column":75}},"53":{"start":{"line":228,"column":27},"end":{"line":235,"column":6}},"54":{"start":{"line":234,"column":22},"end":{"line":234,"column":34}},"55":{"start":{"line":237,"column":27},"end":{"line":242,"column":6}},"56":{"start":{"line":244,"column":30},"end":{"line":261,"column":6}},"57":{"start":{"line":252,"column":8},"end":{"line":252,"column":55}},"58":{"start":{"line":253,"column":8},"end":{"line":253,"column":33}},"59":{"start":{"line":254,"column":8},"end":{"line":258,"column":31}},"60":{"start":{"line":263,"column":29},"end":{"line":278,"column":6}},"61":{"start":{"line":280,"column":4},"end":{"line":318,"column":5}},"62":{"start":{"line":286,"column":12},"end":{"line":286,"column":71}},"63":{"start":{"line":289,"column":23},"end":{"line":289,"column":58}},"64":{"start":{"line":294,"column":23},"end":{"line":294,"column":75}},"65":{"start":{"line":296,"column":37},"end":{"line":296,"column":54}},"66":{"start":{"line":297,"column":43},"end":{"line":297,"column":71}},"67":{"start":{"line":299,"column":23},"end":{"line":302,"column":12}},"68":{"start":{"line":305,"column":32},"end":{"line":305,"column":54}},"69":{"start":{"line":313,"column":12},"end":{"line":315,"column":14}},"70":{"start":{"line":321,"column":38},"end":{"line":321,"column":69}},"71":{"start":{"line":323,"column":2},"end":{"line":334,"column":4}},"72":{"start":{"line":328,"column":29},"end":{"line":328,"column":56}},"73":{"start":{"line":332,"column":8},"end":{"line":332,"column":60}},"74":{"start":{"line":81,"column":0},"end":{"line":335,"column":1}},"75":{"start":{"line":338,"column":0},"end":{"line":340,"column":2}},"76":{"start":{"line":339,"column":27},"end":{"line":339,"column":69}}},"fnMap":{"0":{"name":"Aggregate","decl":{"start":{"line":81,"column":16},"end":{"line":81,"column":25}},"loc":{"start":{"line":112,"column":3},"end":{"line":335,"column":1}}},"1":{"name":"(anonymous_4)","decl":{"start":{"line":153,"column":4},"end":{"line":153,"column":4}},"loc":{"start":{"line":153,"column":18},"end":{"line":156,"column":6}}},"2":{"name":"(anonymous_5)","decl":{"start":{"line":160,"column":18},"end":{"line":161,"column":3}},"loc":{"start":{"line":163,"column":49},"end":{"line":319,"column":3}}},"3":{"name":"(anonymous_6)","decl":{"start":{"line":191,"column":6},"end":{"line":191,"column":6}},"loc":{"start":{"line":191,"column":24},"end":{"line":208,"column":7}}},"4":{"name":"(anonymous_7)","decl":{"start":{"line":198,"column":13},"end":{"line":null,"column":-1}},"loc":{"start":{"line":198,"column":13},"end":{"line":207,"column":13}}},"5":{"name":"(anonymous_8)","decl":{"start":{"line":234,"column":16},"end":{"line":234,"column":21}},"loc":{"start":{"line":234,"column":16},"end":{"line":234,"column":34}}},"6":{"name":"(anonymous_9)","decl":{"start":{"line":250,"column":18},"end":{"line":250,"column":18}},"loc":{"start":{"line":250,"column":43},"end":{"line":260,"column":7}}},"7":{"name":"(anonymous_10)","decl":{"start":{"line":285,"column":17},"end":{"line":285,"column":17}},"loc":{"start":{"line":285,"column":70},"end":{"line":286,"column":71}}},"8":{"name":"(anonymous_11)","decl":{"start":{"line":289,"column":17},"end":{"line":289,"column":22}},"loc":{"start":{"line":289,"column":17},"end":{"line":289,"column":58}}},"9":{"name":"(anonymous_12)","decl":{"start":{"line":294,"column":17},"end":{"line":294,"column":22}},"loc":{"start":{"line":294,"column":17},"end":{"line":294,"column":75}}},"10":{"name":"(anonymous_13)","decl":{"start":{"line":296,"column":31},"end":{"line":296,"column":36}},"loc":{"start":{"line":296,"column":31},"end":{"line":296,"column":55}}},"11":{"name":"(anonymous_14)","decl":{"start":{"line":297,"column":37},"end":{"line":297,"column":42}},"loc":{"start":{"line":297,"column":37},"end":{"line":297,"column":71}}},"12":{"name":"(anonymous_15)","decl":{"start":{"line":299,"column":17},"end":{"line":299,"column":22}},"loc":{"start":{"line":299,"column":17},"end":{"line":302,"column":12}}},"13":{"name":"(anonymous_16)","decl":{"start":{"line":305,"column":26},"end":{"line":305,"column":31}},"loc":{"start":{"line":305,"column":26},"end":{"line":305,"column":54}}},"14":{"name":"(anonymous_17)","decl":{"start":{"line":312,"column":15},"end":{"line":null,"column":-1}},"loc":{"start":{"line":312,"column":15},"end":{"line":315,"column":14}}},"15":{"name":"(anonymous_18)","decl":{"start":{"line":328,"column":23},"end":{"line":328,"column":28}},"loc":{"start":{"line":328,"column":23},"end":{"line":328,"column":56}}},"16":{"name":"(anonymous_19)","decl":{"start":{"line":331,"column":13},"end":{"line":331,"column":13}},"loc":{"start":{"line":331,"column":27},"end":{"line":332,"column":60}}},"17":{"name":"(anonymous_20)","decl":{"start":{"line":339,"column":9},"end":{"line":339,"column":9}},"loc":{"start":{"line":339,"column":22},"end":{"line":339,"column":69}}}},"branchMap":{"0":{"loc":{"start":{"line":174,"column":20},"end":{"line":174,"column":26}},"type":"binary-expr","locations":[{"start":{"line":174,"column":20},"end":{"line":174,"column":26}},{"start":{"line":174,"column":30},"end":{"line":174,"column":32}}]},"1":{"loc":{"start":{"line":195,"column":12},"end":{"line":197,"column":13}},"type":"cond-expr","locations":[{"start":{"line":195,"column":12},"end":{"line":197,"column":13}},{"start":{"line":198,"column":12},"end":{"line":207,"column":16}}]},"2":{"loc":{"start":{"line":209,"column":17},"end":{"line":209,"column":59}},"type":"cond-expr","locations":[{"start":{"line":209,"column":17},"end":{"line":209,"column":59}},{"start":{"line":209,"column":62},"end":{"line":209,"column":74}}]},"3":{"loc":{"start":{"line":221,"column":6},"end":{"line":221,"column":25}},"type":"binary-expr","locations":[{"start":{"line":221,"column":6},"end":{"line":221,"column":25}},{"start":{"line":221,"column":29},"end":{"line":221,"column":64}}]},"4":{"loc":{"start":{"line":224,"column":8},"end":{"line":224,"column":16}},"type":"binary-expr","locations":[{"start":{"line":224,"column":8},"end":{"line":224,"column":16}},{"start":{"line":224,"column":20},"end":{"line":224,"column":36}},{"start":{"line":224,"column":41},"end":{"line":224,"column":42}}]},"5":{"loc":{"start":{"line":257,"column":14},"end":{"line":257,"column":38}},"type":"cond-expr","locations":[{"start":{"line":257,"column":14},"end":{"line":257,"column":38}},{"start":{"line":258,"column":14},"end":{"line":258,"column":31}}]},"6":{"loc":{"start":{"line":255,"column":10},"end":{"line":255,"column":48}},"type":"binary-expr","locations":[{"start":{"line":255,"column":10},"end":{"line":255,"column":48}},{"start":{"line":256,"column":10},"end":{"line":256,"column":55}}]},"7":{"loc":{"start":{"line":294,"column":23},"end":{"line":294,"column":47}},"type":"binary-expr","locations":[{"start":{"line":294,"column":23},"end":{"line":294,"column":47}},{"start":{"line":294,"column":52},"end":{"line":294,"column":75}}]},"8":{"loc":{"start":{"line":314,"column":37},"end":{"line":314,"column":63}},"type":"cond-expr","locations":[{"start":{"line":314,"column":37},"end":{"line":314,"column":63}},{"start":{"line":314,"column":66},"end":{"line":314,"column":68}}]},"9":{"loc":{"start":{"line":326,"column":26},"end":{"line":326,"column":37}},"type":"binary-expr","locations":[{"start":{"line":326,"column":26},"end":{"line":326,"column":37}},{"start":{"line":326,"column":41},"end":{"line":326,"column":43}}]},"10":{"loc":{"start":{"line":332,"column":8},"end":{"line":332,"column":16}},"type":"binary-expr","locations":[{"start":{"line":332,"column":8},"end":{"line":332,"column":16}},{"start":{"line":332,"column":20},"end":{"line":332,"column":32}},{"start":{"line":332,"column":36},"end":{"line":332,"column":60}}]},"11":{"loc":{"start":{"line":339,"column":27},"end":{"line":339,"column":34}},"type":"binary-expr","locations":[{"start":{"line":339,"column":27},"end":{"line":339,"column":34}},{"start":{"line":339,"column":38},"end":{"line":339,"column":69}}]}},"s":{"0":17,"1":17,"2":17,"3":17,"4":17,"5":17,"6":17,"7":17,"8":17,"9":17,"10":17,"11":17,"12":17,"13":17,"14":17,"15":96,"16":96,"17":31,"18":65,"19":65,"20":65,"21":65,"22":65,"23":65,"24":65,"25":65,"26":65,"27":65,"28":65,"29":65,"30":65,"31":65,"32":65,"33":65,"34":65,"35":455,"36":65,"37":104,"38":104,"39":104,"40":12,"41":92,"42":92,"43":34,"44":34,"45":1,"46":1,"47":91,"48":91,"49":91,"50":91,"51":91,"52":91,"53":91,"54":30,"55":91,"56":91,"57":27,"58":27,"59":27,"60":91,"61":91,"62":1,"63":1,"64":1,"65":21,"66":13,"67":1,"68":2,"69":1,"70":65,"71":65,"72":1,"73":1,"74":17,"75":17,"76":1},"f":{"0":96,"1":455,"2":104,"3":34,"4":1,"5":30,"6":27,"7":1,"8":1,"9":1,"10":21,"11":13,"12":1,"13":2,"14":1,"15":1,"16":1,"17":1},"b":{"0":[104,68],"1":[33,1],"2":[5,87],"3":[91,6],"4":[91,5,86],"5":[10,17],"6":[27,10],"7":[1,1],"8":[1,0],"9":[65,63],"10":[1,1,1],"11":[1,1]}}
,"/Users/giacomotriggiano/github.com/gtriggiano/node-es-ddd-components/src/lib/Aggregate/snapshotUtils.ts": {"path":"/Users/giacomotriggiano/github.com/gtriggiano/node-es-ddd-components/src/lib/Aggregate/snapshotUtils.ts","statementMap":{"0":{"start":{"line":1,"column":13},"end":{"line":5,"column":79}},"1":{"start":{"line":5,"column":2},"end":{"line":5,"column":79}},"2":{"start":{"line":7,"column":13},"end":{"line":8,"column":23}},"3":{"start":{"line":8,"column":2},"end":{"line":8,"column":23}}},"fnMap":{"0":{"name":"(anonymous_0)","decl":{"start":{"line":1,"column":35},"end":{"line":2,"column":1}},"loc":{"start":{"line":3,"column":17},"end":{"line":5,"column":79}}},"1":{"name":"(anonymous_1)","decl":{"start":{"line":7,"column":29},"end":{"line":7,"column":29}},"loc":{"start":{"line":7,"column":61},"end":{"line":8,"column":23}}}},"branchMap":{"0":{"loc":{"start":{"line":5,"column":25},"end":{"line":5,"column":42}},"type":"cond-expr","locations":[{"start":{"line":5,"column":25},"end":{"line":5,"column":42}},{"start":{"line":5,"column":45},"end":{"line":5,"column":47}}]}},"s":{"0":17,"1":65,"2":17,"3":91},"f":{"0":65,"1":91},"b":{"0":[3,62]}}
,"/Users/giacomotriggiano/github.com/gtriggiano/node-es-ddd-components/src/lib/Aggregate/validateConstructorProps.ts": {"path":"/Users/giacomotriggiano/github.com/gtriggiano/node-es-ddd-components/src/lib/Aggregate/validateConstructorProps.ts","statementMap":{"0":{"start":{"line":1,"column":0},"end":{"line":1,"column":26}},"1":{"start":{"line":2,"column":0},"end":{"line":2,"column":53}},"2":{"start":{"line":4,"column":0},"end":{"line":4,"column":37}},"3":{"start":{"line":14,"column":2},"end":{"line":14,"column":8}},"4":{"start":{"line":15,"column":2},"end":{"line":15,"column":10}},"5":{"start":{"line":16,"column":2},"end":{"line":16,"column":13}},"6":{"start":{"line":17,"column":2},"end":{"line":17,"column":10}},"7":{"start":{"line":19,"column":2},"end":{"line":24,"column":3}},"8":{"start":{"line":25,"column":2},"end":{"line":30,"column":3}},"9":{"start":{"line":31,"column":2},"end":{"line":34,"column":3}},"10":{"start":{"line":13,"column":0},"end":{"line":35,"column":1}},"11":{"start":{"line":38,"column":2},"end":{"line":38,"column":31}},"12":{"start":{"line":37,"column":0},"end":{"line":39,"column":1}},"13":{"start":{"line":42,"column":2},"end":{"line":47,"column":3}},"14":{"start":{"line":41,"column":0},"end":{"line":48,"column":1}},"15":{"start":{"line":53,"column":2},"end":{"line":56,"column":3}},"16":{"start":{"line":54,"column":25},"end":{"line":54,"column":72}},"17":{"start":{"line":50,"column":0},"end":{"line":57,"column":1}},"18":{"start":{"line":60,"column":2},"end":{"line":64,"column":3}},"19":{"start":{"line":59,"column":0},"end":{"line":65,"column":1}}},"fnMap":{"0":{"name":"validateConstructorProps","decl":{"start":{"line":13,"column":24},"end":{"line":13,"column":48}},"loc":{"start":{"line":18,"column":19},"end":{"line":35,"column":1}}},"1":{"name":"isValidIdentity","decl":{"start":{"line":37,"column":16},"end":{"line":37,"column":31}},"loc":{"start":{"line":37,"column":40},"end":{"line":39,"column":1}}},"2":{"name":"isValidSnapshot","decl":{"start":{"line":41,"column":16},"end":{"line":41,"column":31}},"loc":{"start":{"line":41,"column":45},"end":{"line":48,"column":1}}},"3":{"name":"areAllValidSerializedDomainEvents","decl":{"start":{"line":50,"column":16},"end":{"line":50,"column":49}},"loc":{"start":{"line":51,"column":28},"end":{"line":57,"column":1}}},"4":{"name":"(anonymous_5)","decl":{"start":{"line":54,"column":4},"end":{"line":54,"column":4}},"loc":{"start":{"line":54,"column":20},"end":{"line":54,"column":72}}},"5":{"name":"isValidSerializedDomainEvent","decl":{"start":{"line":59,"column":16},"end":{"line":59,"column":44}},"loc":{"start":{"line":59,"column":55},"end":{"line":65,"column":1}}}},"branchMap":{"0":{"loc":{"start":{"line":20,"column":5},"end":{"line":20,"column":16}},"type":"binary-expr","locations":[{"start":{"line":20,"column":5},"end":{"line":20,"column":16}},{"start":{"line":20,"column":20},"end":{"line":20,"column":29}},{"start":{"line":20,"column":35},"end":{"line":20,"column":47}},{"start":{"line":20,"column":51},"end":{"line":20,"column":76}}]},"1":{"loc":{"start":{"line":22,"column":8},"end":{"line":22,"column":65}},"type":"cond-expr","locations":[{"start":{"line":22,"column":8},"end":{"line":22,"column":65}},{"start":{"line":23,"column":8},"end":{"line":23,"column":76}}]},"2":{"loc":{"start":{"line":26,"column":4},"end":{"line":26,"column":13}},"type":"binary-expr","locations":[{"start":{"line":26,"column":4},"end":{"line":26,"column":13}},{"start":{"line":26,"column":17},"end":{"line":26,"column":42}}]},"3":{"loc":{"start":{"line":32,"column":4},"end":{"line":32,"column":25}},"type":"binary-expr","locations":[{"start":{"line":32,"column":4},"end":{"line":32,"column":25}},{"start":{"line":32,"column":29},"end":{"line":32,"column":70}}]},"4":{"loc":{"start":{"line":38,"column":9},"end":{"line":38,"column":22}},"type":"binary-expr","locations":[{"start":{"line":38,"column":9},"end":{"line":38,"column":22}},{"start":{"line":38,"column":26},"end":{"line":38,"column":31}}]},"5":{"loc":{"start":{"line":43,"column":4},"end":{"line":43,"column":22}},"type":"binary-expr","locations":[{"start":{"line":43,"column":4},"end":{"line":43,"column":22}},{"start":{"line":44,"column":4},"end":{"line":44,"column":31}},{"start":{"line":45,"column":4},"end":{"line":45,"column":24}},{"start":{"line":46,"column":4},"end":{"line":46,"column":38}}]},"6":{"loc":{"start":{"line":54,"column":25},"end":{"line":54,"column":33}},"type":"binary-expr","locations":[{"start":{"line":54,"column":25},"end":{"line":54,"column":33}},{"start":{"line":54,"column":37},"end":{"line":54,"column":72}}]},"7":{"loc":{"start":{"line":61,"column":4},"end":{"line":61,"column":19}},"type":"binary-expr","locations":[{"start":{"line":61,"column":4},"end":{"line":61,"column":19}},{"start":{"line":62,"column":4},"end":{"line":62,"column":27}},{"start":{"line":63,"column":4},"end":{"line":63,"column":37}}]}},"s":{"0":17,"1":17,"2":17,"3":104,"4":104,"5":104,"6":104,"7":104,"8":98,"9":95,"10":17,"11":100,"12":17,"13":8,"14":17,"15":93,"16":35,"17":17,"18":35,"19":17},"f":{"0":104,"1":100,"2":8,"3":93,"4":35,"5":35},"b":{"0":[104,4,101,100],"1":[4,100],"2":[98,8],"3":[95,93],"4":[100,95],"5":[8,6,5,5],"6":[35,35],"7":[35,34,34]}}
,"/Users/giacomotriggiano/github.com/gtriggiano/node-es-ddd-components/src/lib/Aggregate/validateDefinition.ts": {"path":"/Users/giacomotriggiano/github.com/gtriggiano/node-es-ddd-components/src/lib/Aggregate/validateDefinition.ts","statementMap":{"0":{"start":{"line":1,"column":0},"end":{"line":1,"column":26}},"1":{"start":{"line":2,"column":0},"end":{"line":11,"column":14}},"2":{"start":{"line":12,"column":0},"end":{"line":12,"column":71}},"3":{"start":{"line":15,"column":2},"end":{"line":15,"column":62}},"4":{"start":{"line":18,"column":4},"end":{"line":18,"column":15}},"5":{"start":{"line":19,"column":4},"end":{"line":19,"column":11}},"6":{"start":{"line":20,"column":4},"end":{"line":20,"column":8}},"7":{"start":{"line":21,"column":4},"end":{"line":21,"column":13}},"8":{"start":{"line":22,"column":4},"end":{"line":22,"column":16}},"9":{"start":{"line":23,"column":4},"end":{"line":23,"column":29}},"10":{"start":{"line":24,"column":4},"end":{"line":24,"column":31}},"11":{"start":{"line":25,"column":4},"end":{"line":25,"column":26}},"12":{"start":{"line":26,"column":4},"end":{"line":26,"column":27}},"13":{"start":{"line":27,"column":4},"end":{"line":27,"column":18}},"14":{"start":{"line":28,"column":4},"end":{"line":28,"column":21}},"15":{"start":{"line":29,"column":4},"end":{"line":29,"column":38}},"16":{"start":{"line":30,"column":4},"end":{"line":30,"column":42}},"17":{"start":{"line":33,"column":2},"end":{"line":36,"column":3}},"18":{"start":{"line":38,"column":2},"end":{"line":41,"column":3}},"19":{"start":{"line":43,"column":2},"end":{"line":43,"column":80}},"20":{"start":{"line":45,"column":2},"end":{"line":48,"column":3}},"21":{"start":{"line":50,"column":2},"end":{"line":53,"column":3}},"22":{"start":{"line":55,"column":2},"end":{"line":61,"column":3}},"23":{"start":{"line":63,"column":2},"end":{"line":66,"column":3}},"24":{"start":{"line":67,"column":21},"end":{"line":67,"column":66}},"25":{"start":{"line":67,"column":45},"end":{"line":67,"column":49}},"26":{"start":{"line":67,"column":61},"end":{"line":67,"column":65}},"27":{"start":{"line":68,"column":2},"end":{"line":71,"column":3}},"28":{"start":{"line":73,"column":2},"end":{"line":76,"column":3}},"29":{"start":{"line":78,"column":23},"end":{"line":78,"column":69}},"30":{"start":{"line":78,"column":48},"end":{"line":78,"column":52}},"31":{"start":{"line":78,"column":64},"end":{"line":78,"column":68}},"32":{"start":{"line":79,"column":2},"end":{"line":82,"column":3}},"33":{"start":{"line":84,"column":21},"end":{"line":84,"column":64}},"34":{"start":{"line":84,"column":43},"end":{"line":84,"column":47}},"35":{"start":{"line":84,"column":59},"end":{"line":84,"column":63}},"36":{"start":{"line":85,"column":2},"end":{"line":88,"column":3}},"37":{"start":{"line":90,"column":2},"end":{"line":93,"column":3}},"38":{"start":{"line":95,"column":21},"end":{"line":95,"column":65}},"39":{"start":{"line":95,"column":44},"end":{"line":95,"column":48}},"40":{"start":{"line":95,"column":60},"end":{"line":95,"column":64}},"41":{"start":{"line":96,"column":2},"end":{"line":99,"column":3}},"42":{"start":{"line":101,"column":2},"end":{"line":104,"column":3}},"43":{"start":{"line":106,"column":2},"end":{"line":110,"column":3}},"44":{"start":{"line":112,"column":2},"end":{"line":115,"column":3}},"45":{"start":{"line":116,"column":2},"end":{"line":119,"column":3}},"46":{"start":{"line":14,"column":0},"end":{"line":120,"column":1}},"47":{"start":{"line":122,"column":38},"end":{"line":129,"column":1}},"48":{"start":{"line":123,"column":2},"end":{"line":128,"column":3}},"49":{"start":{"line":131,"column":32},"end":{"line":144,"column":1}},"50":{"start":{"line":132,"column":2},"end":{"line":143,"column":3}},"51":{"start":{"line":146,"column":30},"end":{"line":153,"column":1}},"52":{"start":{"line":147,"column":2},"end":{"line":152,"column":3}}},"fnMap":{"0":{"name":"validateDefinition","decl":{"start":{"line":14,"column":24},"end":{"line":14,"column":42}},"loc":{"start":{"line":14,"column":58},"end":{"line":120,"column":1}}},"1":{"name":"(anonymous_2)","decl":{"start":{"line":67,"column":42},"end":{"line":67,"column":42}},"loc":{"start":{"line":67,"column":56},"end":{"line":67,"column":65}}},"2":{"name":"(anonymous_3)","decl":{"start":{"line":78,"column":45},"end":{"line":78,"column":45}},"loc":{"start":{"line":78,"column":59},"end":{"line":78,"column":68}}},"3":{"name":"(anonymous_4)","decl":{"start":{"line":84,"column":40},"end":{"line":84,"column":40}},"loc":{"start":{"line":84,"column":54},"end":{"line":84,"column":63}}},"4":{"name":"(anonymous_5)","decl":{"start":{"line":95,"column":41},"end":{"line":95,"column":41}},"loc":{"start":{"line":95,"column":55},"end":{"line":95,"column":64}}},"5":{"name":"(anonymous_6)","decl":{"start":{"line":122,"column":38},"end":{"line":122,"column":38}},"loc":{"start":{"line":122,"column":48},"end":{"line":129,"column":1}}},"6":{"name":"(anonymous_7)","decl":{"start":{"line":131,"column":32},"end":{"line":131,"column":32}},"loc":{"start":{"line":131,"column":45},"end":{"line":144,"column":1}}},"7":{"name":"(anonymous_8)","decl":{"start":{"line":146,"column":30},"end":{"line":146,"column":30}},"loc":{"start":{"line":146,"column":41},"end":{"line":153,"column":1}}}},"branchMap":{"0":{"loc":{"start":{"line":34,"column":4},"end":{"line":34,"column":22}},"type":"binary-expr","locations":[{"start":{"line":34,"column":4},"end":{"line":34,"column":22}},{"start":{"line":34,"column":26},"end":{"line":34,"column":47}}]},"1":{"loc":{"start":{"line":46,"column":4},"end":{"line":46,"column":20}},"type":"binary-expr","locations":[{"start":{"line":46,"column":4},"end":{"line":46,"column":20}},{"start":{"line":46,"column":24},"end":{"line":46,"column":44}}]},"2":{"loc":{"start":{"line":51,"column":4},"end":{"line":51,"column":24}},"type":"binary-expr","locations":[{"start":{"line":51,"column":4},"end":{"line":51,"column":24}},{"start":{"line":51,"column":28},"end":{"line":51,"column":50}}]},"3":{"loc":{"start":{"line":56,"column":4},"end":{"line":56,"column":35}},"type":"binary-expr","locations":[{"start":{"line":56,"column":4},"end":{"line":56,"column":35}},{"start":{"line":57,"column":6},"end":{"line":57,"column":38}},{"start":{"line":58,"column":6},"end":{"line":58,"column":35}},{"start":{"line":59,"column":6},"end":{"line":59,"column":36}}]},"4":{"loc":{"start":{"line":102,"column":4},"end":{"line":102,"column":25}},"type":"binary-expr","locations":[{"start":{"line":102,"column":4},"end":{"line":102,"column":25}},{"start":{"line":102,"column":29},"end":{"line":102,"column":53}}]},"5":{"loc":{"start":{"line":107,"column":4},"end":{"line":107,"column":28}},"type":"binary-expr","locations":[{"start":{"line":107,"column":4},"end":{"line":107,"column":28}},{"start":{"line":108,"column":7},"end":{"line":108,"column":35}},{"start":{"line":108,"column":39},"end":{"line":108,"column":60}}]},"6":{"loc":{"start":{"line":113,"column":4},"end":{"line":113,"column":29}},"type":"binary-expr","locations":[{"start":{"line":113,"column":4},"end":{"line":113,"column":29}},{"start":{"line":113,"column":33},"end":{"line":113,"column":63}}]},"7":{"loc":{"start":{"line":117,"column":4},"end":{"line":117,"column":31}},"type":"binary-expr","locations":[{"start":{"line":117,"column":4},"end":{"line":117,"column":31}},{"start":{"line":117,"column":35},"end":{"line":117,"column":67}}]},"8":{"loc":{"start":{"line":124,"column":4},"end":{"line":124,"column":26}},"type":"binary-expr","locations":[{"start":{"line":124,"column":4},"end":{"line":124,"column":26}},{"start":{"line":125,"column":4},"end":{"line":125,"column":30}},{"start":{"line":126,"column":4},"end":{"line":126,"column":30}},{"start":{"line":127,"column":4},"end":{"line":127,"column":52}}]},"9":{"loc":{"start":{"line":133,"column":4},"end":{"line":133,"column":21}},"type":"binary-expr","locations":[{"start":{"line":133,"column":4},"end":{"line":133,"column":21}},{"start":{"line":134,"column":4},"end":{"line":134,"column":29}},{"start":{"line":135,"column":5},"end":{"line":135,"column":31}},{"start":{"line":135,"column":35},"end":{"line":135,"column":64}},{"start":{"line":136,"column":4},"end":{"line":136,"column":42}},{"start":{"line":137,"column":4},"end":{"line":137,"column":41}},{"start":{"line":138,"column":4},"end":{"line":138,"column":47}},{"start":{"line":139,"column":4},"end":{"line":139,"column":46}},{"start":{"line":140,"column":4},"end":{"line":140,"column":75}},{"start":{"line":141,"column":4},"end":{"line":141,"column":73}},{"start":{"line":142,"column":4},"end":{"line":142,"column":41}}]},"10":{"loc":{"start":{"line":148,"column":4},"end":{"line":148,"column":19}},"type":"binary-expr","locations":[{"start":{"line":148,"column":4},"end":{"line":148,"column":19}},{"start":{"line":149,"column":4},"end":{"line":149,"column":27}},{"start":{"line":150,"column":5},"end":{"line":150,"column":29}},{"start":{"line":150,"column":33},"end":{"line":150,"column":60}},{"start":{"line":151,"column":4},"end":{"line":151,"column":39}}]}},"s":{"0":17,"1":17,"2":17,"3":96,"4":94,"5":94,"6":94,"7":94,"8":94,"9":94,"10":94,"11":94,"12":94,"13":94,"14":94,"15":94,"16":94,"17":94,"18":93,"19":90,"20":87,"21":86,"22":82,"23":79,"24":78,"25":465,"26":465,"27":78,"28":77,"29":76,"30":533,"31":533,"32":76,"33":75,"34":526,"35":526,"36":75,"37":74,"38":74,"39":519,"40":519,"41":74,"42":73,"43":72,"44":69,"45":67,"46":17,"47":17,"48":519,"49":17,"50":541,"51":17,"52":472},"f":{"0":96,"1":465,"2":533,"3":526,"4":519,"5":519,"6":541,"7":472},"b":{"0":[94,4],"1":[87,86],"2":[86,84],"3":[82,79,79,79],"4":[73,5],"5":[72,7,5],"6":[69,3],"7":[67,3],"8":[519,519,519,519],"9":[541,540,540,540,540,540,540,540,540,540,540],"10":[472,471,471,469,471]}}
,"/Users/giacomotriggiano/github.com/gtriggiano/node-es-ddd-components/src/lib/CustomError/index.ts": {"path":"/Users/giacomotriggiano/github.com/gtriggiano/node-es-ddd-components/src/lib/CustomError/index.ts","statementMap":{"0":{"start":{"line":7,"column":0},"end":{"line":7,"column":52}},"1":{"start":{"line":13,"column":2},"end":{"line":19,"column":3}},"2":{"start":{"line":15,"column":4},"end":{"line":15,"column":34}},"3":{"start":{"line":18,"column":4},"end":{"line":18,"column":34}},"4":{"start":{"line":21,"column":10},"end":{"line":21,"column":25}},"5":{"start":{"line":22,"column":20},"end":{"line":33,"column":3}},"6":{"start":{"line":23,"column":18},"end":{"line":23,"column":49}},"7":{"start":{"line":24,"column":4},"end":{"line":32,"column":6}},"8":{"start":{"line":35,"column":2},"end":{"line":40,"column":4}},"9":{"start":{"line":38,"column":25},"end":{"line":38,"column":72}},"10":{"start":{"line":9,"column":0},"end":{"line":41,"column":1}},"11":{"start":{"line":43,"column":13},"end":{"line":49,"column":1}},"12":{"start":{"line":47,"column":8},"end":{"line":47,"column":58}},"13":{"start":{"line":47,"column":8},"end":{"line":47,"column":57}},"14":{"start":{"line":47,"column":9},"end":{"line":47,"column":14}},"15":{"start":{"line":47,"column":16},"end":{"line":47,"column":58}},"16":{"start":{"line":48,"column":2},"end":{"line":48,"column":62}}},"fnMap":{"0":{"name":"CustomError","decl":{"start":{"line":9,"column":16},"end":{"line":9,"column":27}},"loc":{"start":{"line":12,"column":45},"end":{"line":41,"column":1}}},"1":{"name":"(anonymous_4)","decl":{"start":{"line":22,"column":20},"end":{"line":22,"column":20}},"loc":{"start":{"line":22,"column":50},"end":{"line":33,"column":3}}},"2":{"name":"(anonymous_5)","decl":{"start":{"line":38,"column":13},"end":{"line":38,"column":13}},"loc":{"start":{"line":38,"column":20},"end":{"line":38,"column":72}}},"3":{"name":"(anonymous_6)","decl":{"start":{"line":43,"column":31},"end":{"line":44,"column":1}},"loc":{"start":{"line":45,"column":30},"end":{"line":49,"column":1}}},"4":{"name":"(anonymous_7)","decl":{"start":{"line":47,"column":8},"end":{"line":47,"column":57}},"loc":{"start":{"line":47,"column":8},"end":{"line":47,"column":57}}}},"branchMap":{"0":{"loc":{"start":{"line":23,"column":28},"end":{"line":23,"column":35}},"type":"binary-expr","locations":[{"start":{"line":23,"column":28},"end":{"line":23,"column":35}},{"start":{"line":23,"column":39},"end":{"line":23,"column":48}}]},"1":{"loc":{"start":{"line":29,"column":10},"end":{"line":29,"column":21}},"type":"binary-expr","locations":[{"start":{"line":29,"column":10},"end":{"line":29,"column":21}},{"start":{"line":29,"column":25},"end":{"line":29,"column":76}}]},"2":{"loc":{"start":{"line":31,"column":31},"end":{"line":31,"column":56}},"type":"cond-expr","locations":[{"start":{"line":31,"column":31},"end":{"line":31,"column":56}},{"start":{"line":31,"column":59},"end":{"line":31,"column":61}}]},"3":{"loc":{"start":{"line":38,"column":25},"end":{"line":38,"column":28}},"type":"binary-expr","locations":[{"start":{"line":38,"column":25},"end":{"line":38,"column":28}},{"start":{"line":38,"column":32},"end":{"line":38,"column":43}},{"start":{"line":38,"column":47},"end":{"line":38,"column":72}}]}},"s":{"0":17,"1":179,"2":179,"3":5,"4":174,"5":174,"6":94,"7":94,"8":174,"9":74,"10":17,"11":17,"12":94,"13":1243,"14":94,"15":94,"16":94},"f":{"0":179,"1":94,"2":74,"3":94,"4":1243},"b":{"0":[94,10],"1":[94,94],"2":[83,11],"3":[74,74,74]}}
,"/Users/giacomotriggiano/github.com/gtriggiano/node-es-ddd-components/src/lib/CustomError/validateDefinition.ts": {"path":"/Users/giacomotriggiano/github.com/gtriggiano/node-es-ddd-components/src/lib/CustomError/validateDefinition.ts","statementMap":{"0":{"start":{"line":1,"column":0},"end":{"line":1,"column":26}},"1":{"start":{"line":2,"column":0},"end":{"line":2,"column":32}},"2":{"start":{"line":4,"column":0},"end":{"line":4,"column":71}},"3":{"start":{"line":7,"column":2},"end":{"line":7,"column":62}},"4":{"start":{"line":9,"column":10},"end":{"line":9,"column":14}},"5":{"start":{"line":11,"column":2},"end":{"line":11,"column":80}},"6":{"start":{"line":6,"column":0},"end":{"line":12,"column":1}}},"fnMap":{"0":{"name":"validateDefinition","decl":{"start":{"line":6,"column":24},"end":{"line":6,"column":42}},"loc":{"start":{"line":6,"column":58},"end":{"line":12,"column":1}}}},"branchMap":{},"s":{"0":17,"1":17,"2":17,"3":179,"4":176,"5":176,"6":17},"f":{"0":179},"b":{}}
,"/Users/giacomotriggiano/github.com/gtriggiano/node-es-ddd-components/src/lib/DomainEvent/index.ts": {"path":"/Users/giacomotriggiano/github.com/gtriggiano/node-es-ddd-components/src/lib/DomainEvent/index.ts","statementMap":{"0":{"start":{"line":1,"column":0},"end":{"line":1,"column":44}},"1":{"start":{"line":4,"column":0},"end":{"line":4,"column":43}},"2":{"start":{"line":5,"column":0},"end":{"line":5,"column":56}},"3":{"start":{"line":13,"column":0},"end":{"line":13,"column":52}},"4":{"start":{"line":15,"column":13},"end":{"line":20,"column":2}},"5":{"start":{"line":29,"column":2},"end":{"line":35,"column":3}},"6":{"start":{"line":31,"column":4},"end":{"line":31,"column":34}},"7":{"start":{"line":34,"column":4},"end":{"line":34,"column":67}},"8":{"start":{"line":38,"column":4},"end":{"line":38,"column":8}},"9":{"start":{"line":39,"column":4},"end":{"line":39,"column":15}},"10":{"start":{"line":40,"column":4},"end":{"line":40,"column":11}},"11":{"start":{"line":41,"column":4},"end":{"line":41,"column":40}},"12":{"start":{"line":42,"column":4},"end":{"line":42,"column":44}},"13":{"start":{"line":45,"column":27},"end":{"line":45,"column":69}},"14":{"start":{"line":46,"column":29},"end":{"line":46,"column":75}},"15":{"start":{"line":51,"column":18},"end":{"line":51,"column":20}},"16":{"start":{"line":53,"column":28},"end":{"line":53,"column":30}},"17":{"start":{"line":55,"column":4},"end":{"line":73,"column":6}},"18":{"start":{"line":59,"column":10},"end":{"line":59,"column":76}},"19":{"start":{"line":63,"column":10},"end":{"line":69,"column":14}},"20":{"start":{"line":66,"column":12},"end":{"line":66,"column":57}},"21":{"start":{"line":68,"column":12},"end":{"line":68,"column":36}},"22":{"start":{"line":76,"column":2},"end":{"line":88,"column":45}},"23":{"start":{"line":81,"column":8},"end":{"line":81,"column":63}},"24":{"start":{"line":86,"column":8},"end":{"line":86,"column":63}},"25":{"start":{"line":22,"column":0},"end":{"line":89,"column":1}},"26":{"start":{"line":92,"column":0},"end":{"line":97,"column":2}},"27":{"start":{"line":95,"column":6},"end":{"line":95,"column":75}}},"fnMap":{"0":{"name":"DomainEvent","decl":{"start":{"line":22,"column":16},"end":{"line":22,"column":27}},"loc":{"start":{"line":27,"column":61},"end":{"line":89,"column":1}}},"1":{"name":"EventTypeFactory","decl":{"start":{"line":48,"column":11},"end":{"line":48,"column":27}},"loc":{"start":{"line":49,"column":20},"end":{"line":74,"column":3}}},"2":{"name":"(anonymous_3)","decl":{"start":{"line":58,"column":15},"end":{"line":58,"column":15}},"loc":{"start":{"line":58,"column":28},"end":{"line":59,"column":76}}},"3":{"name":"(anonymous_4)","decl":{"start":{"line":62,"column":15},"end":{"line":null,"column":-1}},"loc":{"start":{"line":62,"column":15},"end":{"line":69,"column":14}}},"4":{"name":"(anonymous_5)","decl":{"start":{"line":64,"column":11},"end":{"line":null,"column":-1}},"loc":{"start":{"line":64,"column":11},"end":{"line":69,"column":11}}},"5":{"name":"(anonymous_6)","decl":{"start":{"line":80,"column":13},"end":{"line":80,"column":13}},"loc":{"start":{"line":80,"column":39},"end":{"line":81,"column":63}}},"6":{"name":"(anonymous_7)","decl":{"start":{"line":85,"column":13},"end":{"line":85,"column":13}},"loc":{"start":{"line":85,"column":24},"end":{"line":86,"column":63}}},"7":{"name":"(anonymous_8)","decl":{"start":{"line":94,"column":11},"end":{"line":94,"column":11}},"loc":{"start":{"line":94,"column":26},"end":{"line":95,"column":75}}}},"branchMap":{"0":{"loc":{"start":{"line":63,"column":10},"end":{"line":63,"column":27}},"type":"binary-expr","locations":[{"start":{"line":63,"column":10},"end":{"line":63,"column":27}},{"start":{"line":64,"column":10},"end":{"line":69,"column":14}}]},"1":{"loc":{"start":{"line":78,"column":26},"end":{"line":78,"column":37}},"type":"binary-expr","locations":[{"start":{"line":78,"column":26},"end":{"line":78,"column":37}},{"start":{"line":78,"column":41},"end":{"line":78,"column":43}}]},"2":{"loc":{"start":{"line":86,"column":8},"end":{"line":86,"column":23}},"type":"binary-expr","locations":[{"start":{"line":86,"column":8},"end":{"line":86,"column":23}},{"start":{"line":86,"column":27},"end":{"line":86,"column":63}}]},"3":{"loc":{"start":{"line":95,"column":6},"end":{"line":95,"column":27}},"type":"binary-expr","locations":[{"start":{"line":95,"column":6},"end":{"line":95,"column":27}},{"start":{"line":95,"column":32},"end":{"line":95,"column":75}}]}},"s":{"0":17,"1":17,"2":17,"3":17,"4":17,"5":71,"6":71,"7":14,"8":57,"9":57,"10":57,"11":57,"12":57,"13":57,"14":57,"15":71,"16":71,"17":71,"18":63,"19":30,"20":27,"21":27,"22":57,"23":33,"24":3,"25":17,"26":17,"27":1},"f":{"0":71,"1":71,"2":63,"3":30,"4":27,"5":33,"6":3,"7":1},"b":{"0":[30,27],"1":[57,1],"2":[3,3],"3":[1,1]}}
,"/Users/giacomotriggiano/github.com/gtriggiano/node-es-ddd-components/src/lib/DomainEvent/validateDefinition.ts": {"path":"/Users/giacomotriggiano/github.com/gtriggiano/node-es-ddd-components/src/lib/DomainEvent/validateDefinition.ts","statementMap":{"0":{"start":{"line":1,"column":0},"end":{"line":1,"column":26}},"1":{"start":{"line":2,"column":0},"end":{"line":2,"column":61}},"2":{"start":{"line":4,"column":0},"end":{"line":4,"column":59}},"3":{"start":{"line":7,"column":2},"end":{"line":7,"column":62}},"4":{"start":{"line":10,"column":4},"end":{"line":10,"column":8}},"5":{"start":{"line":11,"column":4},"end":{"line":11,"column":15}},"6":{"start":{"line":12,"column":4},"end":{"line":12,"column":11}},"7":{"start":{"line":13,"column":4},"end":{"line":13,"column":20}},"8":{"start":{"line":14,"column":4},"end":{"line":14,"column":22}},"9":{"start":{"line":17,"column":2},"end":{"line":17,"column":80}},"10":{"start":{"line":18,"column":2},"end":{"line":21,"column":3}},"11":{"start":{"line":22,"column":2},"end":{"line":22,"column":70}},"12":{"start":{"line":23,"column":2},"end":{"line":26,"column":3}},"13":{"start":{"line":27,"column":2},"end":{"line":30,"column":3}},"14":{"start":{"line":6,"column":0},"end":{"line":31,"column":1}}},"fnMap":{"0":{"name":"validateDefinition","decl":{"start":{"line":6,"column":24},"end":{"line":6,"column":42}},"loc":{"start":{"line":6,"column":58},"end":{"line":31,"column":1}}}},"branchMap":{"0":{"loc":{"start":{"line":19,"column":4},"end":{"line":19,"column":22}},"type":"binary-expr","locations":[{"start":{"line":19,"column":4},"end":{"line":19,"column":22}},{"start":{"line":19,"column":26},"end":{"line":19,"column":47}}]},"1":{"loc":{"start":{"line":24,"column":4},"end":{"line":24,"column":27}},"type":"binary-expr","locations":[{"start":{"line":24,"column":4},"end":{"line":24,"column":27}},{"start":{"line":24,"column":31},"end":{"line":24,"column":59}}]},"2":{"loc":{"start":{"line":28,"column":4},"end":{"line":28,"column":29}},"type":"binary-expr","locations":[{"start":{"line":28,"column":4},"end":{"line":28,"column":29}},{"start":{"line":28,"column":33},"end":{"line":28,"column":63}}]}},"s":{"0":17,"1":17,"2":17,"3":71,"4":69,"5":69,"6":69,"7":69,"8":69,"9":69,"10":66,"11":63,"12":61,"13":59,"14":17},"f":{"0":71},"b":{"0":[66,64],"1":[61,2],"2":[59,2]}}
,"/Users/giacomotriggiano/github.com/gtriggiano/node-es-ddd-components/src/lib/Repository/InMemoryEventStore.ts": {"path":"/Users/giacomotriggiano/github.com/gtriggiano/node-es-ddd-components/src/lib/Repository/InMemoryEventStore.ts","statementMap":{"0":{"start":{"line":1,"column":0},"end":{"line":1,"column":39}},"1":{"start":{"line":10,"column":0},"end":{"line":10,"column":46}},"2":{"start":{"line":22,"column":13},"end":{"line":96,"column":1}},"3":{"start":{"line":24,"column":32},"end":{"line":24,"column":34}},"4":{"start":{"line":27,"column":29},"end":{"line":37,"column":5}},"5":{"start":{"line":32,"column":4},"end":{"line":37,"column":5}},"6":{"start":{"line":34,"column":8},"end":{"line":36,"column":55}},"7":{"start":{"line":39,"column":2},"end":{"line":95,"column":3}},"8":{"start":{"line":40,"column":43},"end":{"line":40,"column":61}},"9":{"start":{"line":42,"column":54},"end":{"line":42,"column":56}},"10":{"start":{"line":49,"column":6},"end":{"line":63,"column":8}},"11":{"start":{"line":49,"column":28},"end":{"line":49,"column":37}},"12":{"start":{"line":49,"column":39},"end":{"line":49,"column":63}},"13":{"start":{"line":50,"column":8},"end":{"line":50,"column":51}},"14":{"start":{"line":50,"column":45},"end":{"line":50,"column":51}},"15":{"start":{"line":52,"column":32},"end":{"line":52,"column":61}},"16":{"start":{"line":53,"column":33},"end":{"line":53,"column":55}},"17":{"start":{"line":54,"column":8},"end":{"line":54,"column":71}},"18":{"start":{"line":54,"column":65},"end":{"line":54,"column":71}},"19":{"start":{"line":55,"column":8},"end":{"line":55,"column":65}},"20":{"start":{"line":55,"column":59},"end":{"line":55,"column":65}},"21":{"start":{"line":57,"column":30},"end":{"line":57,"column":57}},"22":{"start":{"line":59,"column":10},"end":{"line":61,"column":141}},"23":{"start":{"line":62,"column":8},"end":{"line":62,"column":49}},"24":{"start":{"line":68,"column":6},"end":{"line":83,"column":8}},"25":{"start":{"line":68,"column":28},"end":{"line":68,"column":37}},"26":{"start":{"line":68,"column":39},"end":{"line":68,"column":53}},"27":{"start":{"line":69,"column":33},"end":{"line":69,"column":69}},"28":{"start":{"line":70,"column":8},"end":{"line":82,"column":10}},"29":{"start":{"line":70,"column":34},"end":{"line":70,"column":38}},"30":{"start":{"line":70,"column":40},"end":{"line":70,"column":47}},"31":{"start":{"line":71,"column":26},"end":{"line":71,"column":52}},"32":{"start":{"line":72,"column":33},"end":{"line":79,"column":11}},"33":{"start":{"line":80,"column":10},"end":{"line":80,"column":37}},"34":{"start":{"line":81,"column":10},"end":{"line":81,"column":46}},"35":{"start":{"line":86,"column":6},"end":{"line":86,"column":45}},"36":{"start":{"line":89,"column":6},"end":{"line":93,"column":7}},"37":{"start":{"line":91,"column":19},"end":{"line":91,"column":46}},"38":{"start":{"line":98,"column":25},"end":{"line":106,"column":59}},"39":{"start":{"line":99,"column":2},"end":{"line":99,"column":9}},"40":{"start":{"line":100,"column":2},"end":{"line":100,"column":6}},"41":{"start":{"line":101,"column":2},"end":{"line":101,"column":10}},"42":{"start":{"line":106,"column":6},"end":{"line":106,"column":59}},"43":{"start":{"line":108,"column":17},"end":{"line":108,"column":51}},"44":{"start":{"line":108,"column":31},"end":{"line":108,"column":51}},"45":{"start":{"line":110,"column":13},"end":{"line":115,"column":21}},"46":{"start":{"line":111,"column":2},"end":{"line":115,"column":21}},"47":{"start":{"line":114,"column":19},"end":{"line":114,"column":22}}},"fnMap":{"0":{"name":"(anonymous_2)","decl":{"start":{"line":22,"column":34},"end":{"line":null,"column":-1}},"loc":{"start":{"line":22,"column":34},"end":{"line":96,"column":1}}},"1":{"name":"(anonymous_3)","decl":{"start":{"line":27,"column":29},"end":{"line":27,"column":29}},"loc":{"start":{"line":31,"column":3},"end":{"line":37,"column":5}}},"2":{"name":"(anonymous_4)","decl":{"start":{"line":33,"column":6},"end":{"line":33,"column":5}},"loc":{"start":{"line":33,"column":11},"end":{"line":36,"column":55}}},"3":{"name":"(anonymous_5)","decl":{"start":{"line":40,"column":30},"end":{"line":40,"column":30}},"loc":{"start":{"line":40,"column":61},"end":{"line":87,"column":5}}},"4":{"name":"(anonymous_6)","decl":{"start":{"line":49,"column":25},"end":{"line":49,"column":25}},"loc":{"start":{"line":49,"column":65},"end":{"line":63,"column":7}}},"5":{"name":"(anonymous_7)","decl":{"start":{"line":68,"column":25},"end":{"line":68,"column":25}},"loc":{"start":{"line":68,"column":55},"end":{"line":83,"column":7}}},"6":{"name":"(anonymous_8)","decl":{"start":{"line":70,"column":31},"end":{"line":70,"column":31}},"loc":{"start":{"line":70,"column":54},"end":{"line":82,"column":9}}},"7":{"name":"(anonymous_9)","decl":{"start":{"line":88,"column":26},"end":{"line":88,"column":26}},"loc":{"start":{"line":88,"column":49},"end":{"line":94,"column":5}}},"8":{"name":"(anonymous_10)","decl":{"start":{"line":91,"column":10},"end":{"line":91,"column":9}},"loc":{"start":{"line":91,"column":15},"end":{"line":91,"column":46}}},"9":{"name":"(anonymous_11)","decl":{"start":{"line":98,"column":25},"end":{"line":98,"column":25}},"loc":{"start":{"line":106,"column":1},"end":{"line":106,"column":59}}},"10":{"name":"(anonymous_12)","decl":{"start":{"line":108,"column":17},"end":{"line":108,"column":30}},"loc":{"start":{"line":108,"column":17},"end":{"line":108,"column":51}}},"11":{"name":"(anonymous_13)","decl":{"start":{"line":110,"column":13},"end":{"line":110,"column":13}},"loc":{"start":{"line":110,"column":34},"end":{"line":115,"column":21}}},"12":{"name":"(anonymous_14)","decl":{"start":{"line":114,"column":13},"end":{"line":114,"column":18}},"loc":{"start":{"line":114,"column":13},"end":{"line":114,"column":22}}}},"branchMap":{"0":{"loc":{"start":{"line":34,"column":8},"end":{"line":34,"column":53}},"type":"binary-expr","locations":[{"start":{"line":34,"column":8},"end":{"line":34,"column":53}},{"start":{"line":35,"column":8},"end":{"line":35,"column":47}},{"start":{"line":36,"column":8},"end":{"line":36,"column":55}}]},"1":{"loc":{"start":{"line":40,"column":43},"end":{"line":40,"column":61}},"type":"if","locations":[{"start":{"line":40,"column":43},"end":{"line":40,"column":61}},{"start":{"line":40,"column":43},"end":{"line":40,"column":61}}]},"2":{"loc":{"start":{"line":50,"column":8},"end":{"line":50,"column":51}},"type":"if","locations":[{"start":{"line":50,"column":8},"end":{"line":50,"column":51}},{"start":{"line":50,"column":8},"end":{"line":50,"column":51}}]},"3":{"loc":{"start":{"line":54,"column":8},"end":{"line":54,"column":71}},"type":"if","locations":[{"start":{"line":54,"column":8},"end":{"line":54,"column":71}},{"start":{"line":54,"column":8},"end":{"line":54,"column":71}}]},"4":{"loc":{"start":{"line":54,"column":12},"end":{"line":54,"column":43}},"type":"binary-expr","locations":[{"start":{"line":54,"column":12},"end":{"line":54,"column":43}},{"start":{"line":54,"column":47},"end":{"line":54,"column":63}}]},"5":{"loc":{"start":{"line":55,"column":8},"end":{"line":55,"column":65}},"type":"if","locations":[{"start":{"line":55,"column":8},"end":{"line":55,"column":65}},{"start":{"line":55,"column":8},"end":{"line":55,"column":65}}]},"6":{"loc":{"start":{"line":60,"column":14},"end":{"line":60,"column":80}},"type":"cond-expr","locations":[{"start":{"line":60,"column":14},"end":{"line":60,"column":80}},{"start":{"line":61,"column":14},"end":{"line":61,"column":141}}]},"7":{"loc":{"start":{"line":106,"column":38},"end":{"line":106,"column":52}},"type":"cond-expr","locations":[{"start":{"line":106,"column":38},"end":{"line":106,"column":52}},{"start":{"line":106,"column":55},"end":{"line":106,"column":57}}]},"8":{"loc":{"start":{"line":112,"column":6},"end":{"line":112,"column":7}},"type":"cond-expr","locations":[{"start":{"line":112,"column":6},"end":{"line":112,"column":7}},{"start":{"line":113,"column":6},"end":{"line":115,"column":21}}]}},"s":{"0":17,"1":17,"2":17,"3":19,"4":19,"5":48,"6":45,"7":19,"8":9,"9":9,"10":9,"11":11,"12":11,"13":11,"14":0,"15":11,"16":11,"17":11,"18":0,"19":11,"20":11,"21":0,"22":0,"23":0,"24":9,"25":11,"26":11,"27":11,"28":11,"29":18,"30":18,"31":18,"32":18,"33":18,"34":18,"35":9,"36":26,"37":27,"38":17,"39":0,"40":0,"41":0,"42":0,"43":17,"44":18,"45":17,"46":18,"47":342},"f":{"0":19,"1":48,"2":45,"3":9,"4":11,"5":11,"6":18,"7":26,"8":27,"9":0,"10":18,"11":18,"12":342},"b":{"0":[45,45,45],"1":[0,9],"2":[0,11],"3":[0,11],"4":[11,0],"5":[11,0],"6":[0,0],"7":[0,0],"8":[0,18]}}
,"/Users/giacomotriggiano/github.com/gtriggiano/node-es-ddd-components/src/lib/Repository/InMemorySnapshotService.ts": {"path":"/Users/giacomotriggiano/github.com/gtriggiano/node-es-ddd-components/src/lib/Repository/InMemorySnapshotService.ts","statementMap":{"0":{"start":{"line":10,"column":13},"end":{"line":27,"column":1}},"1":{"start":{"line":11,"column":29},"end":{"line":11,"column":31}},"2":{"start":{"line":13,"column":32},"end":{"line":13,"column":80}},"3":{"start":{"line":13,"column":49},"end":{"line":13,"column":80}},"4":{"start":{"line":15,"column":32},"end":{"line":21,"column":3}},"5":{"start":{"line":17,"column":4},"end":{"line":17,"column":29}},"6":{"start":{"line":20,"column":4},"end":{"line":20,"column":28}},"7":{"start":{"line":23,"column":2},"end":{"line":26,"column":3}}},"fnMap":{"0":{"name":"(anonymous_0)","decl":{"start":{"line":10,"column":39},"end":{"line":null,"column":-1}},"loc":{"start":{"line":10,"column":39},"end":{"line":27,"column":1}}},"1":{"name":"(anonymous_1)","decl":{"start":{"line":13,"column":32},"end":{"line":13,"column":32}},"loc":{"start":{"line":13,"column":44},"end":{"line":13,"column":80}}},"2":{"name":"(anonymous_2)","decl":{"start":{"line":15,"column":32},"end":{"line":15,"column":32}},"loc":{"start":{"line":15,"column":73},"end":{"line":21,"column":3}}}},"branchMap":{},"s":{"0":17,"1":19,"2":19,"3":25,"4":19,"5":2,"6":2,"7":19},"f":{"0":19,"1":25,"2":2},"b":{}}
,"/Users/giacomotriggiano/github.com/gtriggiano/node-es-ddd-components/src/lib/Repository/index.ts": {"path":"/Users/giacomotriggiano/github.com/gtriggiano/node-es-ddd-components/src/lib/Repository/index.ts","statementMap":{"0":{"start":{"line":1,"column":0},"end":{"line":1,"column":34}},"1":{"start":{"line":4,"column":0},"end":{"line":4,"column":43}},"2":{"start":{"line":11,"column":0},"end":{"line":11,"column":52}},"3":{"start":{"line":17,"column":13},"end":{"line":20,"column":38}},"4":{"start":{"line":22,"column":13},"end":{"line":24,"column":2}},"5":{"start":{"line":26,"column":0},"end":{"line":119,"column":0}},"6":{"start":{"line":31,"column":2},"end":{"line":37,"column":3}},"7":{"start":{"line":33,"column":4},"end":{"line":33,"column":34}},"8":{"start":{"line":36,"column":4},"end":{"line":36,"column":66}},"9":{"start":{"line":40,"column":4},"end":{"line":40,"column":14}},"10":{"start":{"line":41,"column":4},"end":{"line":41,"column":19}},"11":{"start":{"line":42,"column":4},"end":{"line":42,"column":38}},"12":{"start":{"line":45,"column":24},"end":{"line":76,"column":3}},"13":{"start":{"line":48,"column":21},"end":{"line":48,"column":36}},"14":{"start":{"line":49,"column":8},"end":{"line":56,"column":12}},"15":{"start":{"line":53,"column":12},"end":{"line":53,"column":69}},"16":{"start":{"line":53,"column":53},"end":{"line":53,"column":69}},"17":{"start":{"line":55,"column":12},"end":{"line":55,"column":19}},"18":{"start":{"line":57,"column":8},"end":{"line":57,"column":17}},"19":{"start":{"line":48,"column":10},"end":{"line":57,"column":17}},"20":{"start":{"line":58,"column":19},"end":{"line":61,"column":5}},"21":{"start":{"line":58,"column":10},"end":{"line":61,"column":5}},"22":{"start":{"line":62,"column":10},"end":{"line":62,"column":79}},"23":{"start":{"line":65,"column":4},"end":{"line":72,"column":5}},"24":{"start":{"line":66,"column":6},"end":{"line":71,"column":20}},"25":{"start":{"line":75,"column":4},"end":{"line":75,"column":47}},"26":{"start":{"line":80,"column":14},"end":{"line":80,"column":70}},"27":{"start":{"line":80,"column":28},"end":{"line":80,"column":70}},"28":{"start":{"line":84,"column":17},"end":{"line":116,"column":3}},"29":{"start":{"line":85,"column":10},"end":{"line":102,"column":5}},"30":{"start":{"line":87,"column":26},"end":{"line":87,"column":50}},"31":{"start":{"line":88,"column":8},"end":{"line":99,"column":14}},"32":{"start":{"line":93,"column":19},"end":{"line":93,"column":23}},"33":{"start":{"line":93,"column":25},"end":{"line":93,"column":45}},"34":{"start":{"line":93,"column":52},"end":{"line":96,"column":18}},"35":{"start":{"line":103,"column":28},"end":{"line":103,"column":45}},"36":{"start":{"line":104,"column":8},"end":{"line":107,"column":9}},"37":{"start":{"line":108,"column":8},"end":{"line":108,"column":10}},"38":{"start":{"line":103,"column":10},"end":{"line":108,"column":10}},"39":{"start":{"line":110,"column":31},"end":{"line":110,"column":53}},"40":{"start":{"line":110,"column":10},"end":{"line":110,"column":53}},"41":{"start":{"line":112,"column":4},"end":{"line":115,"column":5}},"42":{"start":{"line":118,"column":2},"end":{"line":118,"column":26}},"43":{"start":{"line":26,"column":0},"end":{"line":119,"column":1}},"44":{"start":{"line":121,"column":0},"end":{"line":121,"column":36}},"45":{"start":{"line":122,"column":0},"end":{"line":122,"column":41}}},"fnMap":{"0":{"name":"Repository","decl":{"start":{"line":26,"column":16},"end":{"line":26,"column":26}},"loc":{"start":{"line":29,"column":34},"end":{"line":119,"column":1}}},"1":{"name":"(anonymous_15)","decl":{"start":{"line":45,"column":24},"end":{"line":46,"column":3}},"loc":{"start":{"line":46,"column":32},"end":{"line":76,"column":3}}},"2":{"name":"(anonymous_18)","decl":{"start":{"line":51,"column":17},"end":{"line":51,"column":16}},"loc":{"start":{"line":51,"column":18},"end":{"line":56,"column":11}}},"3":{"name":"(anonymous_19)","decl":{"start":{"line":80,"column":14},"end":{"line":80,"column":13}},"loc":{"start":{"line":80,"column":24},"end":{"line":80,"column":70}}},"4":{"name":"(anonymous_20)","decl":{"start":{"line":84,"column":17},"end":{"line":84,"column":23}},"loc":{"start":{"line":84,"column":49},"end":{"line":116,"column":3}}},"5":{"name":"(anonymous_23)","decl":{"start":{"line":86,"column":6},"end":{"line":86,"column":6}},"loc":{"start":{"line":86,"column":22},"end":{"line":100,"column":7}}},"6":{"name":"(anonymous_24)","decl":{"start":{"line":93,"column":16},"end":{"line":93,"column":16}},"loc":{"start":{"line":93,"column":47},"end":{"line":96,"column":18}}}},"branchMap":{"0":{"loc":{"start":{"line":53,"column":12},"end":{"line":53,"column":69}},"type":"if","locations":[{"start":{"line":53,"column":12},"end":{"line":53,"column":69}},{"start":{"line":53,"column":12},"end":{"line":53,"column":69}}]},"1":{"loc":{"start":{"line":60,"column":17},"end":{"line":60,"column":33}},"type":"cond-expr","locations":[{"start":{"line":60,"column":17},"end":{"line":60,"column":33}},{"start":{"line":60,"column":36},"end":{"line":60,"column":37}}]},"2":{"loc":{"start":{"line":65,"column":4},"end":{"line":72,"column":5}},"type":"if","locations":[{"start":{"line":65,"column":4},"end":{"line":72,"column":5}},{"start":{"line":65,"column":4},"end":{"line":72,"column":5}}]},"3":{"loc":{"start":{"line":65,"column":8},"end":{"line":65,"column":37}},"type":"binary-expr","locations":[{"start":{"line":65,"column":8},"end":{"line":65,"column":37}},{"start":{"line":65,"column":41},"end":{"line":65,"column":56}}]},"4":{"loc":{"start":{"line":89,"column":12},"end":{"line":89,"column":16}},"type":"cond-expr","locations":[{"start":{"line":89,"column":12},"end":{"line":89,"column":16}},{"start":{"line":90,"column":12},"end":{"line":99,"column":14}}]},"5":{"loc":{"start":{"line":106,"column":10},"end":{"line":106,"column":23}},"type":"binary-expr","locations":[{"start":{"line":106,"column":10},"end":{"line":106,"column":23}},{"start":{"line":106,"column":27},"end":{"line":106,"column":29}}]}},"s":{"0":17,"1":17,"2":17,"3":17,"4":17,"5":35,"6":35,"7":35,"8":13,"9":22,"10":22,"11":22,"12":22,"13":1,"14":54,"15":2,"16":1,"17":1,"18":1,"19":27,"20":27,"21":27,"22":26,"23":26,"24":2,"25":26,"26":22,"27":22,"28":22,"29":11,"30":15,"31":15,"32":20,"33":20,"34":20,"35":1,"36":20,"37":1,"38":10,"39":10,"40":10,"41":10,"42":22,"43":17,"44":17,"45":17},"f":{"0":35,"1":28,"2":2,"3":22,"4":11,"5":15,"6":20},"b":{"0":[1,1],"1":[1,26],"2":[2,24],"3":[26,2],"4":[3,12],"5":[10,9]}}
,"/Users/giacomotriggiano/github.com/gtriggiano/node-es-ddd-components/src/lib/Repository/validateDefinition.ts": {"path":"/Users/giacomotriggiano/github.com/gtriggiano/node-es-ddd-components/src/lib/Repository/validateDefinition.ts","statementMap":{"0":{"start":{"line":1,"column":0},"end":{"line":1,"column":26}},"1":{"start":{"line":2,"column":0},"end":{"line":2,"column":44}},"2":{"start":{"line":5,"column":2},"end":{"line":5,"column":62}},"3":{"start":{"line":7,"column":10},"end":{"line":7,"column":20}},"4":{"start":{"line":7,"column":22},"end":{"line":7,"column":37}},"5":{"start":{"line":9,"column":2},"end":{"line":9,"column":73}},"6":{"start":{"line":10,"column":2},"end":{"line":13,"column":3}},"7":{"start":{"line":14,"column":2},"end":{"line":17,"column":3}},"8":{"start":{"line":19,"column":2},"end":{"line":22,"column":3}},"9":{"start":{"line":25,"column":2},"end":{"line":34,"column":3}},"10":{"start":{"line":26,"column":4},"end":{"line":29,"column":5}},"11":{"start":{"line":30,"column":4},"end":{"line":33,"column":5}},"12":{"start":{"line":4,"column":0},"end":{"line":35,"column":1}}},"fnMap":{"0":{"name":"validateDefinition","decl":{"start":{"line":4,"column":24},"end":{"line":4,"column":42}},"loc":{"start":{"line":4,"column":58},"end":{"line":35,"column":1}}}},"branchMap":{"0":{"loc":{"start":{"line":20,"column":4},"end":{"line":20,"column":20}},"type":"binary-expr","locations":[{"start":{"line":20,"column":4},"end":{"line":20,"column":20}},{"start":{"line":20,"column":24},"end":{"line":20,"column":49}}]},"1":{"loc":{"start":{"line":25,"column":2},"end":{"line":34,"column":3}},"type":"if","locations":[{"start":{"line":25,"column":2},"end":{"line":34,"column":3}},{"start":{"line":25,"column":2},"end":{"line":34,"column":3}}]}},"s":{"0":17,"1":17,"2":35,"3":33,"4":33,"5":33,"6":30,"7":28,"8":27,"9":25,"10":23,"11":21,"12":17},"f":{"0":35},"b":{"0":[27,25],"1":[23,2]}}
,"/Users/giacomotriggiano/github.com/gtriggiano/node-es-ddd-components/src/lib/utils/getDeserializer.ts": {"path":"/Users/giacomotriggiano/github.com/gtriggiano/node-es-ddd-components/src/lib/utils/getDeserializer.ts","statementMap":{"0":{"start":{"line":1,"column":0},"end":{"line":1,"column":43}},"1":{"start":{"line":7,"column":13},"end":{"line":12,"column":2}},"2":{"start":{"line":20,"column":22},"end":{"line":20,"column":48}},"3":{"start":{"line":21,"column":2},"end":{"line":29,"column":3}},"4":{"start":{"line":22,"column":4},"end":{"line":28,"column":5}},"5":{"start":{"line":23,"column":6},"end":{"line":23,"column":27}},"6":{"start":{"line":25,"column":6},"end":{"line":27,"column":8}},"7":{"start":{"line":16,"column":0},"end":{"line":30,"column":1}}},"fnMap":{"0":{"name":"getDeserializer","decl":{"start":{"line":16,"column":16},"end":{"line":16,"column":31}},"loc":{"start":{"line":18,"column":23},"end":{"line":30,"column":1}}},"1":{"name":"(anonymous_1)","decl":{"start":{"line":21,"column":9},"end":{"line":21,"column":9}},"loc":{"start":{"line":21,"column":19},"end":{"line":29,"column":3}}}},"branchMap":{"0":{"loc":{"start":{"line":20,"column":22},"end":{"line":20,"column":34}},"type":"binary-expr","locations":[{"start":{"line":20,"column":22},"end":{"line":20,"column":34}},{"start":{"line":20,"column":38},"end":{"line":20,"column":48}}]},"1":{"loc":{"start":{"line":25,"column":33},"end":{"line":25,"column":45}},"type":"binary-expr","locations":[{"start":{"line":25,"column":33},"end":{"line":25,"column":45}},{"start":{"line":25,"column":49},"end":{"line":25,"column":58}}]}},"s":{"0":17,"1":17,"2":129,"3":129,"4":45,"5":45,"6":5,"7":17},"f":{"0":129,"1":45},"b":{"0":[129,126],"1":[5,3]}}
,"/Users/giacomotriggiano/github.com/gtriggiano/node-es-ddd-components/src/lib/utils/getSerializer.ts": {"path":"/Users/giacomotriggiano/github.com/gtriggiano/node-es-ddd-components/src/lib/utils/getSerializer.ts","statementMap":{"0":{"start":{"line":1,"column":0},"end":{"line":1,"column":43}},"1":{"start":{"line":7,"column":13},"end":{"line":9,"column":2}},"2":{"start":{"line":17,"column":20},"end":{"line":17,"column":48}},"3":{"start":{"line":18,"column":2},"end":{"line":24,"column":3}},"4":{"start":{"line":19,"column":4},"end":{"line":23,"column":5}},"5":{"start":{"line":20,"column":6},"end":{"line":20,"column":25}},"6":{"start":{"line":22,"column":6},"end":{"line":22,"column":79}},"7":{"start":{"line":13,"column":0},"end":{"line":25,"column":1}}},"fnMap":{"0":{"name":"getSerializer","decl":{"start":{"line":13,"column":16},"end":{"line":13,"column":29}},"loc":{"start":{"line":15,"column":23},"end":{"line":25,"column":1}}},"1":{"name":"(anonymous_1)","decl":{"start":{"line":18,"column":9},"end":{"line":18,"column":9}},"loc":{"start":{"line":18,"column":14},"end":{"line":24,"column":3}}}},"branchMap":{"0":{"loc":{"start":{"line":17,"column":20},"end":{"line":17,"column":30}},"type":"binary-expr","locations":[{"start":{"line":17,"column":20},"end":{"line":17,"column":30}},{"start":{"line":17,"column":34},"end":{"line":17,"column":48}}]},"1":{"loc":{"start":{"line":22,"column":31},"end":{"line":22,"column":43}},"type":"binary-expr","locations":[{"start":{"line":22,"column":31},"end":{"line":22,"column":43}},{"start":{"line":22,"column":47},"end":{"line":22,"column":56}}]}},"s":{"0":17,"1":17,"2":129,"3":129,"4":48,"5":48,"6":5,"7":17},"f":{"0":129,"1":48},"b":{"0":[129,123],"1":[5,3]}}
,"/Users/giacomotriggiano/github.com/gtriggiano/node-es-ddd-components/src/lib/utils/index.ts": {"path":"/Users/giacomotriggiano/github.com/gtriggiano/node-es-ddd-components/src/lib/utils/index.ts","statementMap":{"0":{"start":{"line":1,"column":0},"end":{"line":1,"column":33}},"1":{"start":{"line":2,"column":0},"end":{"line":2,"column":31}},"2":{"start":{"line":3,"column":0},"end":{"line":3,"column":29}},"3":{"start":{"line":4,"column":0},"end":{"line":4,"column":23}}},"fnMap":{},"branchMap":{},"s":{"0":17,"1":17,"2":17,"3":17},"f":{},"b":{}}
,"/Users/giacomotriggiano/github.com/gtriggiano/node-es-ddd-components/src/lib/utils/isValidName.ts": {"path":"/Users/giacomotriggiano/github.com/gtriggiano/node-es-ddd-components/src/lib/utils/isValidName.ts","statementMap":{"0":{"start":{"line":1,"column":0},"end":{"line":1,"column":32}},"1":{"start":{"line":4,"column":2},"end":{"line":4,"column":47}},"2":{"start":{"line":3,"column":0},"end":{"line":5,"column":1}},"3":{"start":{"line":7,"column":13},"end":{"line":7,"column":121}}},"fnMap":{"0":{"name":"isValidName","decl":{"start":{"line":3,"column":16},"end":{"line":3,"column":27}},"loc":{"start":{"line":3,"column":34},"end":{"line":5,"column":1}}}},"branchMap":{"0":{"loc":{"start":{"line":4,"column":9},"end":{"line":4,"column":20}},"type":"binary-expr","locations":[{"start":{"line":4,"column":9},"end":{"line":4,"column":20}},{"start":{"line":4,"column":24},"end":{"line":4,"column":47}}]}},"s":{"0":17,"1":3560,"2":17,"3":17},"f":{"0":3560},"b":{"0":[3560,3550]}}
,"/Users/giacomotriggiano/github.com/gtriggiano/node-es-ddd-components/src/lib/utils/tuple.ts": {"path":"/Users/giacomotriggiano/github.com/gtriggiano/node-es-ddd-components/src/lib/utils/tuple.ts","statementMap":{"0":{"start":{"line":4,"column":13},"end":{"line":4,"column":64}},"1":{"start":{"line":4,"column":45},"end":{"line":4,"column":54}},"2":{"start":{"line":4,"column":45},"end":{"line":4,"column":55}},"3":{"start":{"line":4,"column":60},"end":{"line":4,"column":64}}},"fnMap":{"0":{"name":"(anonymous_0)","decl":{"start":{"line":4,"column":21},"end":{"line":null,"column":-1}},"loc":{"start":{"line":4,"column":21},"end":{"line":4,"column":64}}}},"branchMap":{},"s":{"0":17,"1":109,"2":286,"3":109},"f":{"0":109},"b":{}}
}
