{
"src/lib/index.ts":{"path":"src/lib/index.ts","statementMap":{"1":{"start":{"line":1,"column":0},"end":{"line":1,"column":27}},"2":{"start":{"line":8,"column":0},"end":{"line":8,"column":29}},"3":{"start":{"line":11,"column":0},"end":{"line":11,"column":29}},"4":{"start":{"line":13,"column":0},"end":{"line":13,"column":23}}},"fnMap":{},"branchMap":{},"s":{"1":17,"2":17,"3":17,"4":17},"b":{},"f":{},"l":{"1":17,"8":17,"11":17,"13":17}},
"src/lib/Aggregate/CommandInterface.ts":{"path":"src/lib/Aggregate/CommandInterface.ts","statementMap":{"1":{"start":{"line":128,"column":4},"end":{"line":128,"column":18}},"2":{"start":{"line":129,"column":4},"end":{"line":129,"column":18}},"3":{"start":{"line":130,"column":4},"end":{"line":130,"column":21}},"4":{"start":{"line":131,"column":4},"end":{"line":131,"column":21}},"5":{"start":{"line":134,"column":2},"end":{"line":181,"column":3}},"6":{"start":{"line":135,"column":38},"end":{"line":144,"column":5}},"7":{"start":{"line":137,"column":8},"end":{"line":142,"column":30}},"8":{"start":{"line":146,"column":35},"end":{"line":155,"column":5}},"9":{"start":{"line":148,"column":8},"end":{"line":153,"column":27}},"10":{"start":{"line":157,"column":43},"end":{"line":164,"column":5}},"11":{"start":{"line":166,"column":4},"end":{"line":173,"column":6}},"12":{"start":{"line":169,"column":25},"end":{"line":169,"column":79}},"13":{"start":{"line":78,"column":0},"end":{"line":182,"column":1}}},"fnMap":{"1":{"name":"CommandInterface","line":118,"loc":{"start":{"line":118,"column":3},"end":{"line":182,"column":1}},"decl":{"start":{"line":78,"column":24},"end":{"line":78,"column":40}}},"2":{"name":"(anonymous_1)","line":134,"loc":{"start":{"line":134,"column":60},"end":{"line":174,"column":3}},"decl":{"start":{"line":134,"column":34},"end":{"line":134,"column":34}}},"3":{"name":"(anonymous_2)","line":136,"loc":{"start":{"line":136,"column":36},"end":{"line":142,"column":30}},"decl":{"start":{"line":136,"column":6},"end":{"line":136,"column":6}}},"4":{"name":"(anonymous_3)","line":147,"loc":{"start":{"line":147,"column":33},"end":{"line":153,"column":27}},"decl":{"start":{"line":147,"column":6},"end":{"line":147,"column":6}}},"5":{"name":"(anonymous_4)","line":169,"loc":{"start":{"line":169,"column":20},"end":{"line":169,"column":79}},"decl":{"start":{"line":169,"column":8},"end":{"line":169,"column":8}}}},"branchMap":{"1":{"line":138,"type":"cond-expr","locations":[{"start":{"line":138,"column":12},"end":{"line":141,"column":14}},{"start":{"line":142,"column":12},"end":{"line":142,"column":30}}],"loc":{"start":{"line":137,"column":8},"end":{"line":142,"column":30}}},"2":{"line":149,"type":"cond-expr","locations":[{"start":{"line":149,"column":12},"end":{"line":152,"column":14}},{"start":{"line":153,"column":12},"end":{"line":153,"column":27}}],"loc":{"start":{"line":148,"column":8},"end":{"line":153,"column":27}}}},"s":{"1":38,"2":38,"3":38,"4":38,"5":38,"6":266,"7":266,"8":266,"9":494,"10":266,"11":266,"12":7,"13":17},"b":{"1":[266,0],"2":[494,0]},"f":{"1":38,"2":266,"3":266,"4":494,"5":7},"l":{"78":17,"128":38,"129":38,"130":38,"131":38,"134":38,"135":266,"137":266,"146":266,"148":494,"157":266,"166":266,"169":7}},
"src/lib/Aggregate/EmissionInterface.ts":{"path":"src/lib/Aggregate/EmissionInterface.ts","statementMap":{"1":{"start":{"line":35,"column":10},"end":{"line":35,"column":25}},"2":{"start":{"line":35,"column":27},"end":{"line":35,"column":37}},"3":{"start":{"line":37,"column":2},"end":{"line":47,"column":73}},"4":{"start":{"line":38,"column":4},"end":{"line":46,"column":6}},"5":{"start":{"line":42,"column":10},"end":{"line":42,"column":59}},"6":{"start":{"line":28,"column":0},"end":{"line":48,"column":1}}},"fnMap":{"1":{"name":"EmissionInterface","line":33,"loc":{"start":{"line":33,"column":58},"end":{"line":48,"column":1}},"decl":{"start":{"line":28,"column":24},"end":{"line":28,"column":41}}},"2":{"name":"(anonymous_1)","line":37,"loc":{"start":{"line":37,"column":58},"end":{"line":47,"column":3}},"decl":{"start":{"line":37,"column":32},"end":{"line":37,"column":32}}},"3":{"name":"(anonymous_2)","line":41,"loc":{"start":{"line":41,"column":59},"end":{"line":42,"column":59}},"decl":{"start":{"line":41,"column":8},"end":{"line":41,"column":8}}}},"branchMap":{"1":{"line":42,"type":"binary-expr","locations":[{"start":{"line":42,"column":36},"end":{"line":42,"column":53}},{"start":{"line":42,"column":57},"end":{"line":42,"column":58}}],"loc":{"start":{"line":42,"column":36},"end":{"line":42,"column":58}}}},"s":{"1":38,"2":38,"3":38,"4":266,"5":7,"6":17},"b":{"1":[7,7]},"f":{"1":38,"2":266,"3":7},"l":{"28":17,"35":38,"37":38,"38":266,"42":7}},
"src/lib/Aggregate/ErrorInterface.ts":{"path":"src/lib/Aggregate/ErrorInterface.ts","statementMap":{"1":{"start":{"line":23,"column":10},"end":{"line":23,"column":24}},"2":{"start":{"line":25,"column":2},"end":{"line":31,"column":58}},"3":{"start":{"line":27,"column":6},"end":{"line":29,"column":8}},"4":{"start":{"line":17,"column":0},"end":{"line":32,"column":1}}},"fnMap":{"1":{"name":"ErrorInterface","line":21,"loc":{"start":{"line":21,"column":48},"end":{"line":32,"column":1}},"decl":{"start":{"line":17,"column":24},"end":{"line":17,"column":38}}},"2":{"name":"(anonymous_1)","line":26,"loc":{"start":{"line":26,"column":26},"end":{"line":29,"column":8}},"decl":{"start":{"line":26,"column":4},"end":{"line":26,"column":4}}}},"branchMap":{},"s":{"1":38,"2":38,"3":266,"4":17},"b":{},"f":{"1":38,"2":266},"l":{"17":17,"23":38,"25":38,"27":266}},
"src/lib/Aggregate/QueryInterface.ts":{"path":"src/lib/Aggregate/QueryInterface.ts","statementMap":{"1":{"start":{"line":36,"column":10},"end":{"line":36,"column":18}},"2":{"start":{"line":36,"column":20},"end":{"line":36,"column":36}},"3":{"start":{"line":38,"column":2},"end":{"line":49,"column":61}},"4":{"start":{"line":40,"column":6},"end":{"line":47,"column":8}},"5":{"start":{"line":43,"column":27},"end":{"line":43,"column":59}},"6":{"start":{"line":24,"column":0},"end":{"line":50,"column":1}}},"fnMap":{"1":{"name":"QueryInterface","line":34,"loc":{"start":{"line":34,"column":51},"end":{"line":50,"column":1}},"decl":{"start":{"line":24,"column":24},"end":{"line":24,"column":38}}},"2":{"name":"(anonymous_1)","line":39,"loc":{"start":{"line":39,"column":26},"end":{"line":47,"column":8}},"decl":{"start":{"line":39,"column":4},"end":{"line":39,"column":4}}},"3":{"name":"(anonymous_2)","line":43,"loc":{"start":{"line":43,"column":22},"end":{"line":43,"column":59}},"decl":{"start":{"line":43,"column":10},"end":{"line":43,"column":10}}}},"branchMap":{},"s":{"1":38,"2":38,"3":38,"4":231,"5":10,"6":17},"b":{},"f":{"1":38,"2":231,"3":10},"l":{"24":17,"36":38,"38":38,"40":231,"43":10}},
"src/lib/Aggregate/aggregateUtils.ts":{"path":"src/lib/Aggregate/aggregateUtils.ts","statementMap":{"1":{"start":{"line":5,"column":2},"end":{"line":5,"column":52}},"2":{"start":{"line":1,"column":0},"end":{"line":6,"column":1}}},"fnMap":{"1":{"name":"getAggregateName","line":3,"loc":{"start":{"line":3,"column":25},"end":{"line":6,"column":1}},"decl":{"start":{"line":1,"column":16},"end":{"line":1,"column":32}}}},"branchMap":{"1":{"line":5,"type":"cond-expr","locations":[{"start":{"line":5,"column":30},"end":{"line":5,"column":45}},{"start":{"line":5,"column":48},"end":{"line":5,"column":50}}],"loc":{"start":{"line":5,"column":19},"end":{"line":5,"column":50}}}},"s":{"1":39,"2":17},"b":{"1":[36,3]},"f":{"1":39},"l":{"1":17,"5":39}},
"src/lib/Aggregate/index.ts":{"path":"src/lib/Aggregate/index.ts","statementMap":{"1":{"start":{"line":1,"column":0},"end":{"line":1,"column":43}},"2":{"start":{"line":14,"column":0},"end":{"line":14,"column":56}},"3":{"start":{"line":16,"column":0},"end":{"line":16,"column":50}},"4":{"start":{"line":17,"column":0},"end":{"line":17,"column":48}},"5":{"start":{"line":24,"column":0},"end":{"line":24,"column":50}},"6":{"start":{"line":25,"column":0},"end":{"line":25,"column":44}},"7":{"start":{"line":35,"column":0},"end":{"line":35,"column":44}},"8":{"start":{"line":36,"column":0},"end":{"line":36,"column":67}},"9":{"start":{"line":48,"column":0},"end":{"line":48,"column":64}},"10":{"start":{"line":49,"column":0},"end":{"line":49,"column":52}},"11":{"start":{"line":51,"column":13},"end":{"line":51,"column":42}},"12":{"start":{"line":52,"column":13},"end":{"line":52,"column":40}},"13":{"start":{"line":53,"column":13},"end":{"line":53,"column":38}},"14":{"start":{"line":59,"column":13},"end":{"line":64,"column":2}},"15":{"start":{"line":66,"column":13},"end":{"line":71,"column":2}},"16":{"start":{"line":123,"column":2},"end":{"line":129,"column":3}},"17":{"start":{"line":125,"column":4},"end":{"line":125,"column":34}},"18":{"start":{"line":128,"column":4},"end":{"line":128,"column":65}},"19":{"start":{"line":132,"column":4},"end":{"line":132,"column":15}},"20":{"start":{"line":133,"column":4},"end":{"line":133,"column":11}},"21":{"start":{"line":134,"column":4},"end":{"line":134,"column":8}},"22":{"start":{"line":135,"column":4},"end":{"line":135,"column":13}},"23":{"start":{"line":136,"column":4},"end":{"line":136,"column":16}},"24":{"start":{"line":137,"column":4},"end":{"line":137,"column":29}},"25":{"start":{"line":138,"column":4},"end":{"line":138,"column":31}},"26":{"start":{"line":139,"column":4},"end":{"line":139,"column":26}},"27":{"start":{"line":140,"column":4},"end":{"line":140,"column":27}},"28":{"start":{"line":141,"column":4},"end":{"line":141,"column":18}},"29":{"start":{"line":142,"column":4},"end":{"line":142,"column":21}},"30":{"start":{"line":143,"column":4},"end":{"line":143,"column":38}},"31":{"start":{"line":144,"column":4},"end":{"line":144,"column":42}},"32":{"start":{"line":149,"column":28},"end":{"line":149,"column":72}},"33":{"start":{"line":150,"column":25},"end":{"line":150,"column":65}},"34":{"start":{"line":151,"column":27},"end":{"line":151,"column":71}},"35":{"start":{"line":152,"column":36},"end":{"line":158,"column":42}},"36":{"start":{"line":153,"column":23},"end":{"line":156,"column":6}},"37":{"start":{"line":160,"column":18},"end":{"line":322,"column":3}},"38":{"start":{"line":174,"column":20},"end":{"line":174,"column":32}},"39":{"start":{"line":177,"column":4},"end":{"line":186,"column":5}},"40":{"start":{"line":178,"column":6},"end":{"line":183,"column":8}},"41":{"start":{"line":185,"column":6},"end":{"line":185,"column":77}},"42":{"start":{"line":188,"column":17},"end":{"line":188,"column":49}},"43":{"start":{"line":190,"column":25},"end":{"line":210,"column":5}},"44":{"start":{"line":193,"column":10},"end":{"line":193,"column":47}},"45":{"start":{"line":194,"column":8},"end":{"line":207,"column":16}},"46":{"start":{"line":199,"column":28},"end":{"line":203,"column":15}},"47":{"start":{"line":204,"column":14},"end":{"line":206,"column":16}},"48":{"start":{"line":211,"column":23},"end":{"line":211,"column":35}},"49":{"start":{"line":216,"column":8},"end":{"line":216,"column":10}},"50":{"start":{"line":219,"column":24},"end":{"line":219,"column":62}},"51":{"start":{"line":221,"column":6},"end":{"line":221,"column":64}},"52":{"start":{"line":224,"column":6},"end":{"line":224,"column":60}},"53":{"start":{"line":226,"column":39},"end":{"line":226,"column":75}},"54":{"start":{"line":228,"column":27},"end":{"line":235,"column":6}},"55":{"start":{"line":234,"column":22},"end":{"line":234,"column":34}},"56":{"start":{"line":237,"column":27},"end":{"line":242,"column":6}},"57":{"start":{"line":244,"column":30},"end":{"line":261,"column":6}},"58":{"start":{"line":252,"column":8},"end":{"line":252,"column":55}},"59":{"start":{"line":253,"column":8},"end":{"line":253,"column":33}},"60":{"start":{"line":254,"column":8},"end":{"line":258,"column":31}},"61":{"start":{"line":263,"column":29},"end":{"line":278,"column":6}},"62":{"start":{"line":280,"column":4},"end":{"line":321,"column":5}},"63":{"start":{"line":289,"column":15},"end":{"line":289,"column":74}},"64":{"start":{"line":292,"column":23},"end":{"line":292,"column":58}},"65":{"start":{"line":297,"column":23},"end":{"line":297,"column":75}},"66":{"start":{"line":299,"column":37},"end":{"line":299,"column":54}},"67":{"start":{"line":300,"column":43},"end":{"line":300,"column":71}},"68":{"start":{"line":302,"column":23},"end":{"line":305,"column":12}},"69":{"start":{"line":308,"column":32},"end":{"line":308,"column":54}},"70":{"start":{"line":316,"column":12},"end":{"line":318,"column":14}},"71":{"start":{"line":324,"column":38},"end":{"line":324,"column":69}},"72":{"start":{"line":326,"column":2},"end":{"line":337,"column":4}},"73":{"start":{"line":331,"column":29},"end":{"line":331,"column":56}},"74":{"start":{"line":335,"column":8},"end":{"line":335,"column":60}},"75":{"start":{"line":81,"column":0},"end":{"line":338,"column":1}},"76":{"start":{"line":341,"column":0},"end":{"line":343,"column":2}},"77":{"start":{"line":342,"column":27},"end":{"line":342,"column":69}}},"fnMap":{"1":{"name":"Aggregate","line":112,"loc":{"start":{"line":112,"column":3},"end":{"line":338,"column":1}},"decl":{"start":{"line":81,"column":16},"end":{"line":81,"column":25}}},"2":{"name":"(anonymous_4)","line":153,"loc":{"start":{"line":153,"column":18},"end":{"line":156,"column":6}},"decl":{"start":{"line":153,"column":4},"end":{"line":153,"column":4}}},"3":{"name":"(anonymous_5)","line":163,"loc":{"start":{"line":163,"column":66},"end":{"line":322,"column":3}},"decl":{"start":{"line":160,"column":18},"end":{"line":161,"column":3}}},"4":{"name":"(anonymous_6)","line":191,"loc":{"start":{"line":191,"column":24},"end":{"line":208,"column":7}},"decl":{"start":{"line":191,"column":6},"end":{"line":191,"column":6}}},"5":{"name":"(anonymous_7)","line":198,"loc":{"start":{"line":198,"column":13},"end":{"line":207,"column":13}},"decl":{"start":{"line":198,"column":13},"end":{"line":null,"column":-1}}},"6":{"name":"(anonymous_8)","line":234,"loc":{"start":{"line":234,"column":16},"end":{"line":234,"column":34}},"decl":{"start":{"line":234,"column":16},"end":{"line":234,"column":21}}},"7":{"name":"(anonymous_9)","line":250,"loc":{"start":{"line":250,"column":43},"end":{"line":260,"column":7}},"decl":{"start":{"line":250,"column":18},"end":{"line":250,"column":18}}},"8":{"name":"(anonymous_10)","line":288,"loc":{"start":{"line":288,"column":13},"end":{"line":289,"column":74}},"decl":{"start":{"line":285,"column":17},"end":{"line":286,"column":11}}},"9":{"name":"(anonymous_11)","line":292,"loc":{"start":{"line":292,"column":17},"end":{"line":292,"column":58}},"decl":{"start":{"line":292,"column":17},"end":{"line":292,"column":22}}},"10":{"name":"(anonymous_12)","line":297,"loc":{"start":{"line":297,"column":17},"end":{"line":297,"column":75}},"decl":{"start":{"line":297,"column":17},"end":{"line":297,"column":22}}},"11":{"name":"(anonymous_13)","line":299,"loc":{"start":{"line":299,"column":31},"end":{"line":299,"column":55}},"decl":{"start":{"line":299,"column":31},"end":{"line":299,"column":36}}},"12":{"name":"(anonymous_14)","line":300,"loc":{"start":{"line":300,"column":37},"end":{"line":300,"column":71}},"decl":{"start":{"line":300,"column":37},"end":{"line":300,"column":42}}},"13":{"name":"(anonymous_15)","line":302,"loc":{"start":{"line":302,"column":17},"end":{"line":305,"column":12}},"decl":{"start":{"line":302,"column":17},"end":{"line":302,"column":22}}},"14":{"name":"(anonymous_16)","line":308,"loc":{"start":{"line":308,"column":26},"end":{"line":308,"column":54}},"decl":{"start":{"line":308,"column":26},"end":{"line":308,"column":31}}},"15":{"name":"(anonymous_17)","line":315,"loc":{"start":{"line":315,"column":15},"end":{"line":318,"column":14}},"decl":{"start":{"line":315,"column":15},"end":{"line":null,"column":-1}}},"16":{"name":"(anonymous_18)","line":331,"loc":{"start":{"line":331,"column":23},"end":{"line":331,"column":56}},"decl":{"start":{"line":331,"column":23},"end":{"line":331,"column":28}}},"17":{"name":"(anonymous_19)","line":334,"loc":{"start":{"line":334,"column":27},"end":{"line":335,"column":60}},"decl":{"start":{"line":334,"column":13},"end":{"line":334,"column":13}}},"18":{"name":"(anonymous_20)","line":342,"loc":{"start":{"line":342,"column":22},"end":{"line":342,"column":69}},"decl":{"start":{"line":342,"column":9},"end":{"line":342,"column":9}}}},"branchMap":{"1":{"line":174,"type":"binary-expr","locations":[{"start":{"line":174,"column":20},"end":{"line":174,"column":26}},{"start":{"line":174,"column":30},"end":{"line":174,"column":32}}],"loc":{"start":{"line":174,"column":20},"end":{"line":174,"column":32}}},"2":{"line":195,"type":"cond-expr","locations":[{"start":{"line":195,"column":12},"end":{"line":197,"column":13}},{"start":{"line":198,"column":12},"end":{"line":207,"column":16}}],"loc":{"start":{"line":194,"column":15},"end":{"line":207,"column":16}}},"3":{"line":209,"type":"cond-expr","locations":[{"start":{"line":209,"column":17},"end":{"line":209,"column":59}},{"start":{"line":209,"column":62},"end":{"line":209,"column":74}}],"loc":{"start":{"line":209,"column":6},"end":{"line":209,"column":74}}},"4":{"line":221,"type":"binary-expr","locations":[{"start":{"line":221,"column":6},"end":{"line":221,"column":25}},{"start":{"line":221,"column":29},"end":{"line":221,"column":64}}],"loc":{"start":{"line":221,"column":6},"end":{"line":221,"column":64}}},"5":{"line":224,"type":"binary-expr","locations":[{"start":{"line":224,"column":8},"end":{"line":224,"column":16}},{"start":{"line":224,"column":20},"end":{"line":224,"column":36}},{"start":{"line":224,"column":41},"end":{"line":224,"column":42}}],"loc":{"start":{"line":224,"column":7},"end":{"line":224,"column":42}}},"6":{"line":257,"type":"cond-expr","locations":[{"start":{"line":257,"column":14},"end":{"line":257,"column":38}},{"start":{"line":258,"column":14},"end":{"line":258,"column":31}}],"loc":{"start":{"line":255,"column":10},"end":{"line":258,"column":31}}},"7":{"line":255,"type":"binary-expr","locations":[{"start":{"line":255,"column":10},"end":{"line":255,"column":48}},{"start":{"line":256,"column":10},"end":{"line":256,"column":55}}],"loc":{"start":{"line":255,"column":10},"end":{"line":256,"column":55}}},"8":{"line":297,"type":"binary-expr","locations":[{"start":{"line":297,"column":23},"end":{"line":297,"column":47}},{"start":{"line":297,"column":52},"end":{"line":297,"column":75}}],"loc":{"start":{"line":297,"column":23},"end":{"line":297,"column":75}}},"9":{"line":317,"type":"cond-expr","locations":[{"start":{"line":317,"column":37},"end":{"line":317,"column":63}},{"start":{"line":317,"column":66},"end":{"line":317,"column":68}}],"loc":{"start":{"line":317,"column":14},"end":{"line":317,"column":68}}},"10":{"line":329,"type":"binary-expr","locations":[{"start":{"line":329,"column":26},"end":{"line":329,"column":37}},{"start":{"line":329,"column":41},"end":{"line":329,"column":43}}],"loc":{"start":{"line":329,"column":26},"end":{"line":329,"column":43}}},"11":{"line":335,"type":"binary-expr","locations":[{"start":{"line":335,"column":8},"end":{"line":335,"column":16}},{"start":{"line":335,"column":20},"end":{"line":335,"column":32}},{"start":{"line":335,"column":36},"end":{"line":335,"column":60}}],"loc":{"start":{"line":335,"column":8},"end":{"line":335,"column":60}}},"12":{"line":342,"type":"binary-expr","locations":[{"start":{"line":342,"column":27},"end":{"line":342,"column":34}},{"start":{"line":342,"column":38},"end":{"line":342,"column":69}}],"loc":{"start":{"line":342,"column":27},"end":{"line":342,"column":69}}}},"s":{"1":17,"2":17,"3":17,"4":17,"5":17,"6":17,"7":17,"8":17,"9":17,"10":17,"11":17,"12":17,"13":17,"14":17,"15":17,"16":90,"17":90,"18":31,"19":59,"20":59,"21":59,"22":59,"23":59,"24":59,"25":59,"26":59,"27":59,"28":59,"29":59,"30":59,"31":59,"32":59,"33":59,"34":59,"35":59,"36":413,"37":59,"38":51,"39":51,"40":51,"41":12,"42":39,"43":39,"44":7,"45":7,"46":1,"47":1,"48":38,"49":38,"50":38,"51":38,"52":38,"53":38,"54":38,"55":10,"56":38,"57":38,"58":7,"59":7,"60":7,"61":38,"62":38,"63":1,"64":1,"65":1,"66":4,"67":5,"68":1,"69":2,"70":1,"71":59,"72":59,"73":1,"74":1,"75":17,"76":17,"77":1},"b":{"1":[51,41],"2":[6,1],"3":[4,35],"4":[38,2],"5":[38,4,34],"6":[2,5],"7":[7,2],"8":[1,1],"9":[1,0],"10":[59,57],"11":[1,1,1],"12":[1,1]},"f":{"1":90,"2":413,"3":51,"4":7,"5":1,"6":10,"7":7,"8":1,"9":1,"10":1,"11":4,"12":5,"13":1,"14":2,"15":1,"16":1,"17":1,"18":1},"l":{"1":17,"14":17,"16":17,"17":17,"24":17,"25":17,"35":17,"36":17,"48":17,"49":17,"51":17,"52":17,"53":17,"59":17,"66":17,"81":17,"123":90,"125":90,"128":31,"132":59,"133":59,"134":59,"135":59,"136":59,"137":59,"138":59,"139":59,"140":59,"141":59,"142":59,"143":59,"144":59,"149":59,"150":59,"151":59,"152":59,"153":413,"160":59,"174":51,"177":51,"178":51,"185":12,"188":39,"190":39,"193":7,"194":7,"199":1,"204":1,"211":38,"216":38,"219":38,"221":38,"224":38,"226":38,"228":38,"234":10,"237":38,"244":38,"252":7,"253":7,"254":7,"263":38,"280":38,"289":1,"292":1,"297":1,"299":4,"300":5,"302":1,"308":2,"316":1,"324":59,"326":59,"331":1,"335":1,"341":17,"342":1}},
"src/lib/Aggregate/snapshotUtils.ts":{"path":"src/lib/Aggregate/snapshotUtils.ts","statementMap":{"1":{"start":{"line":1,"column":13},"end":{"line":5,"column":79}},"2":{"start":{"line":5,"column":2},"end":{"line":5,"column":79}},"3":{"start":{"line":7,"column":13},"end":{"line":8,"column":23}},"4":{"start":{"line":8,"column":2},"end":{"line":8,"column":23}}},"fnMap":{"1":{"name":"(anonymous_0)","line":3,"loc":{"start":{"line":3,"column":17},"end":{"line":5,"column":79}},"decl":{"start":{"line":1,"column":35},"end":{"line":2,"column":1}}},"2":{"name":"(anonymous_1)","line":7,"loc":{"start":{"line":7,"column":61},"end":{"line":8,"column":23}},"decl":{"start":{"line":7,"column":29},"end":{"line":7,"column":29}}}},"branchMap":{"1":{"line":5,"type":"cond-expr","locations":[{"start":{"line":5,"column":25},"end":{"line":5,"column":42}},{"start":{"line":5,"column":45},"end":{"line":5,"column":47}}],"loc":{"start":{"line":5,"column":5},"end":{"line":5,"column":47}}}},"s":{"1":17,"2":59,"3":17,"4":38},"b":{"1":[3,56]},"f":{"1":59,"2":38},"l":{"1":17,"5":59,"7":17,"8":38}},
"src/lib/Aggregate/validateConstructorProps.ts":{"path":"src/lib/Aggregate/validateConstructorProps.ts","statementMap":{"1":{"start":{"line":1,"column":0},"end":{"line":1,"column":26}},"2":{"start":{"line":2,"column":0},"end":{"line":2,"column":53}},"3":{"start":{"line":4,"column":0},"end":{"line":4,"column":37}},"4":{"start":{"line":14,"column":2},"end":{"line":14,"column":8}},"5":{"start":{"line":15,"column":2},"end":{"line":15,"column":10}},"6":{"start":{"line":16,"column":2},"end":{"line":16,"column":13}},"7":{"start":{"line":17,"column":2},"end":{"line":17,"column":10}},"8":{"start":{"line":19,"column":2},"end":{"line":24,"column":3}},"9":{"start":{"line":25,"column":2},"end":{"line":30,"column":3}},"10":{"start":{"line":31,"column":2},"end":{"line":34,"column":3}},"11":{"start":{"line":13,"column":0},"end":{"line":35,"column":1}},"12":{"start":{"line":38,"column":2},"end":{"line":38,"column":31}},"13":{"start":{"line":37,"column":0},"end":{"line":39,"column":1}},"14":{"start":{"line":42,"column":2},"end":{"line":47,"column":3}},"15":{"start":{"line":41,"column":0},"end":{"line":48,"column":1}},"16":{"start":{"line":53,"column":2},"end":{"line":56,"column":3}},"17":{"start":{"line":54,"column":25},"end":{"line":54,"column":72}},"18":{"start":{"line":50,"column":0},"end":{"line":57,"column":1}},"19":{"start":{"line":60,"column":2},"end":{"line":64,"column":3}},"20":{"start":{"line":59,"column":0},"end":{"line":65,"column":1}}},"fnMap":{"1":{"name":"validateConstructorProps","line":18,"loc":{"start":{"line":18,"column":19},"end":{"line":35,"column":1}},"decl":{"start":{"line":13,"column":24},"end":{"line":13,"column":48}}},"2":{"name":"isValidIdentity","line":37,"loc":{"start":{"line":37,"column":40},"end":{"line":39,"column":1}},"decl":{"start":{"line":37,"column":16},"end":{"line":37,"column":31}}},"3":{"name":"isValidSnapshot","line":41,"loc":{"start":{"line":41,"column":45},"end":{"line":48,"column":1}},"decl":{"start":{"line":41,"column":16},"end":{"line":41,"column":31}}},"4":{"name":"areAllValidSerializedDomainEvents","line":51,"loc":{"start":{"line":51,"column":28},"end":{"line":57,"column":1}},"decl":{"start":{"line":50,"column":16},"end":{"line":50,"column":49}}},"5":{"name":"(anonymous_5)","line":54,"loc":{"start":{"line":54,"column":20},"end":{"line":54,"column":72}},"decl":{"start":{"line":54,"column":4},"end":{"line":54,"column":4}}},"6":{"name":"isValidSerializedDomainEvent","line":59,"loc":{"start":{"line":59,"column":55},"end":{"line":65,"column":1}},"decl":{"start":{"line":59,"column":16},"end":{"line":59,"column":44}}}},"branchMap":{"1":{"line":20,"type":"binary-expr","locations":[{"start":{"line":20,"column":5},"end":{"line":20,"column":16}},{"start":{"line":20,"column":20},"end":{"line":20,"column":29}},{"start":{"line":20,"column":35},"end":{"line":20,"column":47}},{"start":{"line":20,"column":51},"end":{"line":20,"column":76}}],"loc":{"start":{"line":20,"column":4},"end":{"line":20,"column":77}}},"2":{"line":22,"type":"cond-expr","locations":[{"start":{"line":22,"column":8},"end":{"line":22,"column":65}},{"start":{"line":23,"column":8},"end":{"line":23,"column":76}}],"loc":{"start":{"line":21,"column":4},"end":{"line":23,"column":76}}},"3":{"line":26,"type":"binary-expr","locations":[{"start":{"line":26,"column":4},"end":{"line":26,"column":13}},{"start":{"line":26,"column":17},"end":{"line":26,"column":42}}],"loc":{"start":{"line":26,"column":4},"end":{"line":26,"column":42}}},"4":{"line":32,"type":"binary-expr","locations":[{"start":{"line":32,"column":4},"end":{"line":32,"column":25}},{"start":{"line":32,"column":29},"end":{"line":32,"column":70}}],"loc":{"start":{"line":32,"column":4},"end":{"line":32,"column":70}}},"5":{"line":38,"type":"binary-expr","locations":[{"start":{"line":38,"column":9},"end":{"line":38,"column":22}},{"start":{"line":38,"column":26},"end":{"line":38,"column":31}}],"loc":{"start":{"line":38,"column":9},"end":{"line":38,"column":31}}},"6":{"line":43,"type":"binary-expr","locations":[{"start":{"line":43,"column":4},"end":{"line":43,"column":22}},{"start":{"line":44,"column":4},"end":{"line":44,"column":31}},{"start":{"line":45,"column":4},"end":{"line":45,"column":24}},{"start":{"line":46,"column":4},"end":{"line":46,"column":38}}],"loc":{"start":{"line":43,"column":4},"end":{"line":46,"column":38}}},"7":{"line":54,"type":"binary-expr","locations":[{"start":{"line":54,"column":25},"end":{"line":54,"column":33}},{"start":{"line":54,"column":37},"end":{"line":54,"column":72}}],"loc":{"start":{"line":54,"column":25},"end":{"line":54,"column":72}}},"8":{"line":61,"type":"binary-expr","locations":[{"start":{"line":61,"column":4},"end":{"line":61,"column":19}},{"start":{"line":62,"column":4},"end":{"line":62,"column":27}},{"start":{"line":63,"column":4},"end":{"line":63,"column":37}}],"loc":{"start":{"line":61,"column":4},"end":{"line":63,"column":37}}}},"s":{"1":17,"2":17,"3":17,"4":51,"5":51,"6":51,"7":51,"8":51,"9":45,"10":42,"11":17,"12":47,"13":17,"14":7,"15":17,"16":40,"17":8,"18":17,"19":8,"20":17},"b":{"1":[51,4,48,47],"2":[4,47],"3":[45,7],"4":[42,40],"5":[47,42],"6":[7,5,4,4],"7":[8,8],"8":[8,7,7]},"f":{"1":51,"2":47,"3":7,"4":40,"5":8,"6":8},"l":{"1":17,"2":17,"4":17,"13":17,"14":51,"15":51,"16":51,"17":51,"19":51,"25":45,"31":42,"37":17,"38":47,"41":17,"42":7,"50":17,"53":40,"54":8,"59":17,"60":8}},
"src/lib/Aggregate/validateDefinition.ts":{"path":"src/lib/Aggregate/validateDefinition.ts","statementMap":{"1":{"start":{"line":1,"column":0},"end":{"line":1,"column":26}},"2":{"start":{"line":2,"column":0},"end":{"line":11,"column":14}},"3":{"start":{"line":12,"column":0},"end":{"line":12,"column":71}},"4":{"start":{"line":15,"column":2},"end":{"line":15,"column":62}},"5":{"start":{"line":18,"column":4},"end":{"line":18,"column":15}},"6":{"start":{"line":19,"column":4},"end":{"line":19,"column":11}},"7":{"start":{"line":20,"column":4},"end":{"line":20,"column":8}},"8":{"start":{"line":21,"column":4},"end":{"line":21,"column":13}},"9":{"start":{"line":22,"column":4},"end":{"line":22,"column":16}},"10":{"start":{"line":23,"column":4},"end":{"line":23,"column":29}},"11":{"start":{"line":24,"column":4},"end":{"line":24,"column":31}},"12":{"start":{"line":25,"column":4},"end":{"line":25,"column":26}},"13":{"start":{"line":26,"column":4},"end":{"line":26,"column":27}},"14":{"start":{"line":27,"column":4},"end":{"line":27,"column":18}},"15":{"start":{"line":28,"column":4},"end":{"line":28,"column":21}},"16":{"start":{"line":29,"column":4},"end":{"line":29,"column":38}},"17":{"start":{"line":30,"column":4},"end":{"line":30,"column":42}},"18":{"start":{"line":33,"column":2},"end":{"line":36,"column":3}},"19":{"start":{"line":38,"column":2},"end":{"line":41,"column":3}},"20":{"start":{"line":43,"column":2},"end":{"line":43,"column":80}},"21":{"start":{"line":45,"column":2},"end":{"line":48,"column":3}},"22":{"start":{"line":50,"column":2},"end":{"line":53,"column":3}},"23":{"start":{"line":55,"column":2},"end":{"line":61,"column":3}},"24":{"start":{"line":63,"column":2},"end":{"line":66,"column":3}},"25":{"start":{"line":67,"column":21},"end":{"line":67,"column":66}},"26":{"start":{"line":67,"column":45},"end":{"line":67,"column":49}},"27":{"start":{"line":67,"column":61},"end":{"line":67,"column":65}},"28":{"start":{"line":68,"column":2},"end":{"line":71,"column":3}},"29":{"start":{"line":73,"column":2},"end":{"line":76,"column":3}},"30":{"start":{"line":78,"column":23},"end":{"line":78,"column":69}},"31":{"start":{"line":78,"column":48},"end":{"line":78,"column":52}},"32":{"start":{"line":78,"column":64},"end":{"line":78,"column":68}},"33":{"start":{"line":79,"column":2},"end":{"line":82,"column":3}},"34":{"start":{"line":84,"column":21},"end":{"line":84,"column":64}},"35":{"start":{"line":84,"column":43},"end":{"line":84,"column":47}},"36":{"start":{"line":84,"column":59},"end":{"line":84,"column":63}},"37":{"start":{"line":85,"column":2},"end":{"line":88,"column":3}},"38":{"start":{"line":90,"column":2},"end":{"line":93,"column":3}},"39":{"start":{"line":95,"column":21},"end":{"line":95,"column":65}},"40":{"start":{"line":95,"column":44},"end":{"line":95,"column":48}},"41":{"start":{"line":95,"column":60},"end":{"line":95,"column":64}},"42":{"start":{"line":96,"column":2},"end":{"line":99,"column":3}},"43":{"start":{"line":101,"column":2},"end":{"line":104,"column":3}},"44":{"start":{"line":106,"column":2},"end":{"line":110,"column":3}},"45":{"start":{"line":112,"column":2},"end":{"line":115,"column":3}},"46":{"start":{"line":116,"column":2},"end":{"line":119,"column":3}},"47":{"start":{"line":14,"column":0},"end":{"line":120,"column":1}},"48":{"start":{"line":122,"column":38},"end":{"line":129,"column":1}},"49":{"start":{"line":123,"column":2},"end":{"line":128,"column":3}},"50":{"start":{"line":131,"column":32},"end":{"line":144,"column":1}},"51":{"start":{"line":132,"column":2},"end":{"line":143,"column":3}},"52":{"start":{"line":146,"column":30},"end":{"line":153,"column":1}},"53":{"start":{"line":147,"column":2},"end":{"line":152,"column":3}}},"fnMap":{"1":{"name":"validateDefinition","line":14,"loc":{"start":{"line":14,"column":58},"end":{"line":120,"column":1}},"decl":{"start":{"line":14,"column":24},"end":{"line":14,"column":42}}},"2":{"name":"(anonymous_2)","line":67,"loc":{"start":{"line":67,"column":56},"end":{"line":67,"column":65}},"decl":{"start":{"line":67,"column":42},"end":{"line":67,"column":42}}},"3":{"name":"(anonymous_3)","line":78,"loc":{"start":{"line":78,"column":59},"end":{"line":78,"column":68}},"decl":{"start":{"line":78,"column":45},"end":{"line":78,"column":45}}},"4":{"name":"(anonymous_4)","line":84,"loc":{"start":{"line":84,"column":54},"end":{"line":84,"column":63}},"decl":{"start":{"line":84,"column":40},"end":{"line":84,"column":40}}},"5":{"name":"(anonymous_5)","line":95,"loc":{"start":{"line":95,"column":55},"end":{"line":95,"column":64}},"decl":{"start":{"line":95,"column":41},"end":{"line":95,"column":41}}},"6":{"name":"(anonymous_6)","line":122,"loc":{"start":{"line":122,"column":48},"end":{"line":129,"column":1}},"decl":{"start":{"line":122,"column":38},"end":{"line":122,"column":38}}},"7":{"name":"(anonymous_7)","line":131,"loc":{"start":{"line":131,"column":45},"end":{"line":144,"column":1}},"decl":{"start":{"line":131,"column":32},"end":{"line":131,"column":32}}},"8":{"name":"(anonymous_8)","line":146,"loc":{"start":{"line":146,"column":41},"end":{"line":153,"column":1}},"decl":{"start":{"line":146,"column":30},"end":{"line":146,"column":30}}}},"branchMap":{"1":{"line":34,"type":"binary-expr","locations":[{"start":{"line":34,"column":4},"end":{"line":34,"column":22}},{"start":{"line":34,"column":26},"end":{"line":34,"column":47}}],"loc":{"start":{"line":34,"column":4},"end":{"line":34,"column":47}}},"2":{"line":46,"type":"binary-expr","locations":[{"start":{"line":46,"column":4},"end":{"line":46,"column":20}},{"start":{"line":46,"column":24},"end":{"line":46,"column":44}}],"loc":{"start":{"line":46,"column":4},"end":{"line":46,"column":44}}},"3":{"line":51,"type":"binary-expr","locations":[{"start":{"line":51,"column":4},"end":{"line":51,"column":24}},{"start":{"line":51,"column":28},"end":{"line":51,"column":50}}],"loc":{"start":{"line":51,"column":4},"end":{"line":51,"column":50}}},"4":{"line":56,"type":"binary-expr","locations":[{"start":{"line":56,"column":4},"end":{"line":56,"column":35}},{"start":{"line":57,"column":6},"end":{"line":57,"column":38}},{"start":{"line":58,"column":6},"end":{"line":58,"column":35}},{"start":{"line":59,"column":6},"end":{"line":59,"column":36}}],"loc":{"start":{"line":56,"column":4},"end":{"line":59,"column":36}}},"5":{"line":102,"type":"binary-expr","locations":[{"start":{"line":102,"column":4},"end":{"line":102,"column":25}},{"start":{"line":102,"column":29},"end":{"line":102,"column":53}}],"loc":{"start":{"line":102,"column":4},"end":{"line":102,"column":53}}},"6":{"line":107,"type":"binary-expr","locations":[{"start":{"line":107,"column":4},"end":{"line":107,"column":28}},{"start":{"line":108,"column":7},"end":{"line":108,"column":35}},{"start":{"line":108,"column":39},"end":{"line":108,"column":60}}],"loc":{"start":{"line":107,"column":4},"end":{"line":108,"column":61}}},"7":{"line":113,"type":"binary-expr","locations":[{"start":{"line":113,"column":4},"end":{"line":113,"column":29}},{"start":{"line":113,"column":33},"end":{"line":113,"column":63}}],"loc":{"start":{"line":113,"column":4},"end":{"line":113,"column":63}}},"8":{"line":117,"type":"binary-expr","locations":[{"start":{"line":117,"column":4},"end":{"line":117,"column":31}},{"start":{"line":117,"column":35},"end":{"line":117,"column":67}}],"loc":{"start":{"line":117,"column":4},"end":{"line":117,"column":67}}},"9":{"line":124,"type":"binary-expr","locations":[{"start":{"line":124,"column":4},"end":{"line":124,"column":26}},{"start":{"line":125,"column":4},"end":{"line":125,"column":30}},{"start":{"line":126,"column":4},"end":{"line":126,"column":30}},{"start":{"line":127,"column":4},"end":{"line":127,"column":52}}],"loc":{"start":{"line":124,"column":4},"end":{"line":127,"column":52}}},"10":{"line":133,"type":"binary-expr","locations":[{"start":{"line":133,"column":4},"end":{"line":133,"column":21}},{"start":{"line":134,"column":4},"end":{"line":134,"column":29}},{"start":{"line":135,"column":5},"end":{"line":135,"column":31}},{"start":{"line":135,"column":35},"end":{"line":135,"column":64}},{"start":{"line":136,"column":4},"end":{"line":136,"column":42}},{"start":{"line":137,"column":4},"end":{"line":137,"column":41}},{"start":{"line":138,"column":4},"end":{"line":138,"column":47}},{"start":{"line":139,"column":4},"end":{"line":139,"column":46}},{"start":{"line":140,"column":4},"end":{"line":140,"column":75}},{"start":{"line":141,"column":4},"end":{"line":141,"column":73}},{"start":{"line":142,"column":4},"end":{"line":142,"column":41}}],"loc":{"start":{"line":133,"column":4},"end":{"line":142,"column":41}}},"11":{"line":148,"type":"binary-expr","locations":[{"start":{"line":148,"column":4},"end":{"line":148,"column":19}},{"start":{"line":149,"column":4},"end":{"line":149,"column":27}},{"start":{"line":150,"column":5},"end":{"line":150,"column":29}},{"start":{"line":150,"column":33},"end":{"line":150,"column":60}},{"start":{"line":151,"column":4},"end":{"line":151,"column":39}}],"loc":{"start":{"line":148,"column":4},"end":{"line":151,"column":39}}}},"s":{"1":17,"2":17,"3":17,"4":90,"5":88,"6":88,"7":88,"8":88,"9":88,"10":88,"11":88,"12":88,"13":88,"14":88,"15":88,"16":88,"17":88,"18":88,"19":87,"20":84,"21":81,"22":80,"23":76,"24":73,"25":72,"26":429,"27":429,"28":72,"29":71,"30":70,"31":491,"32":491,"33":70,"34":69,"35":484,"36":484,"37":69,"38":68,"39":68,"40":477,"41":477,"42":68,"43":67,"44":66,"45":63,"46":61,"47":17,"48":17,"49":477,"50":17,"51":499,"52":17,"53":436},"b":{"1":[88,4],"2":[81,80],"3":[80,78],"4":[76,73,73,73],"5":[67,5],"6":[66,5,3],"7":[63,3],"8":[61,3],"9":[477,477,477,477],"10":[499,498,498,498,498,498,498,498,498,498,498],"11":[436,435,435,433,435]},"f":{"1":90,"2":429,"3":491,"4":484,"5":477,"6":477,"7":499,"8":436},"l":{"1":17,"2":17,"12":17,"14":17,"15":90,"18":88,"19":88,"20":88,"21":88,"22":88,"23":88,"24":88,"25":88,"26":88,"27":88,"28":88,"29":88,"30":88,"33":88,"38":87,"43":84,"45":81,"50":80,"55":76,"63":73,"67":429,"68":72,"73":71,"78":491,"79":70,"84":484,"85":69,"90":68,"95":477,"96":68,"101":67,"106":66,"112":63,"116":61,"122":17,"123":477,"131":17,"132":499,"146":17,"147":436}},
"src/lib/CustomError/index.ts":{"path":"src/lib/CustomError/index.ts","statementMap":{"1":{"start":{"line":7,"column":0},"end":{"line":7,"column":52}},"2":{"start":{"line":13,"column":2},"end":{"line":19,"column":3}},"3":{"start":{"line":15,"column":4},"end":{"line":15,"column":34}},"4":{"start":{"line":18,"column":4},"end":{"line":18,"column":34}},"5":{"start":{"line":21,"column":10},"end":{"line":21,"column":25}},"6":{"start":{"line":22,"column":20},"end":{"line":33,"column":3}},"7":{"start":{"line":23,"column":18},"end":{"line":23,"column":49}},"8":{"start":{"line":24,"column":4},"end":{"line":32,"column":6}},"9":{"start":{"line":35,"column":2},"end":{"line":40,"column":4}},"10":{"start":{"line":38,"column":25},"end":{"line":38,"column":72}},"11":{"start":{"line":9,"column":0},"end":{"line":41,"column":1}},"12":{"start":{"line":43,"column":13},"end":{"line":49,"column":1}},"13":{"start":{"line":47,"column":8},"end":{"line":47,"column":58}},"14":{"start":{"line":47,"column":8},"end":{"line":47,"column":57}},"15":{"start":{"line":47,"column":9},"end":{"line":47,"column":14}},"16":{"start":{"line":47,"column":16},"end":{"line":47,"column":58}},"17":{"start":{"line":48,"column":2},"end":{"line":48,"column":62}}},"fnMap":{"1":{"name":"CustomError","line":12,"loc":{"start":{"line":12,"column":45},"end":{"line":41,"column":1}},"decl":{"start":{"line":9,"column":16},"end":{"line":9,"column":27}}},"2":{"name":"(anonymous_4)","line":22,"loc":{"start":{"line":22,"column":50},"end":{"line":33,"column":3}},"decl":{"start":{"line":22,"column":20},"end":{"line":22,"column":20}}},"3":{"name":"(anonymous_5)","line":38,"loc":{"start":{"line":38,"column":20},"end":{"line":38,"column":72}},"decl":{"start":{"line":38,"column":13},"end":{"line":38,"column":13}}},"4":{"name":"(anonymous_6)","line":45,"loc":{"start":{"line":45,"column":30},"end":{"line":49,"column":1}},"decl":{"start":{"line":43,"column":31},"end":{"line":44,"column":1}}},"5":{"name":"(anonymous_7)","line":47,"loc":{"start":{"line":47,"column":8},"end":{"line":47,"column":57}},"decl":{"start":{"line":47,"column":8},"end":{"line":47,"column":57}}}},"branchMap":{"1":{"line":23,"type":"binary-expr","locations":[{"start":{"line":23,"column":28},"end":{"line":23,"column":35}},{"start":{"line":23,"column":39},"end":{"line":23,"column":48}}],"loc":{"start":{"line":23,"column":28},"end":{"line":23,"column":48}}},"2":{"line":29,"type":"binary-expr","locations":[{"start":{"line":29,"column":10},"end":{"line":29,"column":21}},{"start":{"line":29,"column":25},"end":{"line":29,"column":76}}],"loc":{"start":{"line":29,"column":10},"end":{"line":29,"column":76}}},"3":{"line":31,"type":"cond-expr","locations":[{"start":{"line":31,"column":31},"end":{"line":31,"column":56}},{"start":{"line":31,"column":59},"end":{"line":31,"column":61}}],"loc":{"start":{"line":31,"column":10},"end":{"line":31,"column":61}}},"4":{"line":38,"type":"binary-expr","locations":[{"start":{"line":38,"column":25},"end":{"line":38,"column":28}},{"start":{"line":38,"column":32},"end":{"line":38,"column":43}},{"start":{"line":38,"column":47},"end":{"line":38,"column":72}}],"loc":{"start":{"line":38,"column":25},"end":{"line":38,"column":72}}}},"s":{"1":17,"2":135,"3":135,"4":5,"5":130,"6":130,"7":78,"8":78,"9":130,"10":61,"11":17,"12":17,"13":78,"14":984,"15":78,"16":78,"17":78},"b":{"1":[78,7],"2":[78,78],"3":[69,9],"4":[61,61,61]},"f":{"1":135,"2":78,"3":61,"4":78,"5":984},"l":{"7":17,"9":17,"13":135,"15":135,"18":5,"21":130,"22":130,"23":78,"24":78,"35":130,"38":61,"43":17,"47":984,"48":78}},
"src/lib/CustomError/validateDefinition.ts":{"path":"src/lib/CustomError/validateDefinition.ts","statementMap":{"1":{"start":{"line":1,"column":0},"end":{"line":1,"column":26}},"2":{"start":{"line":2,"column":0},"end":{"line":2,"column":32}},"3":{"start":{"line":4,"column":0},"end":{"line":4,"column":71}},"4":{"start":{"line":7,"column":2},"end":{"line":7,"column":62}},"5":{"start":{"line":9,"column":10},"end":{"line":9,"column":14}},"6":{"start":{"line":11,"column":2},"end":{"line":11,"column":80}},"7":{"start":{"line":6,"column":0},"end":{"line":12,"column":1}}},"fnMap":{"1":{"name":"validateDefinition","line":6,"loc":{"start":{"line":6,"column":58},"end":{"line":12,"column":1}},"decl":{"start":{"line":6,"column":24},"end":{"line":6,"column":42}}}},"branchMap":{},"s":{"1":17,"2":17,"3":17,"4":135,"5":132,"6":132,"7":17},"b":{},"f":{"1":135},"l":{"1":17,"2":17,"4":17,"6":17,"7":135,"9":132,"11":132}},
"src/lib/DomainEvent/index.ts":{"path":"src/lib/DomainEvent/index.ts","statementMap":{"1":{"start":{"line":1,"column":0},"end":{"line":1,"column":44}},"2":{"start":{"line":4,"column":0},"end":{"line":4,"column":43}},"3":{"start":{"line":5,"column":0},"end":{"line":5,"column":56}},"4":{"start":{"line":13,"column":0},"end":{"line":13,"column":52}},"5":{"start":{"line":15,"column":13},"end":{"line":20,"column":2}},"6":{"start":{"line":29,"column":2},"end":{"line":35,"column":3}},"7":{"start":{"line":31,"column":4},"end":{"line":31,"column":34}},"8":{"start":{"line":34,"column":4},"end":{"line":34,"column":67}},"9":{"start":{"line":38,"column":4},"end":{"line":38,"column":8}},"10":{"start":{"line":39,"column":4},"end":{"line":39,"column":15}},"11":{"start":{"line":40,"column":4},"end":{"line":40,"column":11}},"12":{"start":{"line":41,"column":4},"end":{"line":41,"column":40}},"13":{"start":{"line":42,"column":4},"end":{"line":42,"column":44}},"14":{"start":{"line":45,"column":27},"end":{"line":45,"column":69}},"15":{"start":{"line":46,"column":29},"end":{"line":46,"column":75}},"16":{"start":{"line":51,"column":18},"end":{"line":51,"column":20}},"17":{"start":{"line":53,"column":28},"end":{"line":53,"column":30}},"18":{"start":{"line":55,"column":4},"end":{"line":73,"column":6}},"19":{"start":{"line":59,"column":10},"end":{"line":59,"column":76}},"20":{"start":{"line":63,"column":10},"end":{"line":69,"column":14}},"21":{"start":{"line":66,"column":12},"end":{"line":66,"column":57}},"22":{"start":{"line":68,"column":12},"end":{"line":68,"column":36}},"23":{"start":{"line":76,"column":2},"end":{"line":88,"column":45}},"24":{"start":{"line":81,"column":8},"end":{"line":81,"column":63}},"25":{"start":{"line":86,"column":8},"end":{"line":86,"column":63}},"26":{"start":{"line":22,"column":0},"end":{"line":89,"column":1}},"27":{"start":{"line":92,"column":0},"end":{"line":97,"column":2}},"28":{"start":{"line":95,"column":6},"end":{"line":95,"column":75}}},"fnMap":{"1":{"name":"DomainEvent","line":27,"loc":{"start":{"line":27,"column":61},"end":{"line":89,"column":1}},"decl":{"start":{"line":22,"column":16},"end":{"line":22,"column":27}}},"2":{"name":"EventTypeFactory","line":49,"loc":{"start":{"line":49,"column":20},"end":{"line":74,"column":3}},"decl":{"start":{"line":48,"column":11},"end":{"line":48,"column":27}}},"3":{"name":"(anonymous_3)","line":58,"loc":{"start":{"line":58,"column":28},"end":{"line":59,"column":76}},"decl":{"start":{"line":58,"column":15},"end":{"line":58,"column":15}}},"4":{"name":"(anonymous_4)","line":62,"loc":{"start":{"line":62,"column":15},"end":{"line":69,"column":14}},"decl":{"start":{"line":62,"column":15},"end":{"line":null,"column":-1}}},"5":{"name":"(anonymous_5)","line":64,"loc":{"start":{"line":64,"column":11},"end":{"line":69,"column":11}},"decl":{"start":{"line":64,"column":11},"end":{"line":null,"column":-1}}},"6":{"name":"(anonymous_6)","line":80,"loc":{"start":{"line":80,"column":39},"end":{"line":81,"column":63}},"decl":{"start":{"line":80,"column":13},"end":{"line":80,"column":13}}},"7":{"name":"(anonymous_7)","line":85,"loc":{"start":{"line":85,"column":24},"end":{"line":86,"column":63}},"decl":{"start":{"line":85,"column":13},"end":{"line":85,"column":13}}},"8":{"name":"(anonymous_8)","line":94,"loc":{"start":{"line":94,"column":26},"end":{"line":95,"column":75}},"decl":{"start":{"line":94,"column":11},"end":{"line":94,"column":11}}}},"branchMap":{"1":{"line":63,"type":"binary-expr","locations":[{"start":{"line":63,"column":10},"end":{"line":63,"column":27}},{"start":{"line":64,"column":10},"end":{"line":69,"column":14}}],"loc":{"start":{"line":63,"column":10},"end":{"line":69,"column":14}}},"2":{"line":78,"type":"binary-expr","locations":[{"start":{"line":78,"column":26},"end":{"line":78,"column":37}},{"start":{"line":78,"column":41},"end":{"line":78,"column":43}}],"loc":{"start":{"line":78,"column":26},"end":{"line":78,"column":43}}},"3":{"line":86,"type":"binary-expr","locations":[{"start":{"line":86,"column":8},"end":{"line":86,"column":23}},{"start":{"line":86,"column":27},"end":{"line":86,"column":63}}],"loc":{"start":{"line":86,"column":8},"end":{"line":86,"column":63}}},"4":{"line":95,"type":"binary-expr","locations":[{"start":{"line":95,"column":6},"end":{"line":95,"column":27}},{"start":{"line":95,"column":32},"end":{"line":95,"column":75}}],"loc":{"start":{"line":95,"column":6},"end":{"line":95,"column":75}}}},"s":{"1":17,"2":17,"3":17,"4":17,"5":17,"6":64,"7":64,"8":14,"9":50,"10":50,"11":50,"12":50,"13":50,"14":50,"15":50,"16":24,"17":24,"18":24,"19":16,"20":7,"21":7,"22":7,"23":50,"24":6,"25":3,"26":17,"27":17,"28":1},"b":{"1":[7,7],"2":[50,1],"3":[3,3],"4":[1,1]},"f":{"1":64,"2":24,"3":16,"4":7,"5":7,"6":6,"7":3,"8":1},"l":{"1":17,"4":17,"5":17,"13":17,"15":17,"22":17,"29":64,"31":64,"34":14,"38":50,"39":50,"40":50,"41":50,"42":50,"45":50,"46":50,"51":24,"53":24,"55":24,"59":16,"63":7,"66":7,"68":7,"76":50,"81":6,"86":3,"92":17,"95":1}},
"src/lib/DomainEvent/validateDefinition.ts":{"path":"src/lib/DomainEvent/validateDefinition.ts","statementMap":{"1":{"start":{"line":1,"column":0},"end":{"line":1,"column":26}},"2":{"start":{"line":2,"column":0},"end":{"line":2,"column":61}},"3":{"start":{"line":4,"column":0},"end":{"line":4,"column":59}},"4":{"start":{"line":7,"column":2},"end":{"line":7,"column":62}},"5":{"start":{"line":10,"column":4},"end":{"line":10,"column":8}},"6":{"start":{"line":11,"column":4},"end":{"line":11,"column":15}},"7":{"start":{"line":12,"column":4},"end":{"line":12,"column":11}},"8":{"start":{"line":13,"column":4},"end":{"line":13,"column":20}},"9":{"start":{"line":14,"column":4},"end":{"line":14,"column":22}},"10":{"start":{"line":17,"column":2},"end":{"line":17,"column":80}},"11":{"start":{"line":18,"column":2},"end":{"line":21,"column":3}},"12":{"start":{"line":22,"column":2},"end":{"line":22,"column":70}},"13":{"start":{"line":23,"column":2},"end":{"line":26,"column":3}},"14":{"start":{"line":27,"column":2},"end":{"line":30,"column":3}},"15":{"start":{"line":6,"column":0},"end":{"line":31,"column":1}}},"fnMap":{"1":{"name":"validateDefinition","line":6,"loc":{"start":{"line":6,"column":58},"end":{"line":31,"column":1}},"decl":{"start":{"line":6,"column":24},"end":{"line":6,"column":42}}}},"branchMap":{"1":{"line":19,"type":"binary-expr","locations":[{"start":{"line":19,"column":4},"end":{"line":19,"column":22}},{"start":{"line":19,"column":26},"end":{"line":19,"column":47}}],"loc":{"start":{"line":19,"column":4},"end":{"line":19,"column":47}}},"2":{"line":24,"type":"binary-expr","locations":[{"start":{"line":24,"column":4},"end":{"line":24,"column":27}},{"start":{"line":24,"column":31},"end":{"line":24,"column":59}}],"loc":{"start":{"line":24,"column":4},"end":{"line":24,"column":59}}},"3":{"line":28,"type":"binary-expr","locations":[{"start":{"line":28,"column":4},"end":{"line":28,"column":29}},{"start":{"line":28,"column":33},"end":{"line":28,"column":63}}],"loc":{"start":{"line":28,"column":4},"end":{"line":28,"column":63}}}},"s":{"1":17,"2":17,"3":17,"4":64,"5":62,"6":62,"7":62,"8":62,"9":62,"10":62,"11":59,"12":56,"13":54,"14":52,"15":17},"b":{"1":[59,57],"2":[54,2],"3":[52,2]},"f":{"1":64},"l":{"1":17,"2":17,"4":17,"6":17,"7":64,"10":62,"11":62,"12":62,"13":62,"14":62,"17":62,"18":59,"22":56,"23":54,"27":52}},
"src/lib/utils/getDeserializer.ts":{"path":"src/lib/utils/getDeserializer.ts","statementMap":{"1":{"start":{"line":1,"column":0},"end":{"line":1,"column":43}},"2":{"start":{"line":7,"column":13},"end":{"line":12,"column":2}},"3":{"start":{"line":20,"column":22},"end":{"line":20,"column":48}},"4":{"start":{"line":21,"column":2},"end":{"line":29,"column":3}},"5":{"start":{"line":22,"column":4},"end":{"line":28,"column":5}},"6":{"start":{"line":23,"column":6},"end":{"line":23,"column":27}},"7":{"start":{"line":25,"column":6},"end":{"line":27,"column":8}},"8":{"start":{"line":16,"column":0},"end":{"line":30,"column":1}}},"fnMap":{"1":{"name":"getDeserializer","line":18,"loc":{"start":{"line":18,"column":23},"end":{"line":30,"column":1}},"decl":{"start":{"line":16,"column":16},"end":{"line":16,"column":31}}},"2":{"name":"(anonymous_1)","line":21,"loc":{"start":{"line":21,"column":19},"end":{"line":29,"column":3}},"decl":{"start":{"line":21,"column":9},"end":{"line":21,"column":9}}}},"branchMap":{"1":{"line":20,"type":"binary-expr","locations":[{"start":{"line":20,"column":22},"end":{"line":20,"column":34}},{"start":{"line":20,"column":38},"end":{"line":20,"column":48}}],"loc":{"start":{"line":20,"column":22},"end":{"line":20,"column":48}}},"2":{"line":25,"type":"binary-expr","locations":[{"start":{"line":25,"column":33},"end":{"line":25,"column":45}},{"start":{"line":25,"column":49},"end":{"line":25,"column":58}}],"loc":{"start":{"line":25,"column":33},"end":{"line":25,"column":58}}}},"s":{"1":17,"2":17,"3":116,"4":116,"5":17,"6":17,"7":5,"8":17},"b":{"1":[116,113],"2":[5,3]},"f":{"1":116,"2":17},"l":{"1":17,"7":17,"16":17,"20":116,"21":116,"22":17,"23":17,"25":5}},
"src/lib/utils/getSerializer.ts":{"path":"src/lib/utils/getSerializer.ts","statementMap":{"1":{"start":{"line":1,"column":0},"end":{"line":1,"column":43}},"2":{"start":{"line":7,"column":13},"end":{"line":9,"column":2}},"3":{"start":{"line":17,"column":20},"end":{"line":17,"column":48}},"4":{"start":{"line":18,"column":2},"end":{"line":24,"column":3}},"5":{"start":{"line":19,"column":4},"end":{"line":23,"column":5}},"6":{"start":{"line":20,"column":6},"end":{"line":20,"column":25}},"7":{"start":{"line":22,"column":6},"end":{"line":22,"column":79}},"8":{"start":{"line":13,"column":0},"end":{"line":25,"column":1}}},"fnMap":{"1":{"name":"getSerializer","line":15,"loc":{"start":{"line":15,"column":23},"end":{"line":25,"column":1}},"decl":{"start":{"line":13,"column":16},"end":{"line":13,"column":29}}},"2":{"name":"(anonymous_1)","line":18,"loc":{"start":{"line":18,"column":14},"end":{"line":24,"column":3}},"decl":{"start":{"line":18,"column":9},"end":{"line":18,"column":9}}}},"branchMap":{"1":{"line":17,"type":"binary-expr","locations":[{"start":{"line":17,"column":20},"end":{"line":17,"column":30}},{"start":{"line":17,"column":34},"end":{"line":17,"column":48}}],"loc":{"start":{"line":17,"column":20},"end":{"line":17,"column":48}}},"2":{"line":22,"type":"binary-expr","locations":[{"start":{"line":22,"column":31},"end":{"line":22,"column":43}},{"start":{"line":22,"column":47},"end":{"line":22,"column":56}}],"loc":{"start":{"line":22,"column":31},"end":{"line":22,"column":56}}}},"s":{"1":17,"2":17,"3":116,"4":116,"5":20,"6":20,"7":5,"8":17},"b":{"1":[116,110],"2":[5,3]},"f":{"1":116,"2":20},"l":{"1":17,"7":17,"13":17,"17":116,"18":116,"19":20,"20":20,"22":5}},
"src/lib/utils/index.ts":{"path":"src/lib/utils/index.ts","statementMap":{"1":{"start":{"line":1,"column":0},"end":{"line":1,"column":33}},"2":{"start":{"line":2,"column":0},"end":{"line":2,"column":31}},"3":{"start":{"line":3,"column":0},"end":{"line":3,"column":29}},"4":{"start":{"line":4,"column":0},"end":{"line":4,"column":23}}},"fnMap":{},"branchMap":{},"s":{"1":17,"2":17,"3":17,"4":17},"b":{},"f":{},"l":{"1":17,"2":17,"3":17,"4":17}},
"src/lib/utils/isValidName.ts":{"path":"src/lib/utils/isValidName.ts","statementMap":{"1":{"start":{"line":1,"column":0},"end":{"line":1,"column":32}},"2":{"start":{"line":4,"column":2},"end":{"line":4,"column":47}},"3":{"start":{"line":3,"column":0},"end":{"line":5,"column":1}},"4":{"start":{"line":7,"column":13},"end":{"line":7,"column":121}}},"fnMap":{"1":{"name":"isValidName","line":3,"loc":{"start":{"line":3,"column":34},"end":{"line":5,"column":1}},"decl":{"start":{"line":3,"column":16},"end":{"line":3,"column":27}}}},"branchMap":{"1":{"line":4,"type":"binary-expr","locations":[{"start":{"line":4,"column":9},"end":{"line":4,"column":20}},{"start":{"line":4,"column":24},"end":{"line":4,"column":47}}],"loc":{"start":{"line":4,"column":9},"end":{"line":4,"column":47}}}},"s":{"1":17,"2":3234,"3":17,"4":17},"b":{"1":[3234,3224]},"f":{"1":3234},"l":{"1":17,"3":17,"4":3234,"7":17}},
"src/lib/utils/tuple.ts":{"path":"src/lib/utils/tuple.ts","statementMap":{"1":{"start":{"line":4,"column":13},"end":{"line":4,"column":64}},"2":{"start":{"line":4,"column":45},"end":{"line":4,"column":54}},"3":{"start":{"line":4,"column":45},"end":{"line":4,"column":55}},"4":{"start":{"line":4,"column":60},"end":{"line":4,"column":64}}},"fnMap":{"1":{"name":"(anonymous_0)","line":4,"loc":{"start":{"line":4,"column":21},"end":{"line":4,"column":64}},"decl":{"start":{"line":4,"column":21},"end":{"line":null,"column":-1}}}},"branchMap":{},"s":{"1":17,"2":91,"3":239,"4":91},"b":{},"f":{"1":91},"l":{"4":239}}}
