TN:
SF:/Users/giacomotriggiano/github.com/gtriggiano/node-es-ddd-components/src/lib/index.ts
FNF:0
FNH:0
DA:1,22
DA:8,22
DA:11,22
DA:14,22
DA:17,22
LF:5
LH:5
BRF:0
BRH:0
end_of_record
TN:
SF:/Users/giacomotriggiano/github.com/gtriggiano/node-es-ddd-components/src/lib/Aggregate/CommandInterface.ts
FN:90,CommandInterface
FN:162,(anonymous_1)
FN:171,(anonymous_2)
FN:188,(anonymous_3)
FN:210,(anonymous_4)
FNF:5
FNH:5
FNDA:155,CommandInterface
FNDA:969,(anonymous_1)
FNDA:962,(anonymous_2)
FNDA:1693,(anonymous_3)
FNDA:73,(anonymous_4)
DA:90,22
DA:147,155
DA:148,155
DA:149,155
DA:150,155
DA:153,155
DA:163,969
DA:172,962
DA:181,969
DA:189,1693
DA:198,969
DA:207,969
DA:210,73
LF:13
LH:13
BRDA:173,0,0,961
BRDA:173,0,1,1
BRDA:190,1,0,1692
BRDA:190,1,1,1
BRF:4
BRH:4
end_of_record
TN:
SF:/Users/giacomotriggiano/github.com/gtriggiano/node-es-ddd-components/src/lib/Aggregate/EmissionInterface.ts
FN:28,EmissionInterface
FN:43,(anonymous_1)
FN:47,(anonymous_2)
FNF:3
FNH:3
FNDA:155,EmissionInterface
FNDA:977,(anonymous_1)
FNDA:66,(anonymous_2)
DA:28,22
DA:39,155
DA:41,155
DA:44,977
DA:48,66
LF:5
LH:5
BRDA:48,0,0,66
BRDA:48,0,1,56
BRF:2
BRH:2
end_of_record
TN:
SF:/Users/giacomotriggiano/github.com/gtriggiano/node-es-ddd-components/src/lib/Aggregate/ErrorInterface.ts
FN:20,ErrorInterface
FN:34,(anonymous_1)
FNF:2
FNH:2
FNDA:155,ErrorInterface
FNDA:1065,(anonymous_1)
DA:20,22
DA:29,155
DA:31,155
DA:35,1065
LF:4
LH:4
BRF:0
BRH:0
end_of_record
TN:
SF:/Users/giacomotriggiano/github.com/gtriggiano/node-es-ddd-components/src/lib/Aggregate/QueryInterface.ts
FN:24,QueryInterface
FN:39,(anonymous_1)
FN:43,(anonymous_2)
FNF:3
FNH:3
FNDA:155,QueryInterface
FNDA:855,(anonymous_1)
FNDA:50,(anonymous_2)
DA:24,22
DA:36,155
DA:38,155
DA:40,855
DA:43,50
LF:5
LH:5
BRF:0
BRH:0
end_of_record
TN:
SF:/Users/giacomotriggiano/github.com/gtriggiano/node-es-ddd-components/src/lib/Aggregate/aggregateUtils.ts
FN:1,getAggregateName
FNF:1
FNH:1
FNDA:156,getAggregateName
DA:1,22
DA:5,156
LF:2
LH:2
BRDA:5,0,0,147
BRDA:5,0,1,9
BRF:2
BRH:2
end_of_record
TN:
SF:/Users/giacomotriggiano/github.com/gtriggiano/node-es-ddd-components/src/lib/Aggregate/index.ts
FN:73,Aggregate
FN:152,(anonymous_4)
FN:159,(anonymous_5)
FN:190,(anonymous_6)
FN:195,(anonymous_7)
FN:231,(anonymous_8)
FN:247,(anonymous_9)
FN:288,(anonymous_10)
FN:292,(anonymous_11)
FN:297,(anonymous_12)
FN:299,(anonymous_13)
FN:300,(anonymous_14)
FN:302,(anonymous_15)
FN:308,(anonymous_16)
FN:315,(anonymous_17)
FN:329,(anonymous_18)
FN:332,(anonymous_19)
FN:340,(anonymous_20)
FNF:18
FNH:18
FNDA:128,Aggregate
FNDA:637,(anonymous_4)
FNDA:168,(anonymous_5)
FNDA:47,(anonymous_6)
FNDA:1,(anonymous_7)
FNDA:50,(anonymous_8)
FNDA:66,(anonymous_9)
FNDA:3,(anonymous_10)
FNDA:1,(anonymous_11)
FNDA:32,(anonymous_12)
FNDA:37,(anonymous_13)
FNDA:15,(anonymous_14)
FNDA:3,(anonymous_15)
FNDA:28,(anonymous_16)
FNDA:4,(anonymous_17)
FNDA:1,(anonymous_18)
FNDA:4,(anonymous_19)
FNDA:71,(anonymous_20)
DA:1,22
DA:14,22
DA:16,22
DA:17,22
DA:24,22
DA:25,22
DA:35,22
DA:36,22
DA:48,22
DA:49,22
DA:51,22
DA:52,22
DA:53,22
DA:59,22
DA:66,22
DA:73,22
DA:124,128
DA:126,128
DA:129,31
DA:133,97
DA:134,97
DA:135,97
DA:136,97
DA:137,97
DA:138,97
DA:139,97
DA:140,97
DA:141,97
DA:142,97
DA:143,97
DA:144,97
DA:145,97
DA:148,97
DA:149,97
DA:150,97
DA:151,97
DA:152,637
DA:159,97
DA:173,168
DA:176,168
DA:177,168
DA:184,12
DA:187,156
DA:189,156
DA:192,47
DA:193,47
DA:196,1
DA:201,1
DA:208,155
DA:213,155
DA:216,155
DA:218,155
DA:221,155
DA:223,155
DA:225,155
DA:231,50
DA:234,155
DA:241,155
DA:249,66
DA:250,66
DA:251,66
DA:260,155
DA:283,155
DA:289,3
DA:292,1
DA:297,32
DA:299,37
DA:300,15
DA:302,3
DA:308,28
DA:315,4
DA:321,97
DA:323,97
DA:329,1
DA:333,4
DA:339,22
DA:340,71
LF:77
LH:77
BRDA:173,0,0,168
BRDA:173,0,1,120
BRDA:194,1,0,46
BRDA:194,1,1,1
BRDA:206,2,0,11
BRDA:206,2,1,145
BRDA:218,3,0,155
BRDA:218,3,1,7
BRDA:221,4,0,155
BRDA:221,4,1,11
BRDA:221,4,2,144
BRDA:254,5,0,21
BRDA:254,5,1,45
BRDA:252,6,0,66
BRDA:252,6,1,21
BRDA:297,7,0,32
BRDA:297,7,1,25
BRDA:326,8,0,97
BRDA:326,8,1,95
BRDA:333,9,0,4
BRDA:333,9,1,4
BRDA:333,9,2,4
BRDA:340,10,0,71
BRDA:340,10,1,71
BRF:24
BRH:24
end_of_record
TN:
SF:/Users/giacomotriggiano/github.com/gtriggiano/node-es-ddd-components/src/lib/Aggregate/snapshotUtils.ts
FN:6,(anonymous_0)
FN:17,(anonymous_1)
FNF:2
FNH:2
FNDA:97,(anonymous_0)
FNDA:155,(anonymous_1)
DA:6,22
DA:10,97
DA:17,22
DA:18,155
LF:4
LH:4
BRDA:10,0,0,3
BRDA:10,0,1,94
BRF:2
BRH:2
end_of_record
TN:
SF:/Users/giacomotriggiano/github.com/gtriggiano/node-es-ddd-components/src/lib/Aggregate/validateConstructorProps.ts
FN:13,validateConstructorProps
FN:37,isValidIdentity
FN:41,isValidSnapshot
FN:50,areAllValidSerializedDomainEvents
FN:54,(anonymous_5)
FN:59,isValidSerializedDomainEvent
FNF:6
FNH:6
FNDA:168,validateConstructorProps
FNDA:158,isValidIdentity
FNDA:14,isValidSnapshot
FNDA:157,areAllValidSerializedDomainEvents
FNDA:48,(anonymous_5)
FNDA:48,isValidSerializedDomainEvent
DA:1,22
DA:2,22
DA:4,22
DA:13,22
DA:14,168
DA:15,168
DA:16,168
DA:17,168
DA:19,168
DA:25,162
DA:31,159
DA:37,22
DA:38,158
DA:41,22
DA:42,14
DA:50,22
DA:53,157
DA:54,48
DA:59,22
DA:60,48
LF:20
LH:20
BRDA:20,0,0,168
BRDA:20,0,1,10
BRDA:20,0,2,159
BRDA:20,0,3,158
BRDA:22,1,0,10
BRDA:22,1,1,158
BRDA:26,2,0,162
BRDA:26,2,1,14
BRDA:32,3,0,159
BRDA:32,3,1,157
BRDA:38,4,0,158
BRDA:38,4,1,153
BRDA:43,5,0,14
BRDA:43,5,1,12
BRDA:43,5,2,11
BRDA:43,5,3,11
BRDA:54,6,0,48
BRDA:54,6,1,48
BRDA:60,7,0,48
BRDA:60,7,1,47
BRDA:60,7,2,47
BRF:21
BRH:21
end_of_record
TN:
SF:/Users/giacomotriggiano/github.com/gtriggiano/node-es-ddd-components/src/lib/Aggregate/validateDefinition.ts
FN:14,validateDefinition
FN:67,(anonymous_2)
FN:78,(anonymous_3)
FN:84,(anonymous_4)
FN:95,(anonymous_5)
FN:122,(anonymous_6)
FN:131,(anonymous_7)
FN:146,(anonymous_8)
FNF:8
FNH:8
FNDA:128,validateDefinition
FNDA:636,(anonymous_2)
FNDA:672,(anonymous_3)
FNDA:730,(anonymous_4)
FNDA:701,(anonymous_5)
FNDA:701,(anonymous_6)
FNDA:680,(anonymous_7)
FNDA:643,(anonymous_8)
DA:1,22
DA:2,22
DA:12,22
DA:14,22
DA:15,128
DA:18,126
DA:19,126
DA:20,126
DA:21,126
DA:22,126
DA:23,126
DA:24,126
DA:25,126
DA:26,126
DA:27,126
DA:28,126
DA:29,126
DA:30,126
DA:33,126
DA:38,125
DA:43,122
DA:45,119
DA:50,118
DA:55,114
DA:63,111
DA:67,636
DA:68,110
DA:73,109
DA:78,672
DA:79,108
DA:84,730
DA:85,107
DA:90,106
DA:95,701
DA:96,106
DA:101,105
DA:106,104
DA:112,101
DA:116,99
DA:122,22
DA:123,701
DA:131,22
DA:132,680
DA:146,22
DA:147,643
LF:45
LH:45
BRDA:34,0,0,126
BRDA:34,0,1,4
BRDA:46,1,0,119
BRDA:46,1,1,118
BRDA:51,2,0,118
BRDA:51,2,1,116
BRDA:56,3,0,114
BRDA:56,3,1,114
BRDA:56,3,2,111
BRDA:56,3,3,111
BRDA:102,4,0,105
BRDA:102,4,1,5
BRDA:107,5,0,104
BRDA:107,5,1,7
BRDA:107,5,2,5
BRDA:113,6,0,101
BRDA:113,6,1,3
BRDA:117,7,0,99
BRDA:117,7,1,3
BRDA:124,8,0,701
BRDA:124,8,1,701
BRDA:124,8,2,701
BRDA:124,8,3,701
BRDA:133,9,0,680
BRDA:133,9,1,679
BRDA:133,9,2,679
BRDA:133,9,3,659
BRDA:133,9,4,679
BRDA:133,9,5,679
BRDA:133,9,6,679
BRDA:133,9,7,679
BRDA:133,9,8,679
BRDA:133,9,9,679
BRDA:133,9,10,679
BRDA:148,10,0,643
BRDA:148,10,1,642
BRDA:148,10,2,642
BRDA:148,10,3,637
BRDA:148,10,4,642
BRF:39
BRH:39
end_of_record
TN:
SF:/Users/giacomotriggiano/github.com/gtriggiano/node-es-ddd-components/src/lib/CustomError/index.ts
FN:9,CustomError
FN:24,(anonymous_4)
FN:40,(anonymous_5)
FN:45,(anonymous_6)
FN:49,(anonymous_7)
FNF:5
FNH:5
FNDA:303,CustomError
FNDA:109,(anonymous_4)
FNDA:86,(anonymous_5)
FNDA:109,(anonymous_6)
FNDA:1390,(anonymous_7)
DA:7,22
DA:9,22
DA:15,303
DA:17,303
DA:20,5
DA:23,298
DA:24,298
DA:25,109
DA:26,109
DA:37,298
DA:40,86
DA:45,22
DA:49,1390
DA:50,109
LF:14
LH:14
BRDA:25,0,0,109
BRDA:25,0,1,13
BRDA:31,1,0,109
BRDA:31,1,1,109
BRDA:33,2,0,98
BRDA:33,2,1,11
BRDA:40,3,0,86
BRDA:40,3,1,86
BRDA:40,3,2,86
BRF:9
BRH:9
end_of_record
TN:
SF:/Users/giacomotriggiano/github.com/gtriggiano/node-es-ddd-components/src/lib/CustomError/validateDefinition.ts
FN:6,validateDefinition
FNF:1
FNH:1
FNDA:303,validateDefinition
DA:1,22
DA:2,22
DA:4,22
DA:6,22
DA:7,303
DA:9,300
DA:11,300
LF:7
LH:7
BRF:0
BRH:0
end_of_record
TN:
SF:/Users/giacomotriggiano/github.com/gtriggiano/node-es-ddd-components/src/lib/DomainEvent/index.ts
FN:22,DomainEvent
FN:48,EventTypeFactory
FN:58,(anonymous_3)
FN:62,(anonymous_4)
FN:64,(anonymous_5)
FN:80,(anonymous_6)
FN:85,(anonymous_7)
FN:94,(anonymous_8)
FNF:8
FNH:8
FNDA:78,DomainEvent
FNDA:121,EventTypeFactory
FNDA:115,(anonymous_3)
FNDA:45,(anonymous_4)
FNDA:43,(anonymous_5)
FNDA:46,(anonymous_6)
FNDA:3,(anonymous_7)
FNDA:1,(anonymous_8)
DA:1,22
DA:4,22
DA:5,22
DA:13,22
DA:15,22
DA:22,22
DA:29,78
DA:31,78
DA:34,14
DA:38,64
DA:39,64
DA:40,64
DA:41,64
DA:42,64
DA:45,64
DA:46,64
DA:51,121
DA:53,121
DA:55,121
DA:59,115
DA:63,45
DA:66,43
DA:68,43
DA:76,64
DA:81,46
DA:86,3
DA:92,22
DA:95,1
LF:28
LH:28
BRDA:63,0,0,45
BRDA:63,0,1,43
BRDA:78,1,0,64
BRDA:78,1,1,8
BRDA:86,2,0,3
BRDA:86,2,1,3
BRDA:95,3,0,1
BRDA:95,3,1,1
BRF:8
BRH:8
end_of_record
TN:
SF:/Users/giacomotriggiano/github.com/gtriggiano/node-es-ddd-components/src/lib/DomainEvent/validateDefinition.ts
FN:6,validateDefinition
FNF:1
FNH:1
FNDA:78,validateDefinition
DA:1,22
DA:2,22
DA:4,22
DA:6,22
DA:7,78
DA:10,76
DA:11,76
DA:12,76
DA:13,76
DA:14,76
DA:17,76
DA:18,73
DA:22,70
DA:23,68
DA:27,66
LF:15
LH:15
BRDA:19,0,0,73
BRDA:19,0,1,64
BRDA:24,1,0,68
BRDA:24,1,1,2
BRDA:28,2,0,66
BRDA:28,2,1,2
BRF:6
BRH:6
end_of_record
TN:
SF:/Users/giacomotriggiano/github.com/gtriggiano/node-es-ddd-components/src/lib/Repository/InMemoryEventStore.ts
FN:20,(anonymous_14)
FN:25,(anonymous_15)
FN:32,(anonymous_16)
FN:37,(anonymous_17)
FN:39,(anonymous_18)
FN:42,(anonymous_19)
FN:51,(anonymous_22)
FN:73,(anonymous_23)
FN:74,(anonymous_24)
FN:90,(anonymous_25)
FN:96,(anonymous_28)
FN:106,(anonymous_29)
FN:110,(anonymous_30)
FNF:13
FNH:13
FNDA:35,(anonymous_14)
FNDA:63,(anonymous_15)
FNDA:62,(anonymous_16)
FNDA:48,(anonymous_17)
FNDA:42,(anonymous_18)
FNDA:24,(anonymous_19)
FNDA:27,(anonymous_22)
FNDA:22,(anonymous_23)
FNDA:42,(anonymous_24)
FNDA:38,(anonymous_25)
FNDA:5,(anonymous_28)
FNDA:53,(anonymous_29)
FNDA:488,(anonymous_30)
DA:1,22
DA:20,22
DA:22,35
DA:25,35
DA:30,63
DA:33,62
DA:37,48
DA:39,42
DA:41,35
DA:42,34
DA:44,24
DA:51,27
DA:52,27
DA:54,25
DA:55,25
DA:56,25
DA:57,24
DA:59,5
DA:61,5
DA:64,5
DA:65,5
DA:67,5
DA:73,22
DA:74,42
DA:75,42
DA:82,42
DA:83,42
DA:88,19
DA:90,39
DA:91,38
DA:96,22
DA:97,5
DA:98,5
DA:99,5
DA:104,5
DA:106,103
DA:107,53
DA:110,488
LF:38
LH:38
BRDA:33,0,0,62
BRDA:33,0,1,62
BRDA:33,0,2,59
BRDA:42,1,0,10
BRDA:42,1,1,14
BRDA:52,2,0,2
BRDA:52,2,1,25
BRDA:56,3,0,1
BRDA:56,3,1,24
BRDA:56,4,0,25
BRDA:56,4,1,3
BRDA:57,5,0,19
BRDA:57,5,1,5
BRDA:62,6,0,2
BRDA:62,6,1,3
BRDA:90,7,0,1
BRDA:90,7,1,37
BRDA:104,8,0,4
BRDA:104,8,1,1
BRDA:106,9,0,50
BRDA:106,9,1,3
BRDA:108,10,0,1
BRDA:108,10,1,52
BRF:23
BRH:23
end_of_record
TN:
SF:/Users/giacomotriggiano/github.com/gtriggiano/node-es-ddd-components/src/lib/Repository/InMemorySnapshotService.ts
FN:10,(anonymous_12)
FN:13,(anonymous_13)
FN:15,(anonymous_16)
FNF:3
FNH:3
FNDA:32,(anonymous_12)
FNDA:38,(anonymous_13)
FNDA:4,(anonymous_16)
DA:1,22
DA:10,22
DA:11,32
DA:13,38
DA:15,32
DA:20,4
DA:24,32
LF:7
LH:7
BRF:0
BRH:0
end_of_record
TN:
SF:/Users/giacomotriggiano/github.com/gtriggiano/node-es-ddd-components/src/lib/Repository/index.ts
FN:57,Repository
FN:74,(anonymous_15)
FN:78,(anonymous_18)
FN:89,(anonymous_19)
FN:108,(anonymous_20)
FN:126,(anonymous_21)
FN:141,(anonymous_22)
FN:142,(anonymous_23)
FN:145,(anonymous_24)
FN:165,(anonymous_25)
FN:175,(anonymous_26)
FN:177,(anonymous_27)
FN:181,(anonymous_28)
FNF:13
FNH:13
FNDA:44,Repository
FNDA:38,(anonymous_15)
FNDA:2,(anonymous_18)
FNDA:2,(anonymous_19)
FNDA:34,(anonymous_20)
FNDA:25,(anonymous_21)
FNDA:26,(anonymous_22)
FNDA:19,(anonymous_23)
FNDA:25,(anonymous_24)
FNDA:4,(anonymous_25)
FNDA:17,(anonymous_26)
FNDA:16,(anonymous_27)
FNDA:1,(anonymous_28)
DA:1,22
DA:3,22
DA:4,22
DA:11,22
DA:12,22
DA:18,22
DA:23,22
DA:30,22
DA:37,22
DA:44,22
DA:50,22
DA:57,44
DA:60,44
DA:62,44
DA:65,13
DA:69,31
DA:70,31
DA:71,31
DA:74,31
DA:75,37
DA:76,74
DA:80,2
DA:82,1
DA:86,1
DA:87,37
DA:90,2
DA:92,35
DA:95,35
DA:96,2
DA:105,35
DA:108,31
DA:112,34
DA:113,34
DA:115,4
DA:121,30
DA:126,31
DA:131,25
DA:132,25
DA:134,4
DA:140,21
DA:141,26
DA:143,19
DA:145,25
DA:149,19
DA:150,19
DA:162,21
DA:166,4
DA:169,4
DA:175,21
DA:176,17
DA:177,16
DA:181,1
DA:185,31
DA:188,22
DA:189,22
LF:55
LH:55
BRDA:80,0,0,1
BRDA:80,0,1,1
BRDA:88,1,0,1
BRDA:88,1,1,36
BRDA:95,2,0,2
BRDA:95,2,1,33
BRDA:95,3,0,35
BRDA:95,3,1,2
BRDA:155,4,0,1
BRDA:155,4,1,18
BRDA:157,5,0,1
BRDA:157,5,1,17
BRDA:163,6,0,17
BRDA:163,6,1,4
BRDA:164,7,0,17
BRDA:164,7,1,16
BRDA:167,8,0,3
BRDA:167,8,1,1
BRF:18
BRH:18
end_of_record
TN:
SF:/Users/giacomotriggiano/github.com/gtriggiano/node-es-ddd-components/src/lib/Repository/validateAggregatesList.ts
FN:11,(anonymous_1)
FN:21,validateAggregatesList
FN:26,(anonymous_3)
FNF:3
FNH:3
FNDA:68,(anonymous_1)
FNDA:59,validateAggregatesList
FNDA:74,(anonymous_3)
DA:1,22
DA:2,22
DA:4,22
DA:11,22
DA:12,68
DA:13,68
DA:14,68
DA:19,68
DA:21,22
DA:22,59
DA:23,57
DA:27,74
DA:31,53
LF:13
LH:13
BRDA:19,0,0,66
BRDA:19,0,1,2
BRDA:27,1,0,74
BRDA:27,1,1,72
BRDA:27,1,2,70
BRF:5
BRH:5
end_of_record
TN:
SF:/Users/giacomotriggiano/github.com/gtriggiano/node-es-ddd-components/src/lib/Repository/validateDefinition.ts
FN:4,validateDefinition
FNF:1
FNH:1
FNDA:44,validateDefinition
DA:1,22
DA:2,22
DA:4,22
DA:5,44
DA:7,42
DA:9,42
DA:10,39
DA:14,37
DA:19,36
DA:25,34
DA:26,32
DA:30,30
LF:12
LH:12
BRDA:20,0,0,36
BRDA:20,0,1,34
BRDA:25,1,0,32
BRDA:25,1,1,2
BRF:4
BRH:4
end_of_record
TN:
SF:/Users/giacomotriggiano/github.com/gtriggiano/node-es-ddd-components/src/lib/utils/getDeserializer.ts
FN:16,getDeserializer
FN:21,(anonymous_1)
FNF:2
FNH:2
FNDA:168,getDeserializer
FNDA:64,(anonymous_1)
DA:1,22
DA:7,22
DA:16,22
DA:20,168
DA:21,168
DA:22,64
DA:23,64
DA:25,5
LF:8
LH:8
BRDA:20,0,0,168
BRDA:20,0,1,165
BRDA:25,1,0,5
BRDA:25,1,1,3
BRF:4
BRH:4
end_of_record
TN:
SF:/Users/giacomotriggiano/github.com/gtriggiano/node-es-ddd-components/src/lib/utils/getSerializer.ts
FN:13,getSerializer
FN:18,(anonymous_1)
FNF:2
FNH:2
FNDA:168,getSerializer
FNDA:68,(anonymous_1)
DA:1,22
DA:7,22
DA:13,22
DA:17,168
DA:18,168
DA:19,68
DA:20,68
DA:22,5
LF:8
LH:8
BRDA:17,0,0,168
BRDA:17,0,1,162
BRDA:22,1,0,5
BRDA:22,1,1,3
BRF:4
BRH:4
end_of_record
TN:
SF:/Users/giacomotriggiano/github.com/gtriggiano/node-es-ddd-components/src/lib/utils/index.ts
FNF:0
FNH:0
DA:1,22
DA:2,22
DA:3,22
DA:4,22
LF:4
LH:4
BRF:0
BRH:0
end_of_record
TN:
SF:/Users/giacomotriggiano/github.com/gtriggiano/node-es-ddd-components/src/lib/utils/isValidName.ts
FN:3,isValidName
FNF:1
FNH:1
FNDA:4604,isValidName
DA:1,22
DA:3,22
DA:4,4604
DA:7,22
LF:4
LH:4
BRDA:4,0,0,4604
BRDA:4,0,1,4594
BRF:2
BRH:2
end_of_record
TN:
SF:/Users/giacomotriggiano/github.com/gtriggiano/node-es-ddd-components/src/lib/utils/tuple.ts
FN:4,(anonymous_0)
FNF:1
FNH:1
FNDA:109,(anonymous_0)
DA:4,286
LF:1
LH:1
BRF:0
BRH:0
end_of_record
