TN:
SF:/Users/giacomotriggiano/github.com/gtriggiano/node-es-ddd-components/src/lib/index.ts
FNF:0
FNH:0
DA:1,22
DA:8,22
DA:11,22
DA:14,22
DA:17,22
LF:5
LH:5
BRF:0
BRH:0
end_of_record
TN:
SF:/Users/giacomotriggiano/github.com/gtriggiano/node-es-ddd-components/src/lib/Aggregate/CommandInterface.ts
FN:88,CommandInterface
FN:151,(anonymous_1)
FN:153,(anonymous_2)
FN:164,(anonymous_3)
FN:186,(anonymous_4)
FNF:5
FNH:5
FNDA:155,CommandInterface
FNDA:969,(anonymous_1)
FNDA:962,(anonymous_2)
FNDA:1693,(anonymous_3)
FNDA:76,(anonymous_4)
DA:88,22
DA:145,155
DA:146,155
DA:147,155
DA:148,155
DA:151,155
DA:152,969
DA:154,962
DA:163,969
DA:165,1693
DA:174,969
DA:183,969
DA:186,76
LF:13
LH:13
BRDA:155,0,0,961
BRDA:155,0,1,1
BRDA:166,1,0,1692
BRDA:166,1,1,1
BRF:4
BRH:4
end_of_record
TN:
SF:/Users/giacomotriggiano/github.com/gtriggiano/node-es-ddd-components/src/lib/Aggregate/EmissionInterface.ts
FN:28,EmissionInterface
FN:41,(anonymous_1)
FN:45,(anonymous_2)
FNF:3
FNH:3
FNDA:155,EmissionInterface
FNDA:977,(anonymous_1)
FNDA:69,(anonymous_2)
DA:28,22
DA:39,155
DA:41,155
DA:42,977
DA:46,69
LF:5
LH:5
BRDA:46,0,0,69
BRDA:46,0,1,59
BRF:2
BRH:2
end_of_record
TN:
SF:/Users/giacomotriggiano/github.com/gtriggiano/node-es-ddd-components/src/lib/Aggregate/ErrorInterface.ts
FN:20,ErrorInterface
FN:32,(anonymous_1)
FNF:2
FNH:2
FNDA:155,ErrorInterface
FNDA:1065,(anonymous_1)
DA:20,22
DA:29,155
DA:31,155
DA:33,1065
LF:4
LH:4
BRF:0
BRH:0
end_of_record
TN:
SF:/Users/giacomotriggiano/github.com/gtriggiano/node-es-ddd-components/src/lib/Aggregate/QueryInterface.ts
FN:24,QueryInterface
FN:39,(anonymous_1)
FN:43,(anonymous_2)
FNF:3
FNH:3
FNDA:155,QueryInterface
FNDA:855,(anonymous_1)
FNDA:53,(anonymous_2)
DA:24,22
DA:36,155
DA:38,155
DA:40,855
DA:43,53
LF:5
LH:5
BRF:0
BRH:0
end_of_record
TN:
SF:/Users/giacomotriggiano/github.com/gtriggiano/node-es-ddd-components/src/lib/Aggregate/aggregateUtils.ts
FN:1,getAggregateName
FNF:1
FNH:1
FNDA:156,getAggregateName
DA:1,22
DA:5,156
LF:2
LH:2
BRDA:5,0,0,147
BRDA:5,0,1,9
BRF:2
BRH:2
end_of_record
TN:
SF:/Users/giacomotriggiano/github.com/gtriggiano/node-es-ddd-components/src/lib/Aggregate/index.ts
FN:73,Aggregate
FN:150,(anonymous_4)
FN:157,(anonymous_5)
FN:188,(anonymous_6)
FN:193,(anonymous_7)
FN:229,(anonymous_8)
FN:245,(anonymous_9)
FN:286,(anonymous_10)
FN:290,(anonymous_11)
FN:295,(anonymous_12)
FN:297,(anonymous_13)
FN:298,(anonymous_14)
FN:300,(anonymous_15)
FN:306,(anonymous_16)
FN:313,(anonymous_17)
FN:327,(anonymous_18)
FN:330,(anonymous_19)
FN:338,(anonymous_20)
FNF:18
FNH:18
FNDA:128,Aggregate
FNDA:637,(anonymous_4)
FNDA:168,(anonymous_5)
FNDA:50,(anonymous_6)
FNDA:1,(anonymous_7)
FNDA:53,(anonymous_8)
FNDA:69,(anonymous_9)
FNDA:3,(anonymous_10)
FNDA:1,(anonymous_11)
FNDA:32,(anonymous_12)
FNDA:37,(anonymous_13)
FNDA:15,(anonymous_14)
FNDA:3,(anonymous_15)
FNDA:28,(anonymous_16)
FNDA:4,(anonymous_17)
FNDA:1,(anonymous_18)
FNDA:4,(anonymous_19)
FNDA:71,(anonymous_20)
DA:1,22
DA:14,22
DA:16,22
DA:17,22
DA:24,22
DA:25,22
DA:35,22
DA:36,22
DA:48,22
DA:49,22
DA:51,22
DA:52,22
DA:53,22
DA:59,22
DA:66,22
DA:73,22
DA:122,128
DA:124,128
DA:127,31
DA:131,97
DA:132,97
DA:133,97
DA:134,97
DA:135,97
DA:136,97
DA:137,97
DA:138,97
DA:139,97
DA:140,97
DA:141,97
DA:142,97
DA:143,97
DA:146,97
DA:147,97
DA:148,97
DA:149,97
DA:150,637
DA:157,97
DA:171,168
DA:174,168
DA:175,168
DA:182,12
DA:185,156
DA:187,156
DA:190,50
DA:191,50
DA:194,1
DA:199,1
DA:206,155
DA:211,155
DA:214,155
DA:216,155
DA:219,155
DA:221,155
DA:223,155
DA:229,53
DA:232,155
DA:239,155
DA:247,69
DA:248,69
DA:249,69
DA:258,155
DA:281,155
DA:287,3
DA:290,1
DA:295,32
DA:297,37
DA:298,15
DA:300,3
DA:306,28
DA:313,4
DA:319,97
DA:321,97
DA:327,1
DA:331,4
DA:337,22
DA:338,71
LF:77
LH:77
BRDA:171,0,0,168
BRDA:171,0,1,120
BRDA:192,1,0,49
BRDA:192,1,1,1
BRDA:204,2,0,11
BRDA:204,2,1,145
BRDA:216,3,0,155
BRDA:216,3,1,7
BRDA:219,4,0,155
BRDA:219,4,1,11
BRDA:219,4,2,144
BRDA:252,5,0,24
BRDA:252,5,1,45
BRDA:250,6,0,69
BRDA:250,6,1,24
BRDA:295,7,0,32
BRDA:295,7,1,25
BRDA:324,8,0,97
BRDA:324,8,1,95
BRDA:331,9,0,4
BRDA:331,9,1,4
BRDA:331,9,2,4
BRDA:338,10,0,71
BRDA:338,10,1,71
BRF:24
BRH:24
end_of_record
TN:
SF:/Users/giacomotriggiano/github.com/gtriggiano/node-es-ddd-components/src/lib/Aggregate/snapshotUtils.ts
FN:6,(anonymous_0)
FN:17,(anonymous_1)
FNF:2
FNH:2
FNDA:97,(anonymous_0)
FNDA:155,(anonymous_1)
DA:6,22
DA:10,97
DA:17,22
DA:18,155
LF:4
LH:4
BRDA:10,0,0,3
BRDA:10,0,1,94
BRF:2
BRH:2
end_of_record
TN:
SF:/Users/giacomotriggiano/github.com/gtriggiano/node-es-ddd-components/src/lib/Aggregate/validateConstructorProps.ts
FN:13,validateConstructorProps
FN:37,isValidIdentity
FN:41,isValidSnapshot
FN:50,areAllValidSerializedDomainEvents
FN:54,(anonymous_5)
FN:59,isValidSerializedDomainEvent
FNF:6
FNH:6
FNDA:168,validateConstructorProps
FNDA:158,isValidIdentity
FNDA:14,isValidSnapshot
FNDA:157,areAllValidSerializedDomainEvents
FNDA:51,(anonymous_5)
FNDA:51,isValidSerializedDomainEvent
DA:1,22
DA:2,22
DA:4,22
DA:13,22
DA:14,168
DA:15,168
DA:16,168
DA:17,168
DA:19,168
DA:25,162
DA:31,159
DA:37,22
DA:38,158
DA:41,22
DA:42,14
DA:50,22
DA:53,157
DA:54,51
DA:59,22
DA:60,51
LF:20
LH:20
BRDA:20,0,0,168
BRDA:20,0,1,10
BRDA:20,0,2,159
BRDA:20,0,3,158
BRDA:22,1,0,10
BRDA:22,1,1,158
BRDA:26,2,0,162
BRDA:26,2,1,14
BRDA:32,3,0,159
BRDA:32,3,1,157
BRDA:38,4,0,158
BRDA:38,4,1,153
BRDA:43,5,0,14
BRDA:43,5,1,12
BRDA:43,5,2,11
BRDA:43,5,3,11
BRDA:54,6,0,51
BRDA:54,6,1,51
BRDA:60,7,0,51
BRDA:60,7,1,50
BRDA:60,7,2,50
BRF:21
BRH:21
end_of_record
TN:
SF:/Users/giacomotriggiano/github.com/gtriggiano/node-es-ddd-components/src/lib/Aggregate/validateDefinition.ts
FN:14,validateDefinition
FN:67,(anonymous_2)
FN:78,(anonymous_3)
FN:84,(anonymous_4)
FN:95,(anonymous_5)
FN:122,(anonymous_6)
FN:131,(anonymous_7)
FN:146,(anonymous_8)
FNF:8
FNH:8
FNDA:128,validateDefinition
FNDA:630,(anonymous_2)
FNDA:679,(anonymous_3)
FNDA:730,(anonymous_4)
FNDA:701,(anonymous_5)
FNDA:701,(anonymous_6)
FNDA:687,(anonymous_7)
FNDA:637,(anonymous_8)
DA:1,22
DA:2,22
DA:12,22
DA:14,22
DA:15,128
DA:18,126
DA:19,126
DA:20,126
DA:21,126
DA:22,126
DA:23,126
DA:24,126
DA:25,126
DA:26,126
DA:27,126
DA:28,126
DA:29,126
DA:30,126
DA:33,126
DA:38,125
DA:43,122
DA:45,119
DA:50,118
DA:55,114
DA:63,111
DA:67,630
DA:68,110
DA:73,109
DA:78,679
DA:79,108
DA:84,730
DA:85,107
DA:90,106
DA:95,701
DA:96,106
DA:101,105
DA:106,104
DA:112,101
DA:116,99
DA:122,22
DA:123,701
DA:131,22
DA:132,687
DA:146,22
DA:147,637
LF:45
LH:45
BRDA:34,0,0,126
BRDA:34,0,1,4
BRDA:46,1,0,119
BRDA:46,1,1,118
BRDA:51,2,0,118
BRDA:51,2,1,116
BRDA:56,3,0,114
BRDA:56,3,1,111
BRDA:56,3,2,111
BRDA:56,3,3,111
BRDA:102,4,0,105
BRDA:102,4,1,5
BRDA:107,5,0,104
BRDA:107,5,1,7
BRDA:107,5,2,5
BRDA:113,6,0,101
BRDA:113,6,1,3
BRDA:117,7,0,99
BRDA:117,7,1,3
BRDA:124,8,0,701
BRDA:124,8,1,701
BRDA:124,8,2,701
BRDA:124,8,3,701
BRDA:133,9,0,687
BRDA:133,9,1,686
BRDA:133,9,2,686
BRDA:133,9,3,666
BRDA:133,9,4,686
BRDA:133,9,5,686
BRDA:133,9,6,686
BRDA:133,9,7,686
BRDA:133,9,8,686
BRDA:133,9,9,686
BRDA:133,9,10,686
BRDA:148,10,0,637
BRDA:148,10,1,636
BRDA:148,10,2,636
BRDA:148,10,3,631
BRDA:148,10,4,636
BRF:39
BRH:39
end_of_record
TN:
SF:/Users/giacomotriggiano/github.com/gtriggiano/node-es-ddd-components/src/lib/CustomError/index.ts
FN:9,CustomError
FN:24,(anonymous_4)
FN:40,(anonymous_5)
FN:45,(anonymous_6)
FN:49,(anonymous_7)
FNF:5
FNH:5
FNDA:303,CustomError
FNDA:109,(anonymous_4)
FNDA:86,(anonymous_5)
FNDA:109,(anonymous_6)
FNDA:1390,(anonymous_7)
DA:7,22
DA:9,22
DA:15,303
DA:17,303
DA:20,5
DA:23,298
DA:24,298
DA:25,109
DA:26,109
DA:37,298
DA:40,86
DA:45,22
DA:49,1390
DA:50,109
LF:14
LH:14
BRDA:25,0,0,109
BRDA:25,0,1,13
BRDA:31,1,0,109
BRDA:31,1,1,109
BRDA:33,2,0,98
BRDA:33,2,1,11
BRDA:40,3,0,86
BRDA:40,3,1,86
BRDA:40,3,2,86
BRF:9
BRH:9
end_of_record
TN:
SF:/Users/giacomotriggiano/github.com/gtriggiano/node-es-ddd-components/src/lib/CustomError/validateDefinition.ts
FN:6,validateDefinition
FNF:1
FNH:1
FNDA:303,validateDefinition
DA:1,22
DA:2,22
DA:4,22
DA:6,22
DA:7,303
DA:9,300
DA:11,300
LF:7
LH:7
BRF:0
BRH:0
end_of_record
TN:
SF:/Users/giacomotriggiano/github.com/gtriggiano/node-es-ddd-components/src/lib/DomainEvent/index.ts
FN:22,DomainEvent
FN:48,EventTypeFactory
FN:58,(anonymous_3)
FN:62,(anonymous_4)
FN:64,(anonymous_5)
FN:80,(anonymous_6)
FN:85,(anonymous_7)
FN:94,(anonymous_8)
FNF:8
FNH:8
FNDA:78,DomainEvent
FNDA:127,EventTypeFactory
FNDA:121,(anonymous_3)
FNDA:48,(anonymous_4)
FNDA:46,(anonymous_5)
FNDA:49,(anonymous_6)
FNDA:3,(anonymous_7)
FNDA:1,(anonymous_8)
DA:1,22
DA:4,22
DA:5,22
DA:13,22
DA:15,22
DA:22,22
DA:29,78
DA:31,78
DA:34,14
DA:38,64
DA:39,64
DA:40,64
DA:41,64
DA:42,64
DA:45,64
DA:46,64
DA:51,127
DA:53,127
DA:55,127
DA:59,121
DA:63,48
DA:66,46
DA:68,46
DA:76,64
DA:81,49
DA:86,3
DA:92,22
DA:95,1
LF:28
LH:28
BRDA:63,0,0,48
BRDA:63,0,1,46
BRDA:78,1,0,64
BRDA:78,1,1,8
BRDA:86,2,0,3
BRDA:86,2,1,3
BRDA:95,3,0,1
BRDA:95,3,1,1
BRF:8
BRH:8
end_of_record
TN:
SF:/Users/giacomotriggiano/github.com/gtriggiano/node-es-ddd-components/src/lib/DomainEvent/validateDefinition.ts
FN:6,validateDefinition
FNF:1
FNH:1
FNDA:78,validateDefinition
DA:1,22
DA:2,22
DA:4,22
DA:6,22
DA:7,78
DA:10,76
DA:11,76
DA:12,76
DA:13,76
DA:14,76
DA:17,76
DA:18,73
DA:22,70
DA:23,68
DA:27,66
LF:15
LH:15
BRDA:19,0,0,73
BRDA:19,0,1,64
BRDA:24,1,0,68
BRDA:24,1,1,2
BRDA:28,2,0,66
BRDA:28,2,1,2
BRF:6
BRH:6
end_of_record
TN:
SF:/Users/giacomotriggiano/github.com/gtriggiano/node-es-ddd-components/src/lib/Repository/InMemoryEventStore.ts
FN:20,(anonymous_14)
FN:25,(anonymous_15)
FN:32,(anonymous_16)
FN:37,(anonymous_17)
FN:39,(anonymous_18)
FN:42,(anonymous_19)
FN:51,(anonymous_22)
FN:73,(anonymous_23)
FN:74,(anonymous_24)
FN:90,(anonymous_25)
FN:96,(anonymous_28)
FN:106,(anonymous_29)
FN:110,(anonymous_30)
FNF:13
FNH:13
FNDA:35,(anonymous_14)
FNDA:63,(anonymous_15)
FNDA:62,(anonymous_16)
FNDA:48,(anonymous_17)
FNDA:42,(anonymous_18)
FNDA:24,(anonymous_19)
FNDA:27,(anonymous_22)
FNDA:22,(anonymous_23)
FNDA:42,(anonymous_24)
FNDA:38,(anonymous_25)
FNDA:5,(anonymous_28)
FNDA:53,(anonymous_29)
FNDA:488,(anonymous_30)
DA:1,22
DA:20,22
DA:22,35
DA:25,35
DA:30,63
DA:33,62
DA:37,48
DA:39,42
DA:41,35
DA:42,34
DA:44,24
DA:51,27
DA:52,27
DA:54,25
DA:55,25
DA:56,25
DA:57,24
DA:59,5
DA:61,5
DA:64,5
DA:65,5
DA:67,5
DA:73,22
DA:74,42
DA:75,42
DA:82,42
DA:83,42
DA:88,19
DA:90,39
DA:91,38
DA:96,22
DA:97,5
DA:98,5
DA:99,5
DA:104,5
DA:106,103
DA:107,53
DA:110,488
LF:38
LH:38
BRDA:33,0,0,62
BRDA:33,0,1,62
BRDA:33,0,2,59
BRDA:42,1,0,10
BRDA:42,1,1,14
BRDA:52,2,0,2
BRDA:52,2,1,25
BRDA:56,3,0,1
BRDA:56,3,1,24
BRDA:56,4,0,25
BRDA:56,4,1,3
BRDA:57,5,0,19
BRDA:57,5,1,5
BRDA:62,6,0,2
BRDA:62,6,1,3
BRDA:90,7,0,1
BRDA:90,7,1,37
BRDA:104,8,0,4
BRDA:104,8,1,1
BRDA:106,9,0,50
BRDA:106,9,1,3
BRDA:108,10,0,1
BRDA:108,10,1,52
BRF:23
BRH:23
end_of_record
TN:
SF:/Users/giacomotriggiano/github.com/gtriggiano/node-es-ddd-components/src/lib/Repository/InMemorySnapshotService.ts
FN:10,(anonymous_12)
FN:13,(anonymous_13)
FN:15,(anonymous_16)
FNF:3
FNH:3
FNDA:32,(anonymous_12)
FNDA:38,(anonymous_13)
FNDA:4,(anonymous_16)
DA:1,22
DA:10,22
DA:11,32
DA:13,38
DA:15,32
DA:20,4
DA:24,32
LF:7
LH:7
BRF:0
BRH:0
end_of_record
TN:
SF:/Users/giacomotriggiano/github.com/gtriggiano/node-es-ddd-components/src/lib/Repository/index.ts
FN:58,Repository
FN:77,(anonymous_15)
FN:83,(anonymous_18)
FN:94,(anonymous_19)
FN:115,(anonymous_20)
FN:131,(anonymous_21)
FN:143,(anonymous_22)
FN:144,(anonymous_23)
FN:147,(anonymous_24)
FN:167,(anonymous_25)
FN:177,(anonymous_26)
FN:179,(anonymous_27)
FN:183,(anonymous_28)
FNF:13
FNH:13
FNDA:44,Repository
FNDA:38,(anonymous_15)
FNDA:2,(anonymous_18)
FNDA:2,(anonymous_19)
FNDA:34,(anonymous_20)
FNDA:25,(anonymous_21)
FNDA:26,(anonymous_22)
FNDA:19,(anonymous_23)
FNDA:25,(anonymous_24)
FNDA:4,(anonymous_25)
FNDA:17,(anonymous_26)
FNDA:16,(anonymous_27)
FNDA:1,(anonymous_28)
DA:1,22
DA:3,22
DA:5,22
DA:12,22
DA:13,22
DA:19,22
DA:24,22
DA:31,22
DA:38,22
DA:45,22
DA:51,22
DA:58,44
DA:63,44
DA:65,44
DA:68,13
DA:72,31
DA:73,31
DA:74,31
DA:77,31
DA:80,37
DA:81,74
DA:85,2
DA:87,1
DA:91,1
DA:92,37
DA:95,2
DA:97,35
DA:100,35
DA:101,2
DA:110,35
DA:115,31
DA:117,34
DA:118,34
DA:120,4
DA:126,30
DA:131,31
DA:133,25
DA:134,25
DA:136,4
DA:142,21
DA:143,26
DA:145,19
DA:147,25
DA:151,19
DA:152,19
DA:164,21
DA:168,4
DA:171,4
DA:177,21
DA:178,17
DA:179,16
DA:183,1
DA:187,31
DA:190,22
DA:191,22
LF:55
LH:55
BRDA:85,0,0,1
BRDA:85,0,1,1
BRDA:93,1,0,1
BRDA:93,1,1,36
BRDA:100,2,0,2
BRDA:100,2,1,33
BRDA:100,3,0,35
BRDA:100,3,1,2
BRDA:157,4,0,1
BRDA:157,4,1,18
BRDA:159,5,0,1
BRDA:159,5,1,17
BRDA:165,6,0,17
BRDA:165,6,1,4
BRDA:166,7,0,17
BRDA:166,7,1,16
BRDA:169,8,0,3
BRDA:169,8,1,1
BRF:18
BRH:18
end_of_record
TN:
SF:/Users/giacomotriggiano/github.com/gtriggiano/node-es-ddd-components/src/lib/Repository/validateAggregatesList.ts
FN:11,(anonymous_1)
FN:21,validateAggregatesList
FN:26,(anonymous_3)
FNF:3
FNH:3
FNDA:68,(anonymous_1)
FNDA:59,validateAggregatesList
FNDA:74,(anonymous_3)
DA:1,22
DA:2,22
DA:4,22
DA:11,22
DA:12,68
DA:13,68
DA:14,68
DA:19,68
DA:21,22
DA:22,59
DA:23,57
DA:27,74
DA:31,53
LF:13
LH:13
BRDA:19,0,0,66
BRDA:19,0,1,2
BRDA:27,1,0,74
BRDA:27,1,1,72
BRDA:27,1,2,70
BRF:5
BRH:5
end_of_record
TN:
SF:/Users/giacomotriggiano/github.com/gtriggiano/node-es-ddd-components/src/lib/Repository/validateDefinition.ts
FN:4,validateDefinition
FNF:1
FNH:1
FNDA:44,validateDefinition
DA:1,22
DA:2,22
DA:4,22
DA:5,44
DA:7,42
DA:9,42
DA:10,39
DA:14,37
DA:19,36
DA:25,34
DA:26,32
DA:30,30
LF:12
LH:12
BRDA:20,0,0,36
BRDA:20,0,1,34
BRDA:25,1,0,32
BRDA:25,1,1,2
BRF:4
BRH:4
end_of_record
TN:
SF:/Users/giacomotriggiano/github.com/gtriggiano/node-es-ddd-components/src/lib/utils/getDeserializer.ts
FN:16,getDeserializer
FN:21,(anonymous_1)
FNF:2
FNH:2
FNDA:168,getDeserializer
FNDA:67,(anonymous_1)
DA:1,22
DA:7,22
DA:16,22
DA:20,168
DA:21,168
DA:22,67
DA:23,67
DA:25,5
LF:8
LH:8
BRDA:20,0,0,168
BRDA:20,0,1,165
BRDA:25,1,0,5
BRDA:25,1,1,3
BRF:4
BRH:4
end_of_record
TN:
SF:/Users/giacomotriggiano/github.com/gtriggiano/node-es-ddd-components/src/lib/utils/getSerializer.ts
FN:13,getSerializer
FN:18,(anonymous_1)
FNF:2
FNH:2
FNDA:168,getSerializer
FNDA:71,(anonymous_1)
DA:1,22
DA:7,22
DA:13,22
DA:17,168
DA:18,168
DA:19,71
DA:20,71
DA:22,5
LF:8
LH:8
BRDA:17,0,0,168
BRDA:17,0,1,162
BRDA:22,1,0,5
BRDA:22,1,1,3
BRF:4
BRH:4
end_of_record
TN:
SF:/Users/giacomotriggiano/github.com/gtriggiano/node-es-ddd-components/src/lib/utils/index.ts
FNF:0
FNH:0
DA:1,22
DA:2,22
DA:3,22
DA:4,22
LF:4
LH:4
BRF:0
BRH:0
end_of_record
TN:
SF:/Users/giacomotriggiano/github.com/gtriggiano/node-es-ddd-components/src/lib/utils/isValidName.ts
FN:3,isValidName
FNF:1
FNH:1
FNDA:4628,isValidName
DA:1,22
DA:3,22
DA:4,4628
DA:7,22
LF:4
LH:4
BRDA:4,0,0,4628
BRDA:4,0,1,4618
BRF:2
BRH:2
end_of_record
TN:
SF:/Users/giacomotriggiano/github.com/gtriggiano/node-es-ddd-components/src/lib/utils/tuple.ts
FN:4,(anonymous_0)
FNF:1
FNH:1
FNDA:109,(anonymous_0)
DA:4,286
LF:1
LH:1
BRF:0
BRH:0
end_of_record
